<?xml version="1.0" encoding="UTF-8"?>
<coverage generated="1569079214091" clover="3.2.0">
  <project timestamp="1569079214091" name="All files">
    <metrics statements="1150" coveredstatements="1074" conditionals="668" coveredconditionals="531" methods="108" coveredmethods="103" elements="1926" coveredelements="1708" complexity="0" loc="1150" ncloc="1150" packages="1" files="3" classes="3"/>
    <file name="ReactiveVars.ts" path="/Volumes/DATADISK1/Dev/Projects/flexlayers2/vdom/src/lib/ReactiveVars.ts">
      <metrics statements="184" coveredstatements="170" conditionals="102" coveredconditionals="85" methods="22" coveredmethods="19"/>
      <line num="1" count="29" type="stmt"/>
      <line num="2" count="29" type="stmt"/>
      <line num="3" count="29" type="stmt"/>
      <line num="6" count="29" type="stmt"/>
      <line num="9" count="29" type="stmt"/>
      <line num="10" count="29" type="stmt"/>
      <line num="11" count="29" type="stmt"/>
      <line num="14" count="29" type="stmt"/>
      <line num="22" count="235" type="stmt"/>
      <line num="27" count="235" type="stmt"/>
      <line num="29" count="235" type="stmt"/>
      <line num="31" count="235" type="stmt"/>
      <line num="36" count="235" type="stmt"/>
      <line num="41" count="235" type="stmt"/>
      <line num="43" count="235" type="stmt"/>
      <line num="45" count="235" type="stmt"/>
      <line num="50" count="235" type="stmt"/>
      <line num="55" count="235" type="stmt"/>
      <line num="58" count="235" type="stmt"/>
      <line num="71" count="29" type="stmt"/>
      <line num="72" count="235" type="stmt"/>
      <line num="76" count="29" type="stmt"/>
      <line num="77" count="235" type="cond" truecount="1" falsecount="1"/>
      <line num="78" count="0" type="stmt"/>
      <line num="80" count="235" type="stmt"/>
      <line num="81" count="235" type="stmt"/>
      <line num="82" count="12188" type="stmt"/>
      <line num="87" count="67" type="cond" truecount="1" falsecount="1"/>
      <line num="88" count="67" type="stmt"/>
      <line num="92" count="29" type="stmt"/>
      <line num="94" count="270" type="stmt"/>
      <line num="96" count="270" type="stmt"/>
      <line num="97" count="784" type="cond" truecount="2" falsecount="0"/>
      <line num="98" count="248" type="stmt"/>
      <line num="105" count="29" type="stmt"/>
      <line num="106" count="282" type="stmt"/>
      <line num="107" count="282" type="stmt"/>
      <line num="108" count="282" type="stmt"/>
      <line num="112" count="29" type="stmt"/>
      <line num="121" count="2113" type="cond" truecount="4" falsecount="0"/>
      <line num="122" count="564" type="stmt"/>
      <line num="126" count="1549" type="cond" truecount="2" falsecount="0"/>
      <line num="127" count="361" type="stmt"/>
      <line num="133" count="1549" type="stmt"/>
      <line num="134" count="1549" type="stmt"/>
      <line num="137" count="1549" type="stmt"/>
      <line num="138" count="1549" type="stmt"/>
      <line num="140" count="1549" type="stmt"/>
      <line num="141" count="1549" type="stmt"/>
      <line num="144" count="2237" type="stmt"/>
      <line num="145" count="2237" type="stmt"/>
      <line num="146" count="4514" type="cond" truecount="2" falsecount="0"/>
      <line num="147" count="3491" type="stmt"/>
      <line num="148" count="3491" type="stmt"/>
      <line num="149" count="3491" type="cond" truecount="1" falsecount="1"/>
      <line num="150" count="0" type="stmt"/>
      <line num="152" count="3491" type="stmt"/>
      <line num="154" count="3491" type="cond" truecount="2" falsecount="0"/>
      <line num="155" count="13" type="stmt"/>
      <line num="163" count="7467" type="stmt"/>
      <line num="164" count="7467" type="stmt"/>
      <line num="166" count="7467" type="cond" truecount="2" falsecount="0"/>
      <line num="167" count="5599" type="stmt"/>
      <line num="169" count="1868" type="stmt"/>
      <line num="170" count="1868" type="cond" truecount="2" falsecount="0"/>
      <line num="171" count="883" type="stmt"/>
      <line num="175" count="985" type="stmt"/>
      <line num="178" count="985" type="cond" truecount="1" falsecount="1"/>
      <line num="180" count="985" type="stmt"/>
      <line num="181" count="985" type="stmt"/>
      <line num="183" count="985" type="stmt"/>
      <line num="184" count="985" type="cond" truecount="2" falsecount="0"/>
      <line num="185" count="24" type="stmt"/>
      <line num="187" count="985" type="stmt"/>
      <line num="193" count="1549" type="stmt"/>
      <line num="197" count="1549" type="stmt"/>
      <line num="198" count="1549" type="stmt"/>
      <line num="201" count="1549" type="stmt"/>
      <line num="202" count="1549" type="cond" truecount="1" falsecount="1"/>
      <line num="203" count="1549" type="stmt"/>
      <line num="206" count="1549" type="cond" truecount="2" falsecount="0"/>
      <line num="208" count="598" type="stmt"/>
      <line num="210" count="598" type="stmt"/>
      <line num="211" count="598" type="cond" truecount="1" falsecount="1"/>
      <line num="212" count="598" type="stmt"/>
      <line num="217" count="1549" type="stmt"/>
      <line num="220" count="1549" type="cond" truecount="2" falsecount="0"/>
      <line num="221" count="17" type="stmt"/>
      <line num="232" count="1549" type="stmt"/>
      <line num="233" count="985" type="stmt"/>
      <line num="235" count="985" type="cond" truecount="1" falsecount="1"/>
      <line num="237" count="985" type="cond" truecount="2" falsecount="0"/>
      <line num="239" count="961" type="cond" truecount="1" falsecount="1"/>
      <line num="242" count="961" type="cond" truecount="1" falsecount="1"/>
      <line num="244" count="0" type="stmt"/>
      <line num="248" count="1549" type="stmt"/>
      <line num="249" count="1549" type="stmt"/>
      <line num="252" count="1549" type="cond" truecount="2" falsecount="0"/>
      <line num="254" count="101" type="cond" truecount="1" falsecount="1"/>
      <line num="255" count="101" type="stmt"/>
      <line num="258" count="0" type="stmt"/>
      <line num="259" count="0" type="stmt"/>
      <line num="260" count="0" type="stmt"/>
      <line num="265" count="0" type="stmt"/>
      <line num="268" count="1448" type="stmt"/>
      <line num="273" count="29" type="stmt"/>
      <line num="275" count="0" type="stmt"/>
      <line num="276" count="0" type="stmt"/>
      <line num="278" count="0" type="stmt"/>
      <line num="279" count="0" type="stmt"/>
      <line num="285" count="29" type="stmt"/>
      <line num="287" count="3" type="stmt"/>
      <line num="288" count="75" type="cond" truecount="2" falsecount="0"/>
      <line num="290" count="3" type="cond" truecount="2" falsecount="0"/>
      <line num="291" count="2" type="stmt"/>
      <line num="295" count="3" type="stmt"/>
      <line num="296" count="3" type="stmt"/>
      <line num="302" count="29" type="stmt"/>
      <line num="304" count="116" type="cond" truecount="2" falsecount="0"/>
      <line num="306" count="116" type="stmt"/>
      <line num="307" count="116" type="stmt"/>
      <line num="309" count="143" type="cond" truecount="1" falsecount="1"/>
      <line num="311" count="143" type="cond" truecount="1" falsecount="1"/>
      <line num="312" count="0" type="stmt"/>
      <line num="315" count="143" type="stmt"/>
      <line num="316" count="143" type="stmt"/>
      <line num="320" count="116" type="stmt"/>
      <line num="321" count="3" type="cond" truecount="1" falsecount="1"/>
      <line num="322" count="3" type="cond" truecount="1" falsecount="1"/>
      <line num="323" count="0" type="stmt"/>
      <line num="325" count="3" type="stmt"/>
      <line num="326" count="3" type="stmt"/>
      <line num="331" count="116" type="cond" truecount="2" falsecount="0"/>
      <line num="332" count="102" type="stmt"/>
      <line num="338" count="13173" type="stmt"/>
      <line num="341" count="13173" type="cond" truecount="2" falsecount="0"/>
      <line num="342" count="1220" type="stmt"/>
      <line num="346" count="11953" type="cond" truecount="1" falsecount="1"/>
      <line num="348" count="11953" type="stmt"/>
      <line num="359" count="11953" type="cond" truecount="2" falsecount="0"/>
      <line num="360" count="9192" type="stmt"/>
      <line num="363" count="2761" type="cond" truecount="2" falsecount="0"/>
      <line num="364" count="706" type="stmt"/>
      <line num="370" count="2055" type="stmt"/>
      <line num="371" count="2055" type="cond" truecount="3" falsecount="1"/>
      <line num="372" count="0" type="stmt"/>
      <line num="376" count="2055" type="stmt"/>
      <line num="380" count="2055" type="stmt"/>
      <line num="382" count="2965" type="cond" truecount="2" falsecount="0"/>
      <line num="383" count="2883" type="cond" truecount="2" falsecount="0"/>
      <line num="384" count="2883" type="stmt"/>
      <line num="387" count="2965" type="cond" truecount="2" falsecount="0"/>
      <line num="388" count="17" type="cond" truecount="2" falsecount="0"/>
      <line num="389" count="17" type="cond" truecount="2" falsecount="0"/>
      <line num="390" count="9" type="stmt"/>
      <line num="399" count="2055" type="stmt"/>
      <line num="406" count="2055" type="cond" truecount="2" falsecount="0"/>
      <line num="407" count="1669" type="stmt"/>
      <line num="414" count="386" type="stmt"/>
      <line num="415" count="386" type="cond" truecount="2" falsecount="0"/>
      <line num="417" count="4" type="stmt"/>
      <line num="419" count="4" type="stmt"/>
      <line num="422" count="33" type="cond" truecount="4" falsecount="0"/>
      <line num="423" count="26" type="stmt"/>
      <line num="425" count="7" type="stmt"/>
      <line num="426" count="7" type="stmt"/>
      <line num="431" count="7" type="stmt"/>
      <line num="432" count="7" type="stmt"/>
      <line num="433" count="7" type="stmt"/>
      <line num="443" count="4" type="stmt"/>
      <line num="452" count="382" type="stmt"/>
      <line num="453" count="382" type="stmt"/>
      <line num="455" count="382" type="stmt"/>
      <line num="458" count="2958" type="stmt"/>
      <line num="460" count="2958" type="stmt"/>
      <line num="462" count="2958" type="cond" truecount="4" falsecount="0"/>
      <line num="463" count="2" type="stmt"/>
      <line num="464" count="2" type="stmt"/>
      <line num="465" count="2" type="cond" truecount="1" falsecount="1"/>
      <line num="466" count="2" type="stmt"/>
      <line num="476" count="113" type="stmt"/>
      <line num="477" count="113" type="cond" truecount="4" falsecount="0"/>
      <line num="478" count="12" type="stmt"/>
      <line num="487" count="29" type="stmt"/>
    </file>
    <file name="VDom.ts" path="/Volumes/DATADISK1/Dev/Projects/flexlayers2/vdom/src/lib/VDom.ts">
      <metrics statements="199" coveredstatements="190" conditionals="100" coveredconditionals="83" methods="25" coveredmethods="24"/>
      <line num="1" count="29" type="stmt"/>
      <line num="2" count="29" type="stmt"/>
      <line num="3" count="29" type="stmt"/>
      <line num="5" count="29" type="stmt"/>
      <line num="7" count="29" type="stmt"/>
      <line num="8" count="29" type="stmt"/>
      <line num="9" count="29" type="stmt"/>
      <line num="10" count="29" type="stmt"/>
      <line num="11" count="29" type="stmt"/>
      <line num="18" count="29" type="stmt"/>
      <line num="21" count="29" type="stmt"/>
      <line num="32" count="235" type="stmt"/>
      <line num="34" count="235" type="stmt"/>
      <line num="36" count="235" type="stmt"/>
      <line num="38" count="235" type="stmt"/>
      <line num="40" count="235" type="stmt"/>
      <line num="43" count="235" type="stmt"/>
      <line num="50" count="235" type="stmt"/>
      <line num="52" count="235" type="stmt"/>
      <line num="54" count="235" type="stmt"/>
      <line num="56" count="235" type="stmt"/>
      <line num="59" count="235" type="stmt"/>
      <line num="61" count="235" type="stmt"/>
      <line num="63" count="235" type="stmt"/>
      <line num="65" count="235" type="stmt"/>
      <line num="74" count="235" type="stmt"/>
      <line num="82" count="235" type="stmt"/>
      <line num="84" count="235" type="stmt"/>
      <line num="89" count="235" type="stmt"/>
      <line num="99" count="235" type="stmt"/>
      <line num="115" count="235" type="cond" truecount="2" falsecount="0"/>
      <line num="117" count="235" type="stmt"/>
      <line num="119" count="235" type="cond" truecount="1" falsecount="1"/>
      <line num="121" count="235" type="cond" truecount="2" falsecount="0"/>
      <line num="122" count="1" type="stmt"/>
      <line num="124" count="235" type="cond" truecount="2" falsecount="0"/>
      <line num="125" count="234" type="stmt"/>
      <line num="127" count="235" type="cond" truecount="2" falsecount="0"/>
      <line num="128" count="114" type="stmt"/>
      <line num="130" count="235" type="cond" truecount="2" falsecount="0"/>
      <line num="131" count="114" type="stmt"/>
      <line num="137" count="235" type="stmt"/>
      <line num="140" count="235" type="stmt"/>
      <line num="141" count="235" type="cond" truecount="1" falsecount="1"/>
      <line num="142" count="0" type="stmt"/>
      <line num="143" count="0" type="stmt"/>
      <line num="146" count="235" type="stmt"/>
      <line num="149" count="235" type="stmt"/>
      <line num="150" count="235" type="stmt"/>
      <line num="151" count="289" type="cond" truecount="2" falsecount="0"/>
      <line num="152" count="278" type="cond" truecount="1" falsecount="1"/>
      <line num="153" count="278" type="stmt"/>
      <line num="156" count="11" type="stmt"/>
      <line num="158" count="289" type="stmt"/>
      <line num="160" count="235" type="stmt"/>
      <line num="163" count="235" type="cond" truecount="2" falsecount="0"/>
      <line num="165" count="1" type="stmt"/>
      <line num="167" count="1" type="cond" truecount="1" falsecount="1"/>
      <line num="168" count="1" type="stmt"/>
      <line num="169" count="1" type="stmt"/>
      <line num="196" count="29" type="stmt"/>
      <line num="197" count="29" type="stmt"/>
      <line num="198" count="29" type="stmt"/>
      <line num="199" count="29" type="stmt"/>
      <line num="200" count="29" type="stmt"/>
      <line num="201" count="29" type="stmt"/>
      <line num="202" count="29" type="stmt"/>
      <line num="203" count="29" type="stmt"/>
      <line num="206" count="29" type="stmt"/>
      <line num="208" count="2" type="stmt"/>
      <line num="210" count="2" type="stmt"/>
      <line num="211" count="2" type="stmt"/>
      <line num="215" count="29" type="stmt"/>
      <line num="217" count="1" type="stmt"/>
      <line num="219" count="1" type="stmt"/>
      <line num="220" count="1" type="stmt"/>
      <line num="224" count="29" type="stmt"/>
      <line num="225" count="0" type="stmt"/>
      <line num="226" count="0" type="stmt"/>
      <line num="230" count="501" type="cond" truecount="2" falsecount="0"/>
      <line num="233" count="401" type="cond" truecount="2" falsecount="0"/>
      <line num="236" count="2" type="stmt"/>
      <line num="240" count="401" type="cond" truecount="2" falsecount="0"/>
      <line num="241" count="166" type="stmt"/>
      <line num="243" count="235" type="stmt"/>
      <line num="246" count="401" type="cond" truecount="4" falsecount="0"/>
      <line num="248" count="400" type="cond" truecount="2" falsecount="0"/>
      <line num="249" count="400" type="cond" truecount="1" falsecount="1"/>
      <line num="253" count="400" type="stmt"/>
      <line num="257" count="401" type="cond" truecount="2" falsecount="0"/>
      <line num="258" count="400" type="stmt"/>
      <line num="261" count="401" type="cond" truecount="4" falsecount="0"/>
      <line num="262" count="193" type="stmt"/>
      <line num="264" count="401" type="stmt"/>
      <line num="266" count="401" type="cond" truecount="2" falsecount="0"/>
      <line num="267" count="166" type="cond" truecount="1" falsecount="1"/>
      <line num="269" count="235" type="cond" truecount="2" falsecount="0"/>
      <line num="273" count="401" type="cond" truecount="2" falsecount="0"/>
      <line num="276" count="2" type="stmt"/>
      <line num="279" count="401" type="stmt"/>
      <line num="284" count="29" type="stmt"/>
      <line num="297" count="108" type="stmt"/>
      <line num="299" count="108" type="cond" truecount="2" falsecount="0"/>
      <line num="300" count="19" type="stmt"/>
      <line num="306" count="19" type="stmt"/>
      <line num="308" count="89" type="stmt"/>
      <line num="310" count="108" type="stmt"/>
      <line num="315" count="235" type="stmt"/>
      <line num="327" count="235" type="stmt"/>
      <line num="330" count="235" type="cond" truecount="2" falsecount="0"/>
      <line num="331" count="235" type="stmt"/>
      <line num="334" count="235" type="stmt"/>
      <line num="335" count="235" type="stmt"/>
      <line num="336" count="67" type="stmt"/>
      <line num="337" count="67" type="stmt"/>
      <line num="341" count="235" type="stmt"/>
      <line num="343" count="235" type="stmt"/>
      <line num="346" count="235" type="cond" truecount="1" falsecount="1"/>
      <line num="348" count="235" type="cond" truecount="2" falsecount="0"/>
      <line num="351" count="235" type="cond" truecount="4" falsecount="0"/>
      <line num="353" count="2" type="stmt"/>
      <line num="354" count="6" type="stmt"/>
      <line num="356" count="4" type="stmt"/>
      <line num="358" count="4" type="stmt"/>
      <line num="359" count="4" type="cond" truecount="1" falsecount="1"/>
      <line num="360" count="4" type="stmt"/>
      <line num="361" count="8" type="stmt"/>
      <line num="363" count="7" type="stmt"/>
      <line num="365" count="7" type="stmt"/>
      <line num="366" count="7" type="cond" truecount="1" falsecount="1"/>
      <line num="367" count="0" type="stmt"/>
      <line num="369" count="7" type="stmt"/>
      <line num="372" count="7" type="cond" truecount="1" falsecount="1"/>
      <line num="373" count="0" type="stmt"/>
      <line num="376" count="7" type="stmt"/>
      <line num="378" count="7" type="stmt"/>
      <line num="382" count="0" type="stmt"/>
      <line num="384" count="4" type="stmt"/>
      <line num="385" count="4" type="stmt"/>
      <line num="390" count="2" type="stmt"/>
      <line num="391" count="2" type="stmt"/>
      <line num="393" count="2" type="stmt"/>
      <line num="400" count="235" type="cond" truecount="1" falsecount="1"/>
      <line num="402" count="235" type="stmt"/>
      <line num="403" count="235" type="cond" truecount="2" falsecount="0"/>
      <line num="404" count="234" type="cond" truecount="1" falsecount="1"/>
      <line num="405" count="234" type="cond" truecount="2" falsecount="0"/>
      <line num="406" count="2" type="stmt"/>
      <line num="411" count="235" type="stmt"/>
      <line num="412" count="235" type="stmt"/>
      <line num="413" count="235" type="stmt"/>
      <line num="414" count="235" type="stmt"/>
      <line num="415" count="235" type="stmt"/>
      <line num="417" count="235" type="stmt"/>
      <line num="421" count="29" type="stmt"/>
      <line num="422" count="4" type="cond" truecount="1" falsecount="1"/>
      <line num="423" count="0" type="stmt"/>
      <line num="425" count="4" type="stmt"/>
      <line num="426" count="4" type="stmt"/>
      <line num="427" count="4" type="cond" truecount="1" falsecount="1"/>
      <line num="428" count="4" type="stmt"/>
      <line num="430" count="4" type="stmt"/>
      <line num="433" count="29" type="stmt"/>
      <line num="434" count="1" type="cond" truecount="1" falsecount="1"/>
      <line num="435" count="0" type="stmt"/>
      <line num="437" count="1" type="stmt"/>
      <line num="438" count="1" type="stmt"/>
      <line num="439" count="1" type="cond" truecount="3" falsecount="1"/>
      <line num="440" count="1" type="stmt"/>
      <line num="442" count="1" type="stmt"/>
      <line num="446" count="29" type="stmt"/>
      <line num="449" count="102" type="cond" truecount="2" falsecount="0"/>
      <line num="450" count="100" type="stmt"/>
      <line num="461" count="102" type="cond" truecount="2" falsecount="0"/>
      <line num="462" count="1" type="stmt"/>
      <line num="465" count="102" type="stmt"/>
      <line num="468" count="102" type="stmt"/>
      <line num="469" count="102" type="stmt"/>
      <line num="470" count="102" type="stmt"/>
      <line num="473" count="102" type="cond" truecount="2" falsecount="0"/>
      <line num="474" count="61" type="stmt"/>
      <line num="478" count="102" type="cond" truecount="2" falsecount="0"/>
      <line num="479" count="61" type="stmt"/>
      <line num="483" count="102" type="stmt"/>
      <line num="484" count="102" type="stmt"/>
      <line num="486" count="102" type="cond" truecount="2" falsecount="0"/>
      <line num="487" count="100" type="stmt"/>
      <line num="488" count="100" type="stmt"/>
      <line num="494" count="102" type="stmt"/>
      <line num="505" count="102" type="cond" truecount="2" falsecount="0"/>
      <line num="506" count="100" type="stmt"/>
      <line num="507" count="100" type="stmt"/>
      <line num="508" count="100" type="stmt"/>
      <line num="514" count="29" type="stmt"/>
      <line num="515" count="1" type="cond" truecount="1" falsecount="1"/>
      <line num="516" count="1" type="stmt"/>
      <line num="521" count="29" type="stmt"/>
      <line num="522" count="1" type="stmt"/>
      <line num="525" count="29" type="stmt"/>
    </file>
    <file name="VDomItem.ts" path="/Volumes/DATADISK1/Dev/Projects/flexlayers2/vdom/src/lib/VDomItem.ts">
      <metrics statements="767" coveredstatements="714" conditionals="466" coveredconditionals="363" methods="61" coveredmethods="60"/>
      <line num="1" count="29" type="stmt"/>
      <line num="4" count="29" type="stmt"/>
      <line num="5" count="29" type="stmt"/>
      <line num="6" count="29" type="stmt"/>
      <line num="12" count="29" type="stmt"/>
      <line num="13" count="29" type="stmt"/>
      <line num="14" count="29" type="stmt"/>
      <line num="15" count="29" type="stmt"/>
      <line num="16" count="29" type="stmt"/>
      <line num="19" count="29" type="stmt"/>
      <line num="20" count="29" type="stmt"/>
      <line num="23" count="29" type="stmt"/>
      <line num="40" count="29" type="stmt"/>
      <line num="41" count="16947" type="stmt"/>
      <line num="42" count="16947" type="cond" truecount="2" falsecount="0"/>
      <line num="43" count="100" type="stmt"/>
      <line num="46" count="1251" type="stmt"/>
      <line num="50" count="29" type="stmt"/>
      <line num="55" count="1162" type="stmt"/>
      <line num="65" count="1162" type="stmt"/>
      <line num="67" count="1162" type="stmt"/>
      <line num="69" count="1162" type="stmt"/>
      <line num="71" count="1162" type="stmt"/>
      <line num="74" count="1162" type="stmt"/>
      <line num="79" count="1162" type="stmt"/>
      <line num="83" count="1162" type="stmt"/>
      <line num="85" count="1162" type="stmt"/>
      <line num="102" count="1162" type="stmt"/>
      <line num="106" count="1162" type="stmt"/>
      <line num="112" count="1162" type="stmt"/>
      <line num="116" count="1162" type="stmt"/>
      <line num="123" count="1162" type="stmt"/>
      <line num="125" count="1162" type="stmt"/>
      <line num="132" count="1162" type="stmt"/>
      <line num="137" count="1162" type="stmt"/>
      <line num="144" count="1162" type="stmt"/>
      <line num="147" count="1162" type="stmt"/>
      <line num="156" count="1162" type="cond" truecount="2" falsecount="0"/>
      <line num="158" count="1162" type="cond" truecount="1" falsecount="1"/>
      <line num="159" count="0" type="stmt"/>
      <line num="162" count="1162" type="cond" truecount="1" falsecount="1"/>
      <line num="163" count="1162" type="stmt"/>
      <line num="166" count="1162" type="cond" truecount="1" falsecount="1"/>
      <line num="170" count="1162" type="stmt"/>
      <line num="203" count="29" type="stmt"/>
      <line num="205" count="422" type="stmt"/>
      <line num="217" count="422" type="stmt"/>
      <line num="218" count="245" type="stmt"/>
      <line num="221" count="422" type="stmt"/>
      <line num="226" count="29" type="stmt"/>
      <line num="229" count="270" type="stmt"/>
      <line num="232" count="270" type="cond" truecount="1" falsecount="1"/>
      <line num="233" count="0" type="stmt"/>
      <line num="234" count="0" type="stmt"/>
      <line num="238" count="270" type="stmt"/>
      <line num="239" count="0" type="stmt"/>
      <line num="241" count="270" type="stmt"/>
      <line num="244" count="270" type="cond" truecount="2" falsecount="0"/>
      <line num="245" count="119" type="stmt"/>
      <line num="246" count="0" type="stmt"/>
      <line num="248" count="119" type="stmt"/>
      <line num="252" count="270" type="stmt"/>
      <line num="253" count="42" type="stmt"/>
      <line num="255" count="270" type="stmt"/>
      <line num="258" count="270" type="cond" truecount="2" falsecount="0"/>
      <line num="259" count="58" type="stmt"/>
      <line num="261" count="270" type="stmt"/>
      <line num="264" count="270" type="cond" truecount="1" falsecount="1"/>
      <line num="265" count="270" type="stmt"/>
      <line num="269" count="270" type="cond" truecount="1" falsecount="1"/>
      <line num="270" count="0" type="stmt"/>
      <line num="272" count="270" type="stmt"/>
      <line num="275" count="322" type="stmt"/>
      <line num="276" count="322" type="stmt"/>
      <line num="278" count="270" type="stmt"/>
      <line num="281" count="270" type="stmt"/>
      <line num="282" count="137" type="stmt"/>
      <line num="284" count="270" type="stmt"/>
      <line num="287" count="270" type="stmt"/>
      <line num="292" count="29" type="stmt"/>
      <line num="294" count="67" type="stmt"/>
      <line num="295" count="67" type="stmt"/>
      <line num="297" count="35" type="stmt"/>
      <line num="302" count="29" type="stmt"/>
      <line num="304" count="2" type="cond" truecount="1" falsecount="1"/>
      <line num="305" count="0" type="stmt"/>
      <line num="307" count="2" type="stmt"/>
      <line num="309" count="2" type="stmt"/>
      <line num="310" count="4" type="stmt"/>
      <line num="311" count="4" type="stmt"/>
      <line num="319" count="29" type="stmt"/>
      <line num="321" count="1546" type="cond" truecount="2" falsecount="0"/>
      <line num="322" count="604" type="stmt"/>
      <line num="325" count="1546" type="stmt"/>
      <line num="326" count="1546" type="stmt"/>
      <line num="327" count="1546" type="stmt"/>
      <line num="332" count="29" type="stmt"/>
      <line num="342" count="983" type="stmt"/>
      <line num="343" count="983" type="stmt"/>
      <line num="346" count="983" type="cond" truecount="2" falsecount="0"/>
      <line num="348" count="309" type="stmt"/>
      <line num="349" count="309" type="cond" truecount="2" falsecount="0"/>
      <line num="350" count="1" type="stmt"/>
      <line num="351" count="1" type="stmt"/>
      <line num="353" count="308" type="stmt"/>
      <line num="355" count="309" type="cond" truecount="2" falsecount="0"/>
      <line num="356" count="5" type="stmt"/>
      <line num="359" count="309" type="stmt"/>
      <line num="360" count="309" type="cond" truecount="1" falsecount="1"/>
      <line num="364" count="309" type="stmt"/>
      <line num="366" count="309" type="stmt"/>
      <line num="367" count="309" type="stmt"/>
      <line num="370" count="379" type="stmt"/>
      <line num="371" count="379" type="stmt"/>
      <line num="372" count="379" type="stmt"/>
      <line num="373" count="758" type="stmt"/>
      <line num="374" count="379" type="stmt"/>
      <line num="379" count="309" type="stmt"/>
      <line num="380" count="309" type="stmt"/>
      <line num="385" count="674" type="stmt"/>
      <line num="389" count="1546" type="cond" truecount="1" falsecount="1"/>
      <line num="397" count="1546" type="cond" truecount="3" falsecount="1"/>
      <line num="398" count="0" type="stmt"/>
      <line num="402" count="1546" type="stmt"/>
      <line num="404" count="1546" type="stmt"/>
      <line num="405" count="1546" type="cond" truecount="2" falsecount="0"/>
      <line num="406" count="1117" type="stmt"/>
      <line num="409" count="1546" type="stmt"/>
      <line num="412" count="1546" type="stmt"/>
      <line num="413" count="1546" type="stmt"/>
      <line num="414" count="1546" type="stmt"/>
      <line num="417" count="1546" type="cond" truecount="2" falsecount="0"/>
      <line num="418" count="15" type="stmt"/>
      <line num="422" count="1531" type="cond" truecount="2" falsecount="0"/>
      <line num="423" count="977" type="stmt"/>
      <line num="424" count="977" type="stmt"/>
      <line num="425" count="977" type="stmt"/>
      <line num="426" count="977" type="stmt"/>
      <line num="427" count="977" type="stmt"/>
      <line num="428" count="977" type="stmt"/>
      <line num="429" count="977" type="stmt"/>
      <line num="430" count="977" type="stmt"/>
      <line num="431" count="977" type="stmt"/>
      <line num="432" count="977" type="stmt"/>
      <line num="433" count="977" type="stmt"/>
      <line num="437" count="1531" type="stmt"/>
      <line num="438" count="1531" type="cond" truecount="1" falsecount="1"/>
      <line num="439" count="1531" type="stmt"/>
      <line num="441" count="1531" type="stmt"/>
      <line num="442" count="1531" type="stmt"/>
      <line num="454" count="1546" type="cond" truecount="1" falsecount="1"/>
      <line num="457" count="1546" type="stmt"/>
      <line num="459" count="1546" type="cond" truecount="1" falsecount="1"/>
      <line num="460" count="0" type="stmt"/>
      <line num="464" count="1546" type="cond" truecount="2" falsecount="0"/>
      <line num="466" count="992" type="stmt"/>
      <line num="468" count="992" type="cond" truecount="2" falsecount="0"/>
      <line num="470" count="977" type="stmt"/>
      <line num="471" count="977" type="stmt"/>
      <line num="472" count="307" type="stmt"/>
      <line num="474" count="977" type="cond" truecount="2" falsecount="0"/>
      <line num="475" count="2" type="stmt"/>
      <line num="480" count="15" type="cond" truecount="4" falsecount="0"/>
      <line num="482" count="1" type="stmt"/>
      <line num="483" count="2" type="stmt"/>
      <line num="484" count="1" type="stmt"/>
      <line num="490" count="14" type="stmt"/>
      <line num="491" count="7" type="stmt"/>
      <line num="499" count="1546" type="stmt"/>
      <line num="500" count="1546" type="stmt"/>
      <line num="505" count="29" type="stmt"/>
      <line num="508" count="1531" type="cond" truecount="4" falsecount="0"/>
      <line num="509" count="829" type="stmt"/>
      <line num="513" count="702" type="stmt"/>
      <line num="514" count="702" type="cond" truecount="2" falsecount="0"/>
      <line num="515" count="696" type="cond" truecount="4" falsecount="0"/>
      <line num="516" count="1" type="stmt"/>
      <line num="518" count="696" type="stmt"/>
      <line num="522" count="6" type="stmt"/>
      <line num="523" count="6" type="cond" truecount="2" falsecount="0"/>
      <line num="525" count="3" type="cond" truecount="3" falsecount="1"/>
      <line num="526" count="3" type="stmt"/>
      <line num="527" count="3" type="cond" truecount="2" falsecount="0"/>
      <line num="528" count="1" type="stmt"/>
      <line num="533" count="3" type="cond" truecount="1" falsecount="1"/>
      <line num="534" count="3" type="cond" truecount="4" falsecount="0"/>
      <line num="535" count="1" type="stmt"/>
      <line num="536" count="2" type="stmt"/>
      <line num="537" count="1" type="cond" truecount="1" falsecount="1"/>
      <line num="538" count="1" type="stmt"/>
      <line num="543" count="2" type="stmt"/>
      <line num="553" count="29" type="stmt"/>
      <line num="556" count="48" type="stmt"/>
      <line num="557" count="48" type="stmt"/>
      <line num="558" count="48" type="cond" truecount="2" falsecount="0"/>
      <line num="560" count="31" type="stmt"/>
      <line num="564" count="48" type="stmt"/>
      <line num="565" count="48" type="stmt"/>
      <line num="568" count="48" type="stmt"/>
      <line num="569" count="48" type="stmt"/>
      <line num="572" count="48" type="stmt"/>
      <line num="582" count="26" type="cond" truecount="2" falsecount="0"/>
      <line num="583" count="26" type="cond" truecount="2" falsecount="0"/>
      <line num="588" count="20" type="stmt"/>
      <line num="591" count="20" type="stmt"/>
      <line num="592" count="20" type="cond" truecount="2" falsecount="0"/>
      <line num="593" count="1" type="stmt"/>
      <line num="597" count="20" type="stmt"/>
      <line num="599" count="20" type="stmt"/>
      <line num="600" count="40" type="stmt"/>
      <line num="601" count="20" type="stmt"/>
      <line num="602" count="20" type="stmt"/>
      <line num="604" count="20" type="cond" truecount="5" falsecount="0"/>
      <line num="605" count="5" type="stmt"/>
      <line num="613" count="48" type="cond" truecount="2" falsecount="0"/>
      <line num="614" count="28" type="stmt"/>
      <line num="615" count="28" type="stmt"/>
      <line num="616" count="3" type="stmt"/>
      <line num="617" count="3" type="stmt"/>
      <line num="618" count="6" type="stmt"/>
      <line num="619" count="3" type="stmt"/>
      <line num="620" count="3" type="stmt"/>
      <line num="622" count="3" type="cond" truecount="4" falsecount="1"/>
      <line num="623" count="0" type="stmt"/>
      <line num="629" count="48" type="stmt"/>
      <line num="630" count="48" type="stmt"/>
      <line num="634" count="193" type="stmt"/>
      <line num="643" count="193" type="cond" truecount="3" falsecount="1"/>
      <line num="645" count="0" type="cond" truecount="0" falsecount="2"/>
      <line num="646" count="0" type="stmt"/>
      <line num="647" count="0" type="stmt"/>
      <line num="650" count="0" type="stmt"/>
      <line num="655" count="193" type="cond" truecount="2" falsecount="0"/>
      <line num="656" count="124" type="stmt"/>
      <line num="658" count="43" type="stmt"/>
      <line num="663" count="193" type="stmt"/>
      <line num="665" count="193" type="cond" truecount="2" falsecount="0"/>
      <line num="667" count="8" type="stmt"/>
      <line num="669" count="8" type="cond" truecount="2" falsecount="0"/>
      <line num="670" count="4" type="cond" truecount="1" falsecount="1"/>
      <line num="671" count="4" type="stmt"/>
      <line num="673" count="4" type="stmt"/>
      <line num="674" count="4" type="cond" truecount="2" falsecount="0"/>
      <line num="675" count="1" type="stmt"/>
      <line num="682" count="193" type="cond" truecount="2" falsecount="0"/>
      <line num="685" count="127" type="stmt"/>
      <line num="686" count="127" type="cond" truecount="1" falsecount="1"/>
      <line num="688" count="127" type="stmt"/>
      <line num="691" count="127" type="stmt"/>
      <line num="692" count="18" type="stmt"/>
      <line num="696" count="127" type="cond" truecount="3" falsecount="1"/>
      <line num="697" count="127" type="stmt"/>
      <line num="698" count="127" type="stmt"/>
      <line num="699" count="127" type="stmt"/>
      <line num="703" count="127" type="stmt"/>
      <line num="704" count="127" type="stmt"/>
      <line num="706" count="280" type="cond" truecount="2" falsecount="0"/>
      <line num="707" count="279" type="stmt"/>
      <line num="708" count="279" type="stmt"/>
      <line num="719" count="127" type="stmt"/>
      <line num="722" count="127" type="stmt"/>
      <line num="725" count="127" type="cond" truecount="5" falsecount="1"/>
      <line num="726" count="0" type="stmt"/>
      <line num="729" count="127" type="stmt"/>
      <line num="732" count="127" type="stmt"/>
      <line num="733" count="127" type="cond" truecount="4" falsecount="0"/>
      <line num="734" count="1" type="stmt"/>
      <line num="735" count="1" type="stmt"/>
      <line num="742" count="127" type="stmt"/>
      <line num="746" count="66" type="stmt"/>
      <line num="747" count="66" type="stmt"/>
      <line num="748" count="186" type="cond" truecount="2" falsecount="0"/>
      <line num="749" count="185" type="stmt"/>
      <line num="750" count="185" type="stmt"/>
      <line num="755" count="66" type="stmt"/>
      <line num="756" count="66" type="stmt"/>
      <line num="759" count="66" type="stmt"/>
      <line num="760" count="66" type="cond" truecount="1" falsecount="1"/>
      <line num="761" count="66" type="stmt"/>
      <line num="765" count="66" type="stmt"/>
      <line num="773" count="29" type="stmt"/>
      <line num="781" count="8" type="stmt"/>
      <line num="789" count="8" type="stmt"/>
      <line num="795" count="8" type="stmt"/>
      <line num="799" count="29" type="stmt"/>
      <line num="807" count="185" type="stmt"/>
      <line num="812" count="99" type="stmt"/>
      <line num="821" count="99" type="stmt"/>
      <line num="829" count="99" type="cond" truecount="2" falsecount="0"/>
      <line num="830" count="42" type="stmt"/>
      <line num="836" count="99" type="stmt"/>
      <line num="837" count="99" type="stmt"/>
      <line num="841" count="99" type="cond" truecount="4" falsecount="0"/>
      <line num="843" count="48" type="stmt"/>
      <line num="846" count="48" type="stmt"/>
      <line num="848" count="48" type="stmt"/>
      <line num="850" count="48" type="stmt"/>
      <line num="851" count="96" type="stmt"/>
      <line num="852" count="84" type="stmt"/>
      <line num="853" count="84" type="stmt"/>
      <line num="858" count="24" type="stmt"/>
      <line num="859" count="24" type="stmt"/>
      <line num="865" count="75" type="stmt"/>
      <line num="873" count="75" type="cond" truecount="2" falsecount="0"/>
      <line num="874" count="3" type="stmt"/>
      <line num="875" count="3" type="cond" truecount="1" falsecount="1"/>
      <line num="876" count="3" type="stmt"/>
      <line num="877" count="9" type="stmt"/>
      <line num="880" count="3" type="stmt"/>
      <line num="884" count="75" type="stmt"/>
      <line num="887" count="75" type="stmt"/>
      <line num="889" count="75" type="stmt"/>
      <line num="890" count="75" type="cond" truecount="2" falsecount="0"/>
      <line num="891" count="9" type="stmt"/>
      <line num="893" count="75" type="stmt"/>
      <line num="896" count="75" type="stmt"/>
      <line num="898" count="75" type="stmt"/>
      <line num="901" count="201" type="stmt"/>
      <line num="903" count="201" type="stmt"/>
      <line num="906" count="201" type="cond" truecount="1" falsecount="1"/>
      <line num="907" count="201" type="stmt"/>
      <line num="909" count="201" type="cond" truecount="2" falsecount="0"/>
      <line num="910" count="189" type="stmt"/>
      <line num="913" count="201" type="cond" truecount="2" falsecount="0"/>
      <line num="914" count="12" type="stmt"/>
      <line num="916" count="201" type="cond" truecount="2" falsecount="0"/>
      <line num="917" count="6" type="stmt"/>
      <line num="919" count="201" type="stmt"/>
      <line num="923" count="201" type="stmt"/>
      <line num="939" count="201" type="stmt"/>
      <line num="942" count="201" type="stmt"/>
      <line num="943" count="201" type="cond" truecount="2" falsecount="0"/>
      <line num="946" count="159" type="stmt"/>
      <line num="947" count="159" type="stmt"/>
      <line num="949" count="159" type="stmt"/>
      <line num="950" count="318" type="stmt"/>
      <line num="951" count="243" type="stmt"/>
      <line num="952" count="243" type="stmt"/>
      <line num="955" count="159" type="stmt"/>
      <line num="960" count="42" type="stmt"/>
      <line num="962" count="42" type="cond" truecount="2" falsecount="0"/>
      <line num="964" count="2" type="stmt"/>
      <line num="966" count="2" type="stmt"/>
      <line num="970" count="42" type="stmt"/>
      <line num="971" count="84" type="stmt"/>
      <line num="972" count="60" type="stmt"/>
      <line num="973" count="60" type="stmt"/>
      <line num="977" count="42" type="stmt"/>
      <line num="981" count="201" type="stmt"/>
      <line num="994" count="201" type="stmt"/>
      <line num="1001" count="75" type="stmt"/>
      <line num="1002" count="35" type="stmt"/>
      <line num="1003" count="35" type="stmt"/>
      <line num="1004" count="35" type="stmt"/>
      <line num="1005" count="35" type="cond" truecount="2" falsecount="0"/>
      <line num="1006" count="30" type="stmt"/>
      <line num="1011" count="75" type="stmt"/>
      <line num="1012" count="75" type="cond" truecount="2" falsecount="0"/>
      <line num="1014" count="2" type="stmt"/>
      <line num="1015" count="2" type="stmt"/>
      <line num="1016" count="6" type="cond" truecount="4" falsecount="0"/>
      <line num="1017" count="3" type="stmt"/>
      <line num="1019" count="3" type="stmt"/>
      <line num="1023" count="2" type="stmt"/>
      <line num="1028" count="75" type="stmt"/>
      <line num="1029" count="75" type="stmt"/>
      <line num="1034" count="29" type="stmt"/>
      <line num="1037" count="2" type="cond" truecount="2" falsecount="2"/>
      <line num="1038" count="0" type="stmt"/>
      <line num="1042" count="2" type="cond" truecount="1" falsecount="1"/>
      <line num="1043" count="2" type="stmt"/>
      <line num="1044" count="2" type="stmt"/>
      <line num="1046" count="2" type="stmt"/>
      <line num="1049" count="0" type="stmt"/>
      <line num="1050" count="0" type="stmt"/>
      <line num="1051" count="0" type="stmt"/>
      <line num="1052" count="0" type="cond" truecount="0" falsecount="2"/>
      <line num="1053" count="0" type="stmt"/>
      <line num="1058" count="2" type="stmt"/>
      <line num="1063" count="29" type="stmt"/>
      <line num="1066" count="161" type="cond" truecount="4" falsecount="0"/>
      <line num="1067" count="19" type="stmt"/>
      <line num="1071" count="142" type="stmt"/>
      <line num="1075" count="142" type="cond" truecount="1" falsecount="1"/>
      <line num="1077" count="142" type="stmt"/>
      <line num="1078" count="142" type="stmt"/>
      <line num="1079" count="142" type="stmt"/>
      <line num="1083" count="0" type="stmt"/>
      <line num="1084" count="0" type="stmt"/>
      <line num="1085" count="0" type="stmt"/>
      <line num="1086" count="0" type="cond" truecount="0" falsecount="2"/>
      <line num="1087" count="0" type="stmt"/>
      <line num="1093" count="142" type="stmt"/>
      <line num="1098" count="29" type="stmt"/>
      <line num="1101" count="3" type="cond" truecount="3" falsecount="1"/>
      <line num="1102" count="0" type="stmt"/>
      <line num="1106" count="3" type="stmt"/>
      <line num="1107" count="3" type="stmt"/>
      <line num="1108" count="3" type="cond" truecount="1" falsecount="1"/>
      <line num="1109" count="0" type="stmt"/>
      <line num="1113" count="3" type="cond" truecount="2" falsecount="0"/>
      <line num="1116" count="3" type="stmt"/>
      <line num="1119" count="3" type="stmt"/>
      <line num="1120" count="1" type="stmt"/>
      <line num="1122" count="3" type="stmt"/>
      <line num="1125" count="3" type="stmt"/>
      <line num="1126" count="3" type="stmt"/>
      <line num="1127" count="3" type="stmt"/>
      <line num="1128" count="7" type="stmt"/>
      <line num="1129" count="7" type="stmt"/>
      <line num="1130" count="7" type="stmt"/>
      <line num="1134" count="3" type="stmt"/>
      <line num="1139" count="29" type="stmt"/>
      <line num="1142" count="270" type="cond" truecount="4" falsecount="0"/>
      <line num="1143" count="38" type="stmt"/>
      <line num="1147" count="232" type="stmt"/>
      <line num="1148" count="232" type="stmt"/>
      <line num="1149" count="232" type="cond" truecount="1" falsecount="1"/>
      <line num="1150" count="0" type="stmt"/>
      <line num="1155" count="232" type="cond" truecount="2" falsecount="0"/>
      <line num="1157" count="167" type="stmt"/>
      <line num="1158" count="167" type="stmt"/>
      <line num="1159" count="167" type="stmt"/>
      <line num="1162" count="65" type="stmt"/>
      <line num="1163" count="65" type="stmt"/>
      <line num="1164" count="65" type="cond" truecount="2" falsecount="0"/>
      <line num="1165" count="40" type="stmt"/>
      <line num="1170" count="232" type="stmt"/>
      <line num="1175" count="29" type="stmt"/>
      <line num="1184" count="517" type="stmt"/>
      <line num="1185" count="517" type="stmt"/>
      <line num="1188" count="517" type="stmt"/>
      <line num="1189" count="592" type="stmt"/>
      <line num="1190" count="592" type="stmt"/>
      <line num="1191" count="592" type="stmt"/>
      <line num="1192" count="1184" type="stmt"/>
      <line num="1193" count="750" type="stmt"/>
      <line num="1195" count="592" type="cond" truecount="5" falsecount="0"/>
      <line num="1196" count="143" type="stmt"/>
      <line num="1201" count="517" type="cond" truecount="4" falsecount="0"/>
      <line num="1202" count="148" type="stmt"/>
      <line num="1206" count="369" type="stmt"/>
      <line num="1209" count="369" type="stmt"/>
      <line num="1210" count="369" type="cond" truecount="2" falsecount="0"/>
      <line num="1211" count="4" type="stmt"/>
      <line num="1212" count="4" type="stmt"/>
      <line num="1216" count="369" type="stmt"/>
      <line num="1221" count="29" type="stmt"/>
      <line num="1224" count="238" type="stmt"/>
      <line num="1227" count="238" type="stmt"/>
      <line num="1230" count="238" type="stmt"/>
      <line num="1231" count="282" type="stmt"/>
      <line num="1232" count="282" type="stmt"/>
      <line num="1233" count="282" type="stmt"/>
      <line num="1234" count="564" type="stmt"/>
      <line num="1235" count="377" type="stmt"/>
      <line num="1236" count="377" type="stmt"/>
      <line num="1238" count="282" type="cond" truecount="5" falsecount="0"/>
      <line num="1239" count="158" type="stmt"/>
      <line num="1244" count="238" type="stmt"/>
      <line num="1245" count="238" type="stmt"/>
      <line num="1252" count="29" type="stmt"/>
      <line num="1254" count="562" type="stmt"/>
      <line num="1256" count="562" type="stmt"/>
      <line num="1258" count="562" type="stmt"/>
      <line num="1260" count="562" type="stmt"/>
      <line num="1262" count="562" type="stmt"/>
      <line num="1268" count="29" type="stmt"/>
      <line num="1269" count="1251" type="stmt"/>
      <line num="1273" count="29" type="stmt"/>
      <line num="1275" count="562" type="stmt"/>
      <line num="1276" count="1124" type="stmt"/>
      <line num="1277" count="0" type="cond" truecount="0" falsecount="2"/>
      <line num="1278" count="0" type="stmt"/>
      <line num="1279" count="0" type="stmt"/>
      <line num="1289" count="562" type="stmt"/>
      <line num="1292" count="562" type="stmt"/>
      <line num="1293" count="562" type="stmt"/>
      <line num="1294" count="562" type="stmt"/>
      <line num="1296" count="562" type="cond" truecount="4" falsecount="0"/>
      <line num="1297" count="509" type="stmt"/>
      <line num="1301" count="53" type="stmt"/>
      <line num="1304" count="53" type="cond" truecount="2" falsecount="0"/>
      <line num="1306" count="40" type="stmt"/>
      <line num="1308" count="40" type="cond" truecount="2" falsecount="0"/>
      <line num="1309" count="22" type="cond" truecount="2" falsecount="0"/>
      <line num="1311" count="4" type="stmt"/>
      <line num="1313" count="4" type="cond" truecount="2" falsecount="0"/>
      <line num="1314" count="2" type="stmt"/>
      <line num="1315" count="2" type="stmt"/>
      <line num="1316" count="1" type="stmt"/>
      <line num="1318" count="2" type="stmt"/>
      <line num="1323" count="18" type="cond" truecount="2" falsecount="0"/>
      <line num="1324" count="9" type="stmt"/>
      <line num="1326" count="9" type="stmt"/>
      <line num="1329" count="18" type="cond" truecount="2" falsecount="0"/>
      <line num="1330" count="9" type="stmt"/>
      <line num="1331" count="9" type="stmt"/>
      <line num="1332" count="2" type="cond" truecount="2" falsecount="0"/>
      <line num="1333" count="1" type="cond" truecount="1" falsecount="1"/>
      <line num="1334" count="1" type="stmt"/>
      <line num="1337" count="2" type="stmt"/>
      <line num="1340" count="9" type="stmt"/>
      <line num="1344" count="18" type="cond" truecount="2" falsecount="0"/>
      <line num="1346" count="8" type="cond" truecount="2" falsecount="0"/>
      <line num="1347" count="4" type="stmt"/>
      <line num="1349" count="4" type="stmt"/>
      <line num="1352" count="8" type="cond" truecount="2" falsecount="0"/>
      <line num="1353" count="4" type="stmt"/>
      <line num="1354" count="4" type="stmt"/>
      <line num="1355" count="1" type="stmt"/>
      <line num="1357" count="4" type="stmt"/>
      <line num="1362" count="10" type="cond" truecount="2" falsecount="0"/>
      <line num="1363" count="2" type="stmt"/>
      <line num="1364" count="2" type="cond" truecount="1" falsecount="1"/>
      <line num="1365" count="0" type="stmt"/>
      <line num="1366" count="0" type="stmt"/>
      <line num="1368" count="2" type="stmt"/>
      <line num="1371" count="8" type="stmt"/>
      <line num="1374" count="10" type="cond" truecount="2" falsecount="0"/>
      <line num="1375" count="5" type="stmt"/>
      <line num="1377" count="5" type="stmt"/>
      <line num="1378" count="5" type="cond" truecount="2" falsecount="0"/>
      <line num="1379" count="1" type="stmt"/>
      <line num="1382" count="5" type="stmt"/>
      <line num="1383" count="5" type="cond" truecount="2" falsecount="0"/>
      <line num="1384" count="1" type="stmt"/>
      <line num="1387" count="5" type="stmt"/>
      <line num="1388" count="4" type="cond" truecount="2" falsecount="0"/>
      <line num="1389" count="1" type="stmt"/>
      <line num="1390" count="1" type="cond" truecount="1" falsecount="1"/>
      <line num="1391" count="0" type="stmt"/>
      <line num="1392" count="0" type="stmt"/>
      <line num="1394" count="1" type="stmt"/>
      <line num="1397" count="3" type="cond" truecount="2" falsecount="0"/>
      <line num="1400" count="5" type="cond" truecount="2" falsecount="0"/>
      <line num="1405" count="40" type="stmt"/>
      <line num="1410" count="13" type="cond" truecount="2" falsecount="0"/>
      <line num="1412" count="4" type="stmt"/>
      <line num="1413" count="4" type="stmt"/>
      <line num="1415" count="4" type="cond" truecount="2" falsecount="0"/>
      <line num="1416" count="2" type="stmt"/>
      <line num="1417" count="2" type="stmt"/>
      <line num="1418" count="1" type="stmt"/>
      <line num="1420" count="2" type="stmt"/>
      <line num="1423" count="4" type="stmt"/>
      <line num="1428" count="9" type="cond" truecount="1" falsecount="1"/>
      <line num="1430" count="9" type="stmt"/>
      <line num="1432" count="9" type="cond" truecount="2" falsecount="0"/>
      <line num="1434" count="5" type="stmt"/>
      <line num="1435" count="15" type="cond" truecount="2" falsecount="0"/>
      <line num="1436" count="8" type="stmt"/>
      <line num="1438" count="7" type="stmt"/>
      <line num="1442" count="5" type="cond" truecount="2" falsecount="0"/>
      <line num="1443" count="2" type="stmt"/>
      <line num="1444" count="2" type="stmt"/>
      <line num="1446" count="3" type="stmt"/>
      <line num="1448" count="3" type="stmt"/>
      <line num="1450" count="3" type="cond" truecount="2" falsecount="0"/>
      <line num="1451" count="2" type="cond" truecount="2" falsecount="0"/>
      <line num="1452" count="1" type="stmt"/>
      <line num="1455" count="1" type="stmt"/>
      <line num="1460" count="2" type="stmt"/>
      <line num="1465" count="4" type="stmt"/>
      <line num="1466" count="6" type="cond" truecount="2" falsecount="0"/>
      <line num="1467" count="4" type="stmt"/>
      <line num="1468" count="4" type="stmt"/>
      <line num="1472" count="4" type="cond" truecount="2" falsecount="0"/>
      <line num="1473" count="2" type="stmt"/>
      <line num="1474" count="2" type="stmt"/>
      <line num="1475" count="1" type="stmt"/>
      <line num="1477" count="2" type="stmt"/>
      <line num="1482" count="9" type="stmt"/>
      <line num="1489" count="29" type="stmt"/>
      <line num="1492" count="562" type="stmt"/>
      <line num="1494" count="562" type="cond" truecount="4" falsecount="0"/>
      <line num="1496" count="193" type="stmt"/>
      <line num="1498" count="4" type="cond" truecount="1" falsecount="1"/>
      <line num="1500" count="4" type="cond" truecount="3" falsecount="1"/>
      <line num="1501" count="4" type="cond" truecount="1" falsecount="1"/>
      <line num="1503" count="0" type="stmt"/>
      <line num="1506" count="4" type="stmt"/>
      <line num="1512" count="562" type="stmt"/>
      <line num="1514" count="562" type="stmt"/>
      <line num="1516" count="617" type="cond" truecount="2" falsecount="0"/>
      <line num="1517" count="468" type="cond" truecount="4" falsecount="0"/>
      <line num="1518" count="464" type="stmt"/>
      <line num="1522" count="153" type="cond" truecount="2" falsecount="2"/>
      <line num="1524" count="0" type="cond" truecount="0" falsecount="2"/>
      <line num="1525" count="0" type="stmt"/>
      <line num="1528" count="0" type="stmt"/>
      <line num="1529" count="0" type="cond" truecount="0" falsecount="4"/>
      <line num="1530" count="0" type="stmt"/>
      <line num="1531" count="0" type="stmt"/>
      <line num="1532" count="0" type="stmt"/>
      <line num="1536" count="153" type="cond" truecount="3" falsecount="1"/>
      <line num="1537" count="153" type="stmt"/>
      <line num="1538" count="153" type="stmt"/>
      <line num="1548" count="29" type="stmt"/>
      <line num="1551" count="1" type="stmt"/>
      <line num="1554" count="1" type="stmt"/>
      <line num="1556" count="1" type="cond" truecount="3" falsecount="1"/>
      <line num="1558" count="1" type="cond" truecount="1" falsecount="3"/>
      <line num="1560" count="1" type="cond" truecount="1" falsecount="3"/>
      <line num="1561" count="1" type="cond" truecount="1" falsecount="3"/>
      <line num="1562" count="1" type="cond" truecount="1" falsecount="3"/>
      <line num="1563" count="1" type="cond" truecount="1" falsecount="3"/>
      <line num="1564" count="1" type="cond" truecount="1" falsecount="3"/>
      <line num="1566" count="1" type="cond" truecount="1" falsecount="3"/>
      <line num="1567" count="1" type="cond" truecount="1" falsecount="3"/>
      <line num="1568" count="1" type="cond" truecount="1" falsecount="3"/>
      <line num="1570" count="1" type="cond" truecount="1" falsecount="1"/>
      <line num="1573" count="1" type="stmt"/>
      <line num="1575" count="1" type="stmt"/>
      <line num="1576" count="1" type="stmt"/>
      <line num="1577" count="1" type="stmt"/>
      <line num="1578" count="2" type="stmt"/>
      <line num="1579" count="2" type="stmt"/>
      <line num="1581" count="1" type="stmt"/>
      <line num="1582" count="2" type="stmt"/>
      <line num="1584" count="1" type="stmt"/>
      <line num="1587" count="1" type="stmt"/>
      <line num="1588" count="1" type="stmt"/>
      <line num="1591" count="1" type="cond" truecount="1" falsecount="1"/>
      <line num="1592" count="1" type="cond" truecount="1" falsecount="1"/>
      <line num="1597" count="1" type="stmt"/>
      <line num="1598" count="1" type="cond" truecount="1" falsecount="1"/>
      <line num="1599" count="1" type="stmt"/>
      <line num="1600" count="1" type="cond" truecount="1" falsecount="1"/>
      <line num="1601" count="1" type="stmt"/>
      <line num="1602" count="1" type="cond" truecount="1" falsecount="1"/>
      <line num="1604" count="1" type="stmt"/>
      <line num="1610" count="1" type="stmt"/>
      <line num="1615" count="29" type="stmt"/>
      <line num="1618" count="562" type="stmt"/>
      <line num="1619" count="0" type="stmt"/>
      <line num="1621" count="562" type="stmt"/>
      <line num="1624" count="562" type="stmt"/>
      <line num="1625" count="562" type="stmt"/>
      <line num="1626" count="1" type="cond" truecount="2" falsecount="2"/>
      <line num="1628" count="0" type="cond" truecount="0" falsecount="2"/>
      <line num="1629" count="0" type="stmt"/>
      <line num="1632" count="0" type="stmt"/>
      <line num="1634" count="0" type="stmt"/>
      <line num="1636" count="0" type="stmt"/>
      <line num="1637" count="0" type="cond" truecount="0" falsecount="2"/>
      <line num="1638" count="0" type="stmt"/>
      <line num="1647" count="29" type="stmt"/>
      <line num="1649" count="562" type="cond" truecount="2" falsecount="0"/>
      <line num="1650" count="131" type="stmt"/>
      <line num="1654" count="431" type="stmt"/>
      <line num="1656" count="431" type="stmt"/>
      <line num="1657" count="431" type="stmt"/>
      <line num="1658" count="1" type="cond" truecount="2" falsecount="2"/>
      <line num="1659" count="0" type="stmt"/>
      <line num="1661" count="1" type="stmt"/>
      <line num="1662" count="1" type="stmt"/>
      <line num="1669" count="29" type="stmt"/>
      <line num="1674" count="1546" type="cond" truecount="2" falsecount="0"/>
      <line num="1675" count="16" type="stmt"/>
      <line num="1677" count="1546" type="cond" truecount="2" falsecount="0"/>
      <line num="1678" count="14" type="cond" truecount="1" falsecount="1"/>
      <line num="1679" count="14" type="cond" truecount="2" falsecount="0"/>
      <line num="1680" count="7" type="stmt"/>
      <line num="1682" count="14" type="cond" truecount="2" falsecount="0"/>
      <line num="1683" count="7" type="stmt"/>
      <line num="1688" count="1546" type="cond" truecount="2" falsecount="0"/>
      <line num="1689" count="1516" type="stmt"/>
      <line num="1692" count="30" type="stmt"/>
      <line num="1697" count="29" type="stmt"/>
      <line num="1699" count="995" type="stmt"/>
      <line num="1701" count="995" type="stmt"/>
      <line num="1702" count="1148" type="cond" truecount="2" falsecount="0"/>
      <line num="1703" count="18" type="stmt"/>
      <line num="1704" count="18" type="stmt"/>
      <line num="1705" count="18" type="stmt"/>
      <line num="1709" count="995" type="stmt"/>
      <line num="1714" count="1317" type="cond" truecount="2" falsecount="0"/>
      <line num="1717" count="755" type="stmt"/>
      <line num="1719" count="755" type="stmt"/>
      <line num="1721" count="1200" type="cond" truecount="2" falsecount="0"/>
      <line num="1722" count="1198" type="cond" truecount="1" falsecount="1"/>
      <line num="1723" count="1198" type="cond" truecount="2" falsecount="0"/>
      <line num="1724" count="1098" type="cond" truecount="1" falsecount="1"/>
      <line num="1727" count="1098" type="cond" truecount="2" falsecount="0"/>
      <line num="1728" count="942" type="stmt"/>
      <line num="1730" count="942" type="stmt"/>
      <line num="1731" count="942" type="cond" truecount="2" falsecount="0"/>
      <line num="1733" count="10" type="stmt"/>
      <line num="1734" count="10" type="cond" truecount="2" falsecount="0"/>
      <line num="1735" count="2" type="stmt"/>
      <line num="1736" count="2" type="stmt"/>
      <line num="1738" count="9" type="cond" truecount="2" falsecount="0"/>
      <line num="1739" count="2" type="stmt"/>
      <line num="1740" count="4" type="cond" truecount="2" falsecount="0"/>
      <line num="1741" count="3" type="stmt"/>
      <line num="1745" count="7" type="stmt"/>
      <line num="1748" count="932" type="cond" truecount="2" falsecount="0"/>
      <line num="1750" count="4" type="stmt"/>
      <line num="1751" count="4" type="cond" truecount="2" falsecount="0"/>
      <line num="1752" count="2" type="stmt"/>
      <line num="1753" count="2" type="stmt"/>
      <line num="1754" count="3" type="stmt"/>
      <line num="1757" count="3" type="cond" truecount="2" falsecount="0"/>
      <line num="1758" count="2" type="stmt"/>
      <line num="1759" count="3" type="stmt"/>
      <line num="1762" count="1" type="stmt"/>
      <line num="1766" count="928" type="stmt"/>
      <line num="1769" count="942" type="cond" truecount="2" falsecount="0"/>
      <line num="1770" count="466" type="stmt"/>
      <line num="1772" count="476" type="stmt"/>
      <line num="1773" count="476" type="stmt"/>
      <line num="1774" count="476" type="stmt"/>
      <line num="1779" count="476" type="cond" truecount="2" falsecount="0"/>
      <line num="1780" count="475" type="stmt"/>
      <line num="1782" count="1" type="stmt"/>
      <line num="1786" count="942" type="stmt"/>
      <line num="1790" count="156" type="cond" truecount="2" falsecount="0"/>
      <line num="1791" count="152" type="stmt"/>
      <line num="1792" count="152" type="stmt"/>
      <line num="1793" count="152" type="stmt"/>
      <line num="1798" count="152" type="cond" truecount="2" falsecount="0"/>
      <line num="1799" count="142" type="stmt"/>
      <line num="1801" count="10" type="stmt"/>
      <line num="1809" count="755" type="stmt"/>
      <line num="1814" count="29" type="stmt"/>
      <line num="1822" count="99" type="stmt"/>
      <line num="1824" count="99" type="stmt"/>
      <line num="1825" count="99" type="cond" truecount="2" falsecount="0"/>
      <line num="1826" count="4" type="stmt"/>
      <line num="1827" count="4" type="cond" truecount="1" falsecount="1"/>
      <line num="1828" count="4" type="stmt"/>
      <line num="1832" count="95" type="stmt"/>
      <line num="1833" count="95" type="cond" truecount="2" falsecount="0"/>
      <line num="1834" count="4" type="stmt"/>
      <line num="1836" count="95" type="stmt"/>
      <line num="1838" count="196" type="stmt"/>
      <line num="1840" count="196" type="stmt"/>
      <line num="1845" count="29" type="stmt"/>
      <line num="1847" count="201" type="cond" truecount="2" falsecount="0"/>
      <line num="1848" count="201" type="stmt"/>
      <line num="1854" count="201" type="stmt"/>
      <line num="1858" count="29" type="stmt"/>
      <line num="1860" count="571" type="stmt"/>
      <line num="1861" count="571" type="cond" truecount="2" falsecount="0"/>
      <line num="1862" count="564" type="stmt"/>
      <line num="1864" count="571" type="cond" truecount="2" falsecount="0"/>
      <line num="1865" count="564" type="stmt"/>
      <line num="1867" count="7" type="stmt"/>
      <line num="1872" count="2500" type="cond" truecount="2" falsecount="0"/>
      <line num="1876" count="1555" type="stmt"/>
      <line num="1878" count="1691" type="cond" truecount="4" falsecount="0"/>
      <line num="1879" count="319" type="stmt"/>
      <line num="1880" count="319" type="stmt"/>
      <line num="1881" count="319" type="stmt"/>
      <line num="1885" count="1555" type="cond" truecount="4" falsecount="0"/>
      <line num="1886" count="1236" type="stmt"/>
      <line num="1890" count="319" type="stmt"/>
      <line num="1891" count="319" type="cond" truecount="2" falsecount="0"/>
      <line num="1892" count="70" type="stmt"/>
      <line num="1894" count="249" type="stmt"/>
      <line num="1899" count="29" type="stmt"/>
      <line num="1900" count="26" type="stmt"/>
      <line num="1901" count="6" type="cond" truecount="1" falsecount="1"/>
      <line num="1902" count="6" type="stmt"/>
      <line num="1905" count="20" type="stmt"/>
      <line num="1908" count="29" type="stmt"/>
    </file>
  </project>
</coverage>
