{"C:\\Dev\\Projects\\vdom\\src\\index.ts": {"path":"C:\\Dev\\Projects\\vdom\\src\\index.ts","statementMap":{"0":{"start":{"line":1,"column":0},"end":{"line":1,"column":51}},"1":{"start":{"line":2,"column":0},"end":{"line":2,"column":7}},"2":{"start":{"line":11,"column":8},"end":{"line":2,"column":48}},"3":{"start":{"line":3,"column":0},"end":{"line":3,"column":8}},"4":{"start":{"line":11,"column":23},"end":{"line":3,"column":39}},"5":{"start":{"line":4,"column":0},"end":{"line":4,"column":8}},"6":{"start":{"line":11,"column":33},"end":{"line":4,"column":19}},"7":{"start":{"line":11,"column":44},"end":{"line":4,"column":25}},"8":{"start":{"line":11,"column":50},"end":{"line":4,"column":32}},"9":{"start":{"line":11,"column":63},"end":{"line":4,"column":38}},"10":{"start":{"line":11,"column":57},"end":{"line":4,"column":66}},"11":{"start":{"line":5,"column":0},"end":{"line":5,"column":8}},"12":{"start":{"line":13,"column":8},"end":{"line":5,"column":15}},"13":{"start":{"line":13,"column":15},"end":{"line":5,"column":39}},"14":{"start":{"line":7,"column":0},"end":{"line":7,"column":8}},"15":{"start":{"line":12,"column":8},"end":{"line":7,"column":22}},"16":{"start":{"line":12,"column":22},"end":{"line":7,"column":36}},"17":{"start":{"line":12,"column":36},"end":{"line":7,"column":50}},"18":{"start":{"line":12,"column":50},"end":{"line":7,"column":63}},"19":{"start":{"line":12,"column":63},"end":{"line":7,"column":95}},"20":{"start":{"line":10,"column":0},"end":{"line":10,"column":null}}},"fnMap":{},"branchMap":{},"s":{"0":27,"1":27,"2":27,"3":27,"4":27,"5":27,"6":27,"7":27,"8":27,"9":27,"10":27,"11":27,"12":27,"13":27,"14":27,"15":27,"16":27,"17":27,"18":27,"19":27,"20":27},"f":{},"b":{}}
,"C:\\Dev\\Projects\\vdom\\src\\lib\\ReactiveVars.ts": {"path":"C:\\Dev\\Projects\\vdom\\src\\lib\\ReactiveVars.ts","statementMap":{"0":{"start":{"line":1,"column":0},"end":{"line":1,"column":35}},"1":{"start":{"line":2,"column":0},"end":{"line":2,"column":33}},"2":{"start":{"line":3,"column":0},"end":{"line":3,"column":67}},"3":{"start":{"line":6,"column":0},"end":{"line":6,"column":23}},"4":{"start":{"line":9,"column":13},"end":{"line":9,"column":38}},"5":{"start":{"line":10,"column":13},"end":{"line":10,"column":38}},"6":{"start":{"line":11,"column":13},"end":{"line":11,"column":38}},"7":{"start":{"line":14,"column":0},"end":{"line":14,"column":null}},"8":{"start":{"line":22,"column":9},"end":{"line":22,"column":null}},"9":{"start":{"line":27,"column":10},"end":{"line":27,"column":null}},"10":{"start":{"line":29,"column":10},"end":{"line":29,"column":null}},"11":{"start":{"line":31,"column":10},"end":{"line":31,"column":null}},"12":{"start":{"line":36,"column":10},"end":{"line":36,"column":null}},"13":{"start":{"line":41,"column":10},"end":{"line":41,"column":null}},"14":{"start":{"line":43,"column":10},"end":{"line":43,"column":null}},"15":{"start":{"line":45,"column":10},"end":{"line":45,"column":null}},"16":{"start":{"line":50,"column":10},"end":{"line":50,"column":null}},"17":{"start":{"line":55,"column":10},"end":{"line":55,"column":null}},"18":{"start":{"line":58,"column":10},"end":{"line":58,"column":null}},"19":{"start":{"line":71,"column":9},"end":{"line":73,"column":null}},"20":{"start":{"line":72,"column":4},"end":{"line":72,"column":null}},"21":{"start":{"line":76,"column":9},"end":{"line":84,"column":null}},"22":{"start":{"line":77,"column":4},"end":{"line":79,"column":null}},"23":{"start":{"line":78,"column":6},"end":{"line":78,"column":null}},"24":{"start":{"line":80,"column":4},"end":{"line":80,"column":null}},"25":{"start":{"line":81,"column":4},"end":{"line":83,"column":null}},"26":{"start":{"line":82,"column":6},"end":{"line":82,"column":null}},"27":{"start":{"line":87,"column":9},"end":{"line":89,"column":null}},"28":{"start":{"line":87,"column":46},"end":{"line":87,"column":null}},"29":{"start":{"line":88,"column":4},"end":{"line":88,"column":null}},"30":{"start":{"line":92,"column":9},"end":{"line":102,"column":null}},"31":{"start":{"line":94,"column":4},"end":{"line":94,"column":null}},"32":{"start":{"line":96,"column":4},"end":{"line":100,"column":null}},"33":{"start":{"line":97,"column":6},"end":{"line":99,"column":null}},"34":{"start":{"line":98,"column":8},"end":{"line":98,"column":null}},"35":{"start":{"line":105,"column":9},"end":{"line":109,"column":null}},"36":{"start":{"line":106,"column":4},"end":{"line":106,"column":null}},"37":{"start":{"line":107,"column":4},"end":{"line":107,"column":null}},"38":{"start":{"line":108,"column":4},"end":{"line":108,"column":null}},"39":{"start":{"line":112,"column":9},"end":{"line":270,"column":null}},"40":{"start":{"line":121,"column":4},"end":{"line":123,"column":null}},"41":{"start":{"line":122,"column":6},"end":{"line":122,"column":12}},"42":{"start":{"line":126,"column":4},"end":{"line":130,"column":null}},"43":{"start":{"line":127,"column":6},"end":{"line":129,"column":null}},"44":{"start":{"line":133,"column":4},"end":{"line":133,"column":null}},"45":{"start":{"line":134,"column":4},"end":{"line":134,"column":null}},"46":{"start":{"line":137,"column":30},"end":{"line":137,"column":32}},"47":{"start":{"line":138,"column":42},"end":{"line":138,"column":44}},"48":{"start":{"line":140,"column":33},"end":{"line":140,"column":35}},"49":{"start":{"line":141,"column":26},"end":{"line":141,"column":28}},"50":{"start":{"line":144,"column":4},"end":{"line":160,"column":null}},"51":{"start":{"line":144,"column":28},"end":{"line":144,"column":32}},"52":{"start":{"line":144,"column":28},"end":{"line":144,"column":45}},"53":{"start":{"line":144,"column":24},"end":{"line":144,"column":28}},"54":{"start":{"line":145,"column":6},"end":{"line":159,"column":null}},"55":{"start":{"line":146,"column":8},"end":{"line":158,"column":null}},"56":{"start":{"line":147,"column":10},"end":{"line":147,"column":null}},"57":{"start":{"line":148,"column":22},"end":{"line":148,"column":40}},"58":{"start":{"line":149,"column":10},"end":{"line":151,"column":null}},"59":{"start":{"line":150,"column":12},"end":{"line":150,"column":null}},"60":{"start":{"line":152,"column":10},"end":{"line":152,"column":null}},"61":{"start":{"line":154,"column":10},"end":{"line":156,"column":null}},"62":{"start":{"line":155,"column":12},"end":{"line":155,"column":null}},"63":{"start":{"line":163,"column":22},"end":{"line":163,"column":80}},"64":{"start":{"line":163,"column":68},"end":{"line":163,"column":80}},"65":{"start":{"line":164,"column":4},"end":{"line":190,"column":null}},"66":{"start":{"line":164,"column":23},"end":{"line":164,"column":32}},"67":{"start":{"line":164,"column":19},"end":{"line":164,"column":23}},"68":{"start":{"line":166,"column":6},"end":{"line":168,"column":null}},"69":{"start":{"line":167,"column":8},"end":{"line":167,"column":16}},"70":{"start":{"line":169,"column":19},"end":{"line":169,"column":47}},"71":{"start":{"line":170,"column":6},"end":{"line":172,"column":null}},"72":{"start":{"line":171,"column":8},"end":{"line":171,"column":16}},"73":{"start":{"line":175,"column":6},"end":{"line":175,"column":null}},"74":{"start":{"line":178,"column":6},"end":{"line":188,"column":null}},"75":{"start":{"line":180,"column":8},"end":{"line":180,"column":null}},"76":{"start":{"line":181,"column":8},"end":{"line":181,"column":null}},"77":{"start":{"line":183,"column":8},"end":{"line":183,"column":null}},"78":{"start":{"line":184,"column":8},"end":{"line":186,"column":null}},"79":{"start":{"line":185,"column":10},"end":{"line":185,"column":null}},"80":{"start":{"line":187,"column":8},"end":{"line":187,"column":null}},"81":{"start":{"line":193,"column":4},"end":{"line":193,"column":null}},"82":{"start":{"line":197,"column":22},"end":{"line":197,"column":46}},"83":{"start":{"line":198,"column":4},"end":{"line":229,"column":null}},"84":{"start":{"line":201,"column":11},"end":{"line":201,"column":null}},"85":{"start":{"line":202,"column":6},"end":{"line":204,"column":null}},"86":{"start":{"line":203,"column":8},"end":{"line":203,"column":null}},"87":{"start":{"line":206,"column":6},"end":{"line":214,"column":null}},"88":{"start":{"line":208,"column":29},"end":{"line":208,"column":105}},"89":{"start":{"line":210,"column":8},"end":{"line":210,"column":null}},"90":{"start":{"line":211,"column":8},"end":{"line":213,"column":null}},"91":{"start":{"line":212,"column":10},"end":{"line":212,"column":null}},"92":{"start":{"line":217,"column":6},"end":{"line":217,"column":null}},"93":{"start":{"line":220,"column":6},"end":{"line":222,"column":null}},"94":{"start":{"line":221,"column":8},"end":{"line":221,"column":null}},"95":{"start":{"line":232,"column":4},"end":{"line":245,"column":null}},"96":{"start":{"line":232,"column":16},"end":{"line":232,"column":17}},"97":{"start":{"line":233,"column":24},"end":{"line":233,"column":46}},"98":{"start":{"line":235,"column":6},"end":{"line":235,"column":null}},"99":{"start":{"line":235,"column":40},"end":{"line":235,"column":48}},"100":{"start":{"line":237,"column":6},"end":{"line":237,"column":null}},"101":{"start":{"line":237,"column":66},"end":{"line":237,"column":74}},"102":{"start":{"line":239,"column":6},"end":{"line":239,"column":null}},"103":{"start":{"line":239,"column":49},"end":{"line":239,"column":57}},"104":{"start":{"line":242,"column":6},"end":{"line":242,"column":null}},"105":{"start":{"line":242,"column":65},"end":{"line":242,"column":73}},"106":{"start":{"line":244,"column":7},"end":{"line":244,"column":null}},"107":{"start":{"line":248,"column":4},"end":{"line":248,"column":null}},"108":{"start":{"line":249,"column":4},"end":{"line":249,"column":null}},"109":{"start":{"line":252,"column":4},"end":{"line":266,"column":null}},"110":{"start":{"line":254,"column":6},"end":{"line":256,"column":null}},"111":{"start":{"line":255,"column":8},"end":{"line":255,"column":null}},"112":{"start":{"line":258,"column":22},"end":{"line":258,"column":24}},"113":{"start":{"line":259,"column":6},"end":{"line":264,"column":null}},"114":{"start":{"line":260,"column":8},"end":{"line":260,"column":null}},"115":{"start":{"line":265,"column":6},"end":{"line":265,"column":null}},"116":{"start":{"line":268,"column":4},"end":{"line":268,"column":null}},"117":{"start":{"line":273,"column":9},"end":{"line":282,"column":null}},"118":{"start":{"line":275,"column":4},"end":{"line":277,"column":null}},"119":{"start":{"line":276,"column":6},"end":{"line":276,"column":null}},"120":{"start":{"line":278,"column":4},"end":{"line":280,"column":null}},"121":{"start":{"line":279,"column":6},"end":{"line":279,"column":null}},"122":{"start":{"line":285,"column":9},"end":{"line":299,"column":null}},"123":{"start":{"line":287,"column":4},"end":{"line":298,"column":null}},"124":{"start":{"line":288,"column":6},"end":{"line":297,"column":null}},"125":{"start":{"line":290,"column":8},"end":{"line":292,"column":null}},"126":{"start":{"line":291,"column":10},"end":{"line":291,"column":null}},"127":{"start":{"line":295,"column":8},"end":{"line":295,"column":null}},"128":{"start":{"line":296,"column":8},"end":{"line":296,"column":13}},"129":{"start":{"line":302,"column":10},"end":{"line":335,"column":null}},"130":{"start":{"line":304,"column":21},"end":{"line":304,"column":46}},"131":{"start":{"line":306,"column":19},"end":{"line":306,"column":24}},"132":{"start":{"line":307,"column":4},"end":{"line":318,"column":null}},"133":{"start":{"line":309,"column":6},"end":{"line":317,"column":null}},"134":{"start":{"line":311,"column":8},"end":{"line":313,"column":null}},"135":{"start":{"line":312,"column":10},"end":{"line":312,"column":18}},"136":{"start":{"line":315,"column":8},"end":{"line":315,"column":null}},"137":{"start":{"line":316,"column":8},"end":{"line":316,"column":null}},"138":{"start":{"line":320,"column":4},"end":{"line":328,"column":null}},"139":{"start":{"line":321,"column":6},"end":{"line":327,"column":null}},"140":{"start":{"line":322,"column":8},"end":{"line":324,"column":null}},"141":{"start":{"line":323,"column":10},"end":{"line":323,"column":18}},"142":{"start":{"line":325,"column":8},"end":{"line":325,"column":null}},"143":{"start":{"line":326,"column":8},"end":{"line":326,"column":null}},"144":{"start":{"line":331,"column":4},"end":{"line":333,"column":null}},"145":{"start":{"line":332,"column":6},"end":{"line":332,"column":null}},"146":{"start":{"line":338,"column":10},"end":{"line":485,"column":null}},"147":{"start":{"line":338,"column":2},"end":{"line":338,"column":10}},"148":{"start":{"line":341,"column":4},"end":{"line":343,"column":null}},"149":{"start":{"line":342,"column":6},"end":{"line":342,"column":12}},"150":{"start":{"line":346,"column":4},"end":{"line":367,"column":null}},"151":{"start":{"line":348,"column":23},"end":{"line":357,"column":null}},"152":{"start":{"line":359,"column":6},"end":{"line":361,"column":null}},"153":{"start":{"line":360,"column":8},"end":{"line":360,"column":14}},"154":{"start":{"line":363,"column":6},"end":{"line":365,"column":null}},"155":{"start":{"line":364,"column":8},"end":{"line":364,"column":14}},"156":{"start":{"line":370,"column":15},"end":{"line":370,"column":20}},"157":{"start":{"line":371,"column":4},"end":{"line":373,"column":null}},"158":{"start":{"line":372,"column":6},"end":{"line":372,"column":null}},"159":{"start":{"line":376,"column":4},"end":{"line":376,"column":null}},"160":{"start":{"line":380,"column":26},"end":{"line":394,"column":5}},"161":{"start":{"line":382,"column":6},"end":{"line":385,"column":null}},"162":{"start":{"line":383,"column":8},"end":{"line":383,"column":null}},"163":{"start":{"line":384,"column":8},"end":{"line":384,"column":null}},"164":{"start":{"line":387,"column":6},"end":{"line":392,"column":null}},"165":{"start":{"line":388,"column":8},"end":{"line":388,"column":null}},"166":{"start":{"line":389,"column":8},"end":{"line":391,"column":null}},"167":{"start":{"line":390,"column":10},"end":{"line":390,"column":null}},"168":{"start":{"line":399,"column":21},"end":{"line":399,"column":46}},"169":{"start":{"line":406,"column":4},"end":{"line":408,"column":null}},"170":{"start":{"line":407,"column":6},"end":{"line":407,"column":12}},"171":{"start":{"line":414,"column":22},"end":{"line":414,"column":96}},"172":{"start":{"line":415,"column":4},"end":{"line":444,"column":null}},"173":{"start":{"line":417,"column":23},"end":{"line":417,"column":27}},"174":{"start":{"line":419,"column":6},"end":{"line":442,"column":null}},"175":{"start":{"line":422,"column":10},"end":{"line":424,"column":null}},"176":{"start":{"line":423,"column":12},"end":{"line":423,"column":null}},"177":{"start":{"line":425,"column":10},"end":{"line":425,"column":null}},"178":{"start":{"line":426,"column":10},"end":{"line":426,"column":null}},"179":{"start":{"line":431,"column":10},"end":{"line":431,"column":null}},"180":{"start":{"line":432,"column":10},"end":{"line":432,"column":null}},"181":{"start":{"line":433,"column":10},"end":{"line":433,"column":null}},"182":{"start":{"line":443,"column":6},"end":{"line":443,"column":12}},"183":{"start":{"line":452,"column":25},"end":{"line":452,"column":35}},"184":{"start":{"line":453,"column":23},"end":{"line":453,"column":27}},"185":{"start":{"line":455,"column":6},"end":{"line":482,"column":null}},"186":{"start":{"line":458,"column":10},"end":{"line":458,"column":null}},"187":{"start":{"line":460,"column":10},"end":{"line":460,"column":null}},"188":{"start":{"line":462,"column":10},"end":{"line":469,"column":null}},"189":{"start":{"line":463,"column":27},"end":{"line":463,"column":40}},"190":{"start":{"line":464,"column":14},"end":{"line":468,"column":null}},"191":{"start":{"line":465,"column":14},"end":{"line":467,"column":null}},"192":{"start":{"line":466,"column":16},"end":{"line":466,"column":null}},"193":{"start":{"line":476,"column":10},"end":{"line":476,"column":null}},"194":{"start":{"line":477,"column":10},"end":{"line":479,"column":null}},"195":{"start":{"line":478,"column":12},"end":{"line":478,"column":null}},"196":{"start":{"line":487,"column":0},"end":{"line":487,"column":null}}},"fnMap":{"0":{"name":"(anonymous_0)","decl":{"start":{"line":14,"column":0},"end":{"line":14,"column":null}},"loc":{"start":{"line":14,"column":0},"end":{"line":487,"column":null}}},"1":{"name":"ReactiveVar","decl":{"start":{"line":67,"column":2},"end":{"line":67,"column":null}},"loc":{"start":{"line":67,"column":2},"end":{"line":69,"column":3}}},"2":{"name":"(anonymous_2)","decl":{"start":{"line":71,"column":2},"end":{"line":71,"column":9}},"loc":{"start":{"line":71,"column":28},"end":{"line":73,"column":3}}},"3":{"name":"(anonymous_3)","decl":{"start":{"line":76,"column":2},"end":{"line":76,"column":9}},"loc":{"start":{"line":76,"column":51},"end":{"line":84,"column":3}}},"4":{"name":"(anonymous_4)","decl":{"start":{"line":87,"column":2},"end":{"line":87,"column":9}},"loc":{"start":{"line":87,"column":83},"end":{"line":89,"column":3}}},"5":{"name":"(anonymous_5)","decl":{"start":{"line":92,"column":2},"end":{"line":92,"column":9}},"loc":{"start":{"line":92,"column":36},"end":{"line":102,"column":3}}},"6":{"name":"(anonymous_6)","decl":{"start":{"line":105,"column":2},"end":{"line":105,"column":9}},"loc":{"start":{"line":105,"column":49},"end":{"line":109,"column":3}}},"7":{"name":"(anonymous_7)","decl":{"start":{"line":112,"column":2},"end":{"line":112,"column":9}},"loc":{"start":{"line":112,"column":113},"end":{"line":270,"column":3}}},"8":{"name":"(anonymous_8)","decl":{"start":{"line":163,"column":60},"end":{"line":163,"column":64}},"loc":{"start":{"line":163,"column":64},"end":{"line":163,"column":72}}},"9":{"name":"(anonymous_9)","decl":{"start":{"line":273,"column":2},"end":{"line":273,"column":9}},"loc":{"start":{"line":273,"column":2},"end":{"line":282,"column":3}}},"10":{"name":"(anonymous_10)","decl":{"start":{"line":285,"column":2},"end":{"line":285,"column":9}},"loc":{"start":{"line":285,"column":58},"end":{"line":299,"column":3}}},"11":{"name":"(anonymous_11)","decl":{"start":{"line":302,"column":2},"end":{"line":302,"column":10}},"loc":{"start":{"line":302,"column":53},"end":{"line":335,"column":3}}},"12":{"name":"(anonymous_12)","decl":{"start":{"line":338,"column":2},"end":{"line":338,"column":10}},"loc":{"start":{"line":338,"column":56},"end":{"line":485,"column":3}}},"13":{"name":"(anonymous_13)","decl":{"start":{"line":380,"column":26},"end":{"line":380,"column":27}},"loc":{"start":{"line":380,"column":72},"end":{"line":394,"column":5}}},"14":{"name":"(anonymous_14)","decl":{"start":{"line":420,"column":13},"end":{"line":420,"column":null}},"loc":{"start":{"line":420,"column":13},"end":{"line":428,"column":9}}},"15":{"name":"(anonymous_15)","decl":{"start":{"line":429,"column":18},"end":{"line":429,"column":19}},"loc":{"start":{"line":429,"column":30},"end":{"line":435,"column":9}}},"16":{"name":"(anonymous_16)","decl":{"start":{"line":436,"column":13},"end":{"line":436,"column":14}},"loc":{"start":{"line":436,"column":42},"end":{"line":438,"column":9}}},"17":{"name":"(anonymous_17)","decl":{"start":{"line":439,"column":16},"end":{"line":439,"column":17}},"loc":{"start":{"line":439,"column":58},"end":{"line":441,"column":9}}},"18":{"name":"(anonymous_18)","decl":{"start":{"line":456,"column":18},"end":{"line":456,"column":19}},"loc":{"start":{"line":456,"column":30},"end":{"line":471,"column":9}}},"19":{"name":"(anonymous_19)","decl":{"start":{"line":464,"column":39},"end":{"line":464,"column":null}},"loc":{"start":{"line":464,"column":39},"end":{"line":468,"column":13}}},"20":{"name":"(anonymous_20)","decl":{"start":{"line":472,"column":13},"end":{"line":472,"column":14}},"loc":{"start":{"line":472,"column":51},"end":{"line":474,"column":9}}},"21":{"name":"(anonymous_21)","decl":{"start":{"line":475,"column":16},"end":{"line":475,"column":17}},"loc":{"start":{"line":475,"column":62},"end":{"line":481,"column":9}}}},"branchMap":{"0":{"loc":{"start":{"line":77,"column":4},"end":{"line":79,"column":null}},"type":"if","locations":[{"start":{"line":77,"column":4},"end":{"line":79,"column":null}},{"start":{"line":77,"column":4},"end":{"line":79,"column":null}}]},"1":{"loc":{"start":{"line":87,"column":46},"end":{"line":87,"column":null}},"type":"if","locations":[{"start":{"line":87,"column":46},"end":{"line":87,"column":null}},{"start":{"line":87,"column":46},"end":{"line":87,"column":null}}]},"2":{"loc":{"start":{"line":97,"column":6},"end":{"line":99,"column":null}},"type":"if","locations":[{"start":{"line":97,"column":6},"end":{"line":99,"column":null}},{"start":{"line":97,"column":6},"end":{"line":99,"column":null}}]},"3":{"loc":{"start":{"line":121,"column":4},"end":{"line":123,"column":null}},"type":"if","locations":[{"start":{"line":121,"column":4},"end":{"line":123,"column":null}},{"start":{"line":121,"column":4},"end":{"line":123,"column":null}}]},"4":{"loc":{"start":{"line":121,"column":7},"end":{"line":121,"column":25}},"type":"binary-expr","locations":[{"start":{"line":121,"column":7},"end":{"line":121,"column":25}},{"start":{"line":121,"column":29},"end":{"line":121,"column":47}}]},"5":{"loc":{"start":{"line":126,"column":4},"end":{"line":130,"column":null}},"type":"if","locations":[{"start":{"line":126,"column":4},"end":{"line":130,"column":null}},{"start":{"line":126,"column":4},"end":{"line":130,"column":null}}]},"6":{"loc":{"start":{"line":146,"column":8},"end":{"line":158,"column":null}},"type":"if","locations":[{"start":{"line":146,"column":8},"end":{"line":158,"column":null}},{"start":{"line":146,"column":8},"end":{"line":158,"column":null}}]},"7":{"loc":{"start":{"line":149,"column":10},"end":{"line":151,"column":null}},"type":"if","locations":[{"start":{"line":149,"column":10},"end":{"line":151,"column":null}},{"start":{"line":149,"column":10},"end":{"line":151,"column":null}}]},"8":{"loc":{"start":{"line":154,"column":10},"end":{"line":156,"column":null}},"type":"if","locations":[{"start":{"line":154,"column":10},"end":{"line":156,"column":null}},{"start":{"line":154,"column":10},"end":{"line":156,"column":null}}]},"9":{"loc":{"start":{"line":166,"column":6},"end":{"line":168,"column":null}},"type":"if","locations":[{"start":{"line":166,"column":6},"end":{"line":168,"column":null}},{"start":{"line":166,"column":6},"end":{"line":168,"column":null}}]},"10":{"loc":{"start":{"line":170,"column":6},"end":{"line":172,"column":null}},"type":"if","locations":[{"start":{"line":170,"column":6},"end":{"line":172,"column":null}},{"start":{"line":170,"column":6},"end":{"line":172,"column":null}}]},"11":{"loc":{"start":{"line":178,"column":6},"end":{"line":188,"column":null}},"type":"if","locations":[{"start":{"line":178,"column":6},"end":{"line":188,"column":null}},{"start":{"line":178,"column":6},"end":{"line":188,"column":null}}]},"12":{"loc":{"start":{"line":184,"column":8},"end":{"line":186,"column":null}},"type":"if","locations":[{"start":{"line":184,"column":8},"end":{"line":186,"column":null}},{"start":{"line":184,"column":8},"end":{"line":186,"column":null}}]},"13":{"loc":{"start":{"line":202,"column":6},"end":{"line":204,"column":null}},"type":"if","locations":[{"start":{"line":202,"column":6},"end":{"line":204,"column":null}},{"start":{"line":202,"column":6},"end":{"line":204,"column":null}}]},"14":{"loc":{"start":{"line":206,"column":6},"end":{"line":214,"column":null}},"type":"if","locations":[{"start":{"line":206,"column":6},"end":{"line":214,"column":null}},{"start":{"line":206,"column":6},"end":{"line":214,"column":null}}]},"15":{"loc":{"start":{"line":211,"column":8},"end":{"line":213,"column":null}},"type":"if","locations":[{"start":{"line":211,"column":8},"end":{"line":213,"column":null}},{"start":{"line":211,"column":8},"end":{"line":213,"column":null}}]},"16":{"loc":{"start":{"line":220,"column":6},"end":{"line":222,"column":null}},"type":"if","locations":[{"start":{"line":220,"column":6},"end":{"line":222,"column":null}},{"start":{"line":220,"column":6},"end":{"line":222,"column":null}}]},"17":{"loc":{"start":{"line":235,"column":6},"end":{"line":235,"column":null}},"type":"if","locations":[{"start":{"line":235,"column":6},"end":{"line":235,"column":null}},{"start":{"line":235,"column":6},"end":{"line":235,"column":null}}]},"18":{"loc":{"start":{"line":237,"column":6},"end":{"line":237,"column":null}},"type":"if","locations":[{"start":{"line":237,"column":6},"end":{"line":237,"column":null}},{"start":{"line":237,"column":6},"end":{"line":237,"column":null}}]},"19":{"loc":{"start":{"line":239,"column":6},"end":{"line":239,"column":null}},"type":"if","locations":[{"start":{"line":239,"column":6},"end":{"line":239,"column":null}},{"start":{"line":239,"column":6},"end":{"line":239,"column":null}}]},"20":{"loc":{"start":{"line":242,"column":6},"end":{"line":242,"column":null}},"type":"if","locations":[{"start":{"line":242,"column":6},"end":{"line":242,"column":null}},{"start":{"line":242,"column":6},"end":{"line":242,"column":null}}]},"21":{"loc":{"start":{"line":252,"column":4},"end":{"line":266,"column":null}},"type":"if","locations":[{"start":{"line":252,"column":4},"end":{"line":266,"column":null}},{"start":{"line":252,"column":4},"end":{"line":266,"column":null}}]},"22":{"loc":{"start":{"line":254,"column":6},"end":{"line":256,"column":null}},"type":"if","locations":[{"start":{"line":254,"column":6},"end":{"line":256,"column":null}},{"start":{"line":254,"column":6},"end":{"line":256,"column":null}}]},"23":{"loc":{"start":{"line":288,"column":6},"end":{"line":297,"column":null}},"type":"if","locations":[{"start":{"line":288,"column":6},"end":{"line":297,"column":null}},{"start":{"line":288,"column":6},"end":{"line":297,"column":null}}]},"24":{"loc":{"start":{"line":290,"column":8},"end":{"line":292,"column":null}},"type":"if","locations":[{"start":{"line":290,"column":8},"end":{"line":292,"column":null}},{"start":{"line":290,"column":8},"end":{"line":292,"column":null}}]},"25":{"loc":{"start":{"line":304,"column":21},"end":{"line":304,"column":32}},"type":"binary-expr","locations":[{"start":{"line":304,"column":21},"end":{"line":304,"column":32}},{"start":{"line":304,"column":36},"end":{"line":304,"column":46}}]},"26":{"loc":{"start":{"line":309,"column":6},"end":{"line":317,"column":null}},"type":"if","locations":[{"start":{"line":309,"column":6},"end":{"line":317,"column":null}},{"start":{"line":309,"column":6},"end":{"line":317,"column":null}}]},"27":{"loc":{"start":{"line":311,"column":8},"end":{"line":313,"column":null}},"type":"if","locations":[{"start":{"line":311,"column":8},"end":{"line":313,"column":null}},{"start":{"line":311,"column":8},"end":{"line":313,"column":null}}]},"28":{"loc":{"start":{"line":321,"column":6},"end":{"line":327,"column":null}},"type":"if","locations":[{"start":{"line":321,"column":6},"end":{"line":327,"column":null}},{"start":{"line":321,"column":6},"end":{"line":327,"column":null}}]},"29":{"loc":{"start":{"line":322,"column":8},"end":{"line":324,"column":null}},"type":"if","locations":[{"start":{"line":322,"column":8},"end":{"line":324,"column":null}},{"start":{"line":322,"column":8},"end":{"line":324,"column":null}}]},"30":{"loc":{"start":{"line":331,"column":4},"end":{"line":333,"column":null}},"type":"if","locations":[{"start":{"line":331,"column":4},"end":{"line":333,"column":null}},{"start":{"line":331,"column":4},"end":{"line":333,"column":null}}]},"31":{"loc":{"start":{"line":341,"column":4},"end":{"line":343,"column":null}},"type":"if","locations":[{"start":{"line":341,"column":4},"end":{"line":343,"column":null}},{"start":{"line":341,"column":4},"end":{"line":343,"column":null}}]},"32":{"loc":{"start":{"line":346,"column":4},"end":{"line":367,"column":null}},"type":"if","locations":[{"start":{"line":346,"column":4},"end":{"line":367,"column":null}},{"start":{"line":346,"column":4},"end":{"line":367,"column":null}}]},"33":{"loc":{"start":{"line":359,"column":6},"end":{"line":361,"column":null}},"type":"if","locations":[{"start":{"line":359,"column":6},"end":{"line":361,"column":null}},{"start":{"line":359,"column":6},"end":{"line":361,"column":null}}]},"34":{"loc":{"start":{"line":363,"column":6},"end":{"line":365,"column":null}},"type":"if","locations":[{"start":{"line":363,"column":6},"end":{"line":365,"column":null}},{"start":{"line":363,"column":6},"end":{"line":365,"column":null}}]},"35":{"loc":{"start":{"line":371,"column":4},"end":{"line":373,"column":null}},"type":"if","locations":[{"start":{"line":371,"column":4},"end":{"line":373,"column":null}},{"start":{"line":371,"column":4},"end":{"line":373,"column":null}}]},"36":{"loc":{"start":{"line":371,"column":7},"end":{"line":371,"column":20}},"type":"binary-expr","locations":[{"start":{"line":371,"column":7},"end":{"line":371,"column":20}},{"start":{"line":371,"column":24},"end":{"line":371,"column":52}}]},"37":{"loc":{"start":{"line":382,"column":6},"end":{"line":385,"column":null}},"type":"if","locations":[{"start":{"line":382,"column":6},"end":{"line":385,"column":null}},{"start":{"line":382,"column":6},"end":{"line":385,"column":null}}]},"38":{"loc":{"start":{"line":383,"column":33},"end":{"line":383,"column":55}},"type":"binary-expr","locations":[{"start":{"line":383,"column":33},"end":{"line":383,"column":55}},{"start":{"line":383,"column":59},"end":{"line":383,"column":61}}]},"39":{"loc":{"start":{"line":387,"column":6},"end":{"line":392,"column":null}},"type":"if","locations":[{"start":{"line":387,"column":6},"end":{"line":392,"column":null}},{"start":{"line":387,"column":6},"end":{"line":392,"column":null}}]},"40":{"loc":{"start":{"line":388,"column":40},"end":{"line":388,"column":69}},"type":"binary-expr","locations":[{"start":{"line":388,"column":40},"end":{"line":388,"column":69}},{"start":{"line":388,"column":73},"end":{"line":388,"column":75}}]},"41":{"loc":{"start":{"line":389,"column":8},"end":{"line":391,"column":null}},"type":"if","locations":[{"start":{"line":389,"column":8},"end":{"line":391,"column":null}},{"start":{"line":389,"column":8},"end":{"line":391,"column":null}}]},"42":{"loc":{"start":{"line":406,"column":4},"end":{"line":408,"column":null}},"type":"if","locations":[{"start":{"line":406,"column":4},"end":{"line":408,"column":null}},{"start":{"line":406,"column":4},"end":{"line":408,"column":null}}]},"43":{"loc":{"start":{"line":415,"column":4},"end":{"line":444,"column":null}},"type":"if","locations":[{"start":{"line":415,"column":4},"end":{"line":444,"column":null}},{"start":{"line":415,"column":4},"end":{"line":444,"column":null}}]},"44":{"loc":{"start":{"line":422,"column":10},"end":{"line":424,"column":null}},"type":"if","locations":[{"start":{"line":422,"column":10},"end":{"line":424,"column":null}},{"start":{"line":422,"column":10},"end":{"line":424,"column":null}}]},"45":{"loc":{"start":{"line":422,"column":13},"end":{"line":422,"column":49}},"type":"binary-expr","locations":[{"start":{"line":422,"column":13},"end":{"line":422,"column":49}},{"start":{"line":422,"column":53},"end":{"line":422,"column":93}}]},"46":{"loc":{"start":{"line":462,"column":10},"end":{"line":469,"column":null}},"type":"if","locations":[{"start":{"line":462,"column":10},"end":{"line":469,"column":null}},{"start":{"line":462,"column":10},"end":{"line":469,"column":null}}]},"47":{"loc":{"start":{"line":462,"column":13},"end":{"line":462,"column":35}},"type":"binary-expr","locations":[{"start":{"line":462,"column":13},"end":{"line":462,"column":35}},{"start":{"line":462,"column":39},"end":{"line":462,"column":82}}]},"48":{"loc":{"start":{"line":465,"column":14},"end":{"line":467,"column":null}},"type":"if","locations":[{"start":{"line":465,"column":14},"end":{"line":467,"column":null}},{"start":{"line":465,"column":14},"end":{"line":467,"column":null}}]},"49":{"loc":{"start":{"line":477,"column":10},"end":{"line":479,"column":null}},"type":"if","locations":[{"start":{"line":477,"column":10},"end":{"line":479,"column":null}},{"start":{"line":477,"column":10},"end":{"line":479,"column":null}}]},"50":{"loc":{"start":{"line":477,"column":13},"end":{"line":477,"column":35}},"type":"binary-expr","locations":[{"start":{"line":477,"column":13},"end":{"line":477,"column":35}},{"start":{"line":477,"column":39},"end":{"line":477,"column":82}}]}},"s":{"0":27,"1":27,"2":27,"3":27,"4":27,"5":27,"6":27,"7":27,"8":222,"9":222,"10":222,"11":222,"12":222,"13":222,"14":222,"15":222,"16":222,"17":222,"18":222,"19":27,"20":222,"21":27,"22":222,"23":0,"24":222,"25":222,"26":11490,"27":27,"28":67,"29":67,"30":27,"31":270,"32":270,"33":784,"34":248,"35":27,"36":282,"37":282,"38":282,"39":27,"40":2090,"41":550,"42":1540,"43":352,"44":1540,"45":1540,"46":1540,"47":1540,"48":1540,"49":1540,"50":1540,"51":1540,"52":1540,"53":2237,"54":2237,"55":4514,"56":3491,"57":3491,"58":3491,"59":0,"60":3491,"61":3491,"62":13,"63":1540,"64":7419,"65":1540,"66":3080,"67":7419,"68":7419,"69":5561,"70":1858,"71":1858,"72":882,"73":976,"74":976,"75":976,"76":976,"77":976,"78":976,"79":21,"80":976,"81":1540,"82":1540,"83":1540,"84":1540,"85":1540,"86":1540,"87":1540,"88":589,"89":589,"90":589,"91":589,"92":1540,"93":1540,"94":17,"95":1540,"96":1540,"97":976,"98":976,"99":0,"100":976,"101":21,"102":955,"103":0,"104":955,"105":955,"106":0,"107":1540,"108":1540,"109":1540,"110":100,"111":100,"112":0,"113":0,"114":0,"115":0,"116":1440,"117":27,"118":0,"119":0,"120":0,"121":0,"122":27,"123":3,"124":75,"125":3,"126":2,"127":3,"128":3,"129":27,"130":116,"131":116,"132":116,"133":143,"134":143,"135":0,"136":143,"137":143,"138":116,"139":3,"140":3,"141":0,"142":3,"143":3,"144":116,"145":102,"146":27,"147":12466,"148":12466,"149":1198,"150":11268,"151":11268,"152":11268,"153":8659,"154":2609,"155":667,"156":1942,"157":1942,"158":0,"159":1942,"160":1942,"161":2949,"162":2867,"163":2867,"164":2949,"165":16,"166":16,"167":8,"168":1942,"169":1942,"170":1562,"171":380,"172":380,"173":3,"174":3,"175":30,"176":24,"177":6,"178":6,"179":6,"180":6,"181":6,"182":3,"183":377,"184":377,"185":377,"186":2943,"187":2943,"188":2943,"189":2,"190":2,"191":2,"192":2,"193":113,"194":113,"195":12,"196":27},"f":{"0":27,"1":222,"2":222,"3":222,"4":67,"5":270,"6":282,"7":2090,"8":7419,"9":0,"10":3,"11":116,"12":12466,"13":2949,"14":30,"15":6,"16":0,"17":0,"18":2943,"19":2,"20":259,"21":113},"b":{"0":[0,222],"1":[0,67],"2":[248,536],"3":[550,1540],"4":[2090,1540],"5":[352,1188],"6":[3491,1023],"7":[0,3491],"8":[13,3478],"9":[5561,1858],"10":[882,976],"11":[976,0],"12":[21,955],"13":[1540,0],"14":[589,951],"15":[589,0],"16":[17,1523],"17":[0,976],"18":[21,955],"19":[0,955],"20":[955,0],"21":[100,1440],"22":[100,0],"23":[3,72],"24":[2,1],"25":[116,38],"26":[143,0],"27":[0,143],"28":[3,0],"29":[0,3],"30":[102,14],"31":[1198,11268],"32":[11268,0],"33":[8659,2609],"34":[667,1942],"35":[0,1942],"36":[1942,1942],"37":[2867,82],"38":[2867,357],"39":[16,2933],"40":[16,6],"41":[8,8],"42":[1562,380],"43":[3,377],"44":[24,6],"45":[30,30],"46":[2,2941],"47":[2943,13],"48":[2,0],"49":[12,101],"50":[113,12]}}
,"C:\\Dev\\Projects\\vdom\\src\\lib\\VDom.ts": {"path":"C:\\Dev\\Projects\\vdom\\src\\lib\\VDom.ts","statementMap":{"0":{"start":{"line":1,"column":0},"end":{"line":1,"column":120}},"1":{"start":{"line":2,"column":0},"end":{"line":2,"column":23}},"2":{"start":{"line":3,"column":0},"end":{"line":3,"column":41}},"3":{"start":{"line":5,"column":0},"end":{"line":5,"column":67}},"4":{"start":{"line":7,"column":0},"end":{"line":7,"column":47}},"5":{"start":{"line":8,"column":0},"end":{"line":8,"column":74}},"6":{"start":{"line":9,"column":0},"end":{"line":9,"column":29}},"7":{"start":{"line":10,"column":0},"end":{"line":10,"column":97}},"8":{"start":{"line":11,"column":0},"end":{"line":11,"column":35}},"9":{"start":{"line":18,"column":0},"end":{"line":18,"column":null}},"10":{"start":{"line":18,"column":34},"end":{"line":18,"column":40}},"11":{"start":{"line":115,"column":4},"end":{"line":115,"column":null}},"12":{"start":{"line":32,"column":18},"end":{"line":32,"column":null}},"13":{"start":{"line":34,"column":18},"end":{"line":34,"column":null}},"14":{"start":{"line":36,"column":18},"end":{"line":36,"column":null}},"15":{"start":{"line":38,"column":9},"end":{"line":38,"column":null}},"16":{"start":{"line":40,"column":9},"end":{"line":40,"column":null}},"17":{"start":{"line":43,"column":9},"end":{"line":43,"column":null}},"18":{"start":{"line":50,"column":9},"end":{"line":50,"column":null}},"19":{"start":{"line":52,"column":9},"end":{"line":52,"column":null}},"20":{"start":{"line":54,"column":9},"end":{"line":54,"column":null}},"21":{"start":{"line":56,"column":9},"end":{"line":56,"column":null}},"22":{"start":{"line":59,"column":9},"end":{"line":59,"column":null}},"23":{"start":{"line":61,"column":9},"end":{"line":61,"column":null}},"24":{"start":{"line":63,"column":9},"end":{"line":63,"column":null}},"25":{"start":{"line":65,"column":9},"end":{"line":65,"column":null}},"26":{"start":{"line":74,"column":18},"end":{"line":74,"column":null}},"27":{"start":{"line":82,"column":9},"end":{"line":82,"column":null}},"28":{"start":{"line":84,"column":9},"end":{"line":84,"column":null}},"29":{"start":{"line":89,"column":9},"end":{"line":89,"column":null}},"30":{"start":{"line":99,"column":10},"end":{"line":99,"column":null}},"31":{"start":{"line":117,"column":4},"end":{"line":117,"column":null}},"32":{"start":{"line":119,"column":4},"end":{"line":134,"column":null}},"33":{"start":{"line":121,"column":6},"end":{"line":123,"column":null}},"34":{"start":{"line":122,"column":8},"end":{"line":122,"column":null}},"35":{"start":{"line":124,"column":6},"end":{"line":126,"column":null}},"36":{"start":{"line":125,"column":8},"end":{"line":125,"column":null}},"37":{"start":{"line":127,"column":6},"end":{"line":129,"column":null}},"38":{"start":{"line":128,"column":8},"end":{"line":128,"column":null}},"39":{"start":{"line":130,"column":6},"end":{"line":132,"column":null}},"40":{"start":{"line":131,"column":8},"end":{"line":131,"column":null}},"41":{"start":{"line":137,"column":4},"end":{"line":137,"column":null}},"42":{"start":{"line":140,"column":30},"end":{"line":140,"column":65}},"43":{"start":{"line":141,"column":4},"end":{"line":145,"column":null}},"44":{"start":{"line":142,"column":6},"end":{"line":144,"column":null}},"45":{"start":{"line":143,"column":8},"end":{"line":143,"column":null}},"46":{"start":{"line":146,"column":4},"end":{"line":146,"column":null}},"47":{"start":{"line":149,"column":18},"end":{"line":149,"column":51}},"48":{"start":{"line":150,"column":4},"end":{"line":159,"column":null}},"49":{"start":{"line":151,"column":6},"end":{"line":157,"column":null}},"50":{"start":{"line":152,"column":8},"end":{"line":154,"column":null}},"51":{"start":{"line":153,"column":11},"end":{"line":153,"column":35}},"52":{"start":{"line":156,"column":9},"end":{"line":156,"column":null}},"53":{"start":{"line":158,"column":6},"end":{"line":158,"column":null}},"54":{"start":{"line":160,"column":4},"end":{"line":160,"column":null}},"55":{"start":{"line":163,"column":4},"end":{"line":178,"column":null}},"56":{"start":{"line":165,"column":6},"end":{"line":165,"column":null}},"57":{"start":{"line":167,"column":6},"end":{"line":176,"column":null}},"58":{"start":{"line":168,"column":8},"end":{"line":170,"column":null}},"59":{"start":{"line":169,"column":10},"end":{"line":169,"column":null}},"60":{"start":{"line":196,"column":9},"end":{"line":196,"column":null}},"61":{"start":{"line":197,"column":9},"end":{"line":197,"column":null}},"62":{"start":{"line":198,"column":9},"end":{"line":198,"column":null}},"63":{"start":{"line":199,"column":9},"end":{"line":199,"column":null}},"64":{"start":{"line":200,"column":9},"end":{"line":200,"column":null}},"65":{"start":{"line":201,"column":9},"end":{"line":201,"column":null}},"66":{"start":{"line":202,"column":9},"end":{"line":202,"column":null}},"67":{"start":{"line":203,"column":9},"end":{"line":203,"column":null}},"68":{"start":{"line":206,"column":9},"end":{"line":212,"column":null}},"69":{"start":{"line":208,"column":19},"end":{"line":208,"column":39}},"70":{"start":{"line":210,"column":6},"end":{"line":210,"column":null}},"71":{"start":{"line":211,"column":4},"end":{"line":211,"column":null}},"72":{"start":{"line":215,"column":9},"end":{"line":221,"column":null}},"73":{"start":{"line":217,"column":19},"end":{"line":217,"column":39}},"74":{"start":{"line":219,"column":4},"end":{"line":219,"column":null}},"75":{"start":{"line":220,"column":4},"end":{"line":220,"column":null}},"76":{"start":{"line":224,"column":9},"end":{"line":227,"column":null}},"77":{"start":{"line":225,"column":4},"end":{"line":225,"column":null}},"78":{"start":{"line":226,"column":4},"end":{"line":226,"column":null}},"79":{"start":{"line":230,"column":9},"end":{"line":281,"column":null}},"80":{"start":{"line":230,"column":17},"end":{"line":230,"column":47}},"81":{"start":{"line":233,"column":4},"end":{"line":237,"column":null}},"82":{"start":{"line":236,"column":6},"end":{"line":236,"column":null}},"83":{"start":{"line":240,"column":4},"end":{"line":244,"column":null}},"84":{"start":{"line":241,"column":6},"end":{"line":241,"column":null}},"85":{"start":{"line":243,"column":6},"end":{"line":243,"column":null}},"86":{"start":{"line":246,"column":4},"end":{"line":255,"column":null}},"87":{"start":{"line":248,"column":18},"end":{"line":248,"column":96}},"88":{"start":{"line":249,"column":6},"end":{"line":254,"column":null}},"89":{"start":{"line":253,"column":8},"end":{"line":253,"column":null}},"90":{"start":{"line":257,"column":4},"end":{"line":259,"column":null}},"91":{"start":{"line":258,"column":6},"end":{"line":258,"column":null}},"92":{"start":{"line":261,"column":4},"end":{"line":263,"column":null}},"93":{"start":{"line":262,"column":6},"end":{"line":262,"column":null}},"94":{"start":{"line":264,"column":4},"end":{"line":264,"column":null}},"95":{"start":{"line":266,"column":4},"end":{"line":270,"column":null}},"96":{"start":{"line":267,"column":6},"end":{"line":267,"column":null}},"97":{"start":{"line":269,"column":6},"end":{"line":269,"column":null}},"98":{"start":{"line":273,"column":4},"end":{"line":277,"column":null}},"99":{"start":{"line":276,"column":6},"end":{"line":276,"column":null}},"100":{"start":{"line":279,"column":4},"end":{"line":279,"column":null}},"101":{"start":{"line":284,"column":9},"end":{"line":312,"column":null}},"102":{"start":{"line":297,"column":21},"end":{"line":297,"column":54}},"103":{"start":{"line":299,"column":4},"end":{"line":309,"column":null}},"104":{"start":{"line":300,"column":21},"end":{"line":300,"column":53}},"105":{"start":{"line":306,"column":6},"end":{"line":306,"column":null}},"106":{"start":{"line":308,"column":6},"end":{"line":308,"column":null}},"107":{"start":{"line":310,"column":4},"end":{"line":310,"column":null}},"108":{"start":{"line":315,"column":9},"end":{"line":419,"column":null}},"109":{"start":{"line":315,"column":2},"end":{"line":315,"column":9}},"110":{"start":{"line":327,"column":4},"end":{"line":327,"column":null}},"111":{"start":{"line":330,"column":4},"end":{"line":330,"column":null}},"112":{"start":{"line":331,"column":4},"end":{"line":331,"column":null}},"113":{"start":{"line":334,"column":21},"end":{"line":334,"column":55}},"114":{"start":{"line":335,"column":4},"end":{"line":338,"column":null}},"115":{"start":{"line":336,"column":6},"end":{"line":336,"column":null}},"116":{"start":{"line":337,"column":6},"end":{"line":337,"column":null}},"117":{"start":{"line":341,"column":4},"end":{"line":341,"column":null}},"118":{"start":{"line":343,"column":29},"end":{"line":343,"column":70}},"119":{"start":{"line":346,"column":4},"end":{"line":397,"column":null}},"120":{"start":{"line":348,"column":6},"end":{"line":348,"column":null}},"121":{"start":{"line":351,"column":6},"end":{"line":395,"column":null}},"122":{"start":{"line":353,"column":30},"end":{"line":388,"column":9}},"123":{"start":{"line":354,"column":10},"end":{"line":386,"column":null}},"124":{"start":{"line":356,"column":12},"end":{"line":356,"column":null}},"125":{"start":{"line":358,"column":33},"end":{"line":358,"column":35}},"126":{"start":{"line":359,"column":12},"end":{"line":383,"column":null}},"127":{"start":{"line":360,"column":36},"end":{"line":360,"column":57}},"128":{"start":{"line":361,"column":14},"end":{"line":380,"column":null}},"129":{"start":{"line":361,"column":36},"end":{"line":361,"column":49}},"130":{"start":{"line":361,"column":32},"end":{"line":361,"column":36}},"131":{"start":{"line":363,"column":32},"end":{"line":363,"column":58}},"132":{"start":{"line":365,"column":29},"end":{"line":365,"column":54}},"133":{"start":{"line":366,"column":16},"end":{"line":370,"column":null}},"134":{"start":{"line":367,"column":18},"end":{"line":367,"column":null}},"135":{"start":{"line":369,"column":18},"end":{"line":369,"column":null}},"136":{"start":{"line":372,"column":16},"end":{"line":374,"column":null}},"137":{"start":{"line":373,"column":18},"end":{"line":373,"column":null}},"138":{"start":{"line":376,"column":36},"end":{"line":376,"column":53}},"139":{"start":{"line":378,"column":16},"end":{"line":378,"column":null}},"140":{"start":{"line":382,"column":14},"end":{"line":382,"column":null}},"141":{"start":{"line":384,"column":12},"end":{"line":384,"column":null}},"142":{"start":{"line":385,"column":12},"end":{"line":385,"column":null}},"143":{"start":{"line":390,"column":24},"end":{"line":390,"column":61}},"144":{"start":{"line":391,"column":8},"end":{"line":391,"column":null}},"145":{"start":{"line":393,"column":8},"end":{"line":393,"column":null}},"146":{"start":{"line":400,"column":4},"end":{"line":409,"column":null}},"147":{"start":{"line":402,"column":6},"end":{"line":402,"column":null}},"148":{"start":{"line":403,"column":6},"end":{"line":408,"column":null}},"149":{"start":{"line":404,"column":8},"end":{"line":404,"column":null}},"150":{"start":{"line":405,"column":8},"end":{"line":407,"column":null}},"151":{"start":{"line":406,"column":10},"end":{"line":406,"column":null}},"152":{"start":{"line":411,"column":4},"end":{"line":411,"column":null}},"153":{"start":{"line":412,"column":4},"end":{"line":412,"column":null}},"154":{"start":{"line":413,"column":26},"end":{"line":413,"column":53}},"155":{"start":{"line":414,"column":4},"end":{"line":414,"column":null}},"156":{"start":{"line":415,"column":4},"end":{"line":415,"column":null}},"157":{"start":{"line":417,"column":4},"end":{"line":417,"column":null}},"158":{"start":{"line":421,"column":9},"end":{"line":431,"column":null}},"159":{"start":{"line":422,"column":4},"end":{"line":424,"column":null}},"160":{"start":{"line":423,"column":6},"end":{"line":423,"column":12}},"161":{"start":{"line":425,"column":4},"end":{"line":425,"column":null}},"162":{"start":{"line":426,"column":4},"end":{"line":426,"column":null}},"163":{"start":{"line":427,"column":4},"end":{"line":429,"column":null}},"164":{"start":{"line":428,"column":6},"end":{"line":428,"column":null}},"165":{"start":{"line":430,"column":4},"end":{"line":430,"column":null}},"166":{"start":{"line":433,"column":9},"end":{"line":443,"column":null}},"167":{"start":{"line":434,"column":4},"end":{"line":436,"column":null}},"168":{"start":{"line":435,"column":6},"end":{"line":435,"column":12}},"169":{"start":{"line":437,"column":4},"end":{"line":437,"column":null}},"170":{"start":{"line":438,"column":4},"end":{"line":438,"column":null}},"171":{"start":{"line":439,"column":4},"end":{"line":441,"column":null}},"172":{"start":{"line":440,"column":6},"end":{"line":440,"column":null}},"173":{"start":{"line":442,"column":4},"end":{"line":442,"column":null}},"174":{"start":{"line":446,"column":9},"end":{"line":491,"column":null}},"175":{"start":{"line":449,"column":4},"end":{"line":451,"column":null}},"176":{"start":{"line":450,"column":6},"end":{"line":450,"column":null}},"177":{"start":{"line":461,"column":4},"end":{"line":463,"column":null}},"178":{"start":{"line":462,"column":6},"end":{"line":462,"column":null}},"179":{"start":{"line":465,"column":4},"end":{"line":465,"column":null}},"180":{"start":{"line":468,"column":4},"end":{"line":468,"column":null}},"181":{"start":{"line":469,"column":4},"end":{"line":469,"column":null}},"182":{"start":{"line":470,"column":4},"end":{"line":470,"column":null}},"183":{"start":{"line":473,"column":4},"end":{"line":475,"column":null}},"184":{"start":{"line":474,"column":6},"end":{"line":474,"column":null}},"185":{"start":{"line":478,"column":4},"end":{"line":480,"column":null}},"186":{"start":{"line":479,"column":6},"end":{"line":479,"column":null}},"187":{"start":{"line":483,"column":4},"end":{"line":483,"column":null}},"188":{"start":{"line":484,"column":4},"end":{"line":484,"column":null}},"189":{"start":{"line":486,"column":4},"end":{"line":489,"column":null}},"190":{"start":{"line":487,"column":6},"end":{"line":487,"column":null}},"191":{"start":{"line":488,"column":6},"end":{"line":488,"column":null}},"192":{"start":{"line":494,"column":10},"end":{"line":511,"column":null}},"193":{"start":{"line":494,"column":2},"end":{"line":494,"column":10}},"194":{"start":{"line":505,"column":4},"end":{"line":510,"column":null}},"195":{"start":{"line":506,"column":6},"end":{"line":506,"column":null}},"196":{"start":{"line":507,"column":6},"end":{"line":509,"column":null}},"197":{"start":{"line":508,"column":8},"end":{"line":508,"column":null}},"198":{"start":{"line":514,"column":10},"end":{"line":518,"column":null}},"199":{"start":{"line":515,"column":4},"end":{"line":517,"column":null}},"200":{"start":{"line":516,"column":6},"end":{"line":516,"column":null}},"201":{"start":{"line":521,"column":10},"end":{"line":523,"column":null}},"202":{"start":{"line":522,"column":4},"end":{"line":522,"column":null}},"203":{"start":{"line":21,"column":17},"end":{"line":21,"column":null}},"204":{"start":{"line":525,"column":0},"end":{"line":525,"column":null}},"205":{"start":{"line":18,"column":21},"end":{"line":18,"column":34}}},"fnMap":{"0":{"name":"(anonymous_0)","decl":{"start":{"line":18,"column":0},"end":{"line":18,"column":21}},"loc":{"start":{"line":18,"column":0},"end":{"line":18,"column":21}}},"1":{"name":"VDom","decl":{"start":{"line":113,"column":2},"end":{"line":113,"column":14}},"loc":{"start":{"line":113,"column":97},"end":{"line":180,"column":3}}},"2":{"name":"(anonymous_2)","decl":{"start":{"line":168,"column":23},"end":{"line":168,"column":null}},"loc":{"start":{"line":168,"column":23},"end":{"line":170,"column":9}}},"3":{"name":"(anonymous_3)","decl":{"start":{"line":196,"column":2},"end":{"line":196,"column":9}},"loc":{"start":{"line":196,"column":2},"end":{"line":196,"column":29}}},"4":{"name":"(anonymous_4)","decl":{"start":{"line":197,"column":2},"end":{"line":197,"column":9}},"loc":{"start":{"line":197,"column":2},"end":{"line":197,"column":24}}},"5":{"name":"(anonymous_5)","decl":{"start":{"line":198,"column":2},"end":{"line":198,"column":9}},"loc":{"start":{"line":198,"column":2},"end":{"line":198,"column":28}}},"6":{"name":"(anonymous_6)","decl":{"start":{"line":199,"column":2},"end":{"line":199,"column":9}},"loc":{"start":{"line":199,"column":44},"end":{"line":199,"column":51}}},"7":{"name":"(anonymous_7)","decl":{"start":{"line":200,"column":2},"end":{"line":200,"column":9}},"loc":{"start":{"line":200,"column":2},"end":{"line":200,"column":29}}},"8":{"name":"(anonymous_8)","decl":{"start":{"line":201,"column":2},"end":{"line":201,"column":9}},"loc":{"start":{"line":201,"column":44},"end":{"line":201,"column":51}}},"9":{"name":"(anonymous_9)","decl":{"start":{"line":202,"column":2},"end":{"line":202,"column":9}},"loc":{"start":{"line":202,"column":2},"end":{"line":202,"column":30}}},"10":{"name":"(anonymous_10)","decl":{"start":{"line":203,"column":2},"end":{"line":203,"column":9}},"loc":{"start":{"line":203,"column":2},"end":{"line":203,"column":26}}},"11":{"name":"(anonymous_11)","decl":{"start":{"line":206,"column":2},"end":{"line":206,"column":9}},"loc":{"start":{"line":206,"column":70},"end":{"line":212,"column":3}}},"12":{"name":"(anonymous_12)","decl":{"start":{"line":215,"column":2},"end":{"line":215,"column":9}},"loc":{"start":{"line":215,"column":61},"end":{"line":221,"column":3}}},"13":{"name":"(anonymous_13)","decl":{"start":{"line":224,"column":2},"end":{"line":224,"column":9}},"loc":{"start":{"line":224,"column":2},"end":{"line":227,"column":3}}},"14":{"name":"(anonymous_14)","decl":{"start":{"line":230,"column":2},"end":{"line":230,"column":9}},"loc":{"start":{"line":230,"column":116},"end":{"line":281,"column":3}}},"15":{"name":"(anonymous_15)","decl":{"start":{"line":284,"column":2},"end":{"line":284,"column":9}},"loc":{"start":{"line":284,"column":79},"end":{"line":312,"column":3}}},"16":{"name":"(anonymous_16)","decl":{"start":{"line":315,"column":2},"end":{"line":315,"column":9}},"loc":{"start":{"line":315,"column":81},"end":{"line":419,"column":3}}},"17":{"name":"(anonymous_17)","decl":{"start":{"line":353,"column":30},"end":{"line":353,"column":31}},"loc":{"start":{"line":353,"column":72},"end":{"line":388,"column":9}}},"18":{"name":"(anonymous_18)","decl":{"start":{"line":421,"column":2},"end":{"line":421,"column":9}},"loc":{"start":{"line":421,"column":2},"end":{"line":431,"column":3}}},"19":{"name":"(anonymous_19)","decl":{"start":{"line":433,"column":2},"end":{"line":433,"column":9}},"loc":{"start":{"line":433,"column":2},"end":{"line":443,"column":3}}},"20":{"name":"(anonymous_20)","decl":{"start":{"line":446,"column":2},"end":{"line":446,"column":9}},"loc":{"start":{"line":446,"column":2},"end":{"line":491,"column":3}}},"21":{"name":"(anonymous_21)","decl":{"start":{"line":494,"column":2},"end":{"line":494,"column":10}},"loc":{"start":{"line":494,"column":2},"end":{"line":511,"column":3}}},"22":{"name":"(anonymous_22)","decl":{"start":{"line":507,"column":21},"end":{"line":507,"column":null}},"loc":{"start":{"line":507,"column":21},"end":{"line":509,"column":7}}},"23":{"name":"(anonymous_23)","decl":{"start":{"line":514,"column":2},"end":{"line":514,"column":10}},"loc":{"start":{"line":514,"column":2},"end":{"line":518,"column":3}}},"24":{"name":"(anonymous_24)","decl":{"start":{"line":521,"column":2},"end":{"line":521,"column":10}},"loc":{"start":{"line":521,"column":2},"end":{"line":523,"column":3}}}},"branchMap":{"0":{"loc":{"start":{"line":115,"column":4},"end":{"line":115,"column":11}},"type":"binary-expr","locations":[{"start":{"line":115,"column":4},"end":{"line":115,"column":11}},{"start":{"line":115,"column":11},"end":{"line":115,"column":null}}]},"1":{"loc":{"start":{"line":119,"column":4},"end":{"line":134,"column":null}},"type":"if","locations":[{"start":{"line":119,"column":4},"end":{"line":134,"column":null}},{"start":{"line":119,"column":4},"end":{"line":134,"column":null}}]},"2":{"loc":{"start":{"line":121,"column":6},"end":{"line":123,"column":null}},"type":"if","locations":[{"start":{"line":121,"column":6},"end":{"line":123,"column":null}},{"start":{"line":121,"column":6},"end":{"line":123,"column":null}}]},"3":{"loc":{"start":{"line":124,"column":6},"end":{"line":126,"column":null}},"type":"if","locations":[{"start":{"line":124,"column":6},"end":{"line":126,"column":null}},{"start":{"line":124,"column":6},"end":{"line":126,"column":null}}]},"4":{"loc":{"start":{"line":127,"column":6},"end":{"line":129,"column":null}},"type":"if","locations":[{"start":{"line":127,"column":6},"end":{"line":129,"column":null}},{"start":{"line":127,"column":6},"end":{"line":129,"column":null}}]},"5":{"loc":{"start":{"line":130,"column":6},"end":{"line":132,"column":null}},"type":"if","locations":[{"start":{"line":130,"column":6},"end":{"line":132,"column":null}},{"start":{"line":130,"column":6},"end":{"line":132,"column":null}}]},"6":{"loc":{"start":{"line":141,"column":4},"end":{"line":145,"column":null}},"type":"if","locations":[{"start":{"line":141,"column":4},"end":{"line":145,"column":null}},{"start":{"line":141,"column":4},"end":{"line":145,"column":null}}]},"7":{"loc":{"start":{"line":151,"column":6},"end":{"line":157,"column":null}},"type":"if","locations":[{"start":{"line":151,"column":6},"end":{"line":157,"column":null}},{"start":{"line":151,"column":6},"end":{"line":157,"column":null}}]},"8":{"loc":{"start":{"line":152,"column":8},"end":{"line":154,"column":null}},"type":"if","locations":[{"start":{"line":152,"column":8},"end":{"line":154,"column":null}},{"start":{"line":152,"column":8},"end":{"line":154,"column":null}}]},"9":{"loc":{"start":{"line":163,"column":4},"end":{"line":178,"column":null}},"type":"if","locations":[{"start":{"line":163,"column":4},"end":{"line":178,"column":null}},{"start":{"line":163,"column":4},"end":{"line":178,"column":null}}]},"10":{"loc":{"start":{"line":167,"column":6},"end":{"line":176,"column":null}},"type":"if","locations":[{"start":{"line":167,"column":6},"end":{"line":176,"column":null}},{"start":{"line":167,"column":6},"end":{"line":176,"column":null}}]},"11":{"loc":{"start":{"line":230,"column":17},"end":{"line":230,"column":47}},"type":"if","locations":[{"start":{"line":230,"column":17},"end":{"line":230,"column":47}},{"start":{"line":230,"column":17},"end":{"line":230,"column":47}}]},"12":{"loc":{"start":{"line":233,"column":4},"end":{"line":237,"column":null}},"type":"if","locations":[{"start":{"line":233,"column":4},"end":{"line":237,"column":null}},{"start":{"line":233,"column":4},"end":{"line":237,"column":null}}]},"13":{"loc":{"start":{"line":240,"column":4},"end":{"line":244,"column":null}},"type":"if","locations":[{"start":{"line":240,"column":4},"end":{"line":244,"column":null}},{"start":{"line":240,"column":4},"end":{"line":244,"column":null}}]},"14":{"loc":{"start":{"line":246,"column":4},"end":{"line":255,"column":null}},"type":"if","locations":[{"start":{"line":246,"column":4},"end":{"line":255,"column":null}},{"start":{"line":246,"column":4},"end":{"line":255,"column":null}}]},"15":{"loc":{"start":{"line":246,"column":7},"end":{"line":246,"column":21}},"type":"binary-expr","locations":[{"start":{"line":246,"column":7},"end":{"line":246,"column":21}},{"start":{"line":246,"column":25},"end":{"line":246,"column":45}}]},"16":{"loc":{"start":{"line":248,"column":62},"end":{"line":248,"column":74}},"type":"binary-expr","locations":[{"start":{"line":248,"column":62},"end":{"line":248,"column":74}},{"start":{"line":248,"column":78},"end":{"line":248,"column":82}}]},"17":{"loc":{"start":{"line":249,"column":6},"end":{"line":254,"column":null}},"type":"if","locations":[{"start":{"line":249,"column":6},"end":{"line":254,"column":null}},{"start":{"line":249,"column":6},"end":{"line":254,"column":null}}]},"18":{"loc":{"start":{"line":257,"column":4},"end":{"line":259,"column":null}},"type":"if","locations":[{"start":{"line":257,"column":4},"end":{"line":259,"column":null}},{"start":{"line":257,"column":4},"end":{"line":259,"column":null}}]},"19":{"loc":{"start":{"line":261,"column":4},"end":{"line":263,"column":null}},"type":"if","locations":[{"start":{"line":261,"column":4},"end":{"line":263,"column":null}},{"start":{"line":261,"column":4},"end":{"line":263,"column":null}}]},"20":{"loc":{"start":{"line":261,"column":7},"end":{"line":261,"column":15}},"type":"binary-expr","locations":[{"start":{"line":261,"column":7},"end":{"line":261,"column":15}},{"start":{"line":261,"column":19},"end":{"line":261,"column":26}}]},"21":{"loc":{"start":{"line":266,"column":4},"end":{"line":270,"column":null}},"type":"if","locations":[{"start":{"line":266,"column":4},"end":{"line":270,"column":null}},{"start":{"line":266,"column":4},"end":{"line":270,"column":null}}]},"22":{"loc":{"start":{"line":267,"column":30},"end":{"line":267,"column":49}},"type":"cond-expr","locations":[{"start":{"line":267,"column":30},"end":{"line":267,"column":49}},{"start":{"line":267,"column":51},"end":{"line":267,"column":60}}]},"23":{"loc":{"start":{"line":269,"column":30},"end":{"line":269,"column":49}},"type":"cond-expr","locations":[{"start":{"line":269,"column":30},"end":{"line":269,"column":49}},{"start":{"line":269,"column":51},"end":{"line":269,"column":60}}]},"24":{"loc":{"start":{"line":273,"column":4},"end":{"line":277,"column":null}},"type":"if","locations":[{"start":{"line":273,"column":4},"end":{"line":277,"column":null}},{"start":{"line":273,"column":4},"end":{"line":277,"column":null}}]},"25":{"loc":{"start":{"line":299,"column":4},"end":{"line":309,"column":null}},"type":"if","locations":[{"start":{"line":299,"column":4},"end":{"line":309,"column":null}},{"start":{"line":299,"column":4},"end":{"line":309,"column":null}}]},"26":{"loc":{"start":{"line":330,"column":38},"end":{"line":330,"column":69}},"type":"binary-expr","locations":[{"start":{"line":330,"column":38},"end":{"line":330,"column":69}},{"start":{"line":330,"column":73},"end":{"line":330,"column":75}}]},"27":{"loc":{"start":{"line":346,"column":4},"end":{"line":397,"column":null}},"type":"if","locations":[{"start":{"line":346,"column":4},"end":{"line":397,"column":null}},{"start":{"line":346,"column":4},"end":{"line":397,"column":null}}]},"28":{"loc":{"start":{"line":348,"column":70},"end":{"line":348,"column":111}},"type":"binary-expr","locations":[{"start":{"line":348,"column":70},"end":{"line":348,"column":111}},{"start":{"line":348,"column":115},"end":{"line":348,"column":120}}]},"29":{"loc":{"start":{"line":351,"column":6},"end":{"line":395,"column":null}},"type":"if","locations":[{"start":{"line":351,"column":6},"end":{"line":395,"column":null}},{"start":{"line":351,"column":6},"end":{"line":395,"column":null}}]},"30":{"loc":{"start":{"line":351,"column":9},"end":{"line":351,"column":26}},"type":"binary-expr","locations":[{"start":{"line":351,"column":9},"end":{"line":351,"column":26}},{"start":{"line":351,"column":31},"end":{"line":351,"column":59}}]},"31":{"loc":{"start":{"line":359,"column":12},"end":{"line":383,"column":null}},"type":"if","locations":[{"start":{"line":359,"column":12},"end":{"line":383,"column":null}},{"start":{"line":359,"column":12},"end":{"line":383,"column":null}}]},"32":{"loc":{"start":{"line":366,"column":16},"end":{"line":370,"column":null}},"type":"if","locations":[{"start":{"line":366,"column":16},"end":{"line":370,"column":null}},{"start":{"line":366,"column":16},"end":{"line":370,"column":null}}]},"33":{"loc":{"start":{"line":372,"column":16},"end":{"line":374,"column":null}},"type":"if","locations":[{"start":{"line":372,"column":16},"end":{"line":374,"column":null}},{"start":{"line":372,"column":16},"end":{"line":374,"column":null}}]},"34":{"loc":{"start":{"line":400,"column":4},"end":{"line":409,"column":null}},"type":"if","locations":[{"start":{"line":400,"column":4},"end":{"line":409,"column":null}},{"start":{"line":400,"column":4},"end":{"line":409,"column":null}}]},"35":{"loc":{"start":{"line":403,"column":6},"end":{"line":408,"column":null}},"type":"if","locations":[{"start":{"line":403,"column":6},"end":{"line":408,"column":null}},{"start":{"line":403,"column":6},"end":{"line":408,"column":null}}]},"36":{"loc":{"start":{"line":404,"column":36},"end":{"line":404,"column":61}},"type":"binary-expr","locations":[{"start":{"line":404,"column":36},"end":{"line":404,"column":61}},{"start":{"line":404,"column":65},"end":{"line":404,"column":67}}]},"37":{"loc":{"start":{"line":405,"column":8},"end":{"line":407,"column":null}},"type":"if","locations":[{"start":{"line":405,"column":8},"end":{"line":407,"column":null}},{"start":{"line":405,"column":8},"end":{"line":407,"column":null}}]},"38":{"loc":{"start":{"line":422,"column":4},"end":{"line":424,"column":null}},"type":"if","locations":[{"start":{"line":422,"column":4},"end":{"line":424,"column":null}},{"start":{"line":422,"column":4},"end":{"line":424,"column":null}}]},"39":{"loc":{"start":{"line":427,"column":4},"end":{"line":429,"column":null}},"type":"if","locations":[{"start":{"line":427,"column":4},"end":{"line":429,"column":null}},{"start":{"line":427,"column":4},"end":{"line":429,"column":null}}]},"40":{"loc":{"start":{"line":434,"column":4},"end":{"line":436,"column":null}},"type":"if","locations":[{"start":{"line":434,"column":4},"end":{"line":436,"column":null}},{"start":{"line":434,"column":4},"end":{"line":436,"column":null}}]},"41":{"loc":{"start":{"line":439,"column":4},"end":{"line":441,"column":null}},"type":"if","locations":[{"start":{"line":439,"column":4},"end":{"line":441,"column":null}},{"start":{"line":439,"column":4},"end":{"line":441,"column":null}}]},"42":{"loc":{"start":{"line":439,"column":7},"end":{"line":439,"column":15}},"type":"binary-expr","locations":[{"start":{"line":439,"column":7},"end":{"line":439,"column":15}},{"start":{"line":439,"column":19},"end":{"line":439,"column":39}}]},"43":{"loc":{"start":{"line":449,"column":4},"end":{"line":451,"column":null}},"type":"if","locations":[{"start":{"line":449,"column":4},"end":{"line":451,"column":null}},{"start":{"line":449,"column":4},"end":{"line":451,"column":null}}]},"44":{"loc":{"start":{"line":461,"column":4},"end":{"line":463,"column":null}},"type":"if","locations":[{"start":{"line":461,"column":4},"end":{"line":463,"column":null}},{"start":{"line":461,"column":4},"end":{"line":463,"column":null}}]},"45":{"loc":{"start":{"line":473,"column":4},"end":{"line":475,"column":null}},"type":"if","locations":[{"start":{"line":473,"column":4},"end":{"line":475,"column":null}},{"start":{"line":473,"column":4},"end":{"line":475,"column":null}}]},"46":{"loc":{"start":{"line":478,"column":4},"end":{"line":480,"column":null}},"type":"if","locations":[{"start":{"line":478,"column":4},"end":{"line":480,"column":null}},{"start":{"line":478,"column":4},"end":{"line":480,"column":null}}]},"47":{"loc":{"start":{"line":486,"column":4},"end":{"line":489,"column":null}},"type":"if","locations":[{"start":{"line":486,"column":4},"end":{"line":489,"column":null}},{"start":{"line":486,"column":4},"end":{"line":489,"column":null}}]},"48":{"loc":{"start":{"line":505,"column":4},"end":{"line":510,"column":null}},"type":"if","locations":[{"start":{"line":505,"column":4},"end":{"line":510,"column":null}},{"start":{"line":505,"column":4},"end":{"line":510,"column":null}}]},"49":{"loc":{"start":{"line":515,"column":4},"end":{"line":517,"column":null}},"type":"if","locations":[{"start":{"line":515,"column":4},"end":{"line":517,"column":null}},{"start":{"line":515,"column":4},"end":{"line":517,"column":null}}]}},"s":{"0":27,"1":27,"2":27,"3":27,"4":27,"5":27,"6":27,"7":27,"8":27,"9":27,"10":27,"11":222,"12":222,"13":222,"14":222,"15":222,"16":222,"17":222,"18":222,"19":222,"20":222,"21":222,"22":222,"23":222,"24":222,"25":222,"26":222,"27":222,"28":222,"29":222,"30":222,"31":222,"32":222,"33":222,"34":1,"35":222,"36":221,"37":222,"38":101,"39":222,"40":101,"41":222,"42":222,"43":222,"44":0,"45":0,"46":222,"47":222,"48":222,"49":289,"50":278,"51":278,"52":11,"53":289,"54":222,"55":222,"56":1,"57":1,"58":1,"59":1,"60":27,"61":27,"62":27,"63":27,"64":27,"65":27,"66":27,"67":27,"68":27,"69":2,"70":2,"71":2,"72":27,"73":1,"74":1,"75":1,"76":27,"77":0,"78":0,"79":27,"80":488,"81":388,"82":2,"83":388,"84":166,"85":222,"86":388,"87":388,"88":388,"89":388,"90":388,"91":388,"92":388,"93":193,"94":388,"95":388,"96":166,"97":222,"98":388,"99":2,"100":388,"101":27,"102":95,"103":95,"104":19,"105":19,"106":76,"107":95,"108":27,"109":222,"110":222,"111":222,"112":222,"113":222,"114":222,"115":67,"116":67,"117":222,"118":222,"119":222,"120":222,"121":222,"122":2,"123":6,"124":4,"125":4,"126":4,"127":4,"128":4,"129":8,"130":7,"131":7,"132":7,"133":7,"134":0,"135":7,"136":7,"137":0,"138":7,"139":7,"140":0,"141":4,"142":4,"143":2,"144":2,"145":2,"146":222,"147":222,"148":222,"149":222,"150":222,"151":2,"152":222,"153":222,"154":222,"155":222,"156":222,"157":222,"158":27,"159":4,"160":0,"161":4,"162":4,"163":4,"164":4,"165":4,"166":27,"167":1,"168":0,"169":1,"170":1,"171":1,"172":1,"173":1,"174":27,"175":102,"176":100,"177":102,"178":1,"179":102,"180":102,"181":102,"182":102,"183":102,"184":61,"185":102,"186":61,"187":102,"188":102,"189":102,"190":100,"191":100,"192":27,"193":102,"194":102,"195":100,"196":100,"197":100,"198":27,"199":1,"200":1,"201":27,"202":1,"203":27,"204":27,"205":27},"f":{"0":27,"1":222,"2":1,"3":221,"4":221,"5":222,"6":119,"7":165,"8":98,"9":103,"10":103,"11":2,"12":1,"13":0,"14":388,"15":95,"16":222,"17":6,"18":4,"19":1,"20":102,"21":102,"22":100,"23":1,"24":1},"b":{"0":[222,222],"1":[222,0],"2":[1,221],"3":[221,1],"4":[101,121],"5":[101,121],"6":[0,222],"7":[278,11],"8":[278,0],"9":[1,221],"10":[1,0],"11":[100,288],"12":[386,2],"13":[166,222],"14":[388,0],"15":[388,388],"16":[388,388],"17":[0,388],"18":[388,0],"19":[193,195],"20":[388,388],"21":[166,222],"22":[166,0],"23":[222,0],"24":[386,2],"25":[19,76],"26":[222,39],"27":[222,0],"28":[222,39],"29":[2,220],"30":[222,39],"31":[4,0],"32":[0,7],"33":[0,7],"34":[222,0],"35":[222,0],"36":[222,0],"37":[2,220],"38":[0,4],"39":[4,0],"40":[0,1],"41":[1,0],"42":[1,1],"43":[100,2],"44":[1,101],"45":[61,41],"46":[61,41],"47":[100,2],"48":[100,2],"49":[1,0]}}
,"C:\\Dev\\Projects\\vdom\\src\\lib\\VDomComponent.ts": {"path":"C:\\Dev\\Projects\\vdom\\src\\lib\\VDomComponent.ts","statementMap":{"0":{"start":{"line":1,"column":0},"end":{"line":1,"column":26}},"1":{"start":{"line":3,"column":0},"end":{"line":3,"column":null}},"2":{"start":{"line":3,"column":43},"end":{"line":3,"column":47}},"3":{"start":{"line":5,"column":4},"end":{"line":5,"column":null}},"4":{"start":{"line":7,"column":0},"end":{"line":7,"column":null}}},"fnMap":{"0":{"name":"(anonymous_0)","decl":{"start":{"line":3,"column":0},"end":{"line":3,"column":43}},"loc":{"start":{"line":3,"column":0},"end":{"line":7,"column":null}}},"1":{"name":"VDomComponent","decl":{"start":{"line":4,"column":2},"end":{"line":4,"column":null}},"loc":{"start":{"line":4,"column":2},"end":{"line":6,"column":3}}}},"branchMap":{"0":{"loc":{"start":{"line":5,"column":4},"end":{"line":5,"column":30}},"type":"binary-expr","locations":[{"start":{"line":5,"column":4},"end":{"line":5,"column":30}},{"start":{"line":5,"column":30},"end":{"line":5,"column":null}}]}},"s":{"0":27,"1":27,"2":27,"3":120,"4":27},"f":{"0":27,"1":120},"b":{"0":[120,0]}}
,"C:\\Dev\\Projects\\vdom\\src\\lib\\VDomItem.ts": {"path":"C:\\Dev\\Projects\\vdom\\src\\lib\\VDomItem.ts","statementMap":{"0":{"start":{"line":1,"column":0},"end":{"line":1,"column":23}},"1":{"start":{"line":4,"column":0},"end":{"line":4,"column":93}},"2":{"start":{"line":5,"column":0},"end":{"line":5,"column":74}},"3":{"start":{"line":6,"column":0},"end":{"line":6,"column":null}},"4":{"start":{"line":12,"column":0},"end":{"line":12,"column":37}},"5":{"start":{"line":13,"column":0},"end":{"line":13,"column":97}},"6":{"start":{"line":14,"column":0},"end":{"line":14,"column":23}},"7":{"start":{"line":15,"column":0},"end":{"line":15,"column":39}},"8":{"start":{"line":16,"column":0},"end":{"line":16,"column":35}},"9":{"start":{"line":19,"column":20},"end":{"line":19,"column":25}},"10":{"start":{"line":20,"column":19},"end":{"line":20,"column":27}},"11":{"start":{"line":23,"column":28},"end":{"line":38,"column":null}},"12":{"start":{"line":40,"column":27},"end":{"line":47,"column":1}},"13":{"start":{"line":41,"column":2},"end":{"line":45,"column":null}},"14":{"start":{"line":41,"column":23},"end":{"line":41,"column":42}},"15":{"start":{"line":41,"column":19},"end":{"line":41,"column":23}},"16":{"start":{"line":42,"column":4},"end":{"line":44,"column":null}},"17":{"start":{"line":43,"column":6},"end":{"line":43,"column":null}},"18":{"start":{"line":46,"column":2},"end":{"line":46,"column":null}},"19":{"start":{"line":50,"column":0},"end":{"line":50,"column":null}},"20":{"start":{"line":50,"column":30},"end":{"line":50,"column":40}},"21":{"start":{"line":156,"column":4},"end":{"line":156,"column":null}},"22":{"start":{"line":55,"column":9},"end":{"line":55,"column":null}},"23":{"start":{"line":65,"column":9},"end":{"line":65,"column":null}},"24":{"start":{"line":67,"column":9},"end":{"line":67,"column":null}},"25":{"start":{"line":69,"column":9},"end":{"line":69,"column":null}},"26":{"start":{"line":71,"column":9},"end":{"line":71,"column":null}},"27":{"start":{"line":74,"column":9},"end":{"line":74,"column":null}},"28":{"start":{"line":79,"column":10},"end":{"line":79,"column":null}},"29":{"start":{"line":83,"column":10},"end":{"line":83,"column":null}},"30":{"start":{"line":85,"column":10},"end":{"line":85,"column":null}},"31":{"start":{"line":102,"column":9},"end":{"line":102,"column":35}},"32":{"start":{"line":106,"column":10},"end":{"line":106,"column":42}},"33":{"start":{"line":112,"column":10},"end":{"line":112,"column":null}},"34":{"start":{"line":116,"column":10},"end":{"line":116,"column":null}},"35":{"start":{"line":123,"column":10},"end":{"line":123,"column":null}},"36":{"start":{"line":125,"column":10},"end":{"line":125,"column":null}},"37":{"start":{"line":132,"column":10},"end":{"line":132,"column":null}},"38":{"start":{"line":137,"column":10},"end":{"line":137,"column":null}},"39":{"start":{"line":144,"column":10},"end":{"line":144,"column":null}},"40":{"start":{"line":147,"column":10},"end":{"line":147,"column":null}},"41":{"start":{"line":158,"column":4},"end":{"line":160,"column":null}},"42":{"start":{"line":159,"column":6},"end":{"line":159,"column":null}},"43":{"start":{"line":162,"column":4},"end":{"line":164,"column":null}},"44":{"start":{"line":163,"column":6},"end":{"line":163,"column":null}},"45":{"start":{"line":166,"column":4},"end":{"line":171,"column":null}},"46":{"start":{"line":170,"column":6},"end":{"line":170,"column":null}},"47":{"start":{"line":203,"column":9},"end":{"line":223,"column":null}},"48":{"start":{"line":205,"column":19},"end":{"line":215,"column":6}},"49":{"start":{"line":217,"column":4},"end":{"line":219,"column":null}},"50":{"start":{"line":217,"column":24},"end":{"line":217,"column":28}},"51":{"start":{"line":217,"column":24},"end":{"line":217,"column":37}},"52":{"start":{"line":217,"column":20},"end":{"line":217,"column":24}},"53":{"start":{"line":218,"column":6},"end":{"line":218,"column":null}},"54":{"start":{"line":221,"column":4},"end":{"line":221,"column":null}},"55":{"start":{"line":226,"column":9},"end":{"line":289,"column":null}},"56":{"start":{"line":229,"column":4},"end":{"line":229,"column":null}},"57":{"start":{"line":232,"column":4},"end":{"line":235,"column":null}},"58":{"start":{"line":233,"column":6},"end":{"line":233,"column":null}},"59":{"start":{"line":234,"column":6},"end":{"line":234,"column":null}},"60":{"start":{"line":238,"column":4},"end":{"line":240,"column":null}},"61":{"start":{"line":239,"column":6},"end":{"line":239,"column":null}},"62":{"start":{"line":241,"column":4},"end":{"line":241,"column":null}},"63":{"start":{"line":244,"column":4},"end":{"line":249,"column":null}},"64":{"start":{"line":245,"column":6},"end":{"line":247,"column":null}},"65":{"start":{"line":245,"column":27},"end":{"line":245,"column":31}},"66":{"start":{"line":245,"column":27},"end":{"line":245,"column":42}},"67":{"start":{"line":245,"column":23},"end":{"line":245,"column":27}},"68":{"start":{"line":246,"column":8},"end":{"line":246,"column":null}},"69":{"start":{"line":248,"column":6},"end":{"line":248,"column":null}},"70":{"start":{"line":252,"column":4},"end":{"line":254,"column":null}},"71":{"start":{"line":253,"column":6},"end":{"line":253,"column":null}},"72":{"start":{"line":255,"column":4},"end":{"line":255,"column":null}},"73":{"start":{"line":258,"column":4},"end":{"line":260,"column":null}},"74":{"start":{"line":259,"column":6},"end":{"line":259,"column":null}},"75":{"start":{"line":261,"column":4},"end":{"line":261,"column":null}},"76":{"start":{"line":264,"column":4},"end":{"line":266,"column":null}},"77":{"start":{"line":265,"column":6},"end":{"line":265,"column":null}},"78":{"start":{"line":269,"column":4},"end":{"line":271,"column":null}},"79":{"start":{"line":270,"column":6},"end":{"line":270,"column":null}},"80":{"start":{"line":272,"column":4},"end":{"line":272,"column":null}},"81":{"start":{"line":275,"column":4},"end":{"line":277,"column":null}},"82":{"start":{"line":275,"column":22},"end":{"line":275,"column":26}},"83":{"start":{"line":275,"column":22},"end":{"line":275,"column":35}},"84":{"start":{"line":275,"column":18},"end":{"line":275,"column":22}},"85":{"start":{"line":276,"column":6},"end":{"line":276,"column":null}},"86":{"start":{"line":278,"column":4},"end":{"line":278,"column":null}},"87":{"start":{"line":281,"column":4},"end":{"line":283,"column":null}},"88":{"start":{"line":281,"column":24},"end":{"line":281,"column":28}},"89":{"start":{"line":281,"column":24},"end":{"line":281,"column":37}},"90":{"start":{"line":281,"column":20},"end":{"line":281,"column":24}},"91":{"start":{"line":282,"column":6},"end":{"line":282,"column":null}},"92":{"start":{"line":284,"column":4},"end":{"line":284,"column":null}},"93":{"start":{"line":287,"column":4},"end":{"line":287,"column":null}},"94":{"start":{"line":292,"column":9},"end":{"line":299,"column":null}},"95":{"start":{"line":294,"column":4},"end":{"line":296,"column":null}},"96":{"start":{"line":294,"column":22},"end":{"line":294,"column":26}},"97":{"start":{"line":294,"column":22},"end":{"line":294,"column":35}},"98":{"start":{"line":294,"column":18},"end":{"line":294,"column":22}},"99":{"start":{"line":295,"column":6},"end":{"line":295,"column":null}},"100":{"start":{"line":297,"column":4},"end":{"line":297,"column":null}},"101":{"start":{"line":302,"column":9},"end":{"line":314,"column":null}},"102":{"start":{"line":304,"column":4},"end":{"line":306,"column":null}},"103":{"start":{"line":305,"column":6},"end":{"line":305,"column":12}},"104":{"start":{"line":307,"column":4},"end":{"line":307,"column":null}},"105":{"start":{"line":309,"column":26},"end":{"line":309,"column":44}},"106":{"start":{"line":310,"column":4},"end":{"line":312,"column":null}},"107":{"start":{"line":310,"column":22},"end":{"line":310,"column":26}},"108":{"start":{"line":310,"column":22},"end":{"line":310,"column":35}},"109":{"start":{"line":310,"column":18},"end":{"line":310,"column":22}},"110":{"start":{"line":311,"column":6},"end":{"line":311,"column":null}},"111":{"start":{"line":319,"column":9},"end":{"line":329,"column":null}},"112":{"start":{"line":321,"column":4},"end":{"line":323,"column":null}},"113":{"start":{"line":322,"column":6},"end":{"line":322,"column":null}},"114":{"start":{"line":325,"column":19},"end":{"line":325,"column":61}},"115":{"start":{"line":326,"column":4},"end":{"line":326,"column":null}},"116":{"start":{"line":327,"column":4},"end":{"line":327,"column":null}},"117":{"start":{"line":332,"column":10},"end":{"line":386,"column":null}},"118":{"start":{"line":342,"column":4},"end":{"line":342,"column":null}},"119":{"start":{"line":343,"column":4},"end":{"line":343,"column":null}},"120":{"start":{"line":346,"column":4},"end":{"line":382,"column":null}},"121":{"start":{"line":348,"column":20},"end":{"line":348,"column":null}},"122":{"start":{"line":349,"column":6},"end":{"line":354,"column":null}},"123":{"start":{"line":350,"column":8},"end":{"line":350,"column":null}},"124":{"start":{"line":351,"column":8},"end":{"line":351,"column":null}},"125":{"start":{"line":353,"column":8},"end":{"line":353,"column":null}},"126":{"start":{"line":355,"column":6},"end":{"line":357,"column":null}},"127":{"start":{"line":356,"column":8},"end":{"line":356,"column":null}},"128":{"start":{"line":359,"column":29},"end":{"line":359,"column":35}},"129":{"start":{"line":360,"column":6},"end":{"line":365,"column":null}},"130":{"start":{"line":364,"column":8},"end":{"line":364,"column":null}},"131":{"start":{"line":366,"column":6},"end":{"line":366,"column":null}},"132":{"start":{"line":367,"column":6},"end":{"line":367,"column":null}},"133":{"start":{"line":370,"column":6},"end":{"line":376,"column":null}},"134":{"start":{"line":370,"column":26},"end":{"line":370,"column":30}},"135":{"start":{"line":370,"column":26},"end":{"line":370,"column":39}},"136":{"start":{"line":370,"column":22},"end":{"line":370,"column":26}},"137":{"start":{"line":371,"column":8},"end":{"line":371,"column":null}},"138":{"start":{"line":372,"column":25},"end":{"line":372,"column":64}},
[...]
start":{"line":65,"column":8},"end":{"line":67,"column":9}}],"line":65},"10":{"loc":{"start":{"line":72,"column":12},"end":{"line":75,"column":13}},"type":"if","locations":[{"start":{"line":72,"column":12},"end":{"line":75,"column":13}},{"start":{"line":72,"column":12},"end":{"line":75,"column":13}}],"line":72},"11":{"loc":{"start":{"line":77,"column":8},"end":{"line":79,"column":9}},"type":"if","locations":[{"start":{"line":77,"column":8},"end":{"line":79,"column":9}},{"start":{"line":77,"column":8},"end":{"line":79,"column":9}}],"line":77},"12":{"loc":{"start":{"line":90,"column":24},"end":{"line":93,"column":25}},"type":"if","locations":[{"start":{"line":90,"column":24},"end":{"line":93,"column":25}},{"start":{"line":90,"column":24},"end":{"line":93,"column":25}}],"line":90},"13":{"loc":{"start":{"line":90,"column":28},"end":{"line":90,"column":98}},"type":"binary-expr","locations":[{"start":{"line":90,"column":28},"end":{"line":90,"column":59}},{"start":{"line":90,"column":63},"end":{"line":90,"column":98}}],"line":90},"14":{"loc":{"start":{"line":99,"column":16},"end":{"line":113,"column":17}},"type":"if","locations":[{"start":{"line":99,"column":16},"end":{"line":113,"column":17}},{"start":{"line":99,"column":16},"end":{"line":113,"column":17}}],"line":99},"15":{"loc":{"start":{"line":102,"column":24},"end":{"line":110,"column":25}},"type":"if","locations":[{"start":{"line":102,"column":24},"end":{"line":110,"column":25}},{"start":{"line":102,"column":24},"end":{"line":110,"column":25}}],"line":102},"16":{"loc":{"start":{"line":102,"column":28},"end":{"line":102,"column":86}},"type":"binary-expr","locations":[{"start":{"line":102,"column":28},"end":{"line":102,"column":48}},{"start":{"line":102,"column":52},"end":{"line":102,"column":86}}],"line":102},"17":{"loc":{"start":{"line":103,"column":41},"end":{"line":103,"column":85}},"type":"cond-expr","locations":[{"start":{"line":103,"column":71},"end":{"line":103,"column":80}},{"start":{"line":103,"column":83},"end":{"line":103,"column":85}}],"line":103},"18":{"loc":{"start":{"line":105,"column":32},"end":{"line":107,"column":33}},"type":"if","locations":[{"start":{"line":105,"column":32},"end":{"line":107,"column":33}},{"start":{"line":105,"column":32},"end":{"line":107,"column":33}}],"line":105},"19":{"loc":{"start":{"line":125,"column":12},"end":{"line":130,"column":13}},"type":"if","locations":[{"start":{"line":125,"column":12},"end":{"line":130,"column":13}},{"start":{"line":125,"column":12},"end":{"line":130,"column":13}}],"line":125},"20":{"loc":{"start":{"line":126,"column":16},"end":{"line":129,"column":17}},"type":"if","locations":[{"start":{"line":126,"column":16},"end":{"line":129,"column":17}},{"start":{"line":126,"column":16},"end":{"line":129,"column":17}}],"line":126},"21":{"loc":{"start":{"line":131,"column":12},"end":{"line":136,"column":13}},"type":"if","locations":[{"start":{"line":131,"column":12},"end":{"line":136,"column":13}},{"start":{"line":131,"column":12},"end":{"line":136,"column":13}}],"line":131},"22":{"loc":{"start":{"line":132,"column":16},"end":{"line":135,"column":17}},"type":"if","locations":[{"start":{"line":132,"column":16},"end":{"line":135,"column":17}},{"start":{"line":132,"column":16},"end":{"line":135,"column":17}}],"line":132},"23":{"loc":{"start":{"line":137,"column":12},"end":{"line":139,"column":13}},"type":"if","locations":[{"start":{"line":137,"column":12},"end":{"line":139,"column":13}},{"start":{"line":137,"column":12},"end":{"line":139,"column":13}}],"line":137},"24":{"loc":{"start":{"line":140,"column":12},"end":{"line":142,"column":13}},"type":"if","locations":[{"start":{"line":140,"column":12},"end":{"line":142,"column":13}},{"start":{"line":140,"column":12},"end":{"line":142,"column":13}}],"line":140},"25":{"loc":{"start":{"line":146,"column":19},"end":{"line":146,"column":46}},"type":"cond-expr","locations":[{"start":{"line":146,"column":29},"end":{"line":146,"column":36}},{"start":{"line":146,"column":39},"end":{"line":146,"column":46}}],"line":146},"26":{"loc":{"start":{"line":153,"column":12},"end":{"line":155,"column":13}},"type":"if","locations":[{"start":{"line":153,"column":12},"end":{"line":155,"column":13}},{"start":{"line":153,"column":12},"end":{"line":155,"column":13}}],"line":153},"27":{"loc":{"start":{"line":159,"column":12},"end":{"line":162,"column":13}},"type":"if","locations":[{"start":{"line":159,"column":12},"end":{"line":162,"column":13}},{"start":{"line":159,"column":12},"end":{"line":162,"column":13}}],"line":159},"28":{"loc":{"start":{"line":172,"column":12},"end":{"line":174,"column":13}},"type":"if","locations":[{"start":{"line":172,"column":12},"end":{"line":174,"column":13}},{"start":{"line":172,"column":12},"end":{"line":174,"column":13}}],"line":172},"29":{"loc":{"start":{"line":178,"column":16},"end":{"line":181,"column":17}},"type":"if","locations":[{"start":{"line":178,"column":16},"end":{"line":181,"column":17}},{"start":{"line":178,"column":16},"end":{"line":181,"column":17}}],"line":178},"30":{"loc":{"start":{"line":194,"column":8},"end":{"line":196,"column":9}},"type":"if","locations":[{"start":{"line":194,"column":8},"end":{"line":196,"column":9}},{"start":{"line":194,"column":8},"end":{"line":196,"column":9}}],"line":194},"31":{"loc":{"start":{"line":198,"column":8},"end":{"line":200,"column":9}},"type":"if","locations":[{"start":{"line":198,"column":8},"end":{"line":200,"column":9}},{"start":{"line":198,"column":8},"end":{"line":200,"column":9}}],"line":198},"32":{"loc":{"start":{"line":198,"column":12},"end":{"line":198,"column":59}},"type":"binary-expr","locations":[{"start":{"line":198,"column":12},"end":{"line":198,"column":29}},{"start":{"line":198,"column":33},"end":{"line":198,"column":59}}],"line":198},"33":{"loc":{"start":{"line":204,"column":12},"end":{"line":206,"column":13}},"type":"if","locations":[{"start":{"line":204,"column":12},"end":{"line":206,"column":13}},{"start":{"line":204,"column":12},"end":{"line":206,"column":13}}],"line":204},"34":{"loc":{"start":{"line":219,"column":8},"end":{"line":221,"column":9}},"type":"if","locations":[{"start":{"line":219,"column":8},"end":{"line":221,"column":9}},{"start":{"line":219,"column":8},"end":{"line":221,"column":9}}],"line":219},"35":{"loc":{"start":{"line":223,"column":8},"end":{"line":225,"column":9}},"type":"if","locations":[{"start":{"line":223,"column":8},"end":{"line":225,"column":9}},{"start":{"line":223,"column":8},"end":{"line":225,"column":9}}],"line":223},"36":{"loc":{"start":{"line":223,"column":12},"end":{"line":223,"column":59}},"type":"binary-expr","locations":[{"start":{"line":223,"column":12},"end":{"line":223,"column":29}},{"start":{"line":223,"column":33},"end":{"line":223,"column":59}}],"line":223},"37":{"loc":{"start":{"line":229,"column":12},"end":{"line":231,"column":13}},"type":"if","locations":[{"start":{"line":229,"column":12},"end":{"line":231,"column":13}},{"start":{"line":229,"column":12},"end":{"line":231,"column":13}}],"line":229},"38":{"loc":{"start":{"line":245,"column":8},"end":{"line":247,"column":9}},"type":"if","locations":[{"start":{"line":245,"column":8},"end":{"line":247,"column":9}},{"start":{"line":245,"column":8},"end":{"line":247,"column":9}}],"line":245}},"s":{"0":27,"1":27,"2":27,"3":27,"4":27,"5":1136,"6":1136,"7":1136,"8":27,"9":1524,"10":27,"11":270,"12":0,"13":0,"14":270,"15":0,"16":0,"17":270,"18":270,"19":270,"20":0,"21":0,"22":270,"23":27,"24":1520,"25":397,"26":1123,"27":1123,"28":408,"29":715,"30":713,"31":713,"32":2,"33":2,"34":2,"35":2,"36":27,"37":1654,"38":27,"39":4,"40":4,"41":0,"42":4,"43":4,"44":4,"45":4,"46":4,"47":4,"48":4,"49":4,"50":4,"51":0,"52":4,"53":4,"54":4,"55":32,"56":32,"57":32,"58":16,"59":16,"60":16,"61":16,"62":16,"63":32,"64":32,"65":16,"66":16,"67":12,"68":12,"69":12,"70":12,"71":12,"72":16,"73":32,"74":4,"75":32,"76":4,"77":4,"78":4,"79":0,"80":0,"81":4,"82":4,"83":2,"84":0,"85":0,"86":4,"87":2,"88":0,"89":0,"90":4,"91":2,"92":4,"93":2,"94":4,"95":4,"96":4,"97":4,"98":4,"99":4,"100":4,"101":0,"102":4,"103":4,"104":4,"105":4,"106":4,"107":4,"108":4,"109":4,"110":4,"111":4,"112":4,"113":0,"114":4,"115":4,"116":4,"117":4,"118":4,"119":4,"120":4,"121":4,"122":4,"123":4,"124":27,"125":1524,"126":1520,"127":4,"128":2,"129":4,"130":4,"131":4,"132":4,"133":4,"134":0,"135":4,"136":4,"137":4,"138":4,"139":27,"140":0,"141":0,"142":0,"143":0,"144":0,"145":0,"146":0,"147":0,"148":0,"149":0,"150":0,"151":0,"152":0,"153":0,"154":27,"155":8,"156":0,"157":8,"158":8,"159":8,"160":8,"161":8,"162":8,"163":27,"164":27},"f":{"0":27,"1":1136,"2":1524,"3":270,"4":1520,"5":1654,"6":4,"7":4,"8":32,"9":32,"10":12,"11":12,"12":4,"13":4,"14":1524,"15":0,"16":8},"b":{"0":[0,270],"1":[0,270],"2":[397,1123],"3":[1520,1518],"4":[408,715],"5":[713,2],"6":[2,2],"7":[2,2],"8":[2,0],"9":[0,4],"10":[4,0],"11":[0,4],"12":[16,0],"13":[16,16],"14":[16,16],"15":[12,0],"16":[12,12],"17":[12,0],"18":[12,0],"19":[2,2],"20":[0,2],"21":[2,2],"22":[0,2],"23":[2,2],"24":[2,2],"25":[2,2],"26":[0,4],"27":[4,0],"28":[0,4],"29":[4,0],"30":[1520,4],"31":[2,2],"32":[4,4],"33":[0,4],"34":[0,0],"35":[0,0],"36":[0,0],"37":[0,0],"38":[0,8]},"_coverageSchema":"43e27e138ebf9cfc5966b082cf9a028302ed4184","hash":"599a6a1c2c3801660e87d0436a46205683a262a8"}
,"C:\\Dev\\Projects\\vdom\\src\\lib\\vid.ts": {"path":"C:\\Dev\\Projects\\vdom\\src\\lib\\vid.ts","statementMap":{"0":{"start":{"line":2,"column":18},"end":{"line":2,"column":19}},"1":{"start":{"line":10,"column":2},"end":{"line":10,"column":null}},"2":{"start":{"line":5,"column":0},"end":{"line":5,"column":24}}},"fnMap":{"0":{"name":"vid","decl":{"start":{"line":5,"column":24},"end":{"line":5,"column":27}},"loc":{"start":{"line":5,"column":27},"end":{"line":11,"column":1}}}},"branchMap":{},"s":{"0":27,"1":1397,"2":27},"f":{"0":1397},"b":{}}
,"C:\\Dev\\Projects\\vdom\\tests\\TestVDom.ts": {"path":"C:\\Dev\\Projects\\vdom\\tests\\TestVDom.ts","statementMap":{"0":{"start":{"line":7,"column":0},"end":{"line":7,"column":31}},"1":{"start":{"line":9,"column":0},"end":{"line":9,"column":null}},"2":{"start":{"line":9,"column":38},"end":{"line":9,"column":42}},"3":{"start":{"line":33,"column":4},"end":{"line":33,"column":null}},"4":{"start":{"line":13,"column":9},"end":{"line":17,"column":null}},"5":{"start":{"line":14,"column":4},"end":{"line":16,"column":null}},"6":{"start":{"line":15,"column":6},"end":{"line":15,"column":null}},"7":{"start":{"line":18,"column":9},"end":{"line":22,"column":null}},"8":{"start":{"line":19,"column":4},"end":{"line":21,"column":null}},"9":{"start":{"line":20,"column":6},"end":{"line":20,"column":null}},"10":{"start":{"line":23,"column":9},"end":{"line":27,"column":null}},"11":{"start":{"line":24,"column":4},"end":{"line":26,"column":null}},"12":{"start":{"line":25,"column":6},"end":{"line":25,"column":null}},"13":{"start":{"line":37,"column":15},"end":{"line":66,"column":null}},"14":{"start":{"line":44,"column":4},"end":{"line":46,"column":null}},"15":{"start":{"line":45,"column":6},"end":{"line":45,"column":null}},"16":{"start":{"line":47,"column":4},"end":{"line":49,"column":null}},"17":{"start":{"line":48,"column":6},"end":{"line":48,"column":null}},"18":{"start":{"line":50,"column":4},"end":{"line":52,"column":null}},"19":{"start":{"line":51,"column":6},"end":{"line":51,"column":null}},"20":{"start":{"line":54,"column":4},"end":{"line":65,"column":null}},"21":{"start":{"line":54,"column":37},"end":{"line":65,"column":6}},"22":{"start":{"line":55,"column":6},"end":{"line":55,"column":null}},"23":{"start":{"line":57,"column":9},"end":{"line":57,"column":13}},"24":{"start":{"line":58,"column":8},"end":{"line":58,"column":null}},"25":{"start":{"line":60,"column":11},"end":{"line":60,"column":15}},"26":{"start":{"line":61,"column":10},"end":{"line":61,"column":null}},"27":{"start":{"line":69,"column":9},"end":{"line":69,"column":null}},"28":{"start":{"line":71,"column":9},"end":{"line":71,"column":null}},"29":{"start":{"line":74,"column":15},"end":{"line":86,"column":null}},"30":{"start":{"line":76,"column":7},"end":{"line":76,"column":11}},"31":{"start":{"line":77,"column":6},"end":{"line":77,"column":null}},"32":{"start":{"line":80,"column":7},"end":{"line":80,"column":11}},"33":{"start":{"line":81,"column":6},"end":{"line":81,"column":null}},"34":{"start":{"line":84,"column":4},"end":{"line":84,"column":null}},"35":{"start":{"line":89,"column":15},"end":{"line":101,"column":null}},"36":{"start":{"line":91,"column":7},"end":{"line":91,"column":11}},"37":{"start":{"line":92,"column":6},"end":{"line":92,"column":null}},"38":{"start":{"line":95,"column":4},"end":{"line":97,"column":null}},"39":{"start":{"line":96,"column":6},"end":{"line":96,"column":null}},"40":{"start":{"line":99,"column":4},"end":{"line":99,"column":null}},"41":{"start":{"line":102,"column":0},"end":{"line":102,"column":null}},"42":{"start":{"line":105,"column":0},"end":{"line":107,"column":null}},"43":{"start":{"line":106,"column":2},"end":{"line":106,"column":null}},"44":{"start":{"line":110,"column":13},"end":{"line":116,"column":null}},"45":{"start":{"line":110,"column":40},"end":{"line":116,"column":null}},"46":{"start":{"line":111,"column":2},"end":{"line":115,"column":null}},"47":{"start":{"line":112,"column":4},"end":{"line":114,"column":null}},"48":{"start":{"line":113,"column":6},"end":{"line":113,"column":null}}},"fnMap":{"0":{"name":"(anonymous_0)","decl":{"start":{"line":9,"column":0},"end":{"line":9,"column":38}},"loc":{"start":{"line":9,"column":0},"end":{"line":102,"column":null}}},"1":{"name":"TestVDom","decl":{"start":{"line":32,"column":2},"end":{"line":32,"column":null}},"loc":{"start":{"line":32,"column":2},"end":{"line":34,"column":3}}},"2":{"name":"(anonymous_2)","decl":{"start":{"line":13,"column":33},"end":{"line":13,"column":34}},"loc":{"start":{"line":13,"column":46},"end":{"line":17,"column":3}}},"3":{"name":"(anonymous_3)","decl":{"start":{"line":18,"column":33},"end":{"line":18,"column":null}},"loc":{"start":{"line":18,"column":33},"end":{"line":22,"column":3}}},"4":{"name":"(anonymous_4)","decl":{"start":{"line":23,"column":33},"end":{"line":23,"column":34}},"loc":{"start":{"line":23,"column":46},"end":{"line":27,"column":3}}},"5":{"name":"(anonymous_5)","decl":{"start":{"line":37,"column":2},"end":{"line":37,"column":15}},"loc":{"start":{"line":42,"column":3},"end":{"line":66,"column":null}}},"6":{"name":"(anonymous_8)","decl":{"start":{"line":54,"column":23},"end":{"line":54,"column":30}},"loc":{"start":{"line":54,"column":37},"end":{"line":65,"column":6}}},"7":{"name":"(anonymous_9)","decl":{"start":{"line":54,"column":37},"end":{"line":54,"column":null}},"loc":{"start":{"line":54,"column":37},"end":{"line":65,"column":6}}},"8":{"name":"(anonymous_11)","decl":{"start":{"line":69,"column":2},"end":{"line":69,"column":9}},"loc":{"start":{"line":69,"column":30},"end":{"line":69,"column":38}}},"9":{"name":"(anonymous_12)","decl":{"start":{"line":71,"column":2},"end":{"line":71,"column":9}},"loc":{"start":{"line":71,"column":30},"end":{"line":71,"column":38}}},"10":{"name":"(anonymous_13)","decl":{"start":{"line":74,"column":2},"end":{"line":74,"column":15}},"loc":{"start":{"line":74,"column":35},"end":{"line":86,"column":null}}},"11":{"name":"(anonymous_16)","decl":{"start":{"line":89,"column":2},"end":{"line":89,"column":15}},"loc":{"start":{"line":89,"column":35},"end":{"line":101,"column":null}}},"12":{"name":"(anonymous_19)","decl":{"start":{"line":105,"column":23},"end":{"line":105,"column":null}},"loc":{"start":{"line":105,"column":23},"end":{"line":107,"column":1}}},"13":{"name":"(anonymous_20)","decl":{"start":{"line":110,"column":21},"end":{"line":110,"column":28}},"loc":{"start":{"line":110,"column":40},"end":{"line":116,"column":null}}},"14":{"name":"(anonymous_21)","decl":{"start":{"line":110,"column":40},"end":{"line":110,"column":null}},"loc":{"start":{"line":110,"column":40},"end":{"line":116,"column":null}}},"15":{"name":"(anonymous_23)","decl":{"start":{"line":111,"column":21},"end":{"line":111,"column":22}},"loc":{"start":{"line":111,"column":29},"end":{"line":115,"column":3}}},"16":{"name":"(anonymous_24)","decl":{"start":{"line":112,"column":15},"end":{"line":112,"column":null}},"loc":{"start":{"line":112,"column":15},"end":{"line":114,"column":5}}}},"branchMap":{"0":{"loc":{"start":{"line":33,"column":4},"end":{"line":33,"column":82}},"type":"binary-expr","locations":[{"start":{"line":33,"column":4},"end":{"line":33,"column":82}},{"start":{"line":33,"column":82},"end":{"line":33,"column":null}}]},"1":{"loc":{"start":{"line":14,"column":4},"end":{"line":16,"column":null}},"type":"if","locations":[{"start":{"line":14,"column":4},"end":{"line":16,"column":null}},{"start":{"line":14,"column":4},"end":{"line":16,"column":null}}]},"2":{"loc":{"start":{"line":19,"column":4},"end":{"line":21,"column":null}},"type":"if","locations":[{"start":{"line":19,"column":4},"end":{"line":21,"column":null}},{"start":{"line":19,"column":4},"end":{"line":21,"column":null}}]},"3":{"loc":{"start":{"line":24,"column":4},"end":{"line":26,"column":null}},"type":"if","locations":[{"start":{"line":24,"column":4},"end":{"line":26,"column":null}},{"start":{"line":24,"column":4},"end":{"line":26,"column":null}}]},"4":{"loc":{"start":{"line":44,"column":4},"end":{"line":46,"column":null}},"type":"if","locations":[{"start":{"line":44,"column":4},"end":{"line":46,"column":null}},{"start":{"line":44,"column":4},"end":{"line":46,"column":null}}]},"5":{"loc":{"start":{"line":47,"column":4},"end":{"line":49,"column":null}},"type":"if","locations":[{"start":{"line":47,"column":4},"end":{"line":49,"column":null}},{"start":{"line":47,"column":4},"end":{"line":49,"column":null}}]},"6":{"loc":{"start":{"line":50,"column":4},"end":{"line":52,"column":null}},"type":"if","locations":[{"start":{"line":50,"column":4},"end":{"line":52,"column":null}},{"start":{"line":50,"column":4},"end":{"line":52,"column":null}}]},"7":{"loc":{"start":{"line":57,"column":9},"end":{"line":57,"column":13}},"type":"if","locations":[{"start":{"line":57,"column":9},"end":{"line":57,"column":13}},{"start":{"line":57,"column":9},"end":{"line":57,"column":13}}]},"8":{"loc":{"start":{"line":60,"column":11},"end":{"line":60,"column":15}},"type":"if","locations":[{"start":{"line":60,"column":11},"end":{"line":60,"column":15}},{"start":{"line":60,"column":11},"end":{"line":60,"column":15}}]},"9":{"loc":{"start":{"line":76,"column":7},"end":{"line":76,"column":11}},"type":"if","locations":[{"start":{"line":76,"column":7},"end":{"line":76,"column":11}},{"start":{"line":76,"column":7},"end":{"line":76,"column":11}}]},"10":{"loc":{"start":{"line":80,"column":7},"end":{"line":80,"column":11}},"type":"if","locations":[{"start":{"line":80,"column":7},"end":{"line":80,"column":11}},{"start":{"line":80,"column":7},"end":{"line":80,"column":11}}]},"11":{"loc":{"start":{"line":91,"column":7},"end":{"line":91,"column":11}},"type":"if","locations":[{"start":{"line":91,"column":7},"end":{"line":91,"column":11}},{"start":{"line":91,"column":7},"end":{"line":91,"column":11}}]},"12":{"loc":{"start":{"line":95,"column":4},"end":{"line":97,"column":null}},"type":"if","locations":[{"start":{"line":95,"column":4},"end":{"line":97,"column":null}},{"start":{"line":95,"column":4},"end":{"line":97,"column":null}}]}},"s":{"0":26,"1":26,"2":26,"3":101,"4":101,"5":24,"6":16,"7":101,"8":55,"9":47,"10":101,"11":5,"12":0,"13":26,"14":124,"15":78,"16":124,"17":77,"18":124,"19":61,"20":124,"21":124,"22":124,"23":154,"24":188,"25":30,"26":60,"27":26,"28":26,"29":26,"30":102,"31":204,"32":102,"33":204,"34":102,"35":26,"36":67,"37":134,"38":67,"39":62,"40":67,"41":26,"42":26,"43":26,"44":26,"45":2,"46":2,"47":2,"48":2},"f":{"0":26,"1":101,"2":24,"3":55,"4":5,"5":124,"6":124,"7":124,"8":102,"9":67,"10":102,"11":67,"12":26,"13":2,"14":2,"15":2,"16":2},"b":{"0":[101,0],"1":[16,8],"2":[47,8],"3":[0,5],"4":[78,46],"5":[77,47],"6":[61,63],"7":[30,94],"8":[0,30],"9":[0,102],"10":[0,102],"11":[0,67],"12":[62,5]}}
}
