{"/Volumes/DATADISK1/Dev/Projects/flexlayers2/vdom/src/lib/ReactiveVars.ts": {"path":"/Volumes/DATADISK1/Dev/Projects/flexlayers2/vdom/src/lib/ReactiveVars.ts","statementMap":{"0":{"start":{"line":1,"column":0},"end":{"line":1,"column":35}},"1":{"start":{"line":2,"column":0},"end":{"line":2,"column":33}},"2":{"start":{"line":3,"column":0},"end":{"line":3,"column":67}},"3":{"start":{"line":6,"column":0},"end":{"line":6,"column":23}},"4":{"start":{"line":9,"column":13},"end":{"line":9,"column":38}},"5":{"start":{"line":10,"column":13},"end":{"line":10,"column":38}},"6":{"start":{"line":11,"column":13},"end":{"line":11,"column":38}},"7":{"start":{"line":14,"column":0},"end":{"line":14,"column":null}},"8":{"start":{"line":22,"column":9},"end":{"line":22,"column":null}},"9":{"start":{"line":27,"column":10},"end":{"line":27,"column":null}},"10":{"start":{"line":29,"column":10},"end":{"line":29,"column":null}},"11":{"start":{"line":31,"column":10},"end":{"line":31,"column":null}},"12":{"start":{"line":36,"column":10},"end":{"line":36,"column":null}},"13":{"start":{"line":41,"column":10},"end":{"line":41,"column":null}},"14":{"start":{"line":43,"column":10},"end":{"line":43,"column":null}},"15":{"start":{"line":45,"column":10},"end":{"line":45,"column":null}},"16":{"start":{"line":50,"column":10},"end":{"line":50,"column":null}},"17":{"start":{"line":55,"column":10},"end":{"line":55,"column":null}},"18":{"start":{"line":58,"column":10},"end":{"line":58,"column":null}},"19":{"start":{"line":71,"column":9},"end":{"line":73,"column":null}},"20":{"start":{"line":72,"column":4},"end":{"line":72,"column":null}},"21":{"start":{"line":76,"column":9},"end":{"line":84,"column":null}},"22":{"start":{"line":77,"column":4},"end":{"line":79,"column":null}},"23":{"start":{"line":78,"column":6},"end":{"line":78,"column":null}},"24":{"start":{"line":80,"column":4},"end":{"line":80,"column":null}},"25":{"start":{"line":81,"column":4},"end":{"line":83,"column":null}},"26":{"start":{"line":82,"column":6},"end":{"line":82,"column":null}},"27":{"start":{"line":87,"column":9},"end":{"line":89,"column":null}},"28":{"start":{"line":87,"column":46},"end":{"line":87,"column":null}},"29":{"start":{"line":88,"column":4},"end":{"line":88,"column":null}},"30":{"start":{"line":92,"column":9},"end":{"line":102,"column":null}},"31":{"start":{"line":94,"column":4},"end":{"line":94,"column":null}},"32":{"start":{"line":96,"column":4},"end":{"line":100,"column":null}},"33":{"start":{"line":97,"column":6},"end":{"line":99,"column":null}},"34":{"start":{"line":98,"column":8},"end":{"line":98,"column":null}},"35":{"start":{"line":105,"column":9},"end":{"line":109,"column":null}},"36":{"start":{"line":106,"column":4},"end":{"line":106,"column":null}},"37":{"start":{"line":107,"column":4},"end":{"line":107,"column":null}},"38":{"start":{"line":108,"column":4},"end":{"line":108,"column":null}},"39":{"start":{"line":112,"column":9},"end":{"line":270,"column":null}},"40":{"start":{"line":121,"column":4},"end":{"line":123,"column":null}},"41":{"start":{"line":122,"column":6},"end":{"line":122,"column":12}},"42":{"start":{"line":126,"column":4},"end":{"line":130,"column":null}},"43":{"start":{"line":127,"column":6},"end":{"line":129,"column":null}},"44":{"start":{"line":133,"column":4},"end":{"line":133,"column":null}},"45":{"start":{"line":134,"column":4},"end":{"line":134,"column":null}},"46":{"start":{"line":137,"column":30},"end":{"line":137,"column":32}},"47":{"start":{"line":138,"column":42},"end":{"line":138,"column":44}},"48":{"start":{"line":140,"column":33},"end":{"line":140,"column":35}},"49":{"start":{"line":141,"column":26},"end":{"line":141,"column":28}},"50":{"start":{"line":144,"column":4},"end":{"line":160,"column":null}},"51":{"start":{"line":144,"column":28},"end":{"line":144,"column":32}},"52":{"start":{"line":144,"column":28},"end":{"line":144,"column":45}},"53":{"start":{"line":144,"column":24},"end":{"line":144,"column":28}},"54":{"start":{"line":145,"column":6},"end":{"line":159,"column":null}},"55":{"start":{"line":146,"column":8},"end":{"line":158,"column":null}},"56":{"start":{"line":147,"column":10},"end":{"line":147,"column":null}},"57":{"start":{"line":148,"column":22},"end":{"line":148,"column":40}},"58":{"start":{"line":149,"column":10},"end":{"line":151,"column":null}},"59":{"start":{"line":150,"column":12},"end":{"line":150,"column":null}},"60":{"start":{"line":152,"column":10},"end":{"line":152,"column":null}},"61":{"start":{"line":154,"column":10},"end":{"line":156,"column":null}},"62":{"start":{"line":155,"column":12},"end":{"line":155,"column":null}},"63":{"start":{"line":163,"column":22},"end":{"line":163,"column":80}},"64":{"start":{"line":163,"column":68},"end":{"line":163,"column":80}},"65":{"start":{"line":164,"column":4},"end":{"line":190,"column":null}},"66":{"start":{"line":164,"column":23},"end":{"line":164,"column":32}},"67":{"start":{"line":164,"column":19},"end":{"line":164,"column":23}},"68":{"start":{"line":166,"column":6},"end":{"line":168,"column":null}},"69":{"start":{"line":167,"column":8},"end":{"line":167,"column":16}},"70":{"start":{"line":169,"column":19},"end":{"line":169,"column":47}},"71":{"start":{"line":170,"column":6},"end":{"line":172,"column":null}},"72":{"start":{"line":171,"column":8},"end":{"line":171,"column":16}},"73":{"start":{"line":175,"column":6},"end":{"line":175,"column":null}},"74":{"start":{"line":178,"column":6},"end":{"line":188,"column":null}},"75":{"start":{"line":180,"column":8},"end":{"line":180,"column":null}},"76":{"start":{"line":181,"column":8},"end":{"line":181,"column":null}},"77":{"start":{"line":183,"column":8},"end":{"line":183,"column":null}},"78":{"start":{"line":184,"column":8},"end":{"line":186,"column":null}},"79":{"start":{"line":185,"column":10},"end":{"line":185,"column":null}},"80":{"start":{"line":187,"column":8},"end":{"line":187,"column":null}},"81":{"start":{"line":193,"column":4},"end":{"line":193,"column":null}},"82":{"start":{"line":197,"column":22},"end":{"line":197,"column":46}},"83":{"start":{"line":198,"column":4},"end":{"line":229,"column":null}},"84":{"start":{"line":201,"column":11},"end":{"line":201,"column":null}},"85":{"start":{"line":202,"column":6},"end":{"line":204,"column":null}},"86":{"start":{"line":203,"column":8},"end":{"line":203,"column":null}},"87":{"start":{"line":206,"column":6},"end":{"line":214,"column":null}},"88":{"start":{"line":208,"column":29},"end":{"line":208,"column":105}},"89":{"start":{"line":210,"column":8},"end":{"line":210,"column":null}},"90":{"start":{"line":211,"column":8},"end":{"line":213,"column":null}},"91":{"start":{"line":212,"column":10},"end":{"line":212,"column":null}},"92":{"start":{"line":217,"column":6},"end":{"line":217,"column":null}},"93":{"start":{"line":220,"column":6},"end":{"line":222,"column":null}},"94":{"start":{"line":221,"column":8},"end":{"line":221,"column":null}},"95":{"start":{"line":232,"column":4},"end":{"line":245,"column":null}},"96":{"start":{"line":232,"column":16},"end":{"line":232,"column":17}},"97":{"start":{"line":233,"column":24},"end":{"line":233,"column":46}},"98":{"start":{"line":235,"column":6},"end":{"line":235,"column":null}},"99":{"start":{"line":235,"column":40},"end":{"line":235,"column":48}},"100":{"start":{"line":237,"column":6},"end":{"line":237,"column":null}},"101":{"start":{"line":237,"column":66},"end":{"line":237,"column":74}},"102":{"start":{"line":239,"column":6},"end":{"line":239,"column":null}},"103":{"start":{"line":239,"column":49},"end":{"line":239,"column":57}},"104":{"start":{"line":242,"column":6},"end":{"line":242,"column":null}},"105":{"start":{"line":242,"column":65},"end":{"line":242,"column":73}},"106":{"start":{"line":244,"column":7},"end":{"line":244,"column":null}},"107":{"start":{"line":248,"column":4},"end":{"line":248,"column":null}},"108":{"start":{"line":249,"column":4},"end":{"line":249,"column":null}},"109":{"start":{"line":252,"column":4},"end":{"line":266,"column":null}},"110":{"start":{"line":254,"column":6},"end":{"line":256,"column":null}},"111":{"start":{"line":255,"column":8},"end":{"line":255,"column":null}},"112":{"start":{"line":258,"column":22},"end":{"line":258,"column":24}},"113":{"start":{"line":259,"column":6},"end":{"line":264,"column":null}},"114":{"start":{"line":260,"column":8},"end":{"line":260,"column":null}},"115":{"start":{"line":265,"column":6},"end":{"line":265,"column":null}},"116":{"start":{"line":268,"column":4},"end":{"line":268,"column":null}},"117":{"start":{"line":273,"column":9},"end":{"line":282,"column":null}},"118":{"start":{"line":275,"column":4},"end":{"line":277,"column":null}},"119":{"start":{"line":276,"column":6},"end":{"line":276,"column":null}},"120":{"start":{"line":278,"column":4},"end":{"line":280,"column":null}},"121":{"start":{"line":279,"column":6},"end":{"line":279,"column":null}},"122":{"start":{"line":285,"column":9},"end":{"line":299,"column":null}},"123":{"start":{"line":287,"column":4},"end":{"line":298,"column":null}},"124":{"start":{"line":288,"column":6},"end":{"line":297,"column":null}},"125":{"start":{"line":290,"column":8},"end":{"line":292,"column":null}},"126":{"start":{"line":291,"column":10},"end":{"line":291,"column":null}},"127":{"start":{"line":295,"column":8},"end":{"line":295,"column":null}},"128":{"start":{"line":296,"column":8},"end":{"line":296,"column":13}},"129":{"start":{"line":302,"column":10},"end":{"line":335,"column":null}},"130":{"start":{"line":304,"column":21},"end":{"line":304,"column":46}},"131":{"start":{"line":306,"column":19},"end":{"line":306,"column":24}},"132":{"start":{"line":307,"column":4},"end":{"line":318,"column":null}},"133":{"start":{"line":309,"column":6},"end":{"line":317,"column":null}},"134":{"start":{"line":311,"column":8},"end":{"line":313,"column":null}},"135":{"start":{"line":312,"column":10},"end":{"line":312,"column":18}},"136":{"start":{"line":315,"column":8},"end":{"line":315,"column":null}},"137":{"start":{"line":316,"column":8},"end":{"line":316,"column":null}},"138":{"start":{"line":320,"column":4},"end":{"line":328,"column":null}},"139":{"start":{"line":321,"column":6},"end":{"line":327,"column":null}},"140":{"start":{"line":322,"column":8},"end":{"line":324,"column":null}},"141":{"start":{"line":323,"column":10},"end":{"line":323,"column":18}},"142":{"start":{"line":325,"column":8},"end":{"line":325,"column":null}},"143":{"start":{"line":326,"column":8},"end":{"line":326,"column":null}},"144":{"start":{"line":331,"column":4},"end":{"line":333,"column":null}},"145":{"start":{"line":332,"column":6},"end":{"line":332,"column":null}},"146":{"start":{"line":338,"column":10},"end":{"line":485,"column":null}},"147":{"start":{"line":338,"column":2},"end":{"line":338,"column":10}},"148":{"start":{"line":341,"column":4},"end":{"line":343,"column":null}},"149":{"start":{"line":342,"column":6},"end":{"line":342,"column":12}},"150":{"start":{"line":346,"column":4},"end":{"line":367,"column":null}},"151":{"start":{"line":348,"column":23},"end":{"line":357,"column":null}},"152":{"start":{"line":359,"column":6},"end":{"line":361,"column":null}},"153":{"start":{"line":360,"column":8},"end":{"line":360,"column":14}},"154":{"start":{"line":363,"column":6},"end":{"line":365,"column":null}},"155":{"start":{"line":364,"column":8},"end":{"line":364,"column":14}},"156":{"start":{"line":370,"column":15},"end":{"line":370,"column":20}},"157":{"start":{"line":371,"column":4},"end":{"line":373,"column":null}},"158":{"start":{"line":372,"column":6},"end":{"line":372,"column":null}},"159":{"start":{"line":376,"column":4},"end":{"line":376,"column":null}},"160":{"start":{"line":380,"column":26},"end":{"line":394,"column":5}},"161":{"start":{"line":382,"column":6},"end":{"line":385,"column":null}},"162":{"start":{"line":383,"column":8},"end":{"line":383,"column":null}},"163":{"start":{"line":384,"column":8},"end":{"line":384,"column":null}},"164":{"start":{"line":387,"column":6},"end":{"line":392,"column":null}},"165":{"start":{"line":388,"column":8},"end":{"line":388,"column":null}},"166":{"start":{"line":389,"column":8},"end":{"line":391,"column":null}},"167":{"start":{"line":390,"column":10},"end":{"line":390,"column":null}},"168":{"start":{"line":399,"column":21},"end":{"line":399,"column":46}},"169":{"start":{"line":406,"column":4},"end":{"line":408,"column":null}},"170":{"start":{"line":407,"column":6},"end":{"line":407,"column":12}},"171":{"start":{"line":414,"column":22},"end":{"line":414,"column":96}},"172":{"start":{"line":415,"column":4},"end":{"line":444,"column":null}},"173":{"start":{"line":417,"column":23},"end":{"line":417,"column":27}},"174":{"start":{"line":419,"column":6},"end":{"line":442,"column":null}},"175":{"start":{"line":422,"column":10},"end":{"line":424,"column":null}},"176":{"start":{"line":423,"column":12},"end":{"line":423,"column":null}},"177":{"start":{"line":425,"column":10},"end":{"line":425,"column":null}},"178":{"start":{"line":426,"column":10},"end":{"line":426,"column":null}},"179":{"start":{"line":431,"column":10},"end":{"line":431,"column":null}},"180":{"start":{"line":432,"column":10},"end":{"line":432,"column":null}},"181":{"start":{"line":433,"column":10},"end":{"line":433,"column":null}},"182":{"start":{"line":443,"column":6},"end":{"line":443,"column":12}},"183":{"start":{"line":452,"column":25},"end":{"line":452,"column":35}},"184":{"start":{"line":453,"column":23},"end":{"line":453,"column":27}},"185":{"start":{"line":455,"column":6},"end":{"line":482,"column":null}},"186":{"start":{"line":458,"column":10},"end":{"line":458,"column":null}},"187":{"start":{"line":460,"column":10},"end":{"line":460,"column":null}},"188":{"start":{"line":462,"column":10},"end":{"line":469,"column":null}},"189":{"start":{"line":463,"column":27},"end":{"line":463,"column":40}},"190":{"start":{"line":464,"column":14},"end":{"line":468,"column":null}},"191":{"start":{"line":465,"column":14},"end":{"line":467,"column":null}},"192":{"start":{"line":466,"column":16},"end":{"line":466,"column":null}},"193":{"start":{"line":476,"column":10},"end":{"line":476,"column":null}},"194":{"start":{"line":477,"column":10},"end":{"line":479,"column":null}},"195":{"start":{"line":478,"column":12},"end":{"line":478,"column":null}},"196":{"start":{"line":487,"column":0},"end":{"line":487,"column":null}}},"fnMap":{"0":{"name":"(anonymous_0)","decl":{"start":{"line":14,"column":0},"end":{"line":14,"column":null}},"loc":{"start":{"line":14,"column":0},"end":{"line":487,"column":null}}},"1":{"name":"ReactiveVar","decl":{"start":{"line":67,"column":2},"end":{"line":67,"column":null}},"loc":{"start":{"line":67,"column":2},"end":{"line":69,"column":3}}},"2":{"name":"(anonymous_2)","decl":{"start":{"line":71,"column":2},"end":{"line":71,"column":9}},"loc":{"start":{"line":71,"column":28},"end":{"line":73,"column":3}}},"3":{"name":"(anonymous_3)","decl":{"start":{"line":76,"column":2},"end":{"line":76,"column":9}},"loc":{"start":{"line":76,"column":51},"end":{"line":84,"column":3}}},"4":{"name":"(anonymous_4)","decl":{"start":{"line":87,"column":2},"end":{"line":87,"column":9}},"loc":{"start":{"line":87,"column":83},"end":{"line":89,"column":3}}},"5":{"name":"(anonymous_5)","decl":{"start":{"line":92,"column":2},"end":{"line":92,"column":9}},"loc":{"start":{"line":92,"column":36},"end":{"line":102,"column":3}}},"6":{"name":"(anonymous_6)","decl":{"start":{"line":105,"column":2},"end":{"line":105,"column":9}},"loc":{"start":{"line":105,"column":49},"end":{"line":109,"column":3}}},"7":{"name":"(anonymous_7)","decl":{"start":{"line":112,"column":2},"end":{"line":112,"column":9}},"loc":{"start":{"line":112,"column":113},"end":{"line":270,"column":3}}},"8":{"name":"(anonymous_8)","decl":{"start":{"line":163,"column":60},"end":{"line":163,"column":64}},"loc":{"start":{"line":163,"column":64},"end":{"line":163,"column":72}}},"9":{"name":"(anonymous_9)","decl":{"start":{"line":273,"column":2},"end":{"line":273,"column":9}},"loc":{"start":{"line":273,"column":2},"end":{"line":282,"column":3}}},"10":{"name":"(anonymous_10)","decl":{"start":{"line":285,"column":2},"end":{"line":285,"column":9}},"loc":{"start":{"line":285,"column":58},"end":{"line":299,"column":3}}},"11":{"name":"(anonymous_11)","decl":{"start":{"line":302,"column":2},"end":{"line":302,"column":10}},"loc":{"start":{"line":302,"column":53},"end":{"line":335,"column":3}}},"12":{"name":"(anonymous_12)","decl":{"start":{"line":338,"column":2},"end":{"line":338,"column":10}},"loc":{"start":{"line":338,"column":56},"end":{"line":485,"column":3}}},"13":{"name":"(anonymous_13)","decl":{"start":{"line":380,"column":26},"end":{"line":380,"column":27}},"loc":{"start":{"line":380,"column":72},"end":{"line":394,"column":5}}},"14":{"name":"(anonymous_14)","decl":{"start":{"line":420,"column":13},"end":{"line":420,"column":null}},"loc":{"start":{"line":420,"column":13},"end":{"line":428,"column":9}}},"15":{"name":"(anonymous_15)","decl":{"start":{"line":429,"column":18},"end":{"line":429,"column":19}},"loc":{"start":{"line":429,"column":30},"end":{"line":435,"column":9}}},"16":{"name":"(anonymous_16)","decl":{"start":{"line":436,"column":13},"end":{"line":436,"column":14}},"loc":{"start":{"line":436,"column":42},"end":{"line":438,"column":9}}},"17":{"name":"(anonymous_17)","decl":{"start":{"line":439,"column":16},"end":{"line":439,"column":17}},"loc":{"start":{"line":439,"column":58},"end":{"line":441,"column":9}}},"18":{"name":"(anonymous_18)","decl":{"start":{"line":456,"column":18},"end":{"line":456,"column":19}},"loc":{"start":{"line":456,"column":30},"end":{"line":471,"column":9}}},"19":{"name":"(anonymous_19)","decl":{"start":{"line":464,"column":39},"end":{"line":464,"column":null}},"loc":{"start":{"line":464,"column":39},"end":{"line":468,"column":13}}},"20":{"name":"(anonymous_20)","decl":{"start":{"line":472,"column":13},"end":{"line":472,"column":14}},"loc":{"start":{"line":472,"column":51},"end":{"line":474,"column":9}}},"21":{"name":"(anonymous_21)","decl":{"start":{"line":475,"column":16},"end":{"line":475,"column":17}},"loc":{"start":{"line":475,"column":62},"end":{"line":481,"column":9}}}},"branchMap":{"0":{"loc":{"start":{"line":77,"column":4},"end":{"line":79,"column":null}},"type":"if","locations":[{"start":{"line":77,"column":4},"end":{"line":79,"column":null}},{"start":{"line":77,"column":4},"end":{"line":79,"column":null}}]},"1":{"loc":{"start":{"line":87,"column":46},"end":{"line":87,"column":null}},"type":"if","locations":[{"start":{"line":87,"column":46},"end":{"line":87,"column":null}},{"start":{"line":87,"column":46},"end":{"line":87,"column":null}}]},"2":{"loc":{"start":{"line":97,"column":6},"end":{"line":99,"column":null}},"type":"if","locations":[{"start":{"line":97,"column":6},"end":{"line":99,"column":null}},{"start":{"line":97,"column":6},"end":{"line":99,"column":null}}]},"3":{"loc":{"start":{"line":121,"column":4},"end":{"line":123,"column":null}},"type":"if","locations":[{"start":{"line":121,"column":4},"end":{"line":123,"column":null}},{"start":{"line":121,"column":4},"end":{"line":123,"column":null}}]},"4":{"loc":{"start":{"line":121,"column":7},"end":{"line":121,"column":25}},"type":"binary-expr","locations":[{"start":{"line":121,"column":7},"end":{"line":121,"column":25}},{"start":{"line":121,"column":29},"end":{"line":121,"column":47}}]},"5":{"loc":{"start":{"line":126,"column":4},"end":{"line":130,"column":null}},"type":"if","locations":[{"start":{"line":126,"column":4},"end":{"line":130,"column":null}},{"start":{"line":126,"column":4},"end":{"line":130,"column":null}}]},"6":{"loc":{"start":{"line":146,"column":8},"end":{"line":158,"column":null}},"type":"if","locations":[{"start":{"line":146,"column":8},"end":{"line":158,"column":null}},{"start":{"line":146,"column":8},"end":{"line":158,"column":null}}]},"7":{"loc":{"start":{"line":149,"column":10},"end":{"line":151,"column":null}},"type":"if","locations":[{"start":{"line":149,"column":10},"end":{"line":151,"column":null}},{"start":{"line":149,"column":10},"end":{"line":151,"column":null}}]},"8":{"loc":{"start":{"line":154,"column":10},"end":{"line":156,"column":null}},"type":"if","locations":[{"start":{"line":154,"column":10},"end":{"line":156,"column":null}},{"start":{"line":154,"column":10},"end":{"line":156,"column":null}}]},"9":{"loc":{"start":{"line":166,"column":6},"end":{"line":168,"column":null}},"type":"if","locations":[{"start":{"line":166,"column":6},"end":{"line":168,"column":null}},{"start":{"line":166,"column":6},"end":{"line":168,"column":null}}]},"10":{"loc":{"start":{"line":170,"column":6},"end":{"line":172,"column":null}},"type":"if","locations":[{"start":{"line":170,"column":6},"end":{"line":172,"column":null}},{"start":{"line":170,"column":6},"end":{"line":172,"column":null}}]},"11":{"loc":{"start":{"line":178,"column":6},"end":{"line":188,"column":null}},"type":"if","locations":[{"start":{"line":178,"column":6},"end":{"line":188,"column":null}},{"start":{"line":178,"column":6},"end":{"line":188,"column":null}}]},"12":{"loc":{"start":{"line":184,"column":8},"end":{"line":186,"column":null}},"type":"if","locations":[{"start":{"line":184,"column":8},"end":{"line":186,"column":null}},{"start":{"line":184,"column":8},"end":{"line":186,"column":null}}]},"13":{"loc":{"start":{"line":202,"column":6},"end":{"line":204,"column":null}},"type":"if","locations":[{"start":{"line":202,"column":6},"end":{"line":204,"column":null}},{"start":{"line":202,"column":6},"end":{"line":204,"column":null}}]},"14":{"loc":{"start":{"line":206,"column":6},"end":{"line":214,"column":null}},"type":"if","locations":[{"start":{"line":206,"column":6},"end":{"line":214,"column":null}},{"start":{"line":206,"column":6},"end":{"line":214,"column":null}}]},"15":{"loc":{"start":{"line":211,"column":8},"end":{"line":213,"column":null}},"type":"if","locations":[{"start":{"line":211,"column":8},"end":{"line":213,"column":null}},{"start":{"line":211,"column":8},"end":{"line":213,"column":null}}]},"16":{"loc":{"start":{"line":220,"column":6},"end":{"line":222,"column":null}},"type":"if","locations":[{"start":{"line":220,"column":6},"end":{"line":222,"column":null}},{"start":{"line":220,"column":6},"end":{"line":222,"column":null}}]},"17":{"loc":{"start":{"line":235,"column":6},"end":{"line":235,"column":null}},"type":"if","locations":[{"start":{"line":235,"column":6},"end":{"line":235,"column":null}},{"start":{"line":235,"column":6},"end":{"line":235,"column":null}}]},"18":{"loc":{"start":{"line":237,"column":6},"end":{"line":237,"column":null}},"type":"if","locations":[{"start":{"line":237,"column":6},"end":{"line":237,"column":null}},{"start":{"line":237,"column":6},"end":{"line":237,"column":null}}]},"19":{"loc":{"start":{"line":239,"column":6},"end":{"line":239,"column":null}},"type":"if","locations":[{"start":{"line":239,"column":6},"end":{"line":239,"column":null}},{"start":{"line":239,"column":6},"end":{"line":239,"column":null}}]},"20":{"loc":{"start":{"line":242,"column":6},"end":{"line":242,"column":null}},"type":"if","locations":[{"start":{"line":242,"column":6},"end":{"line":242,"column":null}},{"start":{"line":242,"column":6},"end":{"line":242,"column":null}}]},"21":{"loc":{"start":{"line":252,"column":4},"end":{"line":266,"column":null}},"type":"if","locations":[{"start":{"line":252,"column":4},"end":{"line":266,"column":null}},{"start":{"line":252,"column":4},"end":{"line":266,"column":null}}]},"22":{"loc":{"start":{"line":254,"column":6},"end":{"line":256,"column":null}},"type":"if","locations":[{"start":{"line":254,"column":6},"end":{"line":256,"column":null}},{"start":{"line":254,"column":6},"end":{"line":256,"column":null}}]},"23":{"loc":{"start":{"line":288,"column":6},"end":{"line":297,"column":null}},"type":"if","locations":[{"start":{"line":288,"column":6},"end":{"line":297,"column":null}},{"start":{"line":288,"column":6},"end":{"line":297,"column":null}}]},"24":{"loc":{"start":{"line":290,"column":8},"end":{"line":292,"column":null}},"type":"if","locations":[{"start":{"line":290,"column":8},"end":{"line":292,"column":null}},{"start":{"line":290,"column":8},"end":{"line":292,"column":null}}]},"25":{"loc":{"start":{"line":304,"column":21},"end":{"line":304,"column":32}},"type":"binary-expr","locations":[{"start":{"line":304,"column":21},"end":{"line":304,"column":32}},{"start":{"line":304,"column":36},"end":{"line":304,"column":46}}]},"26":{"loc":{"start":{"line":309,"column":6},"end":{"line":317,"column":null}},"type":"if","locations":[{"start":{"line":309,"column":6},"end":{"line":317,"column":null}},{"start":{"line":309,"column":6},"end":{"line":317,"column":null}}]},"27":{"loc":{"start":{"line":311,"column":8},"end":{"line":313,"column":null}},"type":"if","locations":[{"start":{"line":311,"column":8},"end":{"line":313,"column":null}},{"start":{"line":311,"column":8},"end":{"line":313,"column":null}}]},"28":{"loc":{"start":{"line":321,"column":6},"end":{"line":327,"column":null}},"type":"if","locations":[{"start":{"line":321,"column":6},"end":{"line":327,"column":null}},{"start":{"line":321,"column":6},"end":{"line":327,"column":null}}]},"29":{"loc":{"start":{"line":322,"column":8},"end":{"line":324,"column":null}},"type":"if","locations":[{"start":{"line":322,"column":8},"end":{"line":324,"column":null}},{"start":{"line":322,"column":8},"end":{"line":324,"column":null}}]},"30":{"loc":{"start":{"line":331,"column":4},"end":{"line":333,"column":null}},"type":"if","locations":[{"start":{"line":331,"column":4},"end":{"line":333,"column":null}},{"start":{"line":331,"column":4},"end":{"line":333,"column":null}}]},"31":{"loc":{"start":{"line":341,"column":4},"end":{"line":343,"column":null}},"type":"if","locations":[{"start":{"line":341,"column":4},"end":{"line":343,"column":null}},{"start":{"line":341,"column":4},"end":{"line":343,"column":null}}]},"32":{"loc":{"start":{"line":346,"column":4},"end":{"line":367,"column":null}},"type":"if","locations":[{"start":{"line":346,"column":4},"end":{"line":367,"column":null}},{"start":{"line":346,"column":4},"end":{"line":367,"column":null}}]},"33":{"loc":{"start":{"line":359,"column":6},"end":{"line":361,"column":null}},"type":"if","locations":[{"start":{"line":359,"column":6},"end":{"line":361,"column":null}},{"start":{"line":359,"column":6},"end":{"line":361,"column":null}}]},"34":{"loc":{"start":{"line":363,"column":6},"end":{"line":365,"column":null}},"type":"if","locations":[{"start":{"line":363,"column":6},"end":{"line":365,"column":null}},{"start":{"line":363,"column":6},"end":{"line":365,"column":null}}]},"35":{"loc":{"start":{"line":371,"column":4},"end":{"line":373,"column":null}},"type":"if","locations":[{"start":{"line":371,"column":4},"end":{"line":373,"column":null}},{"start":{"line":371,"column":4},"end":{"line":373,"column":null}}]},"36":{"loc":{"start":{"line":371,"column":7},"end":{"line":371,"column":20}},"type":"binary-expr","locations":[{"start":{"line":371,"column":7},"end":{"line":371,"column":20}},{"start":{"line":371,"column":24},"end":{"line":371,"column":52}}]},"37":{"loc":{"start":{"line":382,"column":6},"end":{"line":385,"column":null}},"type":"if","locations":[{"start":{"line":382,"column":6},"end":{"line":385,"column":null}},{"start":{"line":382,"column":6},"end":{"line":385,"column":null}}]},"38":{"loc":{"start":{"line":383,"column":33},"end":{"line":383,"column":55}},"type":"binary-expr","locations":[{"start":{"line":383,"column":33},"end":{"line":383,"column":55}},{"start":{"line":383,"column":59},"end":{"line":383,"column":61}}]},"39":{"loc":{"start":{"line":387,"column":6},"end":{"line":392,"column":null}},"type":"if","locations":[{"start":{"line":387,"column":6},"end":{"line":392,"column":null}},{"start":{"line":387,"column":6},"end":{"line":392,"column":null}}]},"40":{"loc":{"start":{"line":388,"column":40},"end":{"line":388,"column":69}},"type":"binary-expr","locations":[{"start":{"line":388,"column":40},"end":{"line":388,"column":69}},{"start":{"line":388,"column":73},"end":{"line":388,"column":75}}]},"41":{"loc":{"start":{"line":389,"column":8},"end":{"line":391,"column":null}},"type":"if","locations":[{"start":{"line":389,"column":8},"end":{"line":391,"column":null}},{"start":{"line":389,"column":8},"end":{"line":391,"column":null}}]},"42":{"loc":{"start":{"line":406,"column":4},"end":{"line":408,"column":null}},"type":"if","locations":[{"start":{"line":406,"column":4},"end":{"line":408,"column":null}},{"start":{"line":406,"column":4},"end":{"line":408,"column":null}}]},"43":{"loc":{"start":{"line":415,"column":4},"end":{"line":444,"column":null}},"type":"if","locations":[{"start":{"line":415,"column":4},"end":{"line":444,"column":null}},{"start":{"line":415,"column":4},"end":{"line":444,"column":null}}]},"44":{"loc":{"start":{"line":422,"column":10},"end":{"line":424,"column":null}},"type":"if","locations":[{"start":{"line":422,"column":10},"end":{"line":424,"column":null}},{"start":{"line":422,"column":10},"end":{"line":424,"column":null}}]},"45":{"loc":{"start":{"line":422,"column":13},"end":{"line":422,"column":49}},"type":"binary-expr","locations":[{"start":{"line":422,"column":13},"end":{"line":422,"column":49}},{"start":{"line":422,"column":53},"end":{"line":422,"column":93}}]},"46":{"loc":{"start":{"line":462,"column":10},"end":{"line":469,"column":null}},"type":"if","locations":[{"start":{"line":462,"column":10},"end":{"line":469,"column":null}},{"start":{"line":462,"column":10},"end":{"line":469,"column":null}}]},"47":{"loc":{"start":{"line":462,"column":13},"end":{"line":462,"column":35}},"type":"binary-expr","locations":[{"start":{"line":462,"column":13},"end":{"line":462,"column":35}},{"start":{"line":462,"column":39},"end":{"line":462,"column":82}}]},"48":{"loc":{"start":{"line":465,"column":14},"end":{"line":467,"column":null}},"type":"if","locations":[{"start":{"line":465,"column":14},"end":{"line":467,"column":null}},{"start":{"line":465,"column":14},"end":{"line":467,"column":null}}]},"49":{"loc":{"start":{"line":477,"column":10},"end":{"line":479,"column":null}},"type":"if","locations":[{"start":{"line":477,"column":10},"end":{"line":479,"column":null}},{"start":{"line":477,"column":10},"end":{"line":479,"column":null}}]},"50":{"loc":{"start":{"line":477,"column":13},"end":{"line":477,"column":35}},"type":"binary-expr","locations":[{"start":{"line":477,"column":13},"end":{"line":477,"column":35}},{"start":{"line":477,"column":39},"end":{"line":477,"column":82}}]}},"s":{"0":29,"1":29,"2":29,"3":29,"4":29,"5":29,"6":29,"7":29,"8":235,"9":235,"10":235,"11":235,"12":235,"13":235,"14":235,"15":235,"16":235,"17":235,"18":235,"19":29,"20":235,"21":29,"22":235,"23":0,"24":235,"25":235,"26":12188,"27":29,"28":67,"29":67,"30":29,"31":270,"32":270,"33":784,"34":248,"35":29,"36":282,"37":282,"38":282,"39":29,"40":2113,"41":564,"42":1549,"43":361,"44":1549,"45":1549,"46":1549,"47":1549,"48":1549,"49":1549,"50":1549,"51":1549,"52":1549,"53":2237,"54":2237,"55":4514,"56":3491,"57":3491,"58":3491,"59":0,"60":3491,"61":3491,"62":13,"63":1549,"64":7467,"65":1549,"66":3098,"67":7467,"68":7467,"69":5599,"70":1868,"71":1868,"72":883,"73":985,"74":985,"75":985,"76":985,"77":985,"78":985,"79":24,"80":985,"81":1549,"82":1549,"83":1549,"84":1549,"85":1549,"86":1549,"87":1549,"88":598,"89":598,"90":598,"91":598,"92":1549,"93":1549,"94":17,"95":1549,"96":1549,"97":985,"98":985,"99":0,"100":985,"101":24,"102":961,"103":0,"104":961,"105":961,"106":0,"107":1549,"108":1549,"109":1549,"110":101,"111":101,"112":0,"113":0,"114":0,"115":0,"116":1448,"117":29,"118":0,"119":0,"120":0,"121":0,"122":29,"123":3,"124":75,"125":3,"126":2,"127":3,"128":3,"129":29,"130":116,"131":116,"132":116,"133":143,"134":143,"135":0,"136":143,"137":143,"138":116,"139":3,"140":3,"141":0,"142":3,"143":3,"144":116,"145":102,"146":29,"147":13173,"148":13173,"149":1220,"150":11953,"151":11953,"152":11953,"153":9192,"154":2761,"155":706,"156":2055,"157":2055,"158":0,"159":2055,"160":2055,"161":2965,"162":2883,"163":2883,"164":2965,"165":17,"166":17,"167":9,"168":2055,"169":2055,"170":1669,"171":386,"172":386,"173":4,"174":4,"175":33,"176":26,"177":7,"178":7,"179":7,"180":7,"181":7,"182":4,"183":382,"184":382,"185":382,"186":2958,"187":2958,"188":2958,"189":2,"190":2,"191":2,"192":2,"193":113,"194":113,"195":12,"196":29},"f":{"0":29,"1":235,"2":235,"3":235,"4":67,"5":270,"6":282,"7":2113,"8":7467,"9":0,"10":3,"11":116,"12":13173,"13":2965,"14":33,"15":7,"16":0,"17":0,"18":2958,"19":2,"20":259,"21":113},"b":{"0":[0,235],"1":[0,67],"2":[248,536],"3":[564,1549],"4":[2113,1549],"5":[361,1188],"6":[3491,1023],"7":[0,3491],"8":[13,3478],"9":[5599,1868],"10":[883,985],"11":[985,0],"12":[24,961],"13":[1549,0],"14":[598,951],"15":[598,0],"16":[17,1532],"17":[0,985],"18":[24,961],"19":[0,961],"20":[961,0],"21":[101,1448],"22":[101,0],"23":[3,72],"24":[2,1],"25":[116,38],"26":[143,0],"27":[0,143],"28":[3,0],"29":[0,3],"30":[102,14],"31":[1220,11953],"32":[11953,0],"33":[9192,2761],"34":[706,2055],"35":[0,2055],"36":[2055,2055],"37":[2883,82],"38":[2883,363],"39":[17,2948],"40":[17,7],"41":[9,8],"42":[1669,386],"43":[4,382],"44":[26,7],"45":[33,33],"46":[2,2956],"47":[2958,13],"48":[2,0],"49":[12,101],"50":[113,12]}}
,"/Volumes/DATADISK1/Dev/Projects/flexlayers2/vdom/src/lib/VDom.ts": {"path":"/Volumes/DATADISK1/Dev/Projects/flexlayers2/vdom/src/lib/VDom.ts","statementMap":{"0":{"start":{"line":1,"column":0},"end":{"line":1,"column":120}},"1":{"start":{"line":2,"column":0},"end":{"line":2,"column":23}},"2":{"start":{"line":3,"column":0},"end":{"line":3,"column":41}},"3":{"start":{"line":5,"column":0},"end":{"line":5,"column":67}},"4":{"start":{"line":7,"column":0},"end":{"line":7,"column":47}},"5":{"start":{"line":8,"column":0},"end":{"line":8,"column":74}},"6":{"start":{"line":9,"column":0},"end":{"line":9,"column":29}},"7":{"start":{"line":10,"column":0},"end":{"line":10,"column":97}},"8":{"start":{"line":11,"column":0},"end":{"line":11,"column":35}},"9":{"start":{"line":18,"column":0},"end":{"line":18,"column":null}},"10":{"start":{"line":18,"column":34},"end":{"line":18,"column":40}},"11":{"start":{"line":115,"column":4},"end":{"line":115,"column":null}},"12":{"start":{"line":32,"column":18},"end":{"line":32,"column":null}},"13":{"start":{"line":34,"column":18},"end":{"line":34,"column":null}},"14":{"start":{"line":36,"column":18},"end":{"line":36,"column":null}},"15":{"start":{"line":38,"column":9},"end":{"line":38,"column":null}},"16":{"start":{"line":40,"column":9},"end":{"line":40,"column":null}},"17":{"start":{"line":43,"column":9},"end":{"line":43,"column":null}},"18":{"start":{"line":50,"column":9},"end":{"line":50,"column":null}},"19":{"start":{"line":52,"column":9},"end":{"line":52,"column":null}},"20":{"start":{"line":54,"column":9},"end":{"line":54,"column":null}},"21":{"start":{"line":56,"column":9},"end":{"line":56,"column":null}},"22":{"start":{"line":59,"column":9},"end":{"line":59,"column":null}},"23":{"start":{"line":61,"column":9},"end":{"line":61,"column":null}},"24":{"start":{"line":63,"column":9},"end":{"line":63,"column":null}},"25":{"start":{"line":65,"column":9},"end":{"line":65,"column":null}},"26":{"start":{"line":74,"column":18},"end":{"line":74,"column":null}},"27":{"start":{"line":82,"column":9},"end":{"line":82,"column":null}},"28":{"start":{"line":84,"column":9},"end":{"line":84,"column":null}},"29":{"start":{"line":89,"column":9},"end":{"line":89,"column":null}},"30":{"start":{"line":99,"column":10},"end":{"line":99,"column":null}},"31":{"start":{"line":117,"column":4},"end":{"line":117,"column":null}},"32":{"start":{"line":119,"column":4},"end":{"line":134,"column":null}},"33":{"start":{"line":121,"column":6},"end":{"line":123,"column":null}},"34":{"start":{"line":122,"column":8},"end":{"line":122,"column":null}},"35":{"start":{"line":124,"column":6},"end":{"line":126,"column":null}},"36":{"start":{"line":125,"column":8},"end":{"line":125,"column":null}},"37":{"start":{"line":127,"column":6},"end":{"line":129,"column":null}},"38":{"start":{"line":128,"column":8},"end":{"line":128,"column":null}},"39":{"start":{"line":130,"column":6},"end":{"line":132,"column":null}},"40":{"start":{"line":131,"column":8},"end":{"line":131,"column":null}},"41":{"start":{"line":137,"column":4},"end":{"line":137,"column":null}},"42":{"start":{"line":140,"column":30},"end":{"line":140,"column":65}},"43":{"start":{"line":141,"column":4},"end":{"line":145,"column":null}},"44":{"start":{"line":142,"column":6},"end":{"line":144,"column":null}},"45":{"start":{"line":143,"column":8},"end":{"line":143,"column":null}},"46":{"start":{"line":146,"column":4},"end":{"line":146,"column":null}},"47":{"start":{"line":149,"column":18},"end":{"line":149,"column":51}},"48":{"start":{"line":150,"column":4},"end":{"line":159,"column":null}},"49":{"start":{"line":151,"column":6},"end":{"line":157,"column":null}},"50":{"start":{"line":152,"column":8},"end":{"line":154,"column":null}},"51":{"start":{"line":153,"column":11},"end":{"line":153,"column":35}},"52":{"start":{"line":156,"column":9},"end":{"line":156,"column":null}},"53":{"start":{"line":158,"column":6},"end":{"line":158,"column":null}},"54":{"start":{"line":160,"column":4},"end":{"line":160,"column":null}},"55":{"start":{"line":163,"column":4},"end":{"line":178,"column":null}},"56":{"start":{"line":165,"column":6},"end":{"line":165,"column":null}},"57":{"start":{"line":167,"column":6},"end":{"line":176,"column":null}},"58":{"start":{"line":168,"column":8},"end":{"line":170,"column":null}},"59":{"start":{"line":169,"column":10},"end":{"line":169,"column":null}},"60":{"start":{"line":196,"column":9},"end":{"line":196,"column":null}},"61":{"start":{"line":197,"column":9},"end":{"line":197,"column":null}},"62":{"start":{"line":198,"column":9},"end":{"line":198,"column":null}},"63":{"start":{"line":199,"column":9},"end":{"line":199,"column":null}},"64":{"start":{"line":200,"column":9},"end":{"line":200,"column":null}},"65":{"start":{"line":201,"column":9},"end":{"line":201,"column":null}},"66":{"start":{"line":202,"column":9},"end":{"line":202,"column":null}},"67":{"start":{"line":203,"column":9},"end":{"line":203,"column":null}},"68":{"start":{"line":206,"column":9},"end":{"line":212,"column":null}},"69":{"start":{"line":208,"column":19},"end":{"line":208,"column":39}},"70":{"start":{"line":210,"column":6},"end":{"line":210,"column":null}},"71":{"start":{"line":211,"column":4},"end":{"line":211,"column":null}},"72":{"start":{"line":215,"column":9},"end":{"line":221,"column":null}},"73":{"start":{"line":217,"column":19},"end":{"line":217,"column":39}},"74":{"start":{"line":219,"column":4},"end":{"line":219,"column":null}},"75":{"start":{"line":220,"column":4},"end":{"line":220,"column":null}},"76":{"start":{"line":224,"column":9},"end":{"line":227,"column":null}},"77":{"start":{"line":225,"column":4},"end":{"line":225,"column":null}},"78":{"start":{"line":226,"column":4},"end":{"line":226,"column":null}},"79":{"start":{"line":230,"column":9},"end":{"line":281,"column":null}},"80":{"start":{"line":230,"column":17},"end":{"line":230,"column":47}},"81":{"start":{"line":233,"column":4},"end":{"line":237,"column":null}},"82":{"start":{"line":236,"column":6},"end":{"line":236,"column":null}},"83":{"start":{"line":240,"column":4},"end":{"line":244,"column":null}},"84":{"start":{"line":241,"column":6},"end":{"line":241,"column":null}},"85":{"start":{"line":243,"column":6},"end":{"line":243,"column":null}},"86":{"start":{"line":246,"column":4},"end":{"line":255,"column":null}},"87":{"start":{"line":248,"column":18},"end":{"line":248,"column":96}},"88":{"start":{"line":249,"column":6},"end":{"line":254,"column":null}},"89":{"start":{"line":253,"column":8},"end":{"line":253,"column":null}},"90":{"start":{"line":257,"column":4},"end":{"line":259,"column":null}},"91":{"start":{"line":258,"column":6},"end":{"line":258,"column":null}},"92":{"start":{"line":261,"column":4},"end":{"line":263,"column":null}},"93":{"start":{"line":262,"column":6},"end":{"line":262,"column":null}},"94":{"start":{"line":264,"column":4},"end":{"line":264,"column":null}},"95":{"start":{"line":266,"column":4},"end":{"line":270,"column":null}},"96":{"start":{"line":267,"column":6},"end":{"line":267,"column":null}},"97":{"start":{"line":269,"column":6},"end":{"line":269,"column":null}},"98":{"start":{"line":273,"column":4},"end":{"line":277,"column":null}},"99":{"start":{"line":276,"column":6},"end":{"line":276,"column":null}},"100":{"start":{"line":279,"column":4},"end":{"line":279,"column":null}},"101":{"start":{"line":284,"column":9},"end":{"line":312,"column":null}},"102":{"start":{"line":297,"column":21},"end":{"line":297,"column":54}},"103":{"start":{"line":299,"column":4},"end":{"line":309,"column":null}},"104":{"start":{"line":300,"column":21},"end":{"line":300,"column":53}},"105":{"start":{"line":306,"column":6},"end":{"line":306,"column":null}},"106":{"start":{"line":308,"column":6},"end":{"line":308,"column":null}},"107":{"start":{"line":310,"column":4},"end":{"line":310,"column":null}},"108":{"start":{"line":315,"column":9},"end":{"line":419,"column":null}},"109":{"start":{"line":315,"column":2},"end":{"line":315,"column":9}},"110":{"start":{"line":327,"column":4},"end":{"line":327,"column":null}},"111":{"start":{"line":330,"column":4},"end":{"line":330,"column":null}},"112":{"start":{"line":331,"column":4},"end":{"line":331,"column":null}},"113":{"start":{"line":334,"column":21},"end":{"line":334,"column":55}},"114":{"start":{"line":335,"column":4},"end":{"line":338,"column":null}},"115":{"start":{"line":336,"column":6},"end":{"line":336,"column":null}},"116":{"start":{"line":337,"column":6},"end":{"line":337,"column":null}},"117":{"start":{"line":341,"column":4},"end":{"line":341,"column":null}},"118":{"start":{"line":343,"column":29},"end":{"line":343,"column":70}},"119":{"start":{"line":346,"column":4},"end":{"line":397,"column":null}},"120":{"start":{"line":348,"column":6},"end":{"line":348,"column":null}},"121":{"start":{"line":351,"column":6},"end":{"line":395,"column":null}},"122":{"start":{"line":353,"column":30},"end":{"line":388,"column":9}},"123":{"start":{"line":354,"column":10},"end":{"line":386,"column":null}},"124":{"start":{"line":356,"column":12},"end":{"line":356,"column":null}},"125":{"start":{"line":358,"column":33},"end":{"line":358,"column":35}},"126":{"start":{"line":359,"column":12},"end":{"line":383,"column":null}},"127":{"start":{"line":360,"column":36},"end":{"line":360,"column":57}},"128":{"start":{"line":361,"column":14},"end":{"line":380,"column":null}},"129":{"start":{"line":361,"column":36},"end":{"line":361,"column":49}},"130":{"start":{"line":361,"column":32},"end":{"line":361,"column":36}},"131":{"start":{"line":363,"column":32},"end":{"line":363,"column":58}},"132":{"start":{"line":365,"column":29},"end":{"line":365,"column":54}},"133":{"start":{"line":366,"column":16},"end":{"line":370,"column":null}},"134":{"start":{"line":367,"column":18},"end":{"line":367,"column":null}},"135":{"start":{"line":369,"column":18},"end":{"line":369,"column":null}},"136":{"start":{"line":372,"column":16},"end":{"line":374,"column":null}},"137":{"start":{"line":373,"column":18},"end":{"line":373,"column":null}},"138":{"start":{"line":376,"column":36},"end":{"line":376,"column":53}},"139":{"start":{"line":378,"column":16},"end":{"line":378,"column":null}},"140":{"start":{"line":382,"column":14},"end":{"line":382,"column":null}},"141":{"start":{"line":384,"column":12},"end":{"line":384,"column":null}},"142":{"start":{"line":385,"column":12},"end":{"line":385,"column":null}},"143":{"start":{"line":390,"column":24},"end":{"line":390,"column":61}},"144":{"start":{"line":391,"column":8},"end":{"line":391,"column":null}},"145":{"start":{"line":393,"column":8},"end":{"line":393,"column":null}},"146":{"start":{"line":400,"column":4},"end":{"line":409,"column":null}},"147":{"start":{"line":402,"column":6},"end":{"line":402,"column":null}},"148":{"start":{"line":403,"column":6},"end":{"line":408,"column":null}},"149":{"start":{"line":404,"column":8},"end":{"line":404,"column":null}},"150":{"start":{"line":405,"column":8},"end":{"line":407,"column":null}},"151":{"start":{"line":406,"column":10},"end":{"line":406,"column":null}},"152":{"start":{"line":411,"column":4},"end":{"line":411,"column":null}},"153":{"start":{"line":412,"column":4},"end":{"line":412,"column":null}},"154":{"start":{"line":413,"column":26},"end":{"line":413,"column":53}},"155":{"start":{"line":414,"column":4},"end":{"line":414,"column":null}},"156":{"start":{"line":415,"column":4},"end":{"line":415,"column":null}},"157":{"start":{"line":417,"column":4},"end":{"line":417,"column":null}},"158":{"start":{"line":421,"column":9},"end":{"line":431,"column":null}},"159":{"start":{"line":422,"column":4},"end":{"line":424,"column":null}},"160":{"start":{"line":423,"column":6},"end":{"line":423,"column":12}},"161":{"start":{"line":425,"column":4},"end":{"line":425,"column":null}},"162":{"start":{"line":426,"column":4},"end":{"line":426,"column":null}},"163":{"start":{"line":427,"column":4},"end":{"line":429,"column":null}},"164":{"start":{"line":428,"column":6},"end":{"line":428,"column":null}},"165":{"start":{"line":430,"column":4},"end":{"line":430,"column":null}},"166":{"start":{"line":433,"column":9},"end":{"line":443,"column":null}},"167":{"start":{"line":434,"column":4},"end":{"line":436,"column":null}},"168":{"start":{"line":435,"column":6},"end":{"line":435,"column":12}},"169":{"start":{"line":437,"column":4},"end":{"line":437,"column":null}},"170":{"start":{"line":438,"column":4},"end":{"line":438,"column":null}},"171":{"start":{"line":439,"column":4},"end":{"line":441,"column":null}},"172":{"start":{"line":440,"column":6},"end":{"line":440,"column":null}},"173":{"start":{"line":442,"column":4},"end":{"line":442,"column":null}},"174":{"start":{"line":446,"column":9},"end":{"line":491,"column":null}},"175":{"start":{"line":449,"column":4},"end":{"line":451,"column":null}},"176":{"start":{"line":450,"column":6},"end":{"line":450,"column":null}},"177":{"start":{"line":461,"column":4},"end":{"line":463,"column":null}},"178":{"start":{"line":462,"column":6},"end":{"line":462,"column":null}},"179":{"start":{"line":465,"column":4},"end":{"line":465,"column":null}},"180":{"start":{"line":468,"column":4},"end":{"line":468,"column":null}},"181":{"start":{"line":469,"column":4},"end":{"line":469,"column":null}},"182":{"start":{"line":470,"column":4},"end":{"line":470,"column":null}},"183":{"start":{"line":473,"column":4},"end":{"line":475,"column":null}},"184":{"start":{"line":474,"column":6},"end":{"line":474,"column":null}},"185":{"start":{"line":478,"column":4},"end":{"line":480,"column":null}},"186":{"start":{"line":479,"column":6},"end":{"line":479,"column":null}},"187":{"start":{"line":483,"column":4},"end":{"line":483,"column":null}},"188":{"start":{"line":484,"column":4},"end":{"line":484,"column":null}},"189":{"start":{"line":486,"column":4},"end":{"line":489,"column":null}},"190":{"start":{"line":487,"column":6},"end":{"line":487,"column":null}},"191":{"start":{"line":488,"column":6},"end":{"line":488,"column":null}},"192":{"start":{"line":494,"column":10},"end":{"line":511,"column":null}},"193":{"start":{"line":494,"column":2},"end":{"line":494,"column":10}},"194":{"start":{"line":505,"column":4},"end":{"line":510,"column":null}},"195":{"start":{"line":506,"column":6},"end":{"line":506,"column":null}},"196":{"start":{"line":507,"column":6},"end":{"line":509,"column":null}},"197":{"start":{"line":508,"column":8},"end":{"line":508,"column":null}},"198":{"start":{"line":514,"column":10},"end":{"line":518,"column":null}},"199":{"start":{"line":515,"column":4},"end":{"line":517,"column":null}},"200":{"start":{"line":516,"column":6},"end":{"line":516,"column":null}},"201":{"start":{"line":521,"column":10},"end":{"line":523,"column":null}},"202":{"start":{"line":522,"column":4},"end":{"line":522,"column":null}},"203":{"start":{"line":21,"column":17},"end":{"line":21,"column":null}},"204":{"start":{"line":525,"column":0},"end":{"line":525,"column":null}},"205":{"start":{"line":18,"column":21},"end":{"line":18,"column":34}}},"fnMap":{"0":{"name":"(anonymous_0)","decl":{"start":{"line":18,"column":0},"end":{"line":18,"column":21}},"loc":{"start":{"line":18,"column":0},"end":{"line":18,"column":21}}},"1":{"name":"VDom","decl":{"start":{"line":113,"column":2},"end":{"line":113,"column":14}},"loc":{"start":{"line":113,"column":97},"end":{"line":180,"column":3}}},"2":{"name":"(anonymous_2)","decl":{"start":{"line":168,"column":23},"end":{"line":168,"column":null}},"loc":{"start":{"line":168,"column":23},"end":{"line":170,"column":9}}},"3":{"name":"(anonymous_3)","decl":{"start":{"line":196,"column":2},"end":{"line":196,"column":9}},"loc":{"start":{"line":196,"column":2},"end":{"line":196,"column":29}}},"4":{"name":"(anonymous_4)","decl":{"start":{"line":197,"column":2},"end":{"line":197,"column":9}},"loc":{"start":{"line":197,"column":2},"end":{"line":197,"column":24}}},"5":{"name":"(anonymous_5)","decl":{"start":{"line":198,"column":2},"end":{"line":198,"column":9}},"loc":{"start":{"line":198,"column":2},"end":{"line":198,"column":28}}},"6":{"name":"(anonymous_6)","decl":{"start":{"line":199,"column":2},"end":{"line":199,"column":9}},"loc":{"start":{"line":199,"column":44},"end":{"line":199,"column":51}}},"7":{"name":"(anonymous_7)","decl":{"start":{"line":200,"column":2},"end":{"line":200,"column":9}},"loc":{"start":{"line":200,"column":2},"end":{"line":200,"column":29}}},"8":{"name":"(anonymous_8)","decl":{"start":{"line":201,"column":2},"end":{"line":201,"column":9}},"loc":{"start":{"line":201,"column":44},"end":{"line":201,"column":51}}},"9":{"name":"(anonymous_9)","decl":{"start":{"line":202,"column":2},"end":{"line":202,"column":9}},"loc":{"start":{"line":202,"column":2},"end":{"line":202,"column":30}}},"10":{"name":"(anonymous_10)","decl":{"start":{"line":203,"column":2},"end":{"line":203,"column":9}},"loc":{"start":{"line":203,"column":2},"end":{"line":203,"column":26}}},"11":{"name":"(anonymous_11)","decl":{"start":{"line":206,"column":2},"end":{"line":206,"column":9}},"loc":{"start":{"line":206,"column":70},"end":{"line":212,"column":3}}},"12":{"name":"(anonymous_12)","decl":{"start":{"line":215,"column":2},"end":{"line":215,"column":9}},"loc":{"start":{"line":215,"column":61},"end":{"line":221,"column":3}}},"13":{"name":"(anonymous_13)","decl":{"start":{"line":224,"column":2},"end":{"line":224,"column":9}},"loc":{"start":{"line":224,"column":2},"end":{"line":227,"column":3}}},"14":{"name":"(anonymous_14)","decl":{"start":{"line":230,"column":2},"end":{"line":230,"column":9}},"loc":{"start":{"line":230,"column":116},"end":{"line":281,"column":3}}},"15":{"name":"(anonymous_15)","decl":{"start":{"line":284,"column":2},"end":{"line":284,"column":9}},"loc":{"start":{"line":284,"column":79},"end":{"line":312,"column":3}}},"16":{"name":"(anonymous_16)","decl":{"start":{"line":315,"column":2},"end":{"line":315,"column":9}},"loc":{"start":{"line":315,"column":81},"end":{"line":419,"column":3}}},"17":{"name":"(anonymous_17)","decl":{"start":{"line":353,"column":30},"end":{"line":353,"column":31}},"loc":{"start":{"line":353,"column":72},"end":{"line":388,"column":9}}},"18":{"name":"(anonymous_18)","decl":{"start":{"line":421,"column":2},"end":{"line":421,"column":9}},"loc":{"start":{"line":421,"column":2},"end":{"line":431,"column":3}}},"19":{"name":"(anonymous_19)","decl":{"start":{"line":433,"column":2},"end":{"line":433,"column":9}},"loc":{"start":{"line":433,"column":2},"end":{"line":443,"column":3}}},"20":{"name":"(anonymous_20)","decl":{"start":{"line":446,"column":2},"end":{"line":446,"column":9}},"loc":{"start":{"line":446,"column":2},"end":{"line":491,"column":3}}},"21":{"name":"(anonymous_21)","decl":{"start":{"line":494,"column":2},"end":{"line":494,"column":10}},"loc":{"start":{"line":494,"column":2},"end":{"line":511,"column":3}}},"22":{"name":"(anonymous_22)","decl":{"start":{"line":507,"column":21},"end":{"line":507,"column":null}},"loc":{"start":{"line":507,"column":21},"end":{"line":509,"column":7}}},"23":{"name":"(anonymous_23)","decl":{"start":{"line":514,"column":2},"end":{"line":514,"column":10}},"loc":{"start":{"line":514,"column":2},"end":{"line":518,"column":3}}},"24":{"name":"(anonymous_24)","decl":{"start":{"line":521,"column":2},"end":{"line":521,"column":10}},"loc":{"start":{"line":521,"column":2},"end":{"line":523,"column":3}}}},"branchMap":{"0":{"loc":{"start":{"line":115,"column":4},"end":{"line":115,"column":11}},"type":"binary-expr","locations":[{"start":{"line":115,"column":4},"end":{"line":115,"column":11}},{"start":{"line":115,"column":11},"end":{"line":115,"column":null}}]},"1":{"loc":{"start":{"line":119,"column":4},"end":{"line":134,"column":null}},"type":"if","locations":[{"start":{"line":119,"column":4},"end":{"line":134,"column":null}},{"start":{"line":119,"column":4},"end":{"line":134,"column":null}}]},"2":{"loc":{"start":{"line":121,"column":6},"end":{"line":123,"column":null}},"type":"if","locations":[{"start":{"line":121,"column":6},"end":{"line":123,"column":null}},{"start":{"line":121,"column":6},"end":{"line":123,"column":null}}]},"3":{"loc":{"start":{"line":124,"column":6},"end":{"line":126,"column":null}},"type":"if","locations":[{"start":{"line":124,"column":6},"end":{"line":126,"column":null}},{"start":{"line":124,"column":6},"end":{"line":126,"column":null}}]},"4":{"loc":{"start":{"line":127,"column":6},"end":{"line":129,"column":null}},"type":"if","locations":[{"start":{"line":127,"column":6},"end":{"line":129,"column":null}},{"start":{"line":127,"column":6},"end":{"line":129,"column":null}}]},"5":{"loc":{"start":{"line":130,"column":6},"end":{"line":132,"column":null}},"type":"if","locations":[{"start":{"line":130,"column":6},"end":{"line":132,"column":null}},{"start":{"line":130,"column":6},"end":{"line":132,"column":null}}]},"6":{"loc":{"start":{"line":141,"column":4},"end":{"line":145,"column":null}},"type":"if","locations":[{"start":{"line":141,"column":4},"end":{"line":145,"column":null}},{"start":{"line":141,"column":4},"end":{"line":145,"column":null}}]},"7":{"loc":{"start":{"line":151,"column":6},"end":{"line":157,"column":null}},"type":"if","locations":[{"start":{"line":151,"column":6},"end":{"line":157,"column":null}},{"start":{"line":151,"column":6},"end":{"line":157,"column":null}}]},"8":{"loc":{"start":{"line":152,"column":8},"end":{"line":154,"column":null}},"type":"if","locations":[{"start":{"line":152,"column":8},"end":{"line":154,"column":null}},{"start":{"line":152,"column":8},"end":{"line":154,"column":null}}]},"9":{"loc":{"start":{"line":163,"column":4},"end":{"line":178,"column":null}},"type":"if","locations":[{"start":{"line":163,"column":4},"end":{"line":178,"column":null}},{"start":{"line":163,"column":4},"end":{"line":178,"column":null}}]},"10":{"loc":{"start":{"line":167,"column":6},"end":{"line":176,"column":null}},"type":"if","locations":[{"start":{"line":167,"column":6},"end":{"line":176,"column":null}},{"start":{"line":167,"column":6},"end":{"line":176,"column":null}}]},"11":{"loc":{"start":{"line":230,"column":17},"end":{"line":230,"column":47}},"type":"if","locations":[{"start":{"line":230,"column":17},"end":{"line":230,"column":47}},{"start":{"line":230,"column":17},"end":{"line":230,"column":47}}]},"12":{"loc":{"start":{"line":233,"column":4},"end":{"line":237,"column":null}},"type":"if","locations":[{"start":{"line":233,"column":4},"end":{"line":237,"column":null}},{"start":{"line":233,"column":4},"end":{"line":237,"column":null}}]},"13":{"loc":{"start":{"line":240,"column":4},"end":{"line":244,"column":null}},"type":"if","locations":[{"start":{"line":240,"column":4},"end":{"line":244,"column":null}},{"start":{"line":240,"column":4},"end":{"line":244,"column":null}}]},"14":{"loc":{"start":{"line":246,"column":4},"end":{"line":255,"column":null}},"type":"if","locations":[{"start":{"line":246,"column":4},"end":{"line":255,"column":null}},{"start":{"line":246,"column":4},"end":{"line":255,"column":null}}]},"15":{"loc":{"start":{"line":246,"column":7},"end":{"line":246,"column":21}},"type":"binary-expr","locations":[{"start":{"line":246,"column":7},"end":{"line":246,"column":21}},{"start":{"line":246,"column":25},"end":{"line":246,"column":45}}]},"16":{"loc":{"start":{"line":248,"column":62},"end":{"line":248,"column":74}},"type":"binary-expr","locations":[{"start":{"line":248,"column":62},"end":{"line":248,"column":74}},{"start":{"line":248,"column":78},"end":{"line":248,"column":82}}]},"17":{"loc":{"start":{"line":249,"column":6},"end":{"line":254,"column":null}},"type":"if","locations":[{"start":{"line":249,"column":6},"end":{"line":254,"column":null}},{"start":{"line":249,"column":6},"end":{"line":254,"column":null}}]},"18":{"loc":{"start":{"line":257,"column":4},"end":{"line":259,"column":null}},"type":"if","locations":[{"start":{"line":257,"column":4},"end":{"line":259,"column":null}},{"start":{"line":257,"column":4},"end":{"line":259,"column":null}}]},"19":{"loc":{"start":{"line":261,"column":4},"end":{"line":263,"column":null}},"type":"if","locations":[{"start":{"line":261,"column":4},"end":{"line":263,"column":null}},{"start":{"line":261,"column":4},"end":{"line":263,"column":null}}]},"20":{"loc":{"start":{"line":261,"column":7},"end":{"line":261,"column":15}},"type":"binary-expr","locations":[{"start":{"line":261,"column":7},"end":{"line":261,"column":15}},{"start":{"line":261,"column":19},"end":{"line":261,"column":26}}]},"21":{"loc":{"start":{"line":266,"column":4},"end":{"line":270,"column":null}},"type":"if","locations":[{"start":{"line":266,"column":4},"end":{"line":270,"column":null}},{"start":{"line":266,"column":4},"end":{"line":270,"column":null}}]},"22":{"loc":{"start":{"line":267,"column":30},"end":{"line":267,"column":49}},"type":"cond-expr","locations":[{"start":{"line":267,"column":30},"end":{"line":267,"column":49}},{"start":{"line":267,"column":51},"end":{"line":267,"column":60}}]},"23":{"loc":{"start":{"line":269,"column":30},"end":{"line":269,"column":49}},"type":"cond-expr","locations":[{"start":{"line":269,"column":30},"end":{"line":269,"column":49}},{"start":{"line":269,"column":51},"end":{"line":269,"column":60}}]},"24":{"loc":{"start":{"line":273,"column":4},"end":{"line":277,"column":null}},"type":"if","locations":[{"start":{"line":273,"column":4},"end":{"line":277,"column":null}},{"start":{"line":273,"column":4},"end":{"line":277,"column":null}}]},"25":{"loc":{"start":{"line":299,"column":4},"end":{"line":309,"column":null}},"type":"if","locations":[{"start":{"line":299,"column":4},"end":{"line":309,"column":null}},{"start":{"line":299,"column":4},"end":{"line":309,"column":null}}]},"26":{"loc":{"start":{"line":330,"column":38},"end":{"line":330,"column":69}},"type":"binary-expr","locations":[{"start":{"line":330,"column":38},"end":{"line":330,"column":69}},{"start":{"line":330,"column":73},"end":{"line":330,"column":75}}]},"27":{"loc":{"start":{"line":346,"column":4},"end":{"line":397,"column":null}},"type":"if","locations":[{"start":{"line":346,"column":4},"end":{"line":397,"column":null}},{"start":{"line":346,"column":4},"end":{"line":397,"column":null}}]},"28":{"loc":{"start":{"line":348,"column":70},"end":{"line":348,"column":111}},"type":"binary-expr","locations":[{"start":{"line":348,"column":70},"end":{"line":348,"column":111}},{"start":{"line":348,"column":115},"end":{"line":348,"column":120}}]},"29":{"loc":{"start":{"line":351,"column":6},"end":{"line":395,"column":null}},"type":"if","locations":[{"start":{"line":351,"column":6},"end":{"line":395,"column":null}},{"start":{"line":351,"column":6},"end":{"line":395,"column":null}}]},"30":{"loc":{"start":{"line":351,"column":9},"end":{"line":351,"column":26}},"type":"binary-expr","locations":[{"start":{"line":351,"column":9},"end":{"line":351,"column":26}},{"start":{"line":351,"column":31},"end":{"line":351,"column":59}}]},"31":{"loc":{"start":{"line":359,"column":12},"end":{"line":383,"column":null}},"type":"if","locations":[{"start":{"line":359,"column":12},"end":{"line":383,"column":null}},{"start":{"line":359,"column":12},"end":{"line":383,"column":null}}]},"32":{"loc":{"start":{"line":366,"column":16},"end":{"line":370,"column":null}},"type":"if","locations":[{"start":{"line":366,"column":16},"end":{"line":370,"column":null}},{"start":{"line":366,"column":16},"end":{"line":370,"column":null}}]},"33":{"loc":{"start":{"line":372,"column":16},"end":{"line":374,"column":null}},"type":"if","locations":[{"start":{"line":372,"column":16},"end":{"line":374,"column":null}},{"start":{"line":372,"column":16},"end":{"line":374,"column":null}}]},"34":{"loc":{"start":{"line":400,"column":4},"end":{"line":409,"column":null}},"type":"if","locations":[{"start":{"line":400,"column":4},"end":{"line":409,"column":null}},{"start":{"line":400,"column":4},"end":{"line":409,"column":null}}]},"35":{"loc":{"start":{"line":403,"column":6},"end":{"line":408,"column":null}},"type":"if","locations":[{"start":{"line":403,"column":6},"end":{"line":408,"column":null}},{"start":{"line":403,"column":6},"end":{"line":408,"column":null}}]},"36":{"loc":{"start":{"line":404,"column":36},"end":{"line":404,"column":61}},"type":"binary-expr","locations":[{"start":{"line":404,"column":36},"end":{"line":404,"column":61}},{"start":{"line":404,"column":65},"end":{"line":404,"column":67}}]},"37":{"loc":{"start":{"line":405,"column":8},"end":{"line":407,"column":null}},"type":"if","locations":[{"start":{"line":405,"column":8},"end":{"line":407,"column":null}},{"start":{"line":405,"column":8},"end":{"line":407,"column":null}}]},"38":{"loc":{"start":{"line":422,"column":4},"end":{"line":424,"column":null}},"type":"if","locations":[{"start":{"line":422,"column":4},"end":{"line":424,"column":null}},{"start":{"line":422,"column":4},"end":{"line":424,"column":null}}]},"39":{"loc":{"start":{"line":427,"column":4},"end":{"line":429,"column":null}},"type":"if","locations":[{"start":{"line":427,"column":4},"end":{"line":429,"column":null}},{"start":{"line":427,"column":4},"end":{"line":429,"column":null}}]},"40":{"loc":{"start":{"line":434,"column":4},"end":{"line":436,"column":null}},"type":"if","locations":[{"start":{"line":434,"column":4},"end":{"line":436,"column":null}},{"start":{"line":434,"column":4},"end":{"line":436,"column":null}}]},"41":{"loc":{"start":{"line":439,"column":4},"end":{"line":441,"column":null}},"type":"if","locations":[{"start":{"line":439,"column":4},"end":{"line":441,"column":null}},{"start":{"line":439,"column":4},"end":{"line":441,"column":null}}]},"42":{"loc":{"start":{"line":439,"column":7},"end":{"line":439,"column":15}},"type":"binary-expr","locations":[{"start":{"line":439,"column":7},"end":{"line":439,"column":15}},{"start":{"line":439,"column":19},"end":{"line":439,"column":39}}]},"43":{"loc":{"start":{"line":449,"column":4},"end":{"line":451,"column":null}},"type":"if","locations":[{"start":{"line":449,"column":4},"end":{"line":451,"column":null}},{"start":{"line":449,"column":4},"end":{"line":451,"column":null}}]},"44":{"loc":{"start":{"line":461,"column":4},"end":{"line":463,"column":null}},"type":"if","locations":[{"start":{"line":461,"column":4},"end":{"line":463,"column":null}},{"start":{"line":461,"column":4},"end":{"line":463,"column":null}}]},"45":{"loc":{"start":{"line":473,"column":4},"end":{"line":475,"column":null}},"type":"if","locations":[{"start":{"line":473,"column":4},"end":{"line":475,"column":null}},{"start":{"line":473,"column":4},"end":{"line":475,"column":null}}]},"46":{"loc":{"start":{"line":478,"column":4},"end":{"line":480,"column":null}},"type":"if","locations":[{"start":{"line":478,"column":4},"end":{"line":480,"column":null}},{"start":{"line":478,"column":4},"end":{"line":480,"column":null}}]},"47":{"loc":{"start":{"line":486,"column":4},"end":{"line":489,"column":null}},"type":"if","locations":[{"start":{"line":486,"column":4},"end":{"line":489,"column":null}},{"start":{"line":486,"column":4},"end":{"line":489,"column":null}}]},"48":{"loc":{"start":{"line":505,"column":4},"end":{"line":510,"column":null}},"type":"if","locations":[{"start":{"line":505,"column":4},"end":{"line":510,"column":null}},{"start":{"line":505,"column":4},"end":{"line":510,"column":null}}]},"49":{"loc":{"start":{"line":515,"column":4},"end":{"line":517,"column":null}},"type":"if","locations":[{"start":{"line":515,"column":4},"end":{"line":517,"column":null}},{"start":{"line":515,"column":4},"end":{"line":517,"column":null}}]}},"s":{"0":29,"1":29,"2":29,"3":29,"4":29,"5":29,"6":29,"7":29,"8":29,"9":29,"10":29,"11":235,"12":235,"13":235,"14":235,"15":235,"16":235,"17":235,"18":235,"19":235,"20":235,"21":235,"22":235,"23":235,"24":235,"25":235,"26":235,"27":235,"28":235,"29":235,"30":235,"31":235,"32":235,"33":235,"34":1,"35":235,"36":234,"37":235,"38":114,"39":235,"40":114,"41":235,"42":235,"43":235,"44":0,"45":0,"46":235,"47":235,"48":235,"49":289,"50":278,"51":278,"52":11,"53":289,"54":235,"55":235,"56":1,"57":1,"58":1,"59":1,"60":29,"61":29,"62":29,"63":29,"64":29,"65":29,"66":29,"67":29,"68":29,"69":2,"70":2,"71":2,"72":29,"73":1,"74":1,"75":1,"76":29,"77":0,"78":0,"79":29,"80":501,"81":401,"82":2,"83":401,"84":166,"85":235,"86":401,"87":400,"88":400,"89":400,"90":401,"91":400,"92":401,"93":193,"94":401,"95":401,"96":166,"97":235,"98":401,"99":2,"100":401,"101":29,"102":108,"103":108,"104":19,"105":19,"106":89,"107":108,"108":29,"109":235,"110":235,"111":235,"112":235,"113":235,"114":235,"115":67,"116":67,"117":235,"118":235,"119":235,"120":235,"121":235,"122":2,"123":6,"124":4,"125":4,"126":4,"127":4,"128":4,"129":8,"130":7,"131":7,"132":7,"133":7,"134":0,"135":7,"136":7,"137":0,"138":7,"139":7,"140":0,"141":4,"142":4,"143":2,"144":2,"145":2,"146":235,"147":235,"148":235,"149":234,"150":234,"151":2,"152":235,"153":235,"154":235,"155":235,"156":235,"157":235,"158":29,"159":4,"160":0,"161":4,"162":4,"163":4,"164":4,"165":4,"166":29,"167":1,"168":0,"169":1,"170":1,"171":1,"172":1,"173":1,"174":29,"175":102,"176":100,"177":102,"178":1,"179":102,"180":102,"181":102,"182":102,"183":102,"184":61,"185":102,"186":61,"187":102,"188":102,"189":102,"190":100,"191":100,"192":29,"193":102,"194":102,"195":100,"196":100,"197":100,"198":29,"199":1,"200":1,"201":29,"202":1,"203":29,"204":29,"205":29},"f":{"0":29,"1":235,"2":1,"3":234,"4":234,"5":235,"6":119,"7":165,"8":98,"9":103,"10":103,"11":2,"12":1,"13":0,"14":401,"15":108,"16":235,"17":6,"18":4,"19":1,"20":102,"21":102,"22":100,"23":1,"24":1},"b":{"0":[235,235],"1":[235,0],"2":[1,234],"3":[234,1],"4":[114,121],"5":[114,121],"6":[0,235],"7":[278,11],"8":[278,0],"9":[1,234],"10":[1,0],"11":[100,301],"12":[399,2],"13":[166,235],"14":[400,1],"15":[401,400],"16":[400,400],"17":[0,400],"18":[400,1],"19":[193,208],"20":[401,400],"21":[166,235],"22":[166,0],"23":[234,1],"24":[399,2],"25":[19,89],"26":[235,40],"27":[235,0],"28":[235,40],"29":[2,233],"30":[235,40],"31":[4,0],"32":[0,7],"33":[0,7],"34":[235,0],"35":[234,1],"36":[234,0],"37":[2,232],"38":[0,4],"39":[4,0],"40":[0,1],"41":[1,0],"42":[1,1],"43":[100,2],"44":[1,101],"45":[61,41],"46":[61,41],"47":[100,2],"48":[100,2],"49":[1,0]}}
,"/Volumes/DATADISK1/Dev/Projects/flexlayers2/vdom/src/lib/VDomItem.ts": {"path":"/Volumes/DATADISK1/Dev/Projects/flexlayers2/vdom/src/lib/VDomItem.ts","statementMap":{"0":{"start":{"line":1,"column":0},"end":{"line":1,"column":23}},"1":{"start":{"line":4,"column":0},"end":{"line":4,"column":93}},"2":{"start":{"line":5,"column":0},"end":{"line":5,"column":74}},"3":{"start":{"line":6,"column":0},"end":{"line":6,"column":null}},"4":{"start":{"line":12,"column":0},"end":{"line":12,"column":37}},"5":{"start":{"line":13,"column":0},"end":{"line":13,"column":97}},"6":{"start":{"line":14,"column":0},"end":{"line":14,"column":23}},"7":{"start":{"line":15,"column":0},"end":{"line":15,"column":39}},"8":{"start":{"line":16,"column":0},"end":{"line":16,"column":35}},"9":{"start":{"line":19,"column":20},"end":{"line":19,"column":25}},"10":{"start":{"line":20,"column":19},"end":{"line":20,"column":27}},"11":{"start":{"line":23,"column":28},"end":{"line":38,"column":null}},"12":{"start":{"line":40,"column":27},"end":{"line":47,"column":1}},"13":{"start":{"line":41,"column":2},"end":{"line":45,"column":null}},"14":{"start":{"line":41,"column":23},"end":{"line":41,"column":42}},"15":{"start":{"line":41,"column":19},"end":{"line":41,"column":23}},"16":{"start":{"line":42,"column":4},"end":{"line":44,"column":null}},"17":{"start":{"line":43,"column":6},"end":{"line":43,"column":null}},"18":{"start":{"line":46,"column":2},"end":{"line":46,"column":null}},"19":{"start":{"line":50,"column":0},"end":{"line":50,"column":null}},"20":{"start":{"line":50,"column":30},"end":{"line":50,"column":40}},"21":{"start":{"line":156,"column":4},"end":{"line":156,"column":null}},"22":{"start":{"line":55,"column":9},"end":{"line":55,"column":null}},"23":{"start":{"line":65,"column":9},"end":{"line":65,"column":null}},"24":{"start":{"line":67,"column":9},"end":{"line":67,"column":null}},"25":{"start":{"line":69,"column":9},"end":{"line":69,"column":null}},"26":{"start":{"line":71,"column":9},"end":{"line":71,"column":null}},"27":{"start":{"line":74,"column":9},"end":{"line":74,"column":null}},"28":{"start":{"line":79,"column":10},"end":{"line":79,"column":null}},"29":{"start":{"line":83,"column":10},"end":{"line":83,"column":null}},"30":{"start":{"line":85,"column":10},"end":{"line":85,"column":null}},"31":{"start":{"line":102,"column":9},"end":{"line":102,"column":35}},"32":{"start":{"line":106,"column":10},"end":{"line":106,"column":42}},"33":{"start":{"line":112,"column":10},"end":{"line":112,"column":null}},"34":{"start":{"line":116,"column":10},"end":{"line":116,"column":null}},"35":{"start":{"line":123,"column":10},"end":{"line":123,"column":null}},"36":{"start":{"line":125,"column":10},"end":{"line":125,"column":null}},"37":{"start":{"line":132,"column":10},"end":{"line":132,"column":null}},"38":{"start":{"line":137,"column":10},"end":{"line":137,"column":null}},"39":{"start":{"line":144,"column":10},"end":{"line":144,"column":null}},"40":{"start":{"line":147,"column":10},"end":{"line":147,"column":null}},"41":{"start":{"line":158,"column":4},"end":{"line":160,"column":null}},"42":{"start":{"line":159,"column":6},"end":{"line":159,"column":null}},"43":{"start":{"line":162,"column":4},"end":{"line":164,"column":null}},"44":{"start":{"line":163,"column":6},"end":{"line":163,"column":null}},"45":{"start":{"line":166,"column":4},"end":{"line":171,"column":null}},"46":{"start":{"line":170,"column":6},"end":{"line":170,"column":null}},"47":{"start":{"line":203,"column":9},"end":{"line":223,"column":null}},"48":{"start":{"line":205,"column":19},"end":{"line":215,"column":6}},"49":{"start":{"line":217,"column":4},"end":{"line":219,"column":null}},"50":{"start":{"line":217,"column":24},"end":{"line":217,"column":28}},"51":{"start":{"line":217,"column":24},"end":{"line":217,"column":37}},"52":{"start":{"line":217,"column":20},"end":{"line":217,"column":24}},"53":{"start":{"line":218,"column":6},"end":{"line":218,"column":null}},"54":{"start":{"line":221,"column":4},"end":{"line":221,"column":null}},"55":{"start":{"line":226,"column":9},"end":{"line":289,"column":null}},"56":{"start":{"line":229,"column":4},"end":{"line":229,"column":null}},"57":{"start":{"line":232,"column":4},"end":{"line":235,"column":null}},"58":{"start":{"line":233,"column":6},"end":{"line":233,"column":null}},"59":{"start":{"line":234,"column":6},"end":{"line":234,"column":null}},"60":{"start":{"line":238,"column":4},"end":{"line":240,"column":null}},"61":{"start":{"line":239,"column":6},"end":{"line":239,"column":null}},"62":{"start":{"line":241,"column":4},"end":{"line":241,"column":null}},"63":{"start":{"line":244,"column":4},"end":{"line":249,"column":null}},"64":{"start":{"line":245,"column":6},"end":{"line":247,"column":null}},"65":{"start":{"line":245,"column":27},"end":{"line":245,"column":31}},"66":{"start":{"line":245,"column":27},"end":{"line":245,"column":42}},"67":{"start":{"line":245,"column":23},"end":{"line":245,"column":27}},"68":{"start":{"line":246,"column":8},"end":{"line":246,"column":null}},"69":{"start":{"line":248,"column":6},"end":{"line":248,"column":null}},"70":{"start":{"line":252,"column":4},"end":{"line":254,"column":null}},"71":{"start":{"line":253,"column":6},"end":{"line":253,"column":null}},"72":{"start":{"line":255,"column":4},"end":{"line":255,"column":null}},"73":{"start":{"line":258,"column":4},"end":{"line":260,"column":null}},"74":{"start":{"line":259,"column":6},"end":{"line":259,"column":null}},"75":{"start":{"line":261,"column":4},"end":{"line":261,"column":null}},"76":{"start":{"line":264,"column":4},"end":{"line":266,"column":null}},"77":{"start":{"line":265,"column":6},"end":{"line":265,"column":null}},"78":{"start":{"line":269,"column":4},"end":{"line":271,"column":null}},"79":{"start":{"line":270,"column":6},"end":{"line":270,"column":null}},"80":{"start":{"line":272,"column":4},"end":{"line":272,"column":null}},"81":{"start":{"line":275,"column":4},"end":{"line":277,"column":null}},"82":{"start":{"line":275,"column":22},"end":{"line":275,"column":26}},"83":{"start":{"line":275,"column":22},"end":{"line":275,"column":35}},"84":{"start":{"line":275,"column":18},"end":{"line":275,"column":22}},"85":{"start":{"line":276,"column":6},"end":{"line":276,"column":null}},"86":{"start":{"line":278,"column":4},"end":{"line":278,"column":null}},"87":{"start":{"line":281,"column":4},"end":{"line":283,"column":null}},"88":{"start":{"line":281,"column":24},"end":{"line":281,"column":28}},"89":{"start":{"line":281,"column":24},"end":{"line":281,"column":37}},"90":{"start":{"line":281,"column":20},"end":{"line":281,"column":24}},"91":{"start":{"line":282,"column":6},"end":{"line":282,"column":null}},"92":{"start":{"line":284,"column":4},"end":{"line":284,"column":null}},"93":{"start":{"line":287,"column":4},"end":{"line":287,"column":null}},"94":{"start":{"line":292,"column":9},"end":{"line":299,"column":null}},"95":{"start":{"line":294,"column":4},"end":{"line":296,"column":null}},"96":{"start":{"line":294,"column":22},"end":{"line":294,"column":26}},"97":{"start":{"line":294,"column":22},"end":{"line":294,"column":35}},"98":{"start":{"line":294,"column":18},"end":{"line":294,"column":22}},"99":{"start":{"line":295,"column":6},"end":{"line":295,"column":null}},"100":{"start":{"line":297,"column":4},"end":{"line":297,"column":null}},"101":{"start":{"line":302,"column":9},"end":{"line":314,"column":null}},"102":{"start":{"line":304,"column":4},"end":{"line":306,"column":null}},"103":{"start":{"line":305,"column":6},"end":{"line":305,"column":12}},"104":{"start":{"line":307,"column":4},"end":{"line":307,"column":null}},"105":{"start":{"line":309,"column":26},"end":{"line":309,"column":44}},"106":{"start":{"line":310,"column":4},"end":{"line":312,"column":null}},"107":{"start":{"line":310,"column":22},"end":{"line":310,"column":26}},"108":{"start":{"line":310,"column":22},"end":{"line":310,"column":35}},"109":{"start":{"line":310,"column":18},"end":{"line":310,"column":22}},"110":{"start":{"line":311,"column":6},"end":{"line":311,"column":null}},"111":{"start":{"line":319,"column":9},"end":{"line":329,"column":null}},"112":{"start":{"line":321,"column":4},"end":{"line":323,"column":null}},"113":{"start":{"line":322,"column":6},"end":{"line":322,"column":null}},"114":{"start":{"line":325,"column":19},"end":{"line":325,"column":61}},"115":{"start":{"line":326,"column":4},"end":{"line":326,"column":null}},"116":{"start":{"line":327,"column":4},"end":{"line":327,"column":null}},"117":{"start":{"line":332,"column":10},"end":{"line":386,"column":null}},"118":{"start":{"line":342,"column":4},"end":{"line":342,"column":null}},"119":{"start":{"line":343,"column":4},"end":{"line":343,"column":null}},"120":{"start":{"line":346,"column":4},"end":{"line":382,"column":null}},"121":{"start":{"line":348,"column":20},"end":{"line":348,"column":null}},"122":{"start":{"line":349,"column":6},"end":{"line":354,"column":null}},"123":{"start":{"line":350,"column":8},"end":{"line":350,"column":null}},"124":{"start":{"line":351,"column":8},"end":{"line":351,"column":null}},"125":{"start":{"line":353,"column":8},"end":{"line":353,"column":null}},"126":{"start":{"line":355,"column":6},"end":{"line":357,"column":null}},"127":{"start":{"line":356,"column":8},"end":{"line":356,"column":null}},"128":{"start":{"line":359,"column":29},"end":{"line":359,"column":35}},"129":{"start":{"line":360,"column":6},"end":{"line":365,"column":null}},"130":{"start":{"line":364,"column":8},"end":{"line":364,"column":null}},"131":{"start":{"line":366,"column":6},"end":{"line":366,"column":null}},"132":{"start":{"line":367,"column":6},"end":{"line":367,"column":null}},"133":{"start":{"line":370,"column":6},"end":{"line":376,"column":null}},"134":{"start":{"line":370,"column":26},"end":{"line":370,"column":30}},"135":{"start":{"line":370,"column":26},"end":{"line":370,"column":39}},"136":{"start":{"line":370,"column":22},"end":{"line":370,"column":26}},"137":{"start":{"line":371,"column":8},"end":{"line":371,"column":null}},"138":{"start":{"line":372,"column":25},"end":{"line":372,"column":64}},"139":{"start":{"line":373,"column":8},"end":{"line":375,"column":null}},"140":{"start":{"line":373,"column":26},"end":{"line":373,"column":34}},"141":{"start":{"line":373,"column":22},"end":{"line":373,"column":26}},"142":{"start":{"line":374,"column":10},"end":{"line":374,"column":null}},"143":{"start":{"line":379,"column":6},"end":{"line":379,"column":null}},"144":{"start":{"line":380,"column":6},"end":{"line":380,"column":null}},"145":{"start":{"line":385,"column":4},"end":{"line":385,"column":null}},"146":{"start":{"line":389,"column":10},"end":{"line":449,"column":null}},"147":{"start":{"line":389,"column":21},"end":{"line":389,"column":59}},"148":{"start":{"line":397,"column":4},"end":{"line":399,"column":null}},"149":{"start":{"line":398,"column":6},"end":{"line":398,"column":null}},"150":{"start":{"line":402,"column":4},"end":{"line":402,"column":null}},"151":{"start":{"line":404,"column":23},"end":{"line":404,"column":75}},"152":{"start":{"line":405,"column":4},"end":{"line":407,"column":null}},"153":{"start":{"line":406,"column":6},"end":{"line":406,"column":null}},"154":{"start":{"line":409,"column":4},"end":{"line":409,"column":null}},"155":{"start":{"line":412,"column":4},"end":{"line":412,"column":null}},"156":{"start":{"line":413,"column":4},"end":{"line":413,"column":null}},"157":{"start":{"line":414,"column":4},"end":{"line":414,"column":null}},"158":{"start":{"line":417,"column":4},"end":{"line":419,"column":null}},"159":{"start":{"line":418,"column":6},"end":{"line":418,"column":null}},"160":{"start":{"line":422,"column":4},"end":{"line":434,"column":null}},"161":{"start":{"line":423,"column":6},"end":{"line":423,"column":null}},"162":{"start":{"line":424,"column":6},"end":{"line":424,"column":null}},"163":{"start":{"line":425,"column":6},"end":{"line":425,"column":null}},"164":{"start":{"line":426,"column":6},"end":{"line":426,"column":null}},"165":{"start":{"line":427,"column":6},"end":{"line":427,"column":null}},"166":{"start":{"line":428,"column":6},"end":{"line":428,"column":null}},"167":{"start":{"line":429,"column":6},"end":{"line":429,"column":null}},"168":{"start":{"line":430,"column":6},"end":{"line":430,"column":null}},"169":{"start":{"line":431,"column":6},"end":{"line":431,"column":null}},"170":{"start":{"line":432,"column":6},"end":{"line":432,"column":null}},"171":{"start":{"line":433,"column":6},"end":{"line":433,"column":null}},"172":{"start":{"line":437,"column":22},"end":{"line":437,"column":57}},"173":{"start":{"line":438,"column":4},"end":{"line":443,"column":null}},"174":{"start":{"line":439,"column":21},"end":{"line":439,"column":54}},"175":{"start":{"line":441,"column":6},"end":{"line":441,"column":null}},"176":{"start":{"l
[...]
oc":{"start":{"line":1679,"column":8},"end":{"line":1681,"column":null}},"type":"if","locations":[{"start":{"line":1679,"column":8},"end":{"line":1681,"column":null}},{"start":{"line":1679,"column":8},"end":{"line":1681,"column":null}}]},"197":{"loc":{"start":{"line":1682,"column":8},"end":{"line":1684,"column":null}},"type":"if","locations":[{"start":{"line":1682,"column":8},"end":{"line":1684,"column":null}},{"start":{"line":1682,"column":8},"end":{"line":1684,"column":null}}]},"198":{"loc":{"start":{"line":1688,"column":4},"end":{"line":1690,"column":null}},"type":"if","locations":[{"start":{"line":1688,"column":4},"end":{"line":1690,"column":null}},{"start":{"line":1688,"column":4},"end":{"line":1690,"column":null}}]},"199":{"loc":{"start":{"line":1702,"column":6},"end":{"line":1706,"column":null}},"type":"if","locations":[{"start":{"line":1702,"column":6},"end":{"line":1706,"column":null}},{"start":{"line":1702,"column":6},"end":{"line":1706,"column":null}}]},"200":{"loc":{"start":{"line":1714,"column":40},"end":{"line":1714,"column":null}},"type":"if","locations":[{"start":{"line":1714,"column":40},"end":{"line":1714,"column":null}},{"start":{"line":1714,"column":40},"end":{"line":1714,"column":null}}]},"201":{"loc":{"start":{"line":1721,"column":6},"end":{"line":1721,"column":null}},"type":"if","locations":[{"start":{"line":1721,"column":6},"end":{"line":1721,"column":null}},{"start":{"line":1721,"column":6},"end":{"line":1721,"column":null}}]},"202":{"loc":{"start":{"line":1722,"column":6},"end":{"line":1722,"column":null}},"type":"if","locations":[{"start":{"line":1722,"column":6},"end":{"line":1722,"column":null}},{"start":{"line":1722,"column":6},"end":{"line":1722,"column":null}}]},"203":{"loc":{"start":{"line":1723,"column":6},"end":{"line":1723,"column":null}},"type":"if","locations":[{"start":{"line":1723,"column":6},"end":{"line":1723,"column":null}},{"start":{"line":1723,"column":6},"end":{"line":1723,"column":null}}]},"204":{"loc":{"start":{"line":1724,"column":6},"end":{"line":1724,"column":null}},"type":"if","locations":[{"start":{"line":1724,"column":6},"end":{"line":1724,"column":null}},{"start":{"line":1724,"column":6},"end":{"line":1724,"column":null}}]},"205":{"loc":{"start":{"line":1727,"column":6},"end":{"line":1787,"column":null}},"type":"if","locations":[{"start":{"line":1727,"column":6},"end":{"line":1787,"column":null}},{"start":{"line":1727,"column":6},"end":{"line":1787,"column":null}}]},"206":{"loc":{"start":{"line":1731,"column":8},"end":{"line":1767,"column":null}},"type":"if","locations":[{"start":{"line":1731,"column":8},"end":{"line":1767,"column":null}},{"start":{"line":1731,"column":8},"end":{"line":1767,"column":null}}]},"207":{"loc":{"start":{"line":1734,"column":10},"end":{"line":1746,"column":null}},"type":"if","locations":[{"start":{"line":1734,"column":10},"end":{"line":1746,"column":null}},{"start":{"line":1734,"column":10},"end":{"line":1746,"column":null}}]},"208":{"loc":{"start":{"line":1738,"column":17},"end":{"line":1746,"column":null}},"type":"if","locations":[{"start":{"line":1738,"column":17},"end":{"line":1746,"column":null}},{"start":{"line":1738,"column":17},"end":{"line":1746,"column":null}}]},"209":{"loc":{"start":{"line":1740,"column":14},"end":{"line":1742,"column":null}},"type":"if","locations":[{"start":{"line":1740,"column":14},"end":{"line":1742,"column":null}},{"start":{"line":1740,"column":14},"end":{"line":1742,"column":null}}]},"210":{"loc":{"start":{"line":1748,"column":15},"end":{"line":1767,"column":null}},"type":"if","locations":[{"start":{"line":1748,"column":15},"end":{"line":1767,"column":null}},{"start":{"line":1748,"column":15},"end":{"line":1767,"column":null}}]},"211":{"loc":{"start":{"line":1751,"column":10},"end":{"line":1763,"column":null}},"type":"if","locations":[{"start":{"line":1751,"column":10},"end":{"line":1763,"column":null}},{"start":{"line":1751,"column":10},"end":{"line":1763,"column":null}}]},"212":{"loc":{"start":{"line":1757,"column":17},"end":{"line":1763,"column":null}},"type":"if","locations":[{"start":{"line":1757,"column":17},"end":{"line":1763,"column":null}},{"start":{"line":1757,"column":17},"end":{"line":1763,"column":null}}]},"213":{"loc":{"start":{"line":1769,"column":8},"end":{"line":1784,"column":null}},"type":"if","locations":[{"start":{"line":1769,"column":8},"end":{"line":1784,"column":null}},{"start":{"line":1769,"column":8},"end":{"line":1784,"column":null}}]},"214":{"loc":{"start":{"line":1779,"column":10},"end":{"line":1783,"column":null}},"type":"if","locations":[{"start":{"line":1779,"column":10},"end":{"line":1783,"column":null}},{"start":{"line":1779,"column":10},"end":{"line":1783,"column":null}}]},"215":{"loc":{"start":{"line":1790,"column":6},"end":{"line":1803,"column":null}},"type":"if","locations":[{"start":{"line":1790,"column":6},"end":{"line":1803,"column":null}},{"start":{"line":1790,"column":6},"end":{"line":1803,"column":null}}]},"216":{"loc":{"start":{"line":1798,"column":8},"end":{"line":1802,"column":null}},"type":"if","locations":[{"start":{"line":1798,"column":8},"end":{"line":1802,"column":null}},{"start":{"line":1798,"column":8},"end":{"line":1802,"column":null}}]},"217":{"loc":{"start":{"line":1825,"column":4},"end":{"line":1830,"column":null}},"type":"if","locations":[{"start":{"line":1825,"column":4},"end":{"line":1830,"column":null}},{"start":{"line":1825,"column":4},"end":{"line":1830,"column":null}}]},"218":{"loc":{"start":{"line":1827,"column":6},"end":{"line":1829,"column":null}},"type":"if","locations":[{"start":{"line":1827,"column":6},"end":{"line":1829,"column":null}},{"start":{"line":1827,"column":6},"end":{"line":1829,"column":null}}]},"219":{"loc":{"start":{"line":1833,"column":4},"end":{"line":1835,"column":null}},"type":"if","locations":[{"start":{"line":1833,"column":4},"end":{"line":1835,"column":null}},{"start":{"line":1833,"column":4},"end":{"line":1835,"column":null}}]},"220":{"loc":{"start":{"line":1847,"column":30},"end":{"line":1847,"column":53}},"type":"binary-expr","locations":[{"start":{"line":1847,"column":30},"end":{"line":1847,"column":53}},{"start":{"line":1847,"column":57},"end":{"line":1847,"column":67}}]},"221":{"loc":{"start":{"line":1861,"column":4},"end":{"line":1863,"column":null}},"type":"if","locations":[{"start":{"line":1861,"column":4},"end":{"line":1863,"column":null}},{"start":{"line":1861,"column":4},"end":{"line":1863,"column":null}}]},"222":{"loc":{"start":{"line":1864,"column":4},"end":{"line":1866,"column":null}},"type":"if","locations":[{"start":{"line":1864,"column":4},"end":{"line":1866,"column":null}},{"start":{"line":1864,"column":4},"end":{"line":1866,"column":null}}]},"223":{"loc":{"start":{"line":1872,"column":44},"end":{"line":1872,"column":null}},"type":"if","locations":[{"start":{"line":1872,"column":44},"end":{"line":1872,"column":null}},{"start":{"line":1872,"column":44},"end":{"line":1872,"column":null}}]},"224":{"loc":{"start":{"line":1878,"column":6},"end":{"line":1882,"column":null}},"type":"if","locations":[{"start":{"line":1878,"column":6},"end":{"line":1882,"column":null}},{"start":{"line":1878,"column":6},"end":{"line":1882,"column":null}}]},"225":{"loc":{"start":{"line":1878,"column":10},"end":{"line":1878,"column":31}},"type":"binary-expr","locations":[{"start":{"line":1878,"column":10},"end":{"line":1878,"column":31}},{"start":{"line":1878,"column":35},"end":{"line":1878,"column":94}}]},"226":{"loc":{"start":{"line":1885,"column":4},"end":{"line":1887,"column":null}},"type":"if","locations":[{"start":{"line":1885,"column":4},"end":{"line":1887,"column":null}},{"start":{"line":1885,"column":4},"end":{"line":1887,"column":null}}]},"227":{"loc":{"start":{"line":1885,"column":7},"end":{"line":1885,"column":11}},"type":"binary-expr","locations":[{"start":{"line":1885,"column":7},"end":{"line":1885,"column":11}},{"start":{"line":1885,"column":15},"end":{"line":1885,"column":21}}]},"228":{"loc":{"start":{"line":1891,"column":4},"end":{"line":1893,"column":null}},"type":"if","locations":[{"start":{"line":1891,"column":4},"end":{"line":1893,"column":null}},{"start":{"line":1891,"column":4},"end":{"line":1893,"column":null}}]},"229":{"loc":{"start":{"line":1901,"column":6},"end":{"line":1903,"column":null}},"type":"if","locations":[{"start":{"line":1901,"column":6},"end":{"line":1903,"column":null}},{"start":{"line":1901,"column":6},"end":{"line":1903,"column":null}}]}},"s":{"0":29,"1":29,"2":29,"3":29,"4":29,"5":29,"6":29,"7":29,"8":29,"9":29,"10":29,"11":29,"12":29,"13":1351,"14":2702,"15":16947,"16":16947,"17":100,"18":1251,"19":29,"20":29,"21":1162,"22":1162,"23":1162,"24":1162,"25":1162,"26":1162,"27":1162,"28":1162,"29":1162,"30":1162,"31":1162,"32":1162,"33":1162,"34":1162,"35":1162,"36":1162,"37":1162,"38":1162,"39":1162,"40":1162,"41":1162,"42":0,"43":1162,"44":1162,"45":1162,"46":1162,"47":29,"48":422,"49":422,"50":422,"51":422,"52":245,"53":245,"54":422,"55":29,"56":270,"57":270,"58":0,"59":0,"60":270,"61":0,"62":270,"63":270,"64":119,"65":119,"66":119,"67":0,"68":0,"69":119,"70":270,"71":42,"72":270,"73":270,"74":58,"75":270,"76":270,"77":270,"78":270,"79":0,"80":270,"81":270,"82":270,"83":270,"84":322,"85":322,"86":270,"87":270,"88":270,"89":270,"90":137,"91":137,"92":270,"93":270,"94":29,"95":35,"96":35,"97":35,"98":67,"99":67,"100":35,"101":29,"102":2,"103":0,"104":2,"105":2,"106":2,"107":2,"108":2,"109":4,"110":4,"111":29,"112":1546,"113":604,"114":1546,"115":1546,"116":1546,"117":29,"118":983,"119":983,"120":983,"121":309,"122":309,"123":1,"124":1,"125":308,"126":309,"127":5,"128":309,"129":309,"130":309,"131":309,"132":309,"133":309,"134":309,"135":309,"136":379,"137":379,"138":379,"139":379,"140":758,"141":379,"142":379,"143":309,"144":309,"145":674,"146":29,"147":1546,"148":1546,"149":0,"150":1546,"151":1546,"152":1546,"153":1117,"154":1546,"155":1546,"156":1546,"157":1546,"158":1546,"159":15,"160":1531,"161":977,"162":977,"163":977,"164":977,"165":977,"166":977,"167":977,"168":977,"169":977,"170":977,"171":977,"172":1531,"173":1531,"174":1531,"175":1531,"176":1531,"177":29,"178":1546,"179":1546,"180":1546,"181":0,"182":1546,"183":992,"184":992,"185":977,"186":977,"187":977,"188":977,"189":307,"190":307,"191":977,"192":2,"193":15,"194":1,"195":1,"196":2,"197":1,"198":1,"199":14,"200":14,"201":14,"202":7,"203":7,"204":1546,"205":1546,"206":29,"207":1531,"208":829,"209":702,"210":702,"211":696,"212":1,"213":696,"214":6,"215":6,"216":3,"217":3,"218":3,"219":1,"220":3,"221":3,"222":1,"223":1,"224":2,"225":1,"226":1,"227":1,"228":2,"229":29,"230":48,"231":48,"232":48,"233":31,"234":48,"235":48,"236":48,"237":48,"238":26,"239":26,"240":20,"241":20,"242":20,"243":1,"244":20,"245":20,"246":20,"247":40,"248":20,"249":20,"250":20,"251":20,"252":5,"253":48,"254":48,"255":48,"256":26,"257":26,"258":48,"259":28,"260":28,"261":28,"262":28,"263":3,"264":3,"265":3,"266":3,"267":6,"268":3,"269":3,"270":3,"271":3,"272":0,"273":48,"274":48,"275":29,"276":193,"277":193,"278":0,"279":0,"280":0,"281":0,"282":193,"283":124,"284":43,"285":193,"286":193,"287":8,"288":8,"289":4,"290":4,"291":4,"292":4,"293":1,"294":193,"295":127,"296":127,"297":127,"298":127,"299":127,"300":127,"301":18,"302":18,"303":127,"304":127,"305":127,"306":127,"307":127,"308":127,"309":280,"310":279,"311":279,"312":127,"313":127,"314":127,"315":0,"316":127,"317":127,"318":127,"319":1,"320":1,"321":127,"322":66,"323":66,"324":186,"325":185,"326":185,"327":66,"328":66,"329":66,"330":66,"331":66,"332":66,"333":29,"334":8,"335":8,"336":8,"337":29,"338":185,"339":29,"340":99,"341":99,"342":99,"343":42,"344":99,"345":99,"346":99,"347":48,"348":48,"349":48,"350":48,"351":96,"352":84,"353":84,"354":84,"355":24,"356":48,"357":24,"358":24,"359":75,"360":75,"361":3,"362":3,"363":3,"364":3,"365":9,"366":3,"367":75,"368":75,"369":75,"370":75,"371":9,"372":75,"373":75,"374":75,"375":201,"376":201,"377":201,"378":201,"379":189,"380":201,"381":12,"382":201,"383":6,"384":201,"385":201,"386":201,"387":201,"388":201,"389":159,"390":159,"391":159,"392":159,"393":318,"394":243,"395":243,"396":243,"397":159,"398":42,"399":42,"400":2,"401":2,"402":42,"403":42,"404":84,"405":60,"406":60,"407":60,"408":42,"409":201,"410":201,"411":75,"412":150,"413":201,"414":201,"415":75,"416":35,"417":35,"418":35,"419":35,"420":30,"421":75,"422":75,"423":2,"424":2,"425":6,"426":3,"427":3,"428":2,"429":75,"430":75,"431":29,"432":2,"433":0,"434":2,"435":2,"436":2,"437":2,"438":0,"439":0,"440":0,"441":0,"442":0,"443":2,"444":29,"445":161,"446":19,"447":142,"448":142,"449":142,"450":142,"451":142,"452":0,"453":0,"454":0,"455":0,"456":0,"457":142,"458":29,"459":3,"460":0,"461":3,"462":3,"463":3,"464":0,"465":3,"466":3,"467":3,"468":3,"469":3,"470":1,"471":1,"472":3,"473":3,"474":3,"475":3,"476":3,"477":7,"478":7,"479":7,"480":3,"481":29,"482":270,"483":38,"484":232,"485":232,"486":232,"487":0,"488":232,"489":167,"490":167,"491":167,"492":65,"493":65,"494":65,"495":40,"496":232,"497":29,"498":517,"499":517,"500":517,"501":517,"502":517,"503":517,"504":592,"505":592,"506":592,"507":592,"508":1184,"509":750,"510":750,"511":592,"512":143,"513":517,"514":148,"515":369,"516":369,"517":369,"518":4,"519":4,"520":369,"521":29,"522":238,"523":238,"524":238,"525":238,"526":238,"527":238,"528":282,"529":282,"530":282,"531":282,"532":564,"533":377,"534":377,"535":377,"536":282,"537":158,"538":238,"539":238,"540":29,"541":562,"542":562,"543":562,"544":562,"545":562,"546":29,"547":1251,"548":29,"549":562,"550":562,"551":1124,"552":0,"553":0,"554":0,"555":0,"556":29,"557":562,"558":562,"559":562,"560":562,"561":562,"562":509,"563":53,"564":53,"565":40,"566":40,"567":22,"568":4,"569":4,"570":2,"571":2,"572":1,"573":2,"574":18,"575":9,"576":9,"577":18,"578":9,"579":9,"580":2,"581":1,"582":1,"583":1,"584":2,"585":9,"586":18,"587":8,"588":4,"589":4,"590":8,"591":4,"592":4,"593":1,"594":4,"595":10,"596":2,"597":2,"598":0,"599":0,"600":2,"601":8,"602":10,"603":5,"604":5,"605":5,"606":1,"607":5,"608":5,"609":1,"610":5,"611":4,"612":1,"613":1,"614":0,"615":0,"616":1,"617":3,"618":5,"619":40,"620":13,"621":4,"622":4,"623":4,"624":2,"625":2,"626":1,"627":2,"628":4,"629":9,"630":9,"631":9,"632":5,"633":5,"634":15,"635":8,"636":7,"637":5,"638":2,"639":2,"640":3,"641":3,"642":2,"643":1,"644":1,"645":1,"646":1,"647":1,"648":3,"649":2,"650":4,"651":4,"652":6,"653":4,"654":4,"655":4,"656":2,"657":2,"658":1,"659":2,"660":9,"661":29,"662":562,"663":562,"664":193,"665":4,"666":4,"667":4,"668":0,"669":4,"670":562,"671":562,"672":617,"673":468,"674":464,"675":153,"676":0,"677":0,"678":0,"679":0,"680":0,"681":0,"682":0,"683":153,"684":153,"685":153,"686":29,"687":1,"688":1,"689":1,"690":1,"691":1,"692":0,"693":0,"694":1,"695":0,"696":0,"697":1,"698":0,"699":0,"700":1,"701":0,"702":0,"703":1,"704":0,"705":0,"706":1,"707":0,"708":0,"709":1,"710":0,"711":0,"712":1,"713":0,"714":0,"715":1,"716":0,"717":0,"718":1,"719":1,"720":1,"721":1,"722":1,"723":2,"724":2,"725":1,"726":2,"727":1,"728":1,"729":1,"730":1,"731":0,"732":1,"733":0,"734":1,"735":1,"736":0,"737":1,"738":1,"739":0,"740":1,"741":1,"742":0,"743":1,"744":1,"745":29,"746":562,"747":0,"748":562,"749":562,"750":562,"751":1,"752":0,"753":0,"754":0,"755":0,"756":0,"757":0,"758":0,"759":29,"760":562,"761":131,"762":431,"763":431,"764":431,"765":1,"766":0,"767":1,"768":1,"769":29,"770":1546,"771":16,"772":1546,"773":14,"774":14,"775":7,"776":14,"777":7,"778":1546,"779":1516,"780":30,"781":29,"782":995,"783":995,"784":1148,"785":18,"786":18,"787":18,"788":995,"789":29,"790":1317,"791":755,"792":755,"793":1200,"794":2,"795":1198,"796":0,"797":1198,"798":100,"799":1098,"800":0,"801":1098,"802":942,"803":942,"804":942,"805":10,"806":10,"807":1,"808":2,"809":2,"810":2,"811":9,"812":2,"813":4,"814":3,"815":7,"816":932,"817":4,"818":4,"819":1,"820":2,"821":2,"822":2,"823":3,"824":3,"825":2,"826":3,"827":1,"828":928,"829":942,"830":466,"831":476,"832":476,"833":476,"834":476,"835":475,"836":1,"837":942,"838":156,"839":152,"840":152,"841":152,"842":152,"843":142,"844":10,"845":755,"846":29,"847":99,"848":99,"849":99,"850":4,"851":4,"852":4,"853":95,"854":95,"855":4,"856":95,"857":95,"858":196,"859":95,"860":196,"861":29,"862":201,"863":201,"864":201,"865":29,"866":571,"867":571,"868":564,"869":571,"870":564,"871":7,"872":29,"873":2500,"874":1555,"875":1691,"876":319,"877":319,"878":319,"879":1555,"880":1236,"881":319,"882":319,"883":70,"884":249,"885":29,"886":26,"887":6,"888":6,"889":20,"890":29,"891":29},"f":{"0":1351,"1":29,"2":1162,"3":422,"4":270,"5":35,"6":2,"7":1546,"8":983,"9":1546,"10":1546,"11":1,"12":1531,"13":1,"14":48,"15":20,"16":193,"17":0,"18":43,"19":127,"20":66,"21":8,"22":185,"23":99,"24":48,"25":201,"26":2,"27":161,"28":3,"29":270,"30":517,"31":238,"32":562,"33":1251,"34":562,"35":562,"36":1,"37":2,"38":2,"39":1,"40":4,"41":1,"42":1,"43":1,"44":1,"45":562,"46":1,"47":1,"48":1,"49":562,"50":562,"51":1546,"52":995,"53":755,"54":99,"55":196,"56":196,"57":201,"58":571,"59":1555,"60":26},"b":{"0":[100,16847],"1":[1162,1162],"2":[0,1162],"3":[1162,0],"4":[0,1162],"5":[0,270],"6":[119,151],"7":[58,212],"8":[270,0],"9":[0,270],"10":[0,2],"11":[604,942],"12":[309,674],"13":[1,308],"14":[5,304],"15":[0,309],"16":[0,1546],"17":[0,1546],"18":[1546,565],"19":[1117,429],"20":[15,1531],"21":[977,554],"22":[1531,0],"23":[0,1546],"24":[0,1546],"25":[992,554],"26":[977,15],"27":[2,975],"28":[1,14],"29":[15,1],"30":[829,702],"31":[1531,1014],"32":[696,6],"33":[1,695],"34":[696,1],"35":[3,3],"36":[3,0],"37":[3,2],"38":[1,2],"39":[3,0],"40":[1,2],"41":[3,1],"42":[1,0],"43":[31,17],"44":[26,20],"45":[6,20],"46":[1,19],"47":[5,15],"48":[20,20,20],"49":[28,20],"50":[0,3],"51":[3,3,3],"52":[0,193],"53":[193,41],"54":[0,0],"55":[124,69],"56":[8,185],"57":[4,4],"58":[4,0],"59":[1,3],"60":[127,66],"61":[127,0],"62":[127,0],"63":[127,127],"64":[279,1],"65":[0,127],"66":[127,127,127,127],"67":[1,126],"68":[127,1],"69":[185,1],"70":[66,0],"71":[42,57],"72":[24,75],"73":[99,48],"74":[3,72],"75":[3,0],"76":[9,66],"77":[201,0],"78":[189,12],"79":[12,189],"80":[6,195],"81":[159,42],"82":[2,40],"83":[30,5],"84":[2,73],"85":[3,3],"86":[6,6],"87":[0,2],"88":[2,0],"89":[2,0],"90":[0,0],"91":[19,142],"92":[161,19],"93":[142,0],"94":[0,0],"95":[0,3],"96":[3,1],"97":[0,3],"98":[3,2],"99":[38,232],"100":[270,70],"101":[0,232],"102":[167,65],"103":[40,25],"104":[143,449],"105":[592,558,463],"106":[148,369],"107":[517,177],"108":[4,365],"109":[158,124],"110":[282,128,124],"111":[0,0],"112":[509,53],"113":[562,53],"114":[40,13],"115":[22,18],"116":[4,18],"117":[2,2],"118":[9,9],"119":[9,9],"120":[1,1],"121":[1,0],"122":[8,10],"123":[4,4],"124":[4,4],"125":[2,8],"126":[0,2],"127":[5,5],"128":[1,4],"129":[1,4],"130":[1,3],"131":[0,1],"132":[1,2],"133":[1,4],"134":[4,9],"135":[2,2],"136":[9,0],"137":[5,4],"138":[8,7],"139":[2,3],"140":[2,1],"141":[1,1],"142":[4,2],"143":[2,2],"144":[193,369],"145":[562,193],"146":[4,0],"147":[4,0],"148":[4,2],"149":[4,0],"150":[468,149],"151":[464,4],"152":[468,4],"153":[0,153],"154":[153,0],"155":[0,0],"156":[0,0],"157":[0,0],"158":[153,0],"159":[153,153],"160":[1,0],"161":[1,1],"162":[0,1],"163":[0,0],"164":[0,1],"165":[0,0],"166":[0,1],"167":[0,0],"168":[0,1],"169":[0,0],"170":[0,1],"171":[0,0],"172":[0,1],"173":[0,0],"174":[0,1],"175":[0,0],"176":[0,1],"177":[0,0],"178":[0,1],"179":[0,0],"180":[1,0],"181":[0,1],"182":[0,1],"183":[0,1],"184":[0,1],"185":[0,1],"186":[0,1],"187":[1,0],"188":[0,0],"189":[0,0],"190":[131,431],"191":[0,1],"192":[1,0],"193":[16,1530],"194":[14,1532],"195":[14,0],"196":[7,7],"197":[7,7],"198":[1516,30],"199":[18,1130],"200":[562,193],"201":[2,1198],"202":[0,1198],"203":[100,1098],"204":[0,1098],"205":[942,156],"206":[10,932],"207":[1,9],"208":[2,7],"209":[3,1],"210":[4,928],"211":[1,3],"212":[2,1],"213":[466,476],"214":[475,1],"215":[152,4],"216":[142,10],"217":[4,95],"218":[4,0],"219":[4,91],"220":[201,21],"221":[564,7],"222":[564,7],"223":[945,610],"224":[319,1372],"225":[1691,1378],"226":[1236,319],"227":[1555,319],"228":[70,249],"229":[6,0]}}
}
