TN:
SF:/Volumes/DATADISK1/Dev/Projects/flexlayers2/vdom/src/lib/ReactiveVars.ts
FN:14,(anonymous_0)
FN:67,ReactiveVar
FN:71,(anonymous_2)
FN:76,(anonymous_3)
FN:87,(anonymous_4)
FN:92,(anonymous_5)
FN:105,(anonymous_6)
FN:112,(anonymous_7)
FN:163,(anonymous_8)
FN:273,(anonymous_9)
FN:285,(anonymous_10)
FN:302,(anonymous_11)
FN:338,(anonymous_12)
FN:380,(anonymous_13)
FN:420,(anonymous_14)
FN:429,(anonymous_15)
FN:436,(anonymous_16)
FN:439,(anonymous_17)
FN:456,(anonymous_18)
FN:464,(anonymous_19)
FN:472,(anonymous_20)
FN:475,(anonymous_21)
FNF:22
FNH:19
FNDA:29,(anonymous_0)
FNDA:235,ReactiveVar
FNDA:235,(anonymous_2)
FNDA:235,(anonymous_3)
FNDA:67,(anonymous_4)
FNDA:270,(anonymous_5)
FNDA:282,(anonymous_6)
FNDA:2113,(anonymous_7)
FNDA:7467,(anonymous_8)
FNDA:0,(anonymous_9)
FNDA:3,(anonymous_10)
FNDA:116,(anonymous_11)
FNDA:13173,(anonymous_12)
FNDA:2965,(anonymous_13)
FNDA:33,(anonymous_14)
FNDA:7,(anonymous_15)
FNDA:0,(anonymous_16)
FNDA:0,(anonymous_17)
FNDA:2958,(anonymous_18)
FNDA:2,(anonymous_19)
FNDA:259,(anonymous_20)
FNDA:113,(anonymous_21)
DA:1,29
DA:2,29
DA:3,29
DA:6,29
DA:9,29
DA:10,29
DA:11,29
DA:14,29
DA:22,235
DA:27,235
DA:29,235
DA:31,235
DA:36,235
DA:41,235
DA:43,235
DA:45,235
DA:50,235
DA:55,235
DA:58,235
DA:71,29
DA:72,235
DA:76,29
DA:77,235
DA:78,0
DA:80,235
DA:81,235
DA:82,12188
DA:87,67
DA:88,67
DA:92,29
DA:94,270
DA:96,270
DA:97,784
DA:98,248
DA:105,29
DA:106,282
DA:107,282
DA:108,282
DA:112,29
DA:121,2113
DA:122,564
DA:126,1549
DA:127,361
DA:133,1549
DA:134,1549
DA:137,1549
DA:138,1549
DA:140,1549
DA:141,1549
DA:144,2237
DA:145,2237
DA:146,4514
DA:147,3491
DA:148,3491
DA:149,3491
DA:150,0
DA:152,3491
DA:154,3491
DA:155,13
DA:163,7467
DA:164,7467
DA:166,7467
DA:167,5599
DA:169,1868
DA:170,1868
DA:171,883
DA:175,985
DA:178,985
DA:180,985
DA:181,985
DA:183,985
DA:184,985
DA:185,24
DA:187,985
DA:193,1549
DA:197,1549
DA:198,1549
DA:201,1549
DA:202,1549
DA:203,1549
DA:206,1549
DA:208,598
DA:210,598
DA:211,598
DA:212,598
DA:217,1549
DA:220,1549
DA:221,17
DA:232,1549
DA:233,985
DA:235,985
DA:237,985
DA:239,961
DA:242,961
DA:244,0
DA:248,1549
DA:249,1549
DA:252,1549
DA:254,101
DA:255,101
DA:258,0
DA:259,0
DA:260,0
DA:265,0
DA:268,1448
DA:273,29
DA:275,0
DA:276,0
DA:278,0
DA:279,0
DA:285,29
DA:287,3
DA:288,75
DA:290,3
DA:291,2
DA:295,3
DA:296,3
DA:302,29
DA:304,116
DA:306,116
DA:307,116
DA:309,143
DA:311,143
DA:312,0
DA:315,143
DA:316,143
DA:320,116
DA:321,3
DA:322,3
DA:323,0
DA:325,3
DA:326,3
DA:331,116
DA:332,102
DA:338,13173
DA:341,13173
DA:342,1220
DA:346,11953
DA:348,11953
DA:359,11953
DA:360,9192
DA:363,2761
DA:364,706
DA:370,2055
DA:371,2055
DA:372,0
DA:376,2055
DA:380,2055
DA:382,2965
DA:383,2883
DA:384,2883
DA:387,2965
DA:388,17
DA:389,17
DA:390,9
DA:399,2055
DA:406,2055
DA:407,1669
DA:414,386
DA:415,386
DA:417,4
DA:419,4
DA:422,33
DA:423,26
DA:425,7
DA:426,7
DA:431,7
DA:432,7
DA:433,7
DA:443,4
DA:452,382
DA:453,382
DA:455,382
DA:458,2958
DA:460,2958
DA:462,2958
DA:463,2
DA:464,2
DA:465,2
DA:466,2
DA:476,113
DA:477,113
DA:478,12
DA:487,29
LF:184
LH:170
BRDA:77,0,0,0
BRDA:77,0,1,235
BRDA:87,1,0,0
BRDA:87,1,1,67
BRDA:97,2,0,248
BRDA:97,2,1,536
BRDA:121,3,0,564
BRDA:121,3,1,1549
BRDA:121,4,0,2113
BRDA:121,4,1,1549
BRDA:126,5,0,361
BRDA:126,5,1,1188
BRDA:146,6,0,3491
BRDA:146,6,1,1023
BRDA:149,7,0,0
BRDA:149,7,1,3491
BRDA:154,8,0,13
BRDA:154,8,1,3478
BRDA:166,9,0,5599
BRDA:166,9,1,1868
BRDA:170,10,0,883
BRDA:170,10,1,985
BRDA:178,11,0,985
BRDA:178,11,1,0
BRDA:184,12,0,24
BRDA:184,12,1,961
BRDA:202,13,0,1549
BRDA:202,13,1,0
BRDA:206,14,0,598
BRDA:206,14,1,951
BRDA:211,15,0,598
BRDA:211,15,1,0
BRDA:220,16,0,17
BRDA:220,16,1,1532
BRDA:235,17,0,0
BRDA:235,17,1,985
BRDA:237,18,0,24
BRDA:237,18,1,961
BRDA:239,19,0,0
BRDA:239,19,1,961
BRDA:242,20,0,961
BRDA:242,20,1,0
BRDA:252,21,0,101
BRDA:252,21,1,1448
BRDA:254,22,0,101
BRDA:254,22,1,0
BRDA:288,23,0,3
BRDA:288,23,1,72
BRDA:290,24,0,2
BRDA:290,24,1,1
BRDA:304,25,0,116
BRDA:304,25,1,38
BRDA:309,26,0,143
BRDA:309,26,1,0
BRDA:311,27,0,0
BRDA:311,27,1,143
BRDA:321,28,0,3
BRDA:321,28,1,0
BRDA:322,29,0,0
BRDA:322,29,1,3
BRDA:331,30,0,102
BRDA:331,30,1,14
BRDA:341,31,0,1220
BRDA:341,31,1,11953
BRDA:346,32,0,11953
BRDA:346,32,1,0
BRDA:359,33,0,9192
BRDA:359,33,1,2761
BRDA:363,34,0,706
BRDA:363,34,1,2055
BRDA:371,35,0,0
BRDA:371,35,1,2055
BRDA:371,36,0,2055
BRDA:371,36,1,2055
BRDA:382,37,0,2883
BRDA:382,37,1,82
BRDA:383,38,0,2883
BRDA:383,38,1,363
BRDA:387,39,0,17
BRDA:387,39,1,2948
BRDA:388,40,0,17
BRDA:388,40,1,7
BRDA:389,41,0,9
BRDA:389,41,1,8
BRDA:406,42,0,1669
BRDA:406,42,1,386
BRDA:415,43,0,4
BRDA:415,43,1,382
BRDA:422,44,0,26
BRDA:422,44,1,7
BRDA:422,45,0,33
BRDA:422,45,1,33
BRDA:462,46,0,2
BRDA:462,46,1,2956
BRDA:462,47,0,2958
BRDA:462,47,1,13
BRDA:465,48,0,2
BRDA:465,48,1,0
BRDA:477,49,0,12
BRDA:477,49,1,101
BRDA:477,50,0,113
BRDA:477,50,1,12
BRF:102
BRH:85
end_of_record
TN:
SF:/Volumes/DATADISK1/Dev/Projects/flexlayers2/vdom/src/lib/VDom.ts
FN:18,(anonymous_0)
FN:113,VDom
FN:168,(anonymous_2)
FN:196,(anonymous_3)
FN:197,(anonymous_4)
FN:198,(anonymous_5)
FN:199,(anonymous_6)
FN:200,(anonymous_7)
FN:201,(anonymous_8)
FN:202,(anonymous_9)
FN:203,(anonymous_10)
FN:206,(anonymous_11)
FN:215,(anonymous_12)
FN:224,(anonymous_13)
FN:230,(anonymous_14)
FN:284,(anonymous_15)
FN:315,(anonymous_16)
FN:353,(anonymous_17)
FN:421,(anonymous_18)
FN:433,(anonymous_19)
FN:446,(anonymous_20)
FN:494,(anonymous_21)
FN:507,(anonymous_22)
FN:514,(anonymous_23)
FN:521,(anonymous_24)
FNF:25
FNH:24
FNDA:29,(anonymous_0)
FNDA:235,VDom
FNDA:1,(anonymous_2)
FNDA:234,(anonymous_3)
FNDA:234,(anonymous_4)
FNDA:235,(anonymous_5)
FNDA:119,(anonymous_6)
FNDA:165,(anonymous_7)
FNDA:98,(anonymous_8)
FNDA:103,(anonymous_9)
FNDA:103,(anonymous_10)
FNDA:2,(anonymous_11)
FNDA:1,(anonymous_12)
FNDA:0,(anonymous_13)
FNDA:401,(anonymous_14)
FNDA:108,(anonymous_15)
FNDA:235,(anonymous_16)
FNDA:6,(anonymous_17)
FNDA:4,(anonymous_18)
FNDA:1,(anonymous_19)
FNDA:102,(anonymous_20)
FNDA:102,(anonymous_21)
FNDA:100,(anonymous_22)
FNDA:1,(anonymous_23)
FNDA:1,(anonymous_24)
DA:1,29
DA:2,29
DA:3,29
DA:5,29
DA:7,29
DA:8,29
DA:9,29
DA:10,29
DA:11,29
DA:18,29
DA:21,29
DA:32,235
DA:34,235
DA:36,235
DA:38,235
DA:40,235
DA:43,235
DA:50,235
DA:52,235
DA:54,235
DA:56,235
DA:59,235
DA:61,235
DA:63,235
DA:65,235
DA:74,235
DA:82,235
DA:84,235
DA:89,235
DA:99,235
DA:115,235
DA:117,235
DA:119,235
DA:121,235
DA:122,1
DA:124,235
DA:125,234
DA:127,235
DA:128,114
DA:130,235
DA:131,114
DA:137,235
DA:140,235
DA:141,235
DA:142,0
DA:143,0
DA:146,235
DA:149,235
DA:150,235
DA:151,289
DA:152,278
DA:153,278
DA:156,11
DA:158,289
DA:160,235
DA:163,235
DA:165,1
DA:167,1
DA:168,1
DA:169,1
DA:196,29
DA:197,29
DA:198,29
DA:199,29
DA:200,29
DA:201,29
DA:202,29
DA:203,29
DA:206,29
DA:208,2
DA:210,2
DA:211,2
DA:215,29
DA:217,1
DA:219,1
DA:220,1
DA:224,29
DA:225,0
DA:226,0
DA:230,501
DA:233,401
DA:236,2
DA:240,401
DA:241,166
DA:243,235
DA:246,401
DA:248,400
DA:249,400
DA:253,400
DA:257,401
DA:258,400
DA:261,401
DA:262,193
DA:264,401
DA:266,401
DA:267,166
DA:269,235
DA:273,401
DA:276,2
DA:279,401
DA:284,29
DA:297,108
DA:299,108
DA:300,19
DA:306,19
DA:308,89
DA:310,108
DA:315,235
DA:327,235
DA:330,235
DA:331,235
DA:334,235
DA:335,235
DA:336,67
DA:337,67
DA:341,235
DA:343,235
DA:346,235
DA:348,235
DA:351,235
DA:353,2
DA:354,6
DA:356,4
DA:358,4
DA:359,4
DA:360,4
DA:361,8
DA:363,7
DA:365,7
DA:366,7
DA:367,0
DA:369,7
DA:372,7
DA:373,0
DA:376,7
DA:378,7
DA:382,0
DA:384,4
DA:385,4
DA:390,2
DA:391,2
DA:393,2
DA:400,235
DA:402,235
DA:403,235
DA:404,234
DA:405,234
DA:406,2
DA:411,235
DA:412,235
DA:413,235
DA:414,235
DA:415,235
DA:417,235
DA:421,29
DA:422,4
DA:423,0
DA:425,4
DA:426,4
DA:427,4
DA:428,4
DA:430,4
DA:433,29
DA:434,1
DA:435,0
DA:437,1
DA:438,1
DA:439,1
DA:440,1
DA:442,1
DA:446,29
DA:449,102
DA:450,100
DA:461,102
DA:462,1
DA:465,102
DA:468,102
DA:469,102
DA:470,102
DA:473,102
DA:474,61
DA:478,102
DA:479,61
DA:483,102
DA:484,102
DA:486,102
DA:487,100
DA:488,100
DA:494,102
DA:505,102
DA:506,100
DA:507,100
DA:508,100
DA:514,29
DA:515,1
DA:516,1
DA:521,29
DA:522,1
DA:525,29
LF:199
LH:190
BRDA:115,0,0,235
BRDA:115,0,1,235
BRDA:119,1,0,235
BRDA:119,1,1,0
BRDA:121,2,0,1
BRDA:121,2,1,234
BRDA:124,3,0,234
BRDA:124,3,1,1
BRDA:127,4,0,114
BRDA:127,4,1,121
BRDA:130,5,0,114
BRDA:130,5,1,121
BRDA:141,6,0,0
BRDA:141,6,1,235
BRDA:151,7,0,278
BRDA:151,7,1,11
BRDA:152,8,0,278
BRDA:152,8,1,0
BRDA:163,9,0,1
BRDA:163,9,1,234
BRDA:167,10,0,1
BRDA:167,10,1,0
BRDA:230,11,0,100
BRDA:230,11,1,301
BRDA:233,12,0,399
BRDA:233,12,1,2
BRDA:240,13,0,166
BRDA:240,13,1,235
BRDA:246,14,0,400
BRDA:246,14,1,1
BRDA:246,15,0,401
BRDA:246,15,1,400
BRDA:248,16,0,400
BRDA:248,16,1,400
BRDA:249,17,0,0
BRDA:249,17,1,400
BRDA:257,18,0,400
BRDA:257,18,1,1
BRDA:261,19,0,193
BRDA:261,19,1,208
BRDA:261,20,0,401
BRDA:261,20,1,400
BRDA:266,21,0,166
BRDA:266,21,1,235
BRDA:267,22,0,166
BRDA:267,22,1,0
BRDA:269,23,0,234
BRDA:269,23,1,1
BRDA:273,24,0,399
BRDA:273,24,1,2
BRDA:299,25,0,19
BRDA:299,25,1,89
BRDA:330,26,0,235
BRDA:330,26,1,40
BRDA:346,27,0,235
BRDA:346,27,1,0
BRDA:348,28,0,235
BRDA:348,28,1,40
BRDA:351,29,0,2
BRDA:351,29,1,233
BRDA:351,30,0,235
BRDA:351,30,1,40
BRDA:359,31,0,4
BRDA:359,31,1,0
BRDA:366,32,0,0
BRDA:366,32,1,7
BRDA:372,33,0,0
BRDA:372,33,1,7
BRDA:400,34,0,235
BRDA:400,34,1,0
BRDA:403,35,0,234
BRDA:403,35,1,1
BRDA:404,36,0,234
BRDA:404,36,1,0
BRDA:405,37,0,2
BRDA:405,37,1,232
BRDA:422,38,0,0
BRDA:422,38,1,4
BRDA:427,39,0,4
BRDA:427,39,1,0
BRDA:434,40,0,0
BRDA:434,40,1,1
BRDA:439,41,0,1
BRDA:439,41,1,0
BRDA:439,42,0,1
BRDA:439,42,1,1
BRDA:449,43,0,100
BRDA:449,43,1,2
BRDA:461,44,0,1
BRDA:461,44,1,101
BRDA:473,45,0,61
BRDA:473,45,1,41
BRDA:478,46,0,61
BRDA:478,46,1,41
BRDA:486,47,0,100
BRDA:486,47,1,2
BRDA:505,48,0,100
BRDA:505,48,1,2
BRDA:515,49,0,1
BRDA:515,49,1,0
BRF:100
BRH:83
end_of_record
TN:
SF:/Volumes/DATADISK1/Dev/Projects/flexlayers2/vdom/src/lib/VDomItem.ts
FN:40,(anonymous_0)
FN:50,(anonymous_1)
FN:155,VDomItem
FN:203,(anonymous_3)
FN:226,(anonymous_4)
FN:292,(anonymous_5)
FN:302,(anonymous_6)
FN:319,(anonymous_7)
FN:332,(anonymous_8)
FN:389,(anonymous_9)
FN:454,(anonymous_10)
FN:482,(anonymous_11)
FN:505,(anonymous_12)
FN:535,(anonymous_13)
FN:553,(anonymous_14)
FN:597,(anonymous_16)
FN:634,(anonymous_17)
FN:646,(anonymous_18)
FN:658,(anonymous_19)
FN:719,(anonymous_20)
FN:759,(anonymous_21)
FN:773,(anonymous_22)
FN:799,(anonymous_23)
FN:812,(anonymous_24)
FN:848,(anonymous_26)
FN:923,(anonymous_28)
FN:1034,(anonymous_29)
FN:1063,(anonymous_30)
FN:1098,(anonymous_31)
FN:1139,(anonymous_32)
FN:1175,(anonymous_33)
FN:1221,(anonymous_34)
FN:1252,(anonymous_35)
FN:1268,(anonymous_36)
FN:1273,(anonymous_37)
FN:1289,(anonymous_38)
FN:1315,(anonymous_39)
FN:1331,(anonymous_40)
FN:1337,(anonymous_41)
FN:1354,(anonymous_42)
FN:1387,(anonymous_43)
FN:1417,(anonymous_44)
FN:1444,(anonymous_45)
FN:1455,(anonymous_47)
FN:1474,(anonymous_48)
FN:1489,(anonymous_49)
FN:1548,(anonymous_50)
FN:1554,(anonymous_51)
FN:1587,(anonymous_52)
FN:1615,(anonymous_53)
FN:1647,(anonymous_54)
FN:1669,(anonymous_55)
FN:1697,(anonymous_56)
FN:1714,(anonymous_57)
FN:1814,(anonymous_58)
FN:1838,(anonymous_59)
FN:1840,(anonymous_60)
FN:1845,(anonymous_61)
FN:1858,(anonymous_62)
FN:1872,(anonymous_63)
FN:1899,(anonymous_64)
FNF:61
FNH:60
FNDA:1351,(anonymous_0)
FNDA:29,(anonymous_1)
FNDA:1162,VDomItem
FNDA:422,(anonymous_3)
FNDA:270,(anonymous_4)
FNDA:35,(anonymous_5)
FNDA:2,(anonymous_6)
FNDA:1546,(anonymous_7)
FNDA:983,(anonymous_8)
FNDA:1546,(anonymous_9)
FNDA:1546,(anonymous_10)
FNDA:1,(anonymous_11)
FNDA:1531,(anonymous_12)
FNDA:1,(anonymous_13)
FNDA:48,(anonymous_14)
FNDA:20,(anonymous_16)
FNDA:193,(anonymous_17)
FNDA:0,(anonymous_18)
FNDA:43,(anonymous_19)
FNDA:127,(anonymous_20)
FNDA:66,(anonymous_21)
FNDA:8,(anonymous_22)
FNDA:185,(anonymous_23)
FNDA:99,(anonymous_24)
FNDA:48,(anonymous_26)
FNDA:201,(anonymous_28)
FNDA:2,(anonymous_29)
FNDA:161,(anonymous_30)
FNDA:3,(anonymous_31)
FNDA:270,(anonymous_32)
FNDA:517,(anonymous_33)
FNDA:238,(anonymous_34)
FNDA:562,(anonymous_35)
FNDA:1251,(anonymous_36)
FNDA:562,(anonymous_37)
FNDA:562,(anonymous_38)
FNDA:1,(anonymous_39)
FNDA:2,(anonymous_40)
FNDA:2,(anonymous_41)
FNDA:1,(anonymous_42)
FNDA:4,(anonymous_43)
FNDA:1,(anonymous_44)
FNDA:1,(anonymous_45)
FNDA:1,(anonymous_47)
FNDA:1,(anonymous_48)
FNDA:562,(anonymous_49)
FNDA:1,(anonymous_50)
FNDA:1,(anonymous_51)
FNDA:1,(anonymous_52)
FNDA:562,(anonymous_53)
FNDA:562,(anonymous_54)
FNDA:1546,(anonymous_55)
FNDA:995,(anonymous_56)
FNDA:755,(anonymous_57)
FNDA:99,(anonymous_58)
FNDA:196,(anonymous_59)
FNDA:196,(anonymous_60)
FNDA:201,(anonymous_61)
FNDA:571,(anonymous_62)
FNDA:1555,(anonymous_63)
FNDA:26,(anonymous_64)
DA:1,29
DA:4,29
DA:5,29
DA:6,29
DA:12,29
DA:13,29
DA:14,29
DA:15,29
DA:16,29
DA:19,29
DA:20,29
DA:23,29
DA:40,29
DA:41,16947
DA:42,16947
DA:43,100
DA:46,1251
DA:50,29
DA:55,1162
DA:65,1162
DA:67,1162
DA:69,1162
DA:71,1162
DA:74,1162
DA:79,1162
DA:83,1162
DA:85,1162
DA:102,1162
DA:106,1162
DA:112,1162
DA:116,1162
DA:123,1162
DA:125,1162
DA:132,1162
DA:137,1162
DA:144,1162
DA:147,1162
DA:156,1162
DA:158,1162
DA:159,0
DA:162,1162
DA:163,1162
DA:166,1162
DA:170,1162
DA:203,29
DA:205,422
DA:217,422
DA:218,245
DA:221,422
DA:226,29
DA:229,270
DA:232,270
DA:233,0
DA:234,0
DA:238,270
DA:239,0
DA:241,270
DA:244,270
DA:245,119
DA:246,0
DA:248,119
DA:252,270
DA:253,42
DA:255,270
DA:258,270
DA:259,58
DA:261,270
DA:264,270
DA:265,270
DA:269,270
DA:270,0
DA:272,270
DA:275,322
DA:276,322
DA:278,270
DA:281,270
DA:282,137
DA:284,270
DA:287,270
DA:292,29
DA:294,67
DA:295,67
DA:297,35
DA:302,29
DA:304,2
DA:305,0
DA:307,2
DA:309,2
DA:310,4
DA:311,4
DA:319,29
DA:321,1546
DA:322,604
DA:325,1546
DA:326,1546
DA:327,1546
DA:332,29
DA:342,983
DA:343,983
DA:346,983
DA:348,309
DA:349,309
DA:350,1
DA:351,1
DA:353,308
DA:355,309
DA:356,5
DA:359,309
DA:360,309
DA:364,309
DA:366,309
DA:367,309
DA:370,379
DA:371,379
DA:372,379
DA:373,758
DA:374,379
DA:379,309
DA:380,309
DA:385,674
DA:389,1546
DA:397,1546
DA:398,0
DA:402,1546
DA:404,1546
DA:405,1546
DA:406,1117
DA:409,1546
DA:412,1546
DA:413,1546
DA:414,1546
DA:417,1546
DA:418,15
DA:422,1531
DA:423,977
DA:424,977
DA:425,977
DA:426,977
DA:427,977
DA:428,977
DA:429,977
DA:430,977
DA:431,977
DA:432,977
DA:433,977
DA:437,1531
DA:438,1531
DA:439,1531
DA:441,1531
DA:442,1531
DA:454,1546
DA:457,1546
DA:459,1546
DA:460,0
DA:464,1546
DA:466,992
DA:468,992
DA:470,977
DA:471,977
DA:472,307
DA:474,977
DA:475,2
DA:480,15
DA:482,1
DA:483,2
DA:484,1
DA:490,14
DA:491,7
DA:499,1546
DA:500,1546
DA:505,29
DA:508,1531
DA:509,829
DA:513,702
DA:514,702
DA:515,696
DA:516,1
DA:518,696
DA:522,6
DA:523,6
DA:525,3
DA:526,3
DA:527,3
DA:528,1
DA:533,3
DA:534,3
DA:535,1
DA:536,2
DA:537,1
DA:538,1
DA:543,2
DA:553,29
DA:556,48
DA:557,48
DA:558,48
DA:560,31
DA:564,48
DA:565,48
DA:568,48
DA:569,48
DA:572,48
DA:582,26
DA:583,26
DA:588,20
DA:591,20
DA:592,20
DA:593,1
DA:597,20
DA:599,20
DA:600,40
DA:601,20
DA:602,20
DA:604,20
DA:605,5
DA:613,48
DA:614,28
DA:615,28
DA:616,3
DA:617,3
DA:618,6
DA:619,3
DA:620,3
DA:622,3
DA:623,0
DA:629,48
DA:630,48
DA:634,193
DA:643,193
DA:645,0
DA:646,0
DA:647,0
DA:650,0
DA:655,193
DA:656,124
DA:658,43
DA:663,193
DA:665,193
DA:667,8
DA:669,8
DA:670,4
DA:671,4
DA:673,4
DA:674,4
DA:675,1
DA:682,193
DA:685,127
DA:686,127
DA:688,127
DA:691,127
DA:692,18
DA:696,127
DA:697,127
DA:698,127
DA:699,127
DA:703,127
DA:704,127
DA:706,280
DA:707,279
DA:708,279
DA:719,127
DA:722,127
DA:725,127
DA:726,0
DA:729,127
DA:732,127
DA:733,127
DA:734,1
DA:735,1
DA:742,127
DA:746,66
DA:747,66
DA:748,186
DA:749,185
DA:750,185
DA:755,66
DA:756,66
DA:759,66
DA:760,66
DA:761,66
DA:765,66
DA:773,29
DA:781,8
DA:789,8
DA:795,8
DA:799,29
DA:807,185
DA:812,99
DA:821,99
DA:829,99
DA:830,42
DA:836,99
DA:837,99
DA:841,99
DA:843,48
DA:846,48
DA:848,48
DA:850,48
DA:851,96
DA:852,84
DA:853,84
DA:858,24
DA:859,24
DA:865,75
DA:873,75
DA:874,3
DA:875,3
DA:876,3
DA:877,9
DA:880,3
DA:884,75
DA:887,75
DA:889,75
DA:890,75
DA:891,9
DA:893,75
DA:896,75
DA:898,75
DA:901,201
DA:903,201
DA:906,201
DA:907,201
DA:909,201
DA:910,189
DA:913,201
DA:914,12
DA:916,201
DA:917,6
DA:919,201
DA:923,201
DA:939,201
DA:942,201
DA:943,201
DA:946,159
DA:947,159
DA:949,159
DA:950,318
DA:951,243
DA:952,243
DA:955,159
DA:960,42
DA:962,42
DA:964,2
DA:966,2
DA:970,42
DA:971,84
DA:972,60
DA:973,60
DA:977,42
DA:981,201
DA:994,201
DA:1001,75
DA:1002,35
DA:1003,35
DA:1004,35
DA:1005,35
DA:1006,30
DA:1011,75
DA:1012,75
DA:1014,2
DA:1015,2
DA:1016,6
DA:1017,3
DA:1019,3
DA:1023,2
DA:1028,75
DA:1029,75
DA:1034,29
DA:1037,2
DA:1038,0
DA:1042,2
DA:1043,2
DA:1044,2
DA:1046,2
DA:1049,0
DA:1050,0
DA:1051,0
DA:1052,0
DA:1053,0
DA:1058,2
DA:1063,29
DA:1066,161
DA:1067,19
DA:1071,142
DA:1075,142
DA:1077,142
DA:1078,142
DA:1079,142
DA:1083,0
DA:1084,0
DA:1085,0
DA:1086,0
DA:1087,0
DA:1093,142
DA:1098,29
DA:1101,3
DA:1102,0
DA:1106,3
DA:1107,3
DA:1108,3
DA:1109,0
DA:1113,3
DA:1116,3
DA:1119,3
DA:1120,1
DA:1122,3
DA:1125,3
DA:1126,3
DA:1127,3
DA:1128,7
DA:1129,7
DA:1130,7
DA:1134,3
DA:1139,29
DA:1142,270
DA:1143,38
DA:1147,232
DA:1148,232
DA:1149,232
DA:1150,0
DA:1155,232
DA:1157,167
DA:1158,167
DA:1159,167
DA:1162,65
DA:1163,65
DA:1164,65
DA:1165,40
DA:1170,232
DA:1175,29
DA:1184,517
DA:1185,517
DA:1188,517
DA:1189,592
DA:1190,592
DA:1191,592
DA:1192,1184
DA:1193,750
DA:1195,592
DA:1196,143
DA:1201,517
DA:1202,148
DA:1206,369
DA:1209,369
DA:1210,369
DA:1211,4
DA:1212,4
DA:1216,369
DA:1221,29
DA:1224,238
DA:1227,238
DA:1230,238
DA:1231,282
DA:1232,282
DA:1233,282
DA:1234,564
DA:1235,377
DA:1236,377
DA:1238,282
DA:1239,158
DA:1244,238
DA:1245,238
DA:1252,29
DA:1254,562
DA:1256,562
DA:1258,562
DA:1260,562
DA:1262,562
DA:1268,29
DA:1269,1251
DA:1273,29
DA:1275,562
DA:1276,1124
DA:1277,0
DA:1278,0
DA:1279,0
DA:1289,562
DA:1292,562
DA:1293,562
DA:1294,562
DA:1296,562
DA:1297,509
DA:1301,53
DA:1304,53
DA:1306,40
DA:1308,40
DA:1309,22
DA:1311,4
DA:1313,4
DA:1314,2
DA:1315,2
DA:1316,1
DA:1318,2
DA:1323,18
DA:1324,9
DA:1326,9
DA:1329,18
DA:1330,9
DA:1331,9
DA:1332,2
DA:1333,1
DA:1334,1
DA:1337,2
DA:1340,9
DA:1344,18
DA:1346,8
DA:1347,4
DA:1349,4
DA:1352,8
DA:1353,4
DA:1354,4
DA:1355,1
DA:1357,4
DA:1362,10
DA:1363,2
DA:1364,2
DA:1365,0
DA:1366,0
DA:1368,2
DA:1371,8
DA:1374,10
DA:1375,5
DA:1377,5
DA:1378,5
DA:1379,1
DA:1382,5
DA:1383,5
DA:1384,1
DA:1387,5
DA:1388,4
DA:1389,1
DA:1390,1
DA:1391,0
DA:1392,0
DA:1394,1
DA:1397,3
DA:1400,5
DA:1405,40
DA:1410,13
DA:1412,4
DA:1413,4
DA:1415,4
DA:1416,2
DA:1417,2
DA:1418,1
DA:1420,2
DA:1423,4
DA:1428,9
DA:1430,9
DA:1432,9
DA:1434,5
DA:1435,15
DA:1436,8
DA:1438,7
DA:1442,5
DA:1443,2
DA:1444,2
DA:1446,3
DA:1448,3
DA:1450,3
DA:1451,2
DA:1452,1
DA:1455,1
DA:1460,2
DA:1465,4
DA:1466,6
DA:1467,4
DA:1468,4
DA:1472,4
DA:1473,2
DA:1474,2
DA:1475,1
DA:1477,2
DA:1482,9
DA:1489,29
DA:1492,562
DA:1494,562
DA:1496,193
DA:1498,4
DA:1500,4
DA:1501,4
DA:1503,0
DA:1506,4
DA:1512,562
DA:1514,562
DA:1516,617
DA:1517,468
DA:1518,464
DA:1522,153
DA:1524,0
DA:1525,0
DA:1528,0
DA:1529,0
DA:1530,0
DA:1531,0
DA:1532,0
DA:1536,153
DA:1537,153
DA:1538,153
DA:1548,29
DA:1551,1
DA:1554,1
DA:1556,1
DA:1558,1
DA:1560,1
DA:1561,1
DA:1562,1
DA:1563,1
DA:1564,1
DA:1566,1
DA:1567,1
DA:1568,1
DA:1570,1
DA:1573,1
DA:1575,1
DA:1576,1
DA:1577,1
DA:1578,2
DA:1579,2
DA:1581,1
DA:1582,2
DA:1584,1
DA:1587,1
DA:1588,1
DA:1591,1
DA:1592,1
DA:1597,1
DA:1598,1
DA:1599,1
DA:1600,1
DA:1601,1
DA:1602,1
DA:1604,1
DA:1610,1
DA:1615,29
DA:1618,562
DA:1619,0
DA:1621,562
DA:1624,562
DA:1625,562
DA:1626,1
DA:1628,0
DA:1629,0
DA:1632,0
DA:1634,0
DA:1636,0
DA:1637,0
DA:1638,0
DA:1647,29
DA:1649,562
DA:1650,131
DA:1654,431
DA:1656,431
DA:1657,431
DA:1658,1
DA:1659,0
DA:1661,1
DA:1662,1
DA:1669,29
DA:1674,1546
DA:1675,16
DA:1677,1546
DA:1678,14
DA:1679,14
DA:1680,7
DA:1682,14
DA:1683,7
DA:1688,1546
DA:1689,1516
DA:1692,30
DA:1697,29
DA:1699,995
DA:1701,995
DA:1702,1148
DA:1703,18
DA:1704,18
DA:1705,18
DA:1709,995
DA:1714,1317
DA:1717,755
DA:1719,755
DA:1721,1200
DA:1722,1198
DA:1723,1198
DA:1724,1098
DA:1727,1098
DA:1728,942
DA:1730,942
DA:1731,942
DA:1733,10
DA:1734,10
DA:1735,2
DA:1736,2
DA:1738,9
DA:1739,2
DA:1740,4
DA:1741,3
DA:1745,7
DA:1748,932
DA:1750,4
DA:1751,4
DA:1752,2
DA:1753,2
DA:1754,3
DA:1757,3
DA:1758,2
DA:1759,3
DA:1762,1
DA:1766,928
DA:1769,942
DA:1770,466
DA:1772,476
DA:1773,476
DA:1774,476
DA:1779,476
DA:1780,475
DA:1782,1
DA:1786,942
DA:1790,156
DA:1791,152
DA:1792,152
DA:1793,152
DA:1798,152
DA:1799,142
DA:1801,10
DA:1809,755
DA:1814,29
DA:1822,99
DA:1824,99
DA:1825,99
DA:1826,4
DA:1827,4
DA:1828,4
DA:1832,95
DA:1833,95
DA:1834,4
DA:1836,95
DA:1838,196
DA:1840,196
DA:1845,29
DA:1847,201
DA:1848,201
DA:1854,201
DA:1858,29
DA:1860,571
DA:1861,571
DA:1862,564
DA:1864,571
DA:1865,564
DA:1867,7
DA:1872,2500
DA:1876,1555
DA:1878,1691
DA:1879,319
DA:1880,319
DA:1881,319
DA:1885,1555
DA:1886,1236
DA:1890,319
DA:1891,319
DA:1892,70
DA:1894,249
DA:1899,29
DA:1900,26
DA:1901,6
DA:1902,6
DA:1905,20
DA:1908,29
LF:767
LH:714
BRDA:42,0,0,100
BRDA:42,0,1,16847
BRDA:156,1,0,1162
BRDA:156,1,1,1162
BRDA:158,2,0,0
BRDA:158,2,1,1162
BRDA:162,3,0,1162
BRDA:162,3,1,0
BRDA:166,4,0,0
BRDA:166,4,1,1162
BRDA:232,5,0,0
BRDA:232,5,1,270
BRDA:244,6,0,119
BRDA:244,6,1,151
BRDA:258,7,0,58
BRDA:258,7,1,212
BRDA:264,8,0,270
BRDA:264,8,1,0
BRDA:269,9,0,0
BRDA:269,9,1,270
BRDA:304,10,0,0
BRDA:304,10,1,2
BRDA:321,11,0,604
BRDA:321,11,1,942
BRDA:346,12,0,309
BRDA:346,12,1,674
BRDA:349,13,0,1
BRDA:349,13,1,308
BRDA:355,14,0,5
BRDA:355,14,1,304
BRDA:360,15,0,0
BRDA:360,15,1,309
BRDA:389,16,0,0
BRDA:389,16,1,1546
BRDA:397,17,0,0
BRDA:397,17,1,1546
BRDA:397,18,0,1546
BRDA:397,18,1,565
BRDA:405,19,0,1117
BRDA:405,19,1,429
BRDA:417,20,0,15
BRDA:417,20,1,1531
BRDA:422,21,0,977
BRDA:422,21,1,554
BRDA:438,22,0,1531
BRDA:438,22,1,0
BRDA:454,23,0,0
BRDA:454,23,1,1546
BRDA:459,24,0,0
BRDA:459,24,1,1546
BRDA:464,25,0,992
BRDA:464,25,1,554
BRDA:468,26,0,977
BRDA:468,26,1,15
BRDA:474,27,0,2
BRDA:474,27,1,975
BRDA:480,28,0,1
BRDA:480,28,1,14
BRDA:480,29,0,15
BRDA:480,29,1,1
BRDA:508,30,0,829
BRDA:508,30,1,702
BRDA:508,31,0,1531
BRDA:508,31,1,1014
BRDA:514,32,0,696
BRDA:514,32,1,6
BRDA:515,33,0,1
BRDA:515,33,1,695
BRDA:515,34,0,696
BRDA:515,34,1,1
BRDA:523,35,0,3
BRDA:523,35,1,3
BRDA:525,36,0,3
BRDA:525,36,1,0
BRDA:525,37,0,3
BRDA:525,37,1,2
BRDA:527,38,0,1
BRDA:527,38,1,2
BRDA:533,39,0,3
BRDA:533,39,1,0
BRDA:534,40,0,1
BRDA:534,40,1,2
BRDA:534,41,0,3
BRDA:534,41,1,1
BRDA:537,42,0,1
BRDA:537,42,1,0
BRDA:558,43,0,31
BRDA:558,43,1,17
BRDA:582,44,0,26
BRDA:582,44,1,20
BRDA:583,45,0,6
BRDA:583,45,1,20
BRDA:592,46,0,1
BRDA:592,46,1,19
BRDA:604,47,0,5
BRDA:604,47,1,15
BRDA:604,48,0,20
BRDA:604,48,1,20
BRDA:604,48,2,20
BRDA:613,49,0,28
BRDA:613,49,1,20
BRDA:622,50,0,0
BRDA:622,50,1,3
BRDA:622,51,0,3
BRDA:622,51,1,3
BRDA:622,51,2,3
BRDA:643,52,0,0
BRDA:643,52,1,193
BRDA:643,53,0,193
BRDA:643,53,1,41
BRDA:645,54,0,0
BRDA:645,54,1,0
BRDA:655,55,0,124
BRDA:655,55,1,69
BRDA:665,56,0,8
BRDA:665,56,1,185
BRDA:669,57,0,4
BRDA:669,57,1,4
BRDA:670,58,0,4
BRDA:670,58,1,0
BRDA:674,59,0,1
BRDA:674,59,1,3
BRDA:682,60,0,127
BRDA:682,60,1,66
BRDA:686,61,0,127
BRDA:686,61,1,0
BRDA:696,62,0,127
BRDA:696,62,1,0
BRDA:696,63,0,127
BRDA:696,63,1,127
BRDA:706,64,0,279
BRDA:706,64,1,1
BRDA:725,65,0,0
BRDA:725,65,1,127
BRDA:725,66,0,127
BRDA:725,66,1,127
BRDA:725,66,2,127
BRDA:725,66,3,127
BRDA:733,67,0,1
BRDA:733,67,1,126
BRDA:733,68,0,127
BRDA:733,68,1,1
BRDA:748,69,0,185
BRDA:748,69,1,1
BRDA:760,70,0,66
BRDA:760,70,1,0
BRDA:829,71,0,42
BRDA:829,71,1,57
BRDA:841,72,0,24
BRDA:841,72,1,75
BRDA:841,73,0,99
BRDA:841,73,1,48
BRDA:873,74,0,3
BRDA:873,74,1,72
BRDA:875,75,0,3
BRDA:875,75,1,0
BRDA:890,76,0,9
BRDA:890,76,1,66
BRDA:906,77,0,201
BRDA:906,77,1,0
BRDA:909,78,0,189
BRDA:909,78,1,12
BRDA:913,79,0,12
BRDA:913,79,1,189
BRDA:916,80,0,6
BRDA:916,80,1,195
BRDA:943,81,0,159
BRDA:943,81,1,42
BRDA:962,82,0,2
BRDA:962,82,1,40
BRDA:1005,83,0,30
BRDA:1005,83,1,5
BRDA:1012,84,0,2
BRDA:1012,84,1,73
BRDA:1016,85,0,3
BRDA:1016,85,1,3
BRDA:1016,86,0,6
BRDA:1016,86,1,6
BRDA:1037,87,0,0
BRDA:1037,87,1,2
BRDA:1037,88,0,2
BRDA:1037,88,1,0
BRDA:1042,89,0,2
BRDA:1042,89,1,0
BRDA:1052,90,0,0
BRDA:1052,90,1,0
BRDA:1066,91,0,19
BRDA:1066,91,1,142
BRDA:1066,92,0,161
BRDA:1066,92,1,19
BRDA:1075,93,0,142
BRDA:1075,93,1,0
BRDA:1086,94,0,0
BRDA:1086,94,1,0
BRDA:1101,95,0,0
BRDA:1101,95,1,3
BRDA:1101,96,0,3
BRDA:1101,96,1,1
BRDA:1108,97,0,0
BRDA:1108,97,1,3
BRDA:1113,98,0,3
BRDA:1113,98,1,2
BRDA:1142,99,0,38
BRDA:1142,99,1,232
BRDA:1142,100,0,270
BRDA:1142,100,1,70
BRDA:1149,101,0,0
BRDA:1149,101,1,232
BRDA:1155,102,0,167
BRDA:1155,102,1,65
BRDA:1164,103,0,40
BRDA:1164,103,1,25
BRDA:1195,104,0,143
BRDA:1195,104,1,449
BRDA:1195,105,0,592
BRDA:1195,105,1,558
BRDA:1195,105,2,463
BRDA:1201,106,0,148
BRDA:1201,106,1,369
BRDA:1201,107,0,517
BRDA:1201,107,1,177
BRDA:1210,108,0,4
BRDA:1210,108,1,365
BRDA:1238,109,0,158
BRDA:1238,109,1,124
BRDA:1238,110,0,282
BRDA:1238,110,1,128
BRDA:1238,110,2,124
BRDA:1277,111,0,0
BRDA:1277,111,1,0
BRDA:1296,112,0,509
BRDA:1296,112,1,53
BRDA:1296,113,0,562
BRDA:1296,113,1,53
BRDA:1304,114,0,40
BRDA:1304,114,1,13
BRDA:1308,115,0,22
BRDA:1308,115,1,18
BRDA:1309,116,0,4
BRDA:1309,116,1,18
BRDA:1313,117,0,2
BRDA:1313,117,1,2
BRDA:1323,118,0,9
BRDA:1323,118,1,9
BRDA:1329,119,0,9
BRDA:1329,119,1,9
BRDA:1332,120,0,1
BRDA:1332,120,1,1
BRDA:1333,121,0,1
BRDA:1333,121,1,0
BRDA:1344,122,0,8
BRDA:1344,122,1,10
BRDA:1346,123,0,4
BRDA:1346,123,1,4
BRDA:1352,124,0,4
BRDA:1352,124,1,4
BRDA:1362,125,0,2
BRDA:1362,125,1,8
BRDA:1364,126,0,0
BRDA:1364,126,1,2
BRDA:1374,127,0,5
BRDA:1374,127,1,5
BRDA:1378,128,0,1
BRDA:1378,128,1,4
BRDA:1383,129,0,1
BRDA:1383,129,1,4
BRDA:1388,130,0,1
BRDA:1388,130,1,3
BRDA:1390,131,0,0
BRDA:1390,131,1,1
BRDA:1397,132,0,1
BRDA:1397,132,1,2
BRDA:1400,133,0,1
BRDA:1400,133,1,4
BRDA:1410,134,0,4
BRDA:1410,134,1,9
BRDA:1415,135,0,2
BRDA:1415,135,1,2
BRDA:1428,136,0,9
BRDA:1428,136,1,0
BRDA:1432,137,0,5
BRDA:1432,137,1,4
BRDA:1435,138,0,8
BRDA:1435,138,1,7
BRDA:1442,139,0,2
BRDA:1442,139,1,3
BRDA:1450,140,0,2
BRDA:1450,140,1,1
BRDA:1451,141,0,1
BRDA:1451,141,1,1
BRDA:1466,142,0,4
BRDA:1466,142,1,2
BRDA:1472,143,0,2
BRDA:1472,143,1,2
BRDA:1494,144,0,193
BRDA:1494,144,1,369
BRDA:1494,145,0,562
BRDA:1494,145,1,193
BRDA:1498,146,0,4
BRDA:1498,146,1,0
BRDA:1500,147,0,4
BRDA:1500,147,1,0
BRDA:1500,148,0,4
BRDA:1500,148,1,2
BRDA:1501,149,0,4
BRDA:1501,149,1,0
BRDA:1516,150,0,468
BRDA:1516,150,1,149
BRDA:1517,151,0,464
BRDA:1517,151,1,4
BRDA:1517,152,0,468
BRDA:1517,152,1,4
BRDA:1522,153,0,0
BRDA:1522,153,1,153
BRDA:1522,154,0,153
BRDA:1522,154,1,0
BRDA:1524,155,0,0
BRDA:1524,155,1,0
BRDA:1529,156,0,0
BRDA:1529,156,1,0
BRDA:1529,157,0,0
BRDA:1529,157,1,0
BRDA:1536,158,0,153
BRDA:1536,158,1,0
BRDA:1536,159,0,153
BRDA:1536,159,1,153
BRDA:1556,160,0,1
BRDA:1556,160,1,0
BRDA:1556,161,0,1
BRDA:1556,161,1,1
BRDA:1558,162,0,0
BRDA:1558,162,1,1
BRDA:1558,163,0,0
BRDA:1558,163,1,0
BRDA:1560,164,0,0
BRDA:1560,164,1,1
BRDA:1560,165,0,0
BRDA:1560,165,1,0
BRDA:1561,166,0,0
BRDA:1561,166,1,1
BRDA:1561,167,0,0
BRDA:1561,167,1,0
BRDA:1562,168,0,0
BRDA:1562,168,1,1
BRDA:1562,169,0,0
BRDA:1562,169,1,0
BRDA:1563,170,0,0
BRDA:1563,170,1,1
BRDA:1563,171,0,0
BRDA:1563,171,1,0
BRDA:1564,172,0,0
BRDA:1564,172,1,1
BRDA:1564,173,0,0
BRDA:1564,173,1,0
BRDA:1566,174,0,0
BRDA:1566,174,1,1
BRDA:1566,175,0,0
BRDA:1566,175,1,0
BRDA:1567,176,0,0
BRDA:1567,176,1,1
BRDA:1567,177,0,0
BRDA:1567,177,1,0
BRDA:1568,178,0,0
BRDA:1568,178,1,1
BRDA:1568,179,0,0
BRDA:1568,179,1,0
BRDA:1570,180,0,1
BRDA:1570,180,1,0
BRDA:1591,181,0,0
BRDA:1591,181,1,1
BRDA:1592,182,0,0
BRDA:1592,182,1,1
BRDA:1598,183,0,0
BRDA:1598,183,1,1
BRDA:1600,184,0,0
BRDA:1600,184,1,1
BRDA:1602,185,0,0
BRDA:1602,185,1,1
BRDA:1626,186,0,0
BRDA:1626,186,1,1
BRDA:1626,187,0,1
BRDA:1626,187,1,0
BRDA:1628,188,0,0
BRDA:1628,188,1,0
BRDA:1637,189,0,0
BRDA:1637,189,1,0
BRDA:1649,190,0,131
BRDA:1649,190,1,431
BRDA:1658,191,0,0
BRDA:1658,191,1,1
BRDA:1658,192,0,1
BRDA:1658,192,1,0
BRDA:1674,193,0,16
BRDA:1674,193,1,1530
BRDA:1677,194,0,14
BRDA:1677,194,1,1532
BRDA:1678,195,0,14
BRDA:1678,195,1,0
BRDA:1679,196,0,7
BRDA:1679,196,1,7
BRDA:1682,197,0,7
BRDA:1682,197,1,7
BRDA:1688,198,0,1516
BRDA:1688,198,1,30
BRDA:1702,199,0,18
BRDA:1702,199,1,1130
BRDA:1714,200,0,562
BRDA:1714,200,1,193
BRDA:1721,201,0,2
BRDA:1721,201,1,1198
BRDA:1722,202,0,0
BRDA:1722,202,1,1198
BRDA:1723,203,0,100
BRDA:1723,203,1,1098
BRDA:1724,204,0,0
BRDA:1724,204,1,1098
BRDA:1727,205,0,942
BRDA:1727,205,1,156
BRDA:1731,206,0,10
BRDA:1731,206,1,932
BRDA:1734,207,0,1
BRDA:1734,207,1,9
BRDA:1738,208,0,2
BRDA:1738,208,1,7
BRDA:1740,209,0,3
BRDA:1740,209,1,1
BRDA:1748,210,0,4
BRDA:1748,210,1,928
BRDA:1751,211,0,1
BRDA:1751,211,1,3
BRDA:1757,212,0,2
BRDA:1757,212,1,1
BRDA:1769,213,0,466
BRDA:1769,213,1,476
BRDA:1779,214,0,475
BRDA:1779,214,1,1
BRDA:1790,215,0,152
BRDA:1790,215,1,4
BRDA:1798,216,0,142
BRDA:1798,216,1,10
BRDA:1825,217,0,4
BRDA:1825,217,1,95
BRDA:1827,218,0,4
BRDA:1827,218,1,0
BRDA:1833,219,0,4
BRDA:1833,219,1,91
BRDA:1847,220,0,201
BRDA:1847,220,1,21
BRDA:1861,221,0,564
BRDA:1861,221,1,7
BRDA:1864,222,0,564
BRDA:1864,222,1,7
BRDA:1872,223,0,945
BRDA:1872,223,1,610
BRDA:1878,224,0,319
BRDA:1878,224,1,1372
BRDA:1878,225,0,1691
BRDA:1878,225,1,1378
BRDA:1885,226,0,1236
BRDA:1885,226,1,319
BRDA:1885,227,0,1555
BRDA:1885,227,1,319
BRDA:1891,228,0,70
BRDA:1891,228,1,249
BRDA:1901,229,0,6
BRDA:1901,229,1,0
BRF:466
BRH:363
end_of_record
