TN:
SF:C:\Dev\Projects\vdom\src\index.ts
FNF:0
FNH:0
DA:1,27
DA:2,27
DA:3,27
DA:4,27
DA:5,27
DA:7,27
DA:10,27
DA:11,27
DA:12,27
DA:13,27
LF:10
LH:10
BRF:0
BRH:0
end_of_record
TN:
SF:C:\Dev\Projects\vdom\src\lib\ReactiveVars.ts
FN:14,(anonymous_0)
FN:67,ReactiveVar
FN:71,(anonymous_2)
FN:76,(anonymous_3)
FN:87,(anonymous_4)
FN:92,(anonymous_5)
FN:105,(anonymous_6)
FN:112,(anonymous_7)
FN:163,(anonymous_8)
FN:273,(anonymous_9)
FN:285,(anonymous_10)
FN:302,(anonymous_11)
FN:338,(anonymous_12)
FN:380,(anonymous_13)
FN:420,(anonymous_14)
FN:429,(anonymous_15)
FN:436,(anonymous_16)
FN:439,(anonymous_17)
FN:456,(anonymous_18)
FN:464,(anonymous_19)
FN:472,(anonymous_20)
FN:475,(anonymous_21)
FNF:22
FNH:19
FNDA:27,(anonymous_0)
FNDA:222,ReactiveVar
FNDA:222,(anonymous_2)
FNDA:222,(anonymous_3)
FNDA:67,(anonymous_4)
FNDA:270,(anonymous_5)
FNDA:282,(anonymous_6)
FNDA:2090,(anonymous_7)
FNDA:7419,(anonymous_8)
FNDA:0,(anonymous_9)
FNDA:3,(anonymous_10)
FNDA:116,(anonymous_11)
FNDA:12466,(anonymous_12)
FNDA:2949,(anonymous_13)
FNDA:30,(anonymous_14)
FNDA:6,(anonymous_15)
FNDA:0,(anonymous_16)
FNDA:0,(anonymous_17)
FNDA:2943,(anonymous_18)
FNDA:2,(anonymous_19)
FNDA:259,(anonymous_20)
FNDA:113,(anonymous_21)
DA:1,27
DA:2,27
DA:3,27
DA:6,27
DA:9,27
DA:10,27
DA:11,27
DA:14,27
DA:22,222
DA:27,222
DA:29,222
DA:31,222
DA:36,222
DA:41,222
DA:43,222
DA:45,222
DA:50,222
DA:55,222
DA:58,222
DA:71,27
DA:72,222
DA:76,27
DA:77,222
DA:78,0
DA:80,222
DA:81,222
DA:82,11490
DA:87,67
DA:88,67
DA:92,27
DA:94,270
DA:96,270
DA:97,784
DA:98,248
DA:105,27
DA:106,282
DA:107,282
DA:108,282
DA:112,27
DA:121,2090
DA:122,550
DA:126,1540
DA:127,352
DA:133,1540
DA:134,1540
DA:137,1540
DA:138,1540
DA:140,1540
DA:141,1540
DA:144,2237
DA:145,2237
DA:146,4514
DA:147,3491
DA:148,3491
DA:149,3491
DA:150,0
DA:152,3491
DA:154,3491
DA:155,13
DA:163,7419
DA:164,7419
DA:166,7419
DA:167,5561
DA:169,1858
DA:170,1858
DA:171,882
DA:175,976
DA:178,976
DA:180,976
DA:181,976
DA:183,976
DA:184,976
DA:185,21
DA:187,976
DA:193,1540
DA:197,1540
DA:198,1540
DA:201,1540
DA:202,1540
DA:203,1540
DA:206,1540
DA:208,589
DA:210,589
DA:211,589
DA:212,589
DA:217,1540
DA:220,1540
DA:221,17
DA:232,1540
DA:233,976
DA:235,976
DA:237,976
DA:239,955
DA:242,955
DA:244,0
DA:248,1540
DA:249,1540
DA:252,1540
DA:254,100
DA:255,100
DA:258,0
DA:259,0
DA:260,0
DA:265,0
DA:268,1440
DA:273,27
DA:275,0
DA:276,0
DA:278,0
DA:279,0
DA:285,27
DA:287,3
DA:288,75
DA:290,3
DA:291,2
DA:295,3
DA:296,3
DA:302,27
DA:304,116
DA:306,116
DA:307,116
DA:309,143
DA:311,143
DA:312,0
DA:315,143
DA:316,143
DA:320,116
DA:321,3
DA:322,3
DA:323,0
DA:325,3
DA:326,3
DA:331,116
DA:332,102
DA:338,12466
DA:341,12466
DA:342,1198
DA:346,11268
DA:348,11268
DA:359,11268
DA:360,8659
DA:363,2609
DA:364,667
DA:370,1942
DA:371,1942
DA:372,0
DA:376,1942
DA:380,1942
DA:382,2949
DA:383,2867
DA:384,2867
DA:387,2949
DA:388,16
DA:389,16
DA:390,8
DA:399,1942
DA:406,1942
DA:407,1562
DA:414,380
DA:415,380
DA:417,3
DA:419,3
DA:422,30
DA:423,24
DA:425,6
DA:426,6
DA:431,6
DA:432,6
DA:433,6
DA:443,3
DA:452,377
DA:453,377
DA:455,377
DA:458,2943
DA:460,2943
DA:462,2943
DA:463,2
DA:464,2
DA:465,2
DA:466,2
DA:476,113
DA:477,113
DA:478,12
DA:487,27
LF:184
LH:170
BRDA:77,0,0,0
BRDA:77,0,1,222
BRDA:87,1,0,0
BRDA:87,1,1,67
BRDA:97,2,0,248
BRDA:97,2,1,536
BRDA:121,3,0,550
BRDA:121,3,1,1540
BRDA:121,4,0,2090
BRDA:121,4,1,1540
BRDA:126,5,0,352
BRDA:126,5,1,1188
BRDA:146,6,0,3491
BRDA:146,6,1,1023
BRDA:149,7,0,0
BRDA:149,7,1,3491
BRDA:154,8,0,13
BRDA:154,8,1,3478
BRDA:166,9,0,5561
BRDA:166,9,1,1858
BRDA:170,10,0,882
BRDA:170,10,1,976
BRDA:178,11,0,976
BRDA:178,11,1,0
BRDA:184,12,0,21
BRDA:184,12,1,955
BRDA:202,13,0,1540
BRDA:202,13,1,0
BRDA:206,14,0,589
BRDA:206,14,1,951
BRDA:211,15,0,589
BRDA:211,15,1,0
BRDA:220,16,0,17
BRDA:220,16,1,1523
BRDA:235,17,0,0
BRDA:235,17,1,976
BRDA:237,18,0,21
BRDA:237,18,1,955
BRDA:239,19,0,0
BRDA:239,19,1,955
BRDA:242,20,0,955
BRDA:242,20,1,0
BRDA:252,21,0,100
BRDA:252,21,1,1440
BRDA:254,22,0,100
BRDA:254,22,1,0
BRDA:288,23,0,3
BRDA:288,23,1,72
BRDA:290,24,0,2
BRDA:290,24,1,1
BRDA:304,25,0,116
BRDA:304,25,1,38
BRDA:309,26,0,143
BRDA:309,26,1,0
BRDA:311,27,0,0
BRDA:311,27,1,143
BRDA:321,28,0,3
BRDA:321,28,1,0
BRDA:322,29,0,0
BRDA:322,29,1,3
BRDA:331,30,0,102
BRDA:331,30,1,14
BRDA:341,31,0,1198
BRDA:341,31,1,11268
BRDA:346,32,0,11268
BRDA:346,32,1,0
BRDA:359,33,0,8659
BRDA:359,33,1,2609
BRDA:363,34,0,667
BRDA:363,34,1,1942
BRDA:371,35,0,0
BRDA:371,35,1,1942
BRDA:371,36,0,1942
BRDA:371,36,1,1942
BRDA:382,37,0,2867
BRDA:382,37,1,82
BRDA:383,38,0,2867
BRDA:383,38,1,357
BRDA:387,39,0,16
BRDA:387,39,1,2933
BRDA:388,40,0,16
BRDA:388,40,1,6
BRDA:389,41,0,8
BRDA:389,41,1,8
BRDA:406,42,0,1562
BRDA:406,42,1,380
BRDA:415,43,0,3
BRDA:415,43,1,377
BRDA:422,44,0,24
BRDA:422,44,1,6
BRDA:422,45,0,30
BRDA:422,45,1,30
BRDA:462,46,0,2
BRDA:462,46,1,2941
BRDA:462,47,0,2943
BRDA:462,47,1,13
BRDA:465,48,0,2
BRDA:465,48,1,0
BRDA:477,49,0,12
BRDA:477,49,1,101
BRDA:477,50,0,113
BRDA:477,50,1,12
BRF:102
BRH:85
end_of_record
TN:
SF:C:\Dev\Projects\vdom\src\lib\VDom.ts
FN:18,(anonymous_0)
FN:113,VDom
FN:168,(anonymous_2)
FN:196,(anonymous_3)
FN:197,(anonymous_4)
FN:198,(anonymous_5)
FN:199,(anonymous_6)
FN:200,(anonymous_7)
FN:201,(anonymous_8)
FN:202,(anonymous_9)
FN:203,(anonymous_10)
FN:206,(anonymous_11)
FN:215,(anonymous_12)
FN:224,(anonymous_13)
FN:230,(anonymous_14)
FN:284,(anonymous_15)
FN:315,(anonymous_16)
FN:353,(anonymous_17)
FN:421,(anonymous_18)
FN:433,(anonymous_19)
FN:446,(anonymous_20)
FN:494,(anonymous_21)
FN:507,(anonymous_22)
FN:514,(anonymous_23)
FN:521,(anonymous_24)
FNF:25
FNH:24
FNDA:27,(anonymous_0)
FNDA:222,VDom
FNDA:1,(anonymous_2)
FNDA:221,(anonymous_3)
FNDA:221,(anonymous_4)
FNDA:222,(anonymous_5)
FNDA:119,(anonymous_6)
FNDA:165,(anonymous_7)
FNDA:98,(anonymous_8)
FNDA:103,(anonymous_9)
FNDA:103,(anonymous_10)
FNDA:2,(anonymous_11)
FNDA:1,(anonymous_12)
FNDA:0,(anonymous_13)
FNDA:388,(anonymous_14)
FNDA:95,(anonymous_15)
FNDA:222,(anonymous_16)
FNDA:6,(anonymous_17)
FNDA:4,(anonymous_18)
FNDA:1,(anonymous_19)
FNDA:102,(anonymous_20)
FNDA:102,(anonymous_21)
FNDA:100,(anonymous_22)
FNDA:1,(anonymous_23)
FNDA:1,(anonymous_24)
DA:1,27
DA:2,27
DA:3,27
DA:5,27
DA:7,27
DA:8,27
DA:9,27
DA:10,27
DA:11,27
DA:18,27
DA:21,27
DA:32,222
DA:34,222
DA:36,222
DA:38,222
DA:40,222
DA:43,222
DA:50,222
DA:52,222
DA:54,222
DA:56,222
DA:59,222
DA:61,222
DA:63,222
DA:65,222
DA:74,222
DA:82,222
DA:84,222
DA:89,222
DA:99,222
DA:115,222
DA:117,222
DA:119,222
DA:121,222
DA:122,1
DA:124,222
DA:125,221
DA:127,222
DA:128,101
DA:130,222
DA:131,101
DA:137,222
DA:140,222
DA:141,222
DA:142,0
DA:143,0
DA:146,222
DA:149,222
DA:150,222
DA:151,289
DA:152,278
DA:153,278
DA:156,11
DA:158,289
DA:160,222
DA:163,222
DA:165,1
DA:167,1
DA:168,1
DA:169,1
DA:196,27
DA:197,27
DA:198,27
DA:199,27
DA:200,27
DA:201,27
DA:202,27
DA:203,27
DA:206,27
DA:208,2
DA:210,2
DA:211,2
DA:215,27
DA:217,1
DA:219,1
DA:220,1
DA:224,27
DA:225,0
DA:226,0
DA:230,488
DA:233,388
DA:236,2
DA:240,388
DA:241,166
DA:243,222
DA:246,388
DA:248,388
DA:249,388
DA:253,388
DA:257,388
DA:258,388
DA:261,388
DA:262,193
DA:264,388
DA:266,388
DA:267,166
DA:269,222
DA:273,388
DA:276,2
DA:279,388
DA:284,27
DA:297,95
DA:299,95
DA:300,19
DA:306,19
DA:308,76
DA:310,95
DA:315,222
DA:327,222
DA:330,222
DA:331,222
DA:334,222
DA:335,222
DA:336,67
DA:337,67
DA:341,222
DA:343,222
DA:346,222
DA:348,222
DA:351,222
DA:353,2
DA:354,6
DA:356,4
DA:358,4
DA:359,4
DA:360,4
DA:361,8
DA:363,7
DA:365,7
DA:366,7
DA:367,0
DA:369,7
DA:372,7
DA:373,0
DA:376,7
DA:378,7
DA:382,0
DA:384,4
DA:385,4
DA:390,2
DA:391,2
DA:393,2
DA:400,222
DA:402,222
DA:403,222
DA:404,222
DA:405,222
DA:406,2
DA:411,222
DA:412,222
DA:413,222
DA:414,222
DA:415,222
DA:417,222
DA:421,27
DA:422,4
DA:423,0
DA:425,4
DA:426,4
DA:427,4
DA:428,4
DA:430,4
DA:433,27
DA:434,1
DA:435,0
DA:437,1
DA:438,1
DA:439,1
DA:440,1
DA:442,1
DA:446,27
DA:449,102
DA:450,100
DA:461,102
DA:462,1
DA:465,102
DA:468,102
DA:469,102
DA:470,102
DA:473,102
DA:474,61
DA:478,102
DA:479,61
DA:483,102
DA:484,102
DA:486,102
DA:487,100
DA:488,100
DA:494,102
DA:505,102
DA:506,100
DA:507,100
DA:508,100
DA:514,27
DA:515,1
DA:516,1
DA:521,27
DA:522,1
DA:525,27
LF:199
LH:190
BRDA:115,0,0,222
BRDA:115,0,1,222
BRDA:119,1,0,222
BRDA:119,1,1,0
BRDA:121,2,0,1
BRDA:121,2,1,221
BRDA:124,3,0,221
BRDA:124,3,1,1
BRDA:127,4,0,101
BRDA:127,4,1,121
BRDA:130,5,0,101
BRDA:130,5,1,121
BRDA:141,6,0,0
BRDA:141,6,1,222
BRDA:151,7,0,278
BRDA:151,7,1,11
BRDA:152,8,0,278
BRDA:152,8,1,0
BRDA:163,9,0,1
BRDA:163,9,1,221
BRDA:167,10,0,1
BRDA:167,10,1,0
BRDA:230,11,0,100
BRDA:230,11,1,288
BRDA:233,12,0,386
BRDA:233,12,1,2
BRDA:240,13,0,166
BRDA:240,13,1,222
BRDA:246,14,0,388
BRDA:246,14,1,0
BRDA:246,15,0,388
BRDA:246,15,1,388
BRDA:248,16,0,388
BRDA:248,16,1,388
BRDA:249,17,0,0
BRDA:249,17,1,388
BRDA:257,18,0,388
BRDA:257,18,1,0
BRDA:261,19,0,193
BRDA:261,19,1,195
BRDA:261,20,0,388
BRDA:261,20,1,388
BRDA:266,21,0,166
BRDA:266,21,1,222
BRDA:267,22,0,166
BRDA:267,22,1,0
BRDA:269,23,0,222
BRDA:269,23,1,0
BRDA:273,24,0,386
BRDA:273,24,1,2
BRDA:299,25,0,19
BRDA:299,25,1,76
BRDA:330,26,0,222
BRDA:330,26,1,39
BRDA:346,27,0,222
BRDA:346,27,1,0
BRDA:348,28,0,222
BRDA:348,28,1,39
BRDA:351,29,0,2
BRDA:351,29,1,220
BRDA:351,30,0,222
BRDA:351,30,1,39
BRDA:359,31,0,4
BRDA:359,31,1,0
BRDA:366,32,0,0
BRDA:366,32,1,7
BRDA:372,33,0,0
BRDA:372,33,1,7
BRDA:400,34,0,222
BRDA:400,34,1,0
BRDA:403,35,0,222
BRDA:403,35,1,0
BRDA:404,36,0,222
BRDA:404,36,1,0
BRDA:405,37,0,2
BRDA:405,37,1,220
BRDA:422,38,0,0
BRDA:422,38,1,4
BRDA:427,39,0,4
BRDA:427,39,1,0
BRDA:434,40,0,0
BRDA:434,40,1,1
BRDA:439,41,0,1
BRDA:439,41,1,0
BRDA:439,42,0,1
BRDA:439,42,1,1
BRDA:449,43,0,100
BRDA:449,43,1,2
BRDA:461,44,0,1
BRDA:461,44,1,101
BRDA:473,45,0,61
BRDA:473,45,1,41
BRDA:478,46,0,61
BRDA:478,46,1,41
BRDA:486,47,0,100
BRDA:486,47,1,2
BRDA:505,48,0,100
BRDA:505,48,1,2
BRDA:515,49,0,1
BRDA:515,49,1,0
BRF:100
BRH:79
end_of_record
TN:
SF:C:\Dev\Projects\vdom\src\lib\VDomComponent.ts
FN:3,(anonymous_0)
FN:4,VDomComponent
FNF:2
FNH:2
FNDA:27,(anonymous_0)
FNDA:120,VDomComponent
DA:1,27
DA:3,27
DA:5,120
DA:7,27
LF:4
LH:4
BRDA:5,0,0,120
BRDA:5,0,1,0
BRF:2
BRH:1
end_of_record
TN:
SF:C:\Dev\Projects\vdom\src\lib\VDomItem.ts
FN:40,(anonymous_0)
FN:50,(anonymous_1)
FN:155,VDomItem
FN:203,(anonymous_3)
FN:226,(anonymous_4)
FN:292,(anonymous_5)
FN:302,(anonymous_6)
FN:319,(anonymous_7)
FN:332,(anonymous_8)
FN:389,(anonymous_9)
FN:454,(anonymous_10)
FN:482,(anonymous_11)
FN:505,(anonymous_12)
FN:535,(anonymous_13)
FN:553,(anonymous_14)
FN:597,(anonymous_16)
FN:634,(anonymous_17)
FN:646,(anonymous_18)
FN:658,(anonymous_19)
FN:719,(anonymous_20)
FN:759,(anonymous_21)
FN:773,(anonymous_22)
FN:799,(anonymous_23)
FN:812,(anonymous_24)
FN:848,(anonymous_26)
FN:923,(anonymous_28)
FN:1034,(anonymous_29)
FN:1063,(anonymous_30)
FN:1098,(anonymous_31)
FN:1139,(anonymous_32)
FN:1175,(anonymous_33)
FN:1221,(anonymous_34)
FN:1252,(anonymous_35)
FN:1268,(anonymous_36)
FN:1273,(anonymous_37)
FN:1289,(anonymous_38)
FN:1315,(anonymous_39)
FN:1331,(anonymous_40)
FN:1337,(anonymous_41)
FN:1354,(anonymous_42)
FN:1387,(anonymous_43)
FN:1417,(anonymous_44)
FN:1444,(anonymous_45)
FN:1455,(anonymous_47)
FN:1474,(anonymous_48)
FN:1489,(anonymous_49)
FN:1548,(anonymous_50)
FN:1554,(anonymous_51)
FN:1587,(anonymous_52)
FN:1615,(anonymous_53)
FN:1647,(anonymous_54)
FN:1669,(anonymous_55)
FN:1697,(anonymous_56)
FN:1714,(anonymous_57)
FN:1814,(anonymous_58)
FN:1838,(anonymous_59)
FN:1840,(anonymous_60)
FN:1845,(anonymous_61)
FN:1858,(anonymous_62)
FN:1872,(anonymous_63)
FN:1899,(anonymous_64)
FNF:61
FNH:60
FNDA:1346,(anonymous_0)
FNDA:27,(anonymous_1)
FNDA:1136,VDomItem
FNDA:422,(anonymous_3)
FNDA:270,(anonymous_4)
FNDA:35,(anonymous_5)
FNDA:2,(anonymous_6)
FNDA:1520,(anonymous_7)
FNDA:957,(anonymous_8)
FNDA:1520,(anonymous_9)
FNDA:1520,(anonymous_10)
FNDA:1,(anonymous_11)
FNDA:1505,(anonymous_12)
FNDA:1,(anonymous_13)
FNDA:48,(anonymous_14)
FNDA:20,(anonymous_16)
FNDA:193,(anonymous_17)
FNDA:0,(anonymous_18)
FNDA:43,(anonymous_19)
FNDA:127,(anonymous_20)
FNDA:66,(anonymous_21)
FNDA:8,(anonymous_22)
FNDA:185,(anonymous_23)
FNDA:99,(anonymous_24)
FNDA:48,(anonymous_26)
FNDA:201,(anonymous_28)
FNDA:1,(anonymous_29)
FNDA:157,(anonymous_30)
FNDA:2,(anonymous_31)
FNDA:264,(anonymous_32)
FNDA:503,(anonymous_33)
FNDA:238,(anonymous_34)
FNDA:548,(anonymous_35)
FNDA:1246,(anonymous_36)
FNDA:548,(anonymous_37)
FNDA:548,(anonymous_38)
FNDA:1,(anonymous_39)
FNDA:2,(anonymous_40)
FNDA:2,(anonymous_41)
FNDA:1,(anonymous_42)
FNDA:4,(anonymous_43)
FNDA:1,(anonymous_44)
FNDA:1,(anonymous_45)
FNDA:1,(anonymous_47)
FNDA:1,(anonymous_48)
FNDA:548,(anonymous_49)
FNDA:1,(anonymous_50)
FNDA:1,(anonymous_51)
FNDA:1,(anonymous_52)
FNDA:548,(anonymous_53)
FNDA:548,(anonymous_54)
FNDA:1520,(anonymous_55)
FNDA:967,(anonymous_56)
FNDA:741,(anonymous_57)
FNDA:99,(anonymous_58)
FNDA:196,(anonymous_59)
FNDA:196,(anonymous_60)
FNDA:201,(anonymous_61)
FNDA:557,(anonymous_62)
FNDA:1520,(anonymous_63)
FNDA:26,(anonymous_64)
DA:1,27
DA:4,27
DA:5,27
DA:6,27
DA:12,27
DA:13,27
DA:14,27
DA:15,27
DA:16,27
DA:19,27
DA:20,27
DA:23,27
DA:40,27
DA:41,16882
DA:42,16882
DA:43,100
DA:46,1246
DA:50,27
DA:55,1136
DA:65,1136
DA:67,1136
DA:69,1136
DA:71,1136
DA:74,1136
DA:79,1136
DA:83,1136
DA:85,1136
DA:102,1136
DA:106,1136
DA:112,1136
DA:116,1136
DA:123,1136
DA:125,1136
DA:132,1136
DA:137,1136
DA:144,1136
DA:147,1136
DA:156,1136
DA:158,1136
DA:159,0
DA:162,1136
DA:163,1136
DA:166,1136
DA:170,1136
DA:203,27
DA:205,422
DA:217,422
DA:218,245
DA:221,422
DA:226,27
DA:229,270
DA:232,270
DA:233,0
DA:234,0
DA:238,270
DA:239,0
DA:241,270
DA:244,270
DA:245,119
DA:246,0
DA:248,119
DA:252,270
DA:253,42
DA:255,270
DA:258,270
DA:259,58
DA:261,270
DA:264,270
DA:265,270
DA:269,270
DA:270,0
DA:272,270
DA:275,322
DA:276,322
DA:278,270
DA:281,270
DA:282,137
DA:284,270
DA:287,270
DA:292,27
DA:294,67
DA:295,67
DA:297,35
DA:302,27
DA:304,2
DA:305,0
DA:307,2
DA:309,2
DA:310,4
DA:311,4
DA:319,27
DA:321,1520
DA:322,592
DA:325,1520
DA:326,1520
DA:327,1520
DA:332,27
DA:342,957
DA:343,957
DA:346,957
DA:348,295
DA:349,295
DA:350,1
DA:351,1
DA:353,294
DA:355,295
DA:356,5
DA:359,295
DA:360,295
DA:364,295
DA:366,295
DA:367,295
DA:370,365
DA:371,365
DA:372,365
DA:373,730
DA:374,365
DA:379,295
DA:380,295
DA:385,662
DA:389,1520
DA:397,1520
DA:398,0
DA:402,1520
DA:404,1520
DA:405,1520
DA:406,1091
DA:409,1520
DA:412,1520
DA:413,1520
DA:414,1520
DA:417,1520
DA:418,15
DA:422,1505
DA:423,951
DA:424,951
DA:425,951
DA:426,951
DA:427,951
DA:428,951
DA:429,951
DA:430,951
DA:431,951
DA:432,951
DA:433,951
DA:437,1505
DA:438,1505
DA:439,1505
DA:441,1505
DA:442,1505
DA:454,1520
DA:457,1520
DA:459,1520
DA:460,0
DA:464,1520
DA:466,966
DA:468,966
DA:470,951
DA:471,951
DA:472,293
DA:474,951
DA:475,2
DA:480,15
DA:482,1
DA:483,2
DA:484,1
DA:490,14
DA:491,7
DA:499,1520
DA:500,1520
DA:505,27
DA:508,1505
DA:509,817
DA:513,688
DA:514,688
DA:515,682
DA:516,1
DA:518,682
DA:522,6
DA:523,6
DA:525,3
DA:526,3
DA:527,3
DA:528,1
DA:533,3
DA:534,3
DA:535,1
DA:536,2
DA:537,1
DA:538,1
DA:543,2
DA:553,27
DA:556,48
DA:557,48
DA:558,48
DA:560,31
DA:564,48
DA:565,48
DA:568,48
DA:569,48
DA:572,48
DA:582,26
DA:583,26
DA:588,20
DA:591,20
DA:592,20
DA:593,1
DA:597,20
DA:599,20
DA:600,40
DA:601,20
DA:602,20
DA:604,20
DA:605,5
DA:613,48
DA:614,28
DA:615,28
DA:616,3
DA:617,3
DA:618,6
DA:619,3
DA:620,3
DA:622,3
DA:623,0
DA:629,48
DA:630,48
DA:634,193
DA:643,193
DA:645,0
DA:646,0
DA:647,0
DA:650,0
DA:655,193
DA:656,124
DA:658,43
DA:663,193
DA:665,193
DA:667,8
DA:669,8
DA:670,4
DA:671,4
DA:673,4
DA:674,4
DA:675,1
DA:682,193
DA:685,127
DA:686,127
DA:688,127
DA:691,127
DA:692,18
DA:696,127
DA:697,127
DA:698,127
DA:699,127
DA:703,127
DA:704,127
DA:706,280
DA:707,279
DA:708,279
DA:719,127
DA:722,127
DA:725,127
DA:726,0
DA:729,127
DA:732,127
DA:733,127
DA:734,1
DA:735,1
DA:742,127
DA:746,66
DA:747,66
DA:748,186
DA:749,185
DA:750,185
DA:755,66
DA:756,66
DA:759,66
DA:760,66
DA:761,66
DA:765,66
DA:773,27
DA:781,8
DA:789,8
DA:795,8
DA:799,27
DA:807,185
DA:812,99
DA:821,99
DA:829,99
DA:830,42
DA:836,99
DA:837,99
DA:841,99
DA:843,48
DA:846,48
DA:848,48
DA:850,48
DA:851,96
DA:852,84
DA:853,84
DA:858,24
DA:859,24
DA:865,75
DA:873,75
DA:874,3
DA:875,3
DA:876,3
DA:877,9
DA:880,3
DA:884,75
DA:887,75
DA:889,75
DA:890,75
DA:891,9
DA:893,75
DA:896,75
DA:898,75
DA:901,201
DA:903,201
DA:906,201
DA:907,201
DA:909,201
DA:910,189
DA:913,201
DA:914,12
DA:916,201
DA:917,6
DA:919,201
DA:923,201
DA:939,201
DA:942,201
DA:943,201
DA:946,159
DA:947,159
DA:949,159
DA:950,318
DA:951,243
DA:952,243
DA:955,159
DA:960,42
DA:962,42
DA:964,2
DA:966,2
DA:970,42
DA:971,84
DA:972,60
DA:973,60
DA:977,42
DA:981,201
DA:994,201
DA:1001,75
DA:1002,35
DA:1003,35
DA:1004,35
DA:1005,35
DA:1006,30
DA:1011,75
DA:1012,75
DA:1014,2
DA:1015,2
DA:1016,6
DA:1017,3
DA:1019,3
DA:1023,2
DA:1028,75
DA:1029,75
DA:1034,27
DA:1037,1
DA:1038,0
DA:1042,1
DA:1043,1
DA:1044,1
DA:1046,1
DA:1049,0
DA:1050,0
DA:1051,0
DA:1052,0
DA:1053,0
DA:1058,1
DA:1063,27
DA:1066,157
DA:1067,19
DA:1071,138
DA:1075,138
DA:1077,138
DA:1078,138
DA:1079,138
DA:1083,0
DA:1084,0
DA:1085,0
DA:1086,0
DA:1087,0
DA:1093,138
DA:1098,27
DA:1101,2
DA:1102,0
DA:1106,2
DA:1107,2
DA:1108,2
DA:1109,0
DA:1113,2
DA:1116,2
DA:1119,2
DA:1120,1
DA:1122,2
DA:1125,2
DA:1126,2
DA:1127,2
DA:1128,6
DA:1129,6
DA:1130,6
DA:1134,2
DA:1139,27
DA:1142,264
DA:1143,38
DA:1147,226
DA:1148,226
DA:1149,226
DA:1150,0
DA:1155,226
DA:1157,161
DA:1158,161
DA:1159,161
DA:1162,65
DA:1163,65
DA:1164,65
DA:1165,40
DA:1170,226
DA:1175,27
DA:1184,503
DA:1185,503
DA:1188,503
DA:1189,578
DA:1190,578
DA:1191,578
DA:1192,1156
DA:1193,736
DA:1195,578
DA:1196,141
DA:1201,503
DA:1202,148
DA:1206,355
DA:1209,355
DA:1210,355
DA:1211,4
DA:1212,4
DA:1216,355
DA:1221,27
DA:1224,238
DA:1227,238
DA:1230,238
DA:1231,282
DA:1232,282
DA:1233,282
DA:1234,564
DA:1235,377
DA:1236,377
DA:1238,282
DA:1239,158
DA:1244,238
DA:1245,238
DA:1252,27
DA:1254,548
DA:1256,548
DA:1258,548
DA:1260,548
DA:1262,548
DA:1268,27
DA:1269,1246
DA:1273,27
DA:1275,548
DA:1276,1096
DA:1277,0
DA:1278,0
DA:1279,0
DA:1289,548
DA:1292,548
DA:1293,548
DA:1294,548
DA:1296,548
DA:1297,495
DA:1301,53
DA:1304,53
DA:1306,40
DA:1308,40
DA:1309,22
DA:1311,4
DA:1313,4
DA:1314,2
DA:1315,2
DA:1316,1
DA:1318,2
DA:1323,18
DA:1324,9
DA:1326,9
DA:1329,18
DA:1330,9
DA:1331,9
DA:1332,2
DA:1333,1
DA:1334,1
DA:1337,2
DA:1340,9
DA:1344,18
DA:1346,8
DA:1347,4
DA:1349,4
DA:1352,8
DA:1353,4
DA:1354,4
DA:1355,1
DA:1357,4
DA:1362,10
DA:1363,2
DA:1364,2
DA:1365,0
DA:1366,0
DA:1368,2
DA:1371,8
DA:1374,10
DA:1375,5
DA:1377,5
DA:1378,5
DA:1379,1
DA:1382,5
DA:1383,5
DA:1384,1
DA:1387,5
DA:1388,4
DA:1389,1
DA:1390,1
DA:1391,0
DA:1392,0
DA:1394,1
DA:1397,3
DA:1400,5
DA:1405,40
DA:1410,13
DA:1412,4
DA:1413,4
DA:1415,4
DA:1416,2
DA:1417,2
DA:1418,1
DA:1420,2
DA:1423,4
DA:1428,9
DA:1430,9
DA:1432,9
DA:1434,5
DA:1435,15
DA:1436,8
DA:1438,7
DA:1442,5
DA:1443,2
DA:1444,2
DA:1446,3
DA:1448,3
DA:1450,3
DA:1451,2
DA:1452,1
DA:1455,1
DA:1460,2
DA:1465,4
DA:1466,6
DA:1467,4
DA:1468,4
DA:1472,4
DA:1473,2
DA:1474,2
DA:1475,1
DA:1477,2
DA:1482,9
DA:1489,27
DA:1492,548
DA:1494,548
DA:1496,193
DA:1498,4
DA:1500,4
DA:1501,4
DA:1503,0
DA:1506,4
DA:1512,548
DA:1514,548
DA:1516,615
DA:1517,468
DA:1518,464
DA:1522,151
DA:1524,0
DA:1525,0
DA:1528,0
DA:1529,0
DA:1530,0
DA:1531,0
DA:1532,0
DA:1536,151
DA:1537,151
DA:1538,151
DA:1548,27
DA:1551,1
DA:1554,1
DA:1556,1
DA:1558,1
DA:1560,1
DA:1561,1
DA:1562,1
DA:1563,1
DA:1564,1
DA:1566,1
DA:1567,1
DA:1568,1
DA:1570,1
DA:1573,1
DA:1575,1
DA:1576,1
DA:1577,1
DA:1578,2
DA:1579,2
DA:1581,1
DA:1582,2
DA:1584,1
DA:1587,1
DA:1588,1
DA:1591,1
DA:1592,1
DA:1597,1
DA:1598,1
DA:1599,1
DA:1600,1
DA:1601,1
DA:1602,1
DA:1604,1
DA:1610,1
DA:1615,27
DA:1618,548
DA:1619,0
DA:1621,548
DA:1624,548
DA:1625,548
DA:1626,1
DA:1628,0
DA:1629,0
DA:1632,0
DA:1634,0
DA:1636,0
DA:1637,0
DA:1638,0
DA:1647,27
DA:1649,548
DA:1650,131
DA:1654,417
DA:1656,417
DA:1657,417
DA:1658,1
DA:1659,0
DA:1661,1
DA:1662,1
DA:1669,27
DA:1674,1520
DA:1675,16
DA:1677,1520
DA:1678,14
DA:1679,14
DA:1680,7
DA:1682,14
DA:1683,7
DA:1688,1520
DA:1689,1490
DA:1692,30
DA:1697,27
DA:1699,967
DA:1701,967
DA:1702,1142
DA:1703,18
DA:1704,18
DA:1705,18
DA:1709,967
DA:1714,1289
DA:1717,741
DA:1719,741
DA:1721,1197
DA:1722,1195
DA:1723,1195
DA:1724,1095
DA:1727,1095
DA:1728,940
DA:1730,940
DA:1731,940
DA:1733,9
DA:1734,9
DA:1735,2
DA:1736,2
DA:1738,8
DA:1739,2
DA:1740,4
DA:1741,3
DA:1745,6
DA:1748,931
DA:1750,3
DA:1751,3
DA:1752,2
DA:1753,2
DA:1754,3
DA:1757,2
DA:1758,1
DA:1759,1
DA:1762,1
DA:1766,928
DA:1769,940
DA:1770,466
DA:1772,474
DA:1773,474
DA:1774,474
DA:1779,474
DA:1780,474
DA:1782,0
DA:1786,940
DA:1790,155
DA:1791,151
DA:1792,151
DA:1793,151
DA:1798,151
DA:1799,141
DA:1801,10
DA:1809,741
DA:1814,27
DA:1822,99
DA:1824,99
DA:1825,99
DA:1826,4
DA:1827,4
DA:1828,4
DA:1832,95
DA:1833,95
DA:1834,4
DA:1836,95
DA:1838,196
DA:1840,196
DA:1845,27
DA:1847,201
DA:1848,201
DA:1854,201
DA:1858,27
DA:1860,557
DA:1861,557
DA:1862,550
DA:1864,557
DA:1865,550
DA:1867,7
DA:1872,2444
DA:1876,1520
DA:1878,1678
DA:1879,312
DA:1880,312
DA:1881,312
DA:1885,1520
DA:1886,1208
DA:1890,312
DA:1891,312
DA:1892,70
DA:1894,242
DA:1899,27
DA:1900,26
DA:1901,6
DA:1902,6
DA:1905,20
DA:1908,27
LF:767
LH:713
BRDA:42,0,0,100
BRDA:42,0,1,16782
BRDA:156,1,0,1136
BRDA:156,1,1,1136
BRDA:158,2,0,0
BRDA:158,2,1,1136
BRDA:162,3,0,1136
BRDA:162,3,1,0
BRDA:166,4,0,0
BRDA:166,4,1,1136
BRDA:232,5,0,0
BRDA:232,5,1,270
BRDA:244,6,0,119
BRDA:244,6,1,151
BRDA:258,7,0,58
BRDA:258,7,1,212
BRDA:264,8,0,270
BRDA:264,8,1,0
BRDA:269,9,0,0
BRDA:269,9,1,270
BRDA:304,10,0,0
BRDA:304,10,1,2
BRDA:321,11,0,592
BRDA:321,11,1,928
BRDA:346,12,0,295
BRDA:346,12,1,662
BRDA:349,13,0,1
BRDA:349,13,1,294
BRDA:355,14,0,5
BRDA:355,14,1,290
BRDA:360,15,0,0
BRDA:360,15,1,295
BRDA:389,16,0,0
BRDA:389,16,1,1520
BRDA:397,17,0,0
BRDA:397,17,1,1520
BRDA:397,18,0,1520
BRDA:397,18,1,565
BRDA:405,19,0,1091
BRDA:405,19,1,429
BRDA:417,20,0,15
BRDA:417,20,1,1505
BRDA:422,21,0,951
BRDA:422,21,1,554
BRDA:438,22,0,1505
BRDA:438,22,1,0
BRDA:454,23,0,0
BRDA:454,23,1,1520
BRDA:459,24,0,0
BRDA:459,24,1,1520
BRDA:464,25,0,966
BRDA:464,25,1,554
BRDA:468,26,0,951
BRDA:468,26,1,15
BRDA:474,27,0,2
BRDA:474,27,1,949
BRDA:480,28,0,1
BRDA:480,28,1,14
BRDA:480,29,0,15
BRDA:480,29,1,1
BRDA:508,30,0,817
BRDA:508,30,1,688
BRDA:508,31,0,1505
BRDA:508,31,1,1002
BRDA:514,32,0,682
BRDA:514,32,1,6
BRDA:515,33,0,1
BRDA:515,33,1,681
BRDA:515,34,0,682
BRDA:515,34,1,1
BRDA:523,35,0,3
BRDA:523,35,1,3
BRDA:525,36,0,3
BRDA:525,36,1,0
BRDA:525,37,0,3
BRDA:525,37,1,2
BRDA:527,38,0,1
BRDA:527,38,1,2
BRDA:533,39,0,3
BRDA:533,39,1,0
BRDA:534,40,0,1
BRDA:534,40,1,2
BRDA:534,41,0,3
BRDA:534,41,1,1
BRDA:537,42,0,1
BRDA:537,42,1,0
BRDA:558,43,0,31
BRDA:558,43,1,17
BRDA:582,44,0,26
BRDA:582,44,1,20
BRDA:583,45,0,6
BRDA:583,45,1,20
BRDA:592,46,0,1
BRDA:592,46,1,19
BRDA:604,47,0,5
BRDA:604,47,1,15
BRDA:604,48,0,20
BRDA:604,48,1,20
BRDA:604,48,2,20
BRDA:613,49,0,28
BRDA:613,49,1,20
BRDA:622,50,0,0
BRDA:622,50,1,3
BRDA:622,51,0,3
BRDA:622,51,1,3
BRDA:622,51,2,3
BRDA:643,52,0,0
BRDA:643,52,1,193
BRDA:643,53,0,193
BRDA:643,53,1,41
BRDA:645,54,0,0
BRDA:645,54,1,0
BRDA:655,55,0,124
BRDA:655,55,1,69
BRDA:665,56,0,8
BRDA:665,56,1,185
BRDA:669,57,0,4
BRDA:669,57,1,4
BRDA:670,58,0,4
BRDA:670,58,1,0
BRDA:674,59,0,1
BRDA:674,59,1,3
BRDA:682,60,0,127
BRDA:682,60,1,66
BRDA:686,61,0,127
BRDA:686,61,1,0
BRDA:696,62,0,127
BRDA:696,62,1,0
BRDA:696,63,0,127
BRDA:696,63,1,127
BRDA:706,64,0,279
BRDA:706,64,1,1
BRDA:725,65,0,0
BRDA:725,65,1,127
BRDA:725,66,0,127
BRDA:725,66,1,127
BRDA:725,66,2,127
BRDA:725,66,3,127
BRDA:733,67,0,1
BRDA:733,67,1,126
BRDA:733,68,0,127
BRDA:733,68,1,1
BRDA:748,69,0,185
BRDA:748,69,1,1
BRDA:760,70,0,66
BRDA:760,70,1,0
BRDA:829,71,0,42
BRDA:829,71,1,57
BRDA:841,72,0,24
BRDA:841,72,1,75
BRDA:841,73,0,99
BRDA:841,73,1,48
BRDA:873,74,0,3
BRDA:873,74,1,72
BRDA:875,75,0,3
BRDA:875,75,1,0
BRDA:890,76,0,9
BRDA:890,76,1,66
BRDA:906,77,0,201
BRDA:906,77,1,0
BRDA:909,78,0,189
BRDA:909,78,1,12
BRDA:913,79,0,12
BRDA:913,79,1,189
BRDA:916,80,0,6
BRDA:916,80,1,195
BRDA:943,81,0,159
BRDA:943,81,1,42
BRDA:962,82,0,2
BRDA:962,82,1,40
BRDA:1005,83,0,30
BRDA:1005,83,1,5
BRDA:1012,84,0,2
BRDA:1012,84,1,73
BRDA:1016,85,0,3
BRDA:1016,85,1,3
BRDA:1016,86,0,6
BRDA:1016,86,1,6
BRDA:1037,87,0,0
BRDA:1037,87,1,1
BRDA:1037,88,0,1
BRDA:1037,88,1,0
BRDA:1042,89,0,1
BRDA:1042,89,1,0
BRDA:1052,90,0,0
BRDA:1052,90,1,0
BRDA:1066,91,0,19
BRDA:1066,91,1,138
BRDA:1066,92,0,157
BRDA:1066,92,1,19
BRDA:1075,93,0,138
BRDA:1075,93,1,0
BRDA:1086,94,0,0
BRDA:1086,94,1,0
BRDA:1101,95,0,0
BRDA:1101,95,1,2
BRDA:1101,96,0,2
BRDA:1101,96,1,1
BRDA:1108,97,0,0
BRDA:1108,97,1,2
BRDA:1113,98,0,2
BRDA:1113,98,1,1
BRDA:1142,99,0,38
BRDA:1142,99,1,226
BRDA:1142,100,0,264
BRDA:1142,100,1,70
BRDA:1149,101,0,0
BRDA:1149,101,1,226
BRDA:1155,102,0,161
BRDA:1155,102,1,65
BRDA:1164,103,0,40
BRDA:1164,103,1,25
BRDA:1195,104,0,141
BRDA:1195,104,1,437
BRDA:1195,105,0,578
BRDA:1195,105,1,544
BRDA:1195,105,2,451
BRDA:1201,106,0,148
BRDA:1201,106,1,355
BRDA:1201,107,0,503
BRDA:1201,107,1,177
BRDA:1210,108,0,4
BRDA:1210,108,1,351
BRDA:1238,109,0,158
BRDA:1238,109,1,124
BRDA:1238,110,0,282
BRDA:1238,110,1,128
BRDA:1238,110,2,124
BRDA:1277,111,0,0
BRDA:1277,111,1,0
BRDA:1296,112,0,495
BRDA:1296,112,1,53
BRDA:1296,113,0,548
BRDA:1296,113,1,53
BRDA:1304,114,0,40
BRDA:1304,114,1,13
BRDA:1308,115,0,22
BRDA:1308,115,1,18
BRDA:1309,116,0,4
BRDA:1309,116,1,18
BRDA:1313,117,0,2
BRDA:1313,117,1,2
BRDA:1323,118,0,9
BRDA:1323,118,1,9
BRDA:1329,119,0,9
BRDA:1329,119,1,9
BRDA:1332,120,0,1
BRDA:1332,120,1,1
BRDA:1333,121,0,1
BRDA:1333,121,1,0
BRDA:1344,122,0,8
BRDA:1344,122,1,10
BRDA:1346,123,0,4
BRDA:1346,123,1,4
BRDA:1352,124,0,4
BRDA:1352,124,1,4
BRDA:1362,125,0,2
BRDA:1362,125,1,8
BRDA:1364,126,0,0
BRDA:1364,126,1,2
BRDA:1374,127,0,5
BRDA:1374,127,1,5
BRDA:1378,128,0,1
BRDA:1378,128,1,4
BRDA:1383,129,0,1
BRDA:1383,129,1,4
BRDA:1388,130,0,1
BRDA:1388,130,1,3
BRDA:1390,131,0,0
BRDA:1390,131,1,1
BRDA:1397,132,0,1
BRDA:1397,132,1,2
BRDA:1400,133,0,1
BRDA:1400,133,1,4
BRDA:1410,134,0,4
BRDA:1410,134,1,9
BRDA:1415,135,0,2
BRDA:1415,135,1,2
BRDA:1428,136,0,9
BRDA:1428,136,1,0
BRDA:1432,137,0,5
BRDA:1432,137,1,4
BRDA:1435,138,0,8
BRDA:1435,138,1,7
BRDA:1442,139,0,2
BRDA:1442,139,1,3
BRDA:1450,140,0,2
BRDA:1450,140,1,1
BRDA:1451,141,0,1
BRDA:1451,141,1,1
BRDA:1466,142,0,4
BRDA:1466,142,1,2
BRDA:1472,143,0,2
BRDA:1472,143,1,2
BRDA:1494,144,0,193
BRDA:1494,144,1,355
BRDA:1494,145,0,548
BRDA:1494,145,1,193
BRDA:1498,146,0,4
BRDA:1498,146,1,0
BRDA:1500,147,0,4
BRDA:1500,147,1,0
BRDA:1500,148,0,4
BRDA:1500,148,1,2
BRDA:1501,149,0,4
BRDA:1501,149,1,0
BRDA:1516,150,0,468
BRDA:1516,150,1,147
BRDA:1517,151,0,464
BRDA:1517,151,1,4
BRDA:1517,152,0,468
BRDA:1517,152,1,4
BRDA:1522,153,0,0
BRDA:1522,153,1,151
BRDA:1522,154,0,151
BRDA:1522,154,1,0
BRDA:1524,155,0,0
BRDA:1524,155,1,0
BRDA:1529,156,0,0
BRDA:1529,156,1,0
BRDA:1529,157,0,0
BRDA:1529,157,1,0
BRDA:1536,158,0,151
BRDA:1536,158,1,0
BRDA:1536,159,0,151
BRDA:1536,159,1,151
BRDA:1556,160,0,1
BRDA:1556,160,1,0
BRDA:1556,161,0,1
BRDA:1556,161,1,1
BRDA:1558,162,0,0
BRDA:1558,162,1,1
BRDA:1558,163,0,0
BRDA:1558,163,1,0
BRDA:1560,164,0,0
BRDA:1560,164,1,1
BRDA:1560,165,0,0
BRDA:1560,165,1,0
BRDA:1561,166,0,0
BRDA:1561,166,1,1
BRDA:1561,167,0,0
BRDA:1561,167,1,0
BRDA:1562,168,0,0
BRDA:1562,168,1,1
BRDA:1562,169,0,0
BRDA:1562,169,1,0
BRDA:1563,170,0,0
BRDA:1563,170,1,1
BRDA:1563,171,0,0
BRDA:1563,171,1,0
BRDA:1564,172,0,0
BRDA:1564,172,1,1
BRDA:1564,173,0,0
BRDA:1564,173,1,0
BRDA:1566,174,0,0
BRDA:1566,174,1,1
BRDA:1566,175,0,0
BRDA:1566,175,1,0
BRDA:1567,176,0,0
BRDA:1567,176,1,1
BRDA:1567,177,0,0
BRDA:1567,177,1,0
BRDA:1568,178,0,0
BRDA:1568,178,1,1
BRDA:1568,179,0,0
BRDA:1568,179,1,0
BRDA:1570,180,0,1
BRDA:1570,180,1,0
BRDA:1591,181,0,0
BRDA:1591,181,1,1
BRDA:1592,182,0,0
BRDA:1592,182,1,1
BRDA:1598,183,0,0
BRDA:1598,183,1,1
BRDA:1600,184,0,0
BRDA:1600,184,1,1
BRDA:1602,185,0,0
BRDA:1602,185,1,1
BRDA:1626,186,0,0
BRDA:1626,186,1,1
BRDA:1626,187,0,1
BRDA:1626,187,1,0
BRDA:1628,188,0,0
BRDA:1628,188,1,0
BRDA:1637,189,0,0
BRDA:1637,189,1,0
BRDA:1649,190,0,131
BRDA:1649,190,1,417
BRDA:1658,191,0,0
BRDA:1658,191,1,1
BRDA:1658,192,0,1
BRDA:1658,192,1,0
BRDA:1674,193,0,16
BRDA:1674,193,1,1504
BRDA:1677,194,0,14
BRDA:1677,194,1,1506
BRDA:1678,195,0,14
BRDA:1678,195,1,0
BRDA:1679,196,0,7
BRDA:1679,196,1,7
BRDA:1682,197,0,7
BRDA:1682,197,1,7
BRDA:1688,198,0,1490
BRDA:1688,198,1,30
BRDA:1702,199,0,18
BRDA:1702,199,1,1124
BRDA:1714,200,0,548
BRDA:1714,200,1,193
BRDA:1721,201,0,2
BRDA:1721,201,1,1195
BRDA:1722,202,0,0
BRDA:1722,202,1,1195
BRDA:1723,203,0,100
BRDA:1723,203,1,1095
BRDA:1724,204,0,0
BRDA:1724,204,1,1095
BRDA:1727,205,0,940
BRDA:1727,205,1,155
BRDA:1731,206,0,9
BRDA:1731,206,1,931
BRDA:1734,207,0,1
BRDA:1734,207,1,8
BRDA:1738,208,0,2
BRDA:1738,208,1,6
BRDA:1740,209,0,3
BRDA:1740,209,1,1
BRDA:1748,210,0,3
BRDA:1748,210,1,928
BRDA:1751,211,0,1
BRDA:1751,211,1,2
BRDA:1757,212,0,1
BRDA:1757,212,1,1
BRDA:1769,213,0,466
BRDA:1769,213,1,474
BRDA:1779,214,0,474
BRDA:1779,214,1,0
BRDA:1790,215,0,151
BRDA:1790,215,1,4
BRDA:1798,216,0,141
BRDA:1798,216,1,10
BRDA:1825,217,0,4
BRDA:1825,217,1,95
BRDA:1827,218,0,4
BRDA:1827,218,1,0
BRDA:1833,219,0,4
BRDA:1833,219,1,91
BRDA:1847,220,0,201
BRDA:1847,220,1,21
BRDA:1861,221,0,550
BRDA:1861,221,1,7
BRDA:1864,222,0,550
BRDA:1864,222,1,7
BRDA:1872,223,0,924
BRDA:1872,223,1,596
BRDA:1878,224,0,312
BRDA:1878,224,1,1366
BRDA:1878,225,0,1678
BRDA:1878,225,1,1372
BRDA:1885,226,0,1208
BRDA:1885,226,1,312
BRDA:1885,227,0,1520
BRDA:1885,227,1,312
BRDA:1891,228,0,70
BRDA:1891,228,1,242
BRDA:1901,229,0,6
BRDA:1901,229,1,0
BRF:466
BRH:362
end_of_record
TN:
SF:C:\Dev\Projects\vdom\src\lib\VarProxy.ts
FN:4,(anonymous_0)
FN:6,VarProxy
FN:40,(anonymous_2)
FN:46,(anonymous_3)
FN:68,(anonymous_4)
FN:94,(anonymous_6)
FN:97,(anonymous_7)
FN:123,(anonymous_8)
FN:138,(anonymous_9)
FN:156,(anonymous_10)
FN:182,(anonymous_11)
FN:248,(anonymous_12)
FN:256,(anonymous_13)
FN:292,(anonymous_14)
FNF:14
FNH:14
FNDA:28,(anonymous_0)
FNDA:397,VarProxy
FNDA:3,(anonymous_2)
FNDA:3,(anonymous_3)
FNDA:37,(anonymous_4)
FNDA:35,(anonymous_6)
FNDA:35,(anonymous_7)
FNDA:388,(anonymous_8)
FNDA:2981,(anonymous_9)
FNDA:11,(anonymous_10)
FNDA:230,(anonymous_11)
FNDA:6,(anonymous_12)
FNDA:34,(anonymous_13)
FNDA:2,(anonymous_14)
DA:1,28
DA:4,28
DA:6,411
DA:9,397
DA:12,397
DA:15,397
DA:16,3
DA:17,3
DA:21,394
DA:22,394
DA:23,6
DA:24,6
DA:28,388
DA:29,32
DA:30,32
DA:31,32
DA:35,356
DA:40,28
DA:42,3
DA:44,3
DA:45,3
DA:46,12
DA:47,3
DA:48,3
DA:49,3
DA:50,1
DA:53,2
DA:54,2
DA:55,2
DA:56,2
DA:57,1
DA:60,1
DA:68,28
DA:70,37
DA:72,37
DA:78,37
DA:81,37
DA:91,259
DA:92,259
DA:93,259
DA:95,35
DA:97,35
DA:98,35
DA:99,35
DA:101,35
DA:102,35
DA:106,35
DA:123,28
DA:125,388
DA:128,388
DA:130,388
DA:133,388
DA:137,388
DA:140,2981
DA:141,5
DA:143,2976
DA:145,2976
DA:146,2976
DA:147,33
DA:148,33
DA:149,1
DA:153,2976
DA:154,11
DA:156,11
DA:157,11
DA:158,11
DA:159,11
DA:160,2
DA:161,2
DA:163,2
DA:164,2
DA:166,2
DA:168,11
DA:173,2976
DA:174,2943
DA:178,2976
DA:179,2976
DA:184,230
DA:185,0
DA:187,230
DA:190,230
DA:191,230
DA:192,230
DA:193,230
DA:194,1
DA:200,230
DA:201,1
DA:202,1
DA:205,1
DA:207,1
DA:208,1
DA:210,1
DA:214,229
DA:217,83
DA:219,83
DA:220,83
DA:222,83
DA:228,230
DA:229,5
DA:233,230
DA:234,2
DA:238,230
DA:248,28
DA:250,6
DA:251,6
DA:255,6
DA:257,34
DA:259,34
DA:260,34
DA:261,34
DA:263,25
DA:264,0
DA:266,25
DA:268,25
DA:273,9
DA:276,9
DA:277,8
DA:281,9
DA:282,0
DA:284,9
DA:286,9
DA:293,2
DA:295,2
DA:297,2
DA:298,2
DA:299,2
DA:300,1
DA:304,2
DA:305,1
DA:306,0
DA:308,1
DA:312,2
DA:315,2
DA:316,1
DA:320,2
DA:321,0
DA:322,0
DA:323,0
DA:325,0
DA:327,2
DA:328,2
DA:330,2
DA:340,28
LF:143
LH:135
BRDA:6,0,0,14
BRDA:6,0,1,383
BRDA:15,1,0,3
BRDA:15,1,1,394
BRDA:22,2,0,6
BRDA:22,2,1,388
BRDA:28,3,0,32
BRDA:28,3,1,356
BRDA:47,4,0,3
BRDA:47,4,1,0
BRDA:49,5,0,1
BRDA:49,5,1,2
BRDA:54,6,0,2
BRDA:54,6,1,0
BRDA:56,7,0,1
BRDA:56,7,1,1
BRDA:72,8,0,0
BRDA:72,8,1,37
BRDA:95,9,0,35
BRDA:95,9,1,0
BRDA:95,10,0,35
BRDA:95,10,1,35
BRDA:98,11,0,35
BRDA:98,11,1,0
BRDA:101,12,0,35
BRDA:101,12,1,0
BRDA:140,13,0,5
BRDA:140,13,1,2976
BRDA:146,14,0,33
BRDA:146,14,1,2943
BRDA:148,15,0,1
BRDA:148,15,1,32
BRDA:153,16,0,11
BRDA:153,16,1,2965
BRDA:153,17,0,2976
BRDA:153,17,1,391
BRDA:153,17,2,391
BRDA:159,18,0,2
BRDA:159,18,1,9
BRDA:160,19,0,2
BRDA:160,19,1,0
BRDA:163,20,0,2
BRDA:163,20,1,0
BRDA:173,21,0,2943
BRDA:173,21,1,33
BRDA:184,22,0,0
BRDA:184,22,1,230
BRDA:191,23,0,230
BRDA:191,23,1,0
BRDA:193,24,0,1
BRDA:193,24,1,229
BRDA:200,25,0,1
BRDA:200,25,1,229
BRDA:200,26,0,230
BRDA:200,26,1,230
BRDA:202,27,0,1
BRDA:202,27,1,0
BRDA:207,28,0,1
BRDA:207,28,1,0
BRDA:214,29,0,83
BRDA:214,29,1,146
BRDA:219,30,0,83
BRDA:219,30,1,0
BRDA:228,31,0,5
BRDA:228,31,1,225
BRDA:233,32,0,2
BRDA:233,32,1,228
BRDA:257,33,0,34
BRDA:257,33,1,0
BRDA:259,34,0,34
BRDA:259,34,1,0
BRDA:261,35,0,25
BRDA:261,35,1,9
BRDA:263,36,0,0
BRDA:263,36,1,25
BRDA:263,37,0,25
BRDA:263,37,1,25
BRDA:276,38,0,8
BRDA:276,38,1,1
BRDA:281,39,0,0
BRDA:281,39,1,9
BRDA:281,40,0,9
BRDA:281,40,1,9
BRDA:293,41,0,2
BRDA:293,41,1,0
BRDA:297,42,0,2
BRDA:297,42,1,0
BRDA:299,43,0,1
BRDA:299,43,1,1
BRDA:304,44,0,1
BRDA:304,44,1,1
BRDA:305,45,0,0
BRDA:305,45,1,1
BRDA:305,46,0,1
BRDA:305,46,1,1
BRDA:315,47,0,1
BRDA:315,47,1,1
BRDA:320,48,0,0
BRDA:320,48,1,2
BRDA:320,49,0,2
BRDA:320,49,1,2
BRDA:322,50,0,0
BRDA:322,50,1,0
BRDA:322,51,0,0
BRDA:322,51,1,0
BRDA:327,52,0,2
BRDA:327,52,1,0
BRDA:327,53,0,2
BRDA:327,53,1,2
BRF:109
BRH:83
end_of_record
TN:
SF:C:\Dev\Projects\vdom\src\lib\console.ts
FN:8,(anonymous_0)
FN:12,(anonymous_1)
FN:16,(anonymous_2)
FN:20,(anonymous_3)
FN:24,(anonymous_4)
FN:28,(anonymous_5)
FN:32,(anonymous_6)
FN:36,(anonymous_7)
FN:40,(anonymous_8)
FN:44,(anonymous_9)
FN:48,(anonymous_10)
FN:52,(anonymous_11)
FN:56,(anonymous_12)
FN:60,(anonymous_13)
FNF:14
FNH:3
FNDA:2,(anonymous_0)
FNDA:0,(anonymous_1)
FNDA:2,(anonymous_2)
FNDA:0,(anonymous_3)
FNDA:0,(anonymous_4)
FNDA:0,(anonymous_5)
FNDA:833,(anonymous_6)
FNDA:0,(anonymous_7)
FNDA:0,(anonymous_8)
FNDA:0,(anonymous_9)
FNDA:0,(anonymous_10)
FNDA:0,(anonymous_11)
FNDA:0,(anonymous_12)
FNDA:0,(anonymous_13)
DA:5,27
DA:8,27
DA:9,2
DA:10,0
DA:12,2
DA:16,27
DA:17,2
DA:18,0
DA:20,2
DA:24,27
DA:25,0
DA:26,0
DA:28,0
DA:32,3910
DA:33,833
DA:34,0
DA:36,833
DA:40,27
DA:41,0
DA:42,0
DA:44,0
DA:48,27
DA:49,0
DA:50,0
DA:52,0
DA:56,27
DA:57,0
DA:58,0
DA:60,0
LF:29
LH:14
BRDA:9,0,0,0
BRDA:9,0,1,2
BRDA:17,1,0,0
BRDA:17,1,1,2
BRDA:25,2,0,0
BRDA:25,2,1,0
BRDA:33,3,0,0
BRDA:33,3,1,833
BRDA:41,4,0,0
BRDA:41,4,1,0
BRDA:49,5,0,0
BRDA:49,5,1,0
BRDA:57,6,0,0
BRDA:57,6,1,0
BRF:14
BRH:3
end_of_record
TN:
SF:C:\Dev\Projects\vdom\src\lib\cssJson.ts
FN:12,(anonymous_0)
FN:17,(anonymous_1)
FN:22,(anonymous_2)
FN:27,(anonymous_3)
FN:35,(anonymous_4)
FN:97,(anonymous_5)
FN:133,(anonymous_6)
FNF:7
FNH:7
FNDA:28,(anonymous_0)
FNDA:2,(anonymous_1)
FNDA:4,(anonymous_2)
FNDA:4,(anonymous_3)
FNDA:6,(anonymous_4)
FNDA:6,(anonymous_5)
FNDA:2,(anonymous_6)
DA:2,27
DA:3,27
DA:4,27
DA:7,27
DA:8,27
DA:9,27
DA:12,27
DA:13,28
DA:17,27
DA:18,2
DA:22,27
DA:23,4
DA:27,27
DA:28,4
DA:29,4
DA:30,4
DA:31,4
DA:35,27
DA:37,6
DA:41,6
DA:44,6
DA:46,6
DA:48,14
DA:49,14
DA:50,2
DA:52,12
DA:54,4
DA:55,4
DA:57,4
DA:58,8
DA:59,4
DA:60,4
DA:61,0
DA:62,0
DA:65,4
DA:69,8
DA:71,4
DA:72,4
DA:73,4
DA:74,4
DA:75,4
DA:77,4
DA:78,4
DA:79,4
DA:80,0
DA:81,0
DA:82,0
DA:84,0
DA:86,4
DA:89,0
DA:94,2
DA:97,27
DA:99,6
DA:100,6
DA:101,2
DA:103,6
DA:104,6
DA:107,6
DA:108,6
DA:109,4
DA:110,4
DA:111,0
DA:112,0
DA:115,4
DA:119,6
DA:120,6
DA:121,6
DA:122,4
DA:123,0
DA:125,4
DA:127,4
DA:130,6
DA:133,27
DA:135,2
DA:137,2
DA:138,0
DA:142,2
DA:143,2
DA:146,2
DA:147,2
DA:149,2
DA:150,0
DA:152,2
DA:155,2
DA:157,2
LF:85
LH:73
BRDA:13,0,0,28
BRDA:13,0,1,16
BRDA:13,0,2,16
BRDA:18,1,0,2
BRDA:18,1,1,0
BRDA:18,2,0,2
BRDA:18,2,1,2
BRDA:49,3,0,2
BRDA:49,3,1,12
BRDA:52,4,0,4
BRDA:52,4,1,8
BRDA:60,5,0,0
BRDA:60,5,1,4
BRDA:69,6,0,4
BRDA:69,6,1,4
BRDA:72,7,0,4
BRDA:72,7,1,0
BRDA:75,8,0,4
BRDA:75,8,1,0
BRDA:79,9,0,0
BRDA:79,9,1,4
BRDA:81,10,0,0
BRDA:81,10,1,0
BRDA:100,11,0,2
BRDA:100,11,1,4
BRDA:103,12,0,6
BRDA:103,12,1,0
BRDA:107,13,0,6
BRDA:107,13,1,0
BRDA:110,14,0,0
BRDA:110,14,1,4
BRDA:119,15,0,6
BRDA:119,15,1,0
BRDA:122,16,0,0
BRDA:122,16,1,4
BRDA:122,17,0,4
BRDA:122,17,1,0
BRDA:137,18,0,0
BRDA:137,18,1,2
BRDA:137,19,0,2
BRDA:137,19,1,2
BRDA:142,20,0,2
BRDA:142,20,1,0
BRDA:149,21,0,0
BRDA:149,21,1,2
BRF:45
BRH:29
end_of_record
TN:
SF:C:\Dev\Projects\vdom\src\lib\decorator.ts
FN:25,Deep
FN:26,(anonymous_1)
FN:34,Watch
FN:35,(anonymous_3)
FN:43,Emit
FN:44,(anonymous_5)
FN:46,(anonymous_6)
FN:54,Prop
FN:55,(anonymous_8)
FN:67,Component
FN:76,(anonymous_10)
FNF:11
FNH:9
FNDA:0,Deep
FNDA:0,(anonymous_1)
FNDA:16,Watch
FNDA:16,(anonymous_3)
FNDA:1,Emit
FNDA:1,(anonymous_5)
FNDA:1,(anonymous_6)
FNDA:10,Prop
FNDA:10,(anonymous_8)
FNDA:64,Component
FNDA:64,(anonymous_10)
DA:18,27
DA:20,27
DA:21,27
DA:22,27
DA:25,27
DA:26,0
DA:27,0
DA:28,0
DA:29,0
DA:34,30
DA:35,16
DA:36,16
DA:37,16
DA:38,16
DA:43,27
DA:44,1
DA:45,1
DA:46,2
DA:47,1
DA:48,1
DA:54,27
DA:55,10
DA:56,10
DA:57,10
DA:58,10
DA:59,4
DA:61,6
DA:67,27
DA:76,64
DA:81,64
DA:82,64
DA:83,64
DA:84,64
DA:85,64
DA:86,64
DA:87,64
LF:36
LH:32
BRDA:28,0,0,0
BRDA:28,0,1,0
BRDA:34,1,0,14
BRDA:34,1,1,2
BRDA:37,2,0,16
BRDA:37,2,1,1
BRDA:57,3,0,10
BRDA:57,3,1,7
BRDA:58,4,0,4
BRDA:58,4,1,6
BRF:10
BRH:8
end_of_record
TN:
SF:C:\Dev\Projects\vdom\src\lib\deep.ts
FN:4,(anonymous_0)
FN:19,(anonymous_1)
FN:80,(anonymous_2)
FN:83,(anonymous_3)
FN:92,(anonymous_4)
FNF:5
FNH:5
FNDA:39,(anonymous_0)
FNDA:39,(anonymous_1)
FNDA:119,(anonymous_2)
FNDA:116,(anonymous_3)
FNDA:214,(anonymous_4)
DA:4,29
DA:7,39
DA:8,4
DA:11,35
DA:12,1
DA:16,34
DA:19,34
DA:21,39
DA:23,39
DA:25,39
DA:28,105
DA:31,105
DA:32,0
DA:36,105
DA:37,1
DA:38,1
DA:42,104
DA:44,0
DA:45,0
DA:47,104
DA:49,2
DA:50,2
DA:51,2
DA:53,102
DA:55,3
DA:56,3
DA:57,3
DA:61,99
DA:67,39
DA:72,34
DA:73,34
DA:75,34
DA:80,29
DA:82,119
DA:83,119
DA:84,116
DA:85,9
DA:86,0
DA:89,116
DA:92,119
DA:96,214
DA:97,98
DA:100,116
DA:101,0
DA:105,116
DA:106,116
DA:107,116
DA:108,9
DA:112,107
DA:113,107
DA:114,107
DA:115,3
DA:116,0
DA:118,3
DA:119,2
DA:121,1
DA:125,104
DA:126,104
DA:128,104
DA:129,86
DA:130,0
DA:133,86
DA:134,69
DA:137,17
DA:138,17
DA:139,17
DA:141,55
DA:142,1
DA:143,1
DA:146,17
DA:147,17
DA:152,18
DA:153,18
DA:155,18
DA:156,18
DA:157,0
DA:160,18
DA:161,18
DA:162,18
DA:163,4
DA:166,14
DA:167,14
DA:168,40
DA:170,40
DA:171,1
DA:172,1
DA:176,14
DA:177,14
DA:181,0
DA:186,119
LF:90
LH:81
BRDA:7,0,0,4
BRDA:7,0,1,35
BRDA:11,1,0,1
BRDA:11,1,1,34
BRDA:31,2,0,0
BRDA:31,2,1,105
BRDA:36,3,0,1
BRDA:36,3,1,104
BRDA:37,4,0,0
BRDA:37,4,1,1
BRDA:42,5,0,0
BRDA:42,5,1,104
BRDA:45,6,0,0
BRDA:45,6,1,0
BRDA:47,7,0,2
BRDA:47,7,1,102
BRDA:50,8,0,0
BRDA:50,8,1,2
BRDA:53,9,0,3
BRDA:53,9,1,99
BRDA:56,10,0,0
BRDA:56,10,1,3
BRDA:61,11,0,39
BRDA:61,11,1,60
BRDA:72,12,0,11
BRDA:72,12,1,23
BRDA:85,13,0,0
BRDA:85,13,1,9
BRDA:96,14,0,98
BRDA:96,14,1,116
BRDA:100,15,0,0
BRDA:100,15,1,116
BRDA:107,16,0,9
BRDA:107,16,1,107
BRDA:114,17,0,3
BRDA:114,17,1,104
BRDA:115,18,0,0
BRDA:115,18,1,3
BRDA:118,19,0,2
BRDA:118,19,1,1
BRDA:128,20,0,86
BRDA:128,20,1,18
BRDA:129,21,0,0
BRDA:129,21,1,86
BRDA:133,22,0,69
BRDA:133,22,1,17
BRDA:141,23,0,1
BRDA:141,23,1,54
BRDA:155,24,0,18
BRDA:155,24,1,0
BRDA:156,25,0,0
BRDA:156,25,1,18
BRDA:162,26,0,4
BRDA:162,26,1,14
BRDA:170,27,0,1
BRDA:170,27,1,39
BRF:56
BRH:43
end_of_record
TN:
SF:C:\Dev\Projects\vdom\src\lib\emitOn.ts
FN:5,(anonymous_0)
FN:13,(anonymous_2)
FN:18,(anonymous_3)
FN:26,(anonymous_4)
FNF:4
FNH:4
FNDA:249,(anonymous_0)
FNDA:388,(anonymous_2)
FNDA:102,(anonymous_3)
FNDA:1,(anonymous_4)
DA:1,27
DA:2,27
DA:5,27
DA:10,222
DA:13,27
DA:14,388
DA:18,27
DA:19,102
DA:20,0
DA:22,102
DA:26,27
DA:33,1
DA:34,1
DA:90,27
LF:14
LH:13
BRF:0
BRH:0
end_of_record
TN:
SF:C:\Dev\Projects\vdom\src\lib\eventListener.ts
FN:37,(anonymous_0)
FN:47,(anonymous_1)
FNF:2
FNH:2
FNDA:48,(anonymous_0)
FNDA:1,(anonymous_1)
DA:1,27
DA:37,27
DA:38,48
DA:42,48
DA:43,48
DA:47,27
DA:53,1
LF:7
LH:7
BRF:0
BRH:0
end_of_record
TN:
SF:C:\Dev\Projects\vdom\src\lib\lru.ts
FN:2,(anonymous_0)
FN:12,LRU
FN:126,(anonymous_2)
FN:127,(anonymous_3)
FN:30,(anonymous_4)
FN:54,(anonymous_5)
FN:63,(anonymous_6)
FN:76,(anonymous_7)
FN:87,(anonymous_8)
FN:95,(anonymous_9)
FN:102,(anonymous_10)
FN:107,(anonymous_11)
FN:122,(anonymous_12)
FNF:13
FNH:13
FNDA:28,(anonymous_0)
FNDA:520,LRU
FNDA:880,(anonymous_2)
FNDA:93,(anonymous_3)
FNDA:885,(anonymous_4)
FNDA:2802,(anonymous_5)
FNDA:144,(anonymous_6)
FNDA:1773,(anonymous_7)
FNDA:45,(anonymous_8)
FNDA:2,(anonymous_9)
FNDA:12,(anonymous_10)
FNDA:12,(anonymous_11)
FNDA:56,(anonymous_12)
DA:2,28
DA:4,520
DA:7,520
DA:8,520
DA:9,520
DA:18,520
DA:19,467
DA:21,520
DA:22,1
DA:24,520
DA:25,124
DA:30,28
DA:32,885
DA:33,885
DA:35,2
DA:36,2
DA:40,885
DA:41,885
DA:42,885
DA:45,885
DA:46,136
DA:47,136
DA:50,885
DA:54,28
DA:55,2802
DA:56,1144
DA:57,1144
DA:59,1658
DA:63,28
DA:64,144
DA:65,144
DA:66,136
DA:67,136
DA:68,136
DA:69,136
DA:70,136
DA:72,8
DA:76,28
DA:77,1773
DA:78,1773
DA:79,1006
DA:80,1006
DA:81,1006
DA:83,767
DA:87,28
DA:88,45
DA:89,38
DA:91,7
DA:95,28
DA:96,2
DA:97,2
DA:98,2
DA:102,28
DA:103,12
DA:107,28
DA:108,12
DA:122,28
DA:123,56
DA:126,880
DA:127,520
DA:129,28
LF:61
LH:61
BRDA:18,0,0,467
BRDA:18,0,1,53
BRDA:21,1,0,1
BRDA:21,1,1,519
BRDA:24,2,0,124
BRDA:24,2,1,396
BRDA:33,3,0,2
BRDA:33,3,1,883
BRDA:45,4,0,1021
BRDA:45,4,1,136
BRDA:55,5,0,1144
BRDA:55,5,1,1658
BRDA:65,6,0,136
BRDA:65,6,1,8
BRDA:78,7,0,1006
BRDA:78,7,1,767
BRDA:88,8,0,38
BRDA:88,8,1,7
BRF:18
BRH:18
end_of_record
TN:
SF:C:\Dev\Projects\vdom\src\lib\template.ts
FN:27,(anonymous_0)
FN:40,(anonymous_1)
FN:49,(anonymous_2)
FN:67,(anonymous_3)
FN:70,(anonymous_4)
FN:182,(anonymous_5)
FN:250,(anonymous_6)
FNF:7
FNH:7
FNDA:1858,(anonymous_0)
FNDA:733,(anonymous_1)
FNDA:452,(anonymous_2)
FNDA:222,(anonymous_3)
FNDA:230,(anonymous_4)
FNDA:423,(anonymous_5)
FNDA:417,(anonymous_6)
DA:2,27
DA:3,27
DA:6,27
DA:7,27
DA:8,27
DA:10,27
DA:11,27
DA:12,27
DA:13,27
DA:14,27
DA:15,27
DA:16,27
DA:27,27
DA:33,1858
DA:34,1563
DA:36,1858
DA:40,27
DA:41,733
DA:43,321
DA:45,412
DA:49,27
DA:51,452
DA:52,452
DA:53,300
DA:56,300
DA:57,287
DA:59,13
DA:62,452
DA:67,27
DA:70,222
DA:73,230
DA:76,230
DA:77,230
DA:80,230
DA:81,1
DA:85,230
DA:87,45
DA:88,45
DA:90,45
DA:94,230
DA:95,44
DA:99,230
DA:100,28
DA:108,28
DA:112,202
DA:113,1
DA:121,1
DA:125,201
DA:127,4
DA:136,4
DA:137,4
DA:142,197
DA:143,74
DA:144,74
DA:145,72
DA:147,41
DA:157,41
DA:158,41
DA:162,74
DA:163,41
DA:168,156
DA:176,156
DA:177,156
DA:182,222
DA:184,423
DA:186,423
DA:188,447
DA:190,447
DA:193,206
DA:196,206
DA:198,24
DA:200,24
DA:208,24
DA:209,24
DA:210,24
DA:211,24
DA:213,24
DA:215,24
DA:220,182
DA:223,182
DA:232,237
DA:234,237
DA:236,120
DA:243,120
DA:247,117
DA:250,117
DA:251,417
DA:259,117
DA:260,417
DA:262,417
DA:263,417
DA:265,300
DA:266,300
DA:268,300
DA:272,117
DA:277,117
DA:285,117
DA:289,237
DA:292,4
DA:293,2
DA:303,2
DA:305,1
DA:309,1
DA:316,1
DA:318,1
DA:326,423
DA:331,222
DA:332,222
DA:335,222
DA:336,222
DA:337,222
DA:338,222
DA:339,0
DA:341,222
DA:342,222
DA:344,222
DA:347,222
DA:348,0
DA:349,0
DA:351,222
DA:352,0
DA:356,222
DA:358,222
DA:365,222
DA:367,222
LF:125
LH:121
BRDA:33,0,0,1563
BRDA:33,0,1,295
BRDA:41,1,0,321
BRDA:41,1,1,412
BRDA:56,2,0,287
BRDA:56,2,1,13
BRDA:80,3,0,1
BRDA:80,3,1,229
BRDA:85,4,0,45
BRDA:85,4,1,185
BRDA:87,5,0,45
BRDA:87,5,1,0
BRDA:94,6,0,44
BRDA:94,6,1,186
BRDA:99,7,0,28
BRDA:99,7,1,202
BRDA:99,8,0,230
BRDA:99,8,1,230
BRDA:112,9,0,1
BRDA:112,9,1,201
BRDA:112,10,0,202
BRDA:112,10,1,202
BRDA:125,11,0,4
BRDA:125,11,1,197
BRDA:142,12,0,74
BRDA:142,12,1,123
BRDA:145,13,0,41
BRDA:145,13,1,31
BRDA:162,14,0,41
BRDA:162,14,1,33
BRDA:191,15,0,206
BRDA:191,15,1,237
BRDA:191,15,2,4
BRDA:196,16,0,24
BRDA:196,16,1,182
BRDA:232,17,0,237
BRDA:232,17,1,236
BRDA:234,18,0,120
BRDA:234,18,1,117
BRDA:263,19,0,300
BRDA:263,19,1,117
BRDA:292,20,0,2
BRDA:292,20,1,2
BRDA:303,21,0,1
BRDA:303,21,1,1
BRDA:338,22,0,0
BRDA:338,22,1,222
BRDA:341,23,0,222
BRDA:341,23,1,0
BRDA:347,24,0,0
BRDA:347,24,1,222
BRDA:347,25,0,222
BRDA:347,25,1,222
BRDA:351,26,0,0
BRDA:351,26,1,222
BRF:55
BRH:50
end_of_record
TN:
SF:C:\Dev\Projects\vdom\src\lib\transition.ts
FN:7,(anonymous_0)
FN:8,Transition
FN:16,(anonymous_2)
FN:20,(anonymous_3)
FN:36,(anonymous_4)
FN:58,(anonymous_5)
FN:62,(anonymous_6)
FN:81,(anonymous_7)
FN:84,(anonymous_8)
FN:86,(anonymous_9)
FN:101,(anonymous_10)
FN:104,(anonymous_11)
FN:171,(anonymous_12)
FN:177,(anonymous_13)
FN:192,(anonymous_14)
FN:217,(anonymous_15)
FN:243,(anonymous_16)
FNF:17
FNH:16
FNDA:27,(anonymous_0)
FNDA:1136,Transition
FNDA:1524,(anonymous_2)
FNDA:270,(anonymous_3)
FNDA:1520,(anonymous_4)
FNDA:1654,(anonymous_5)
FNDA:4,(anonymous_6)
FNDA:4,(anonymous_7)
FNDA:32,(anonymous_8)
FNDA:32,(anonymous_9)
FNDA:12,(anonymous_10)
FNDA:12,(anonymous_11)
FNDA:4,(anonymous_12)
FNDA:4,(anonymous_13)
FNDA:1524,(anonymous_14)
FNDA:0,(anonymous_15)
FNDA:8,(anonymous_16)
DA:2,27
DA:3,27
DA:4,27
DA:5,27
DA:7,27
DA:10,1136
DA:11,1136
DA:13,1136
DA:16,27
DA:17,1524
DA:20,27
DA:21,270
DA:22,0
DA:23,0
DA:25,270
DA:26,0
DA:27,0
DA:29,270
DA:30,0
DA:31,0
DA:33,270
DA:36,27
DA:38,1520
DA:39,397
DA:42,1123
DA:43,1123
DA:44,408
DA:46,715
DA:47,713
DA:48,713
DA:51,2
DA:52,2
DA:53,2
DA:54,2
DA:58,27
DA:59,1654
DA:62,27
DA:63,4
DA:65,4
DA:66,0
DA:69,4
DA:70,4
DA:71,4
DA:72,4
DA:73,4
DA:74,4
DA:77,4
DA:78,0
DA:81,4
DA:83,4
DA:84,4
DA:86,32
DA:88,32
DA:89,16
DA:90,16
DA:91,16
DA:92,16
DA:95,16
DA:98,32
DA:99,32
DA:100,16
DA:101,16
DA:102,12
DA:103,12
DA:104,12
DA:105,12
DA:106,12
DA:112,16
DA:114,32
DA:116,4
DA:117,32
DA:119,4
DA:120,0
DA:121,0
DA:123,4
DA:125,4
DA:126,2
DA:127,0
DA:128,0
DA:131,4
DA:132,2
DA:133,0
DA:134,0
DA:137,4
DA:138,2
DA:140,4
DA:141,2
DA:146,4
DA:147,4
DA:151,4
DA:152,4
DA:153,4
DA:154,0
DA:156,4
DA:157,4
DA:159,4
DA:160,4
DA:161,4
DA:164,4
DA:165,4
DA:166,4
DA:168,4
DA:171,4
DA:172,4
DA:173,0
DA:175,4
DA:177,4
DA:178,4
DA:179,4
DA:180,4
DA:185,4
DA:186,4
DA:187,4
DA:192,27
DA:194,1524
DA:195,1520
DA:198,4
DA:199,2
DA:202,4
DA:203,4
DA:204,4
DA:205,0
DA:207,4
DA:208,4
DA:209,4
DA:213,4
DA:217,27
DA:219,0
DA:220,0
DA:223,0
DA:224,0
DA:227,0
DA:228,0
DA:229,0
DA:230,0
DA:232,0
DA:233,0
DA:235,0
DA:239,0
DA:243,27
DA:245,8
DA:246,0
DA:249,8
DA:250,8
DA:251,8
DA:252,8
DA:253,8
DA:254,8
DA:257,27
DA:259,27
LF:150
LH:120
BRDA:21,0,0,0
BRDA:21,0,1,270
BRDA:25,1,0,0
BRDA:25,1,1,270
BRDA:38,2,0,397
BRDA:38,2,1,1123
BRDA:38,3,0,1520
BRDA:38,3,1,1518
BRDA:43,4,0,408
BRDA:43,4,1,715
BRDA:46,5,0,713
BRDA:46,5,1,2
BRDA:51,6,0,2
BRDA:51,6,1,2
BRDA:53,7,0,2
BRDA:53,7,1,2
BRDA:54,8,0,2
BRDA:54,8,1,0
BRDA:65,9,0,0
BRDA:65,9,1,4
BRDA:72,10,0,4
BRDA:72,10,1,0
BRDA:77,11,0,0
BRDA:77,11,1,4
BRDA:90,12,0,16
BRDA:90,12,1,0
BRDA:90,13,0,16
BRDA:90,13,1,16
BRDA:99,14,0,16
BRDA:99,14,1,16
BRDA:102,15,0,12
BRDA:102,15,1,0
BRDA:102,16,0,12
BRDA:102,16,1,12
BRDA:103,17,0,12
BRDA:103,17,1,0
BRDA:105,18,0,12
BRDA:105,18,1,0
BRDA:125,19,0,2
BRDA:125,19,1,2
BRDA:126,20,0,0
BRDA:126,20,1,2
BRDA:131,21,0,2
BRDA:131,21,1,2
BRDA:132,22,0,0
BRDA:132,22,1,2
BRDA:137,23,0,2
BRDA:137,23,1,2
BRDA:140,24,0,2
BRDA:140,24,1,2
BRDA:146,25,0,2
BRDA:146,25,1,2
BRDA:153,26,0,0
BRDA:153,26,1,4
BRDA:159,27,0,4
BRDA:159,27,1,0
BRDA:172,28,0,0
BRDA:172,28,1,4
BRDA:178,29,0,4
BRDA:178,29,1,0
BRDA:194,30,0,1520
BRDA:194,30,1,4
BRDA:198,31,0,2
BRDA:198,31,1,2
BRDA:198,32,0,4
BRDA:198,32,1,4
BRDA:204,33,0,0
BRDA:204,33,1,4
BRDA:219,34,0,0
BRDA:219,34,1,0
BRDA:223,35,0,0
BRDA:223,35,1,0
BRDA:223,36,0,0
BRDA:223,36,1,0
BRDA:229,37,0,0
BRDA:229,37,1,0
BRDA:245,38,0,0
BRDA:245,38,1,8
BRF:78
BRH:52
end_of_record
TN:
SF:C:\Dev\Projects\vdom\src\lib\vid.ts
FN:5,vid
FNF:1
FNH:1
FNDA:1397,vid
DA:2,27
DA:5,27
DA:10,1397
LF:3
LH:3
BRF:0
BRH:0
end_of_record
TN:
SF:C:\Dev\Projects\vdom\tests\TestVDom.ts
FN:9,(anonymous_0)
FN:32,TestVDom
FN:13,(anonymous_2)
FN:18,(anonymous_3)
FN:23,(anonymous_4)
FN:37,(anonymous_5)
FN:54,(anonymous_8)
FN:54,(anonymous_9)
FN:69,(anonymous_11)
FN:71,(anonymous_12)
FN:74,(anonymous_13)
FN:89,(anonymous_16)
FN:105,(anonymous_19)
FN:110,(anonymous_20)
FN:110,(anonymous_21)
FN:111,(anonymous_23)
FN:112,(anonymous_24)
FNF:17
FNH:17
FNDA:26,(anonymous_0)
FNDA:101,TestVDom
FNDA:24,(anonymous_2)
FNDA:55,(anonymous_3)
FNDA:5,(anonymous_4)
FNDA:124,(anonymous_5)
FNDA:124,(anonymous_8)
FNDA:124,(anonymous_9)
FNDA:102,(anonymous_11)
FNDA:67,(anonymous_12)
FNDA:102,(anonymous_13)
FNDA:67,(anonymous_16)
FNDA:26,(anonymous_19)
FNDA:2,(anonymous_20)
FNDA:2,(anonymous_21)
FNDA:2,(anonymous_23)
FNDA:2,(anonymous_24)
DA:7,26
DA:9,26
DA:13,101
DA:14,24
DA:15,16
DA:18,101
DA:19,55
DA:20,47
DA:23,101
DA:24,5
DA:25,0
DA:33,101
DA:37,26
DA:44,124
DA:45,78
DA:47,124
DA:48,77
DA:50,124
DA:51,61
DA:54,124
DA:55,124
DA:57,154
DA:58,188
DA:60,30
DA:61,60
DA:69,26
DA:71,26
DA:74,26
DA:76,102
DA:77,204
DA:80,102
DA:81,204
DA:84,102
DA:89,26
DA:91,67
DA:92,134
DA:95,67
DA:96,62
DA:99,67
DA:102,26
DA:105,26
DA:106,26
DA:110,26
DA:111,2
DA:112,2
DA:113,2
LF:46
LH:45
BRDA:33,0,0,101
BRDA:33,0,1,0
BRDA:14,1,0,16
BRDA:14,1,1,8
BRDA:19,2,0,47
BRDA:19,2,1,8
BRDA:24,3,0,0
BRDA:24,3,1,5
BRDA:44,4,0,78
BRDA:44,4,1,46
BRDA:47,5,0,77
BRDA:47,5,1,47
BRDA:50,6,0,61
BRDA:50,6,1,63
BRDA:57,7,0,30
BRDA:57,7,1,94
BRDA:60,8,0,0
BRDA:60,8,1,30
BRDA:76,9,0,0
BRDA:76,9,1,102
BRDA:80,10,0,0
BRDA:80,10,1,102
BRDA:91,11,0,0
BRDA:91,11,1,67
BRDA:95,12,0,62
BRDA:95,12,1,5
BRF:26
BRH:20
end_of_record
